
date: Mon Dec 18 14:24:46 2023
program: "/hpc/home/baum612/code/exachem-dev/build/methods_stage/hpc/home/baum612/code/tamm_install/methods/ExaChem"
input: /hpc/home/baum612/code/exachem-dev/inputs/N2/N2_1.4.json
nnodes: 1, nproc: 2
prefix: N2_1.4

Memory information
{
 CPU memory per node (GiB): 4534
 Total CPU memory (GiB): 4534
}


Input file provided
--------------------
{
  "geometry": {
    "coordinates": [
      "N  0.000000  0.000000  1.400000",
      "N  0.000000  0.000000  0.000000"
    ],
    "units": "angstrom"
  },
  "basis": {
    "basisset": "cc-pVTZ",
    "atom_basis": null
  },
  "SCF": {
    "conve": 1e-09,
    "convd": 1e-08,
    "tilesize": 30,
    "restart": false
  },
  "CD": {
    "diagtol": 1e-06
  },
  "CC": {
    "threshold": 1e-08,
    "ccsd_maxiter": 50,
    "nactive": 3,
    "freeze": {
      "core": 0
    },
    "PRINT": {
      "tamplitudes": [
        true,
        0.05
      ]
    }
  },
  "TASK": {
    "scf": false,
    "mp2": false,
    "cd_2e": false,
    "ccsd": false,
    "ccsd_t": false,
    "ducc": true
  }
}

Number of nodes, processes per node used for SCF calculation: 1, 2

SCF Options
{
 charge       = 0
 multiplicity = 1
 level shift  = 0
 tol_int      = 1e-22
 tol_sch      = 1e-10
 tol_lindep   = 1e-05
 conve        = 1e-09
 convd        = 1e-08
 diis_hist    = 10
 AO_tilesize  = 30
 writem       = 1
 damp         = 100
 scf_type     = restricted
 restart_size = 2000
 restart      = false
 debug        = false
}
**** Resetting tol_sch to 1e-11

Number of basis functions = 60

Total number of shells = 20

Total number of electrons = 14
  # of alpha electrons    = 7
  # of beta electons      = 7

Nuclear repulsion energy  = 18.5212037217933

# of {all,non-negligible} shell-pairs = {210,210}
Number of AO tiles = 20

Time for initial setup: 0.02 secs

Time for computing 1-e integrals T, V, S: 0.00 secs
Time for computing orthogonalizer: 0.00 secs

Superposition of Atomic Density Guess ...
Time taken for SAD: 0.08 secs
Total Time to compute initial guess: 0.12 secs


 SCF iterations
-----------------------------------------------------------------
 Iter     Energy            E-Diff       RMSD          Time(s)
-----------------------------------------------------------------
   1  -108.7743080102    -1.09e+02     2.08e-03         0.1 
   2  -108.7851661979    -1.09e-02     7.52e-04         0.1 
   3  -108.7862760195    -1.11e-03     3.18e-04         0.1 
   4  -108.7864134349    -1.37e-04     1.61e-05         0.1 
   5  -108.7864139332    -4.98e-07     4.07e-06         0.1 
   6  -108.7864139488    -1.55e-08     8.10e-07         0.1 
   7  -108.7864139493    -4.94e-10     7.67e-08         0.1 
   8  -108.7864139493    -3.69e-12     3.02e-09         0.1 

** Total SCF energy = -108.7864139492852

Nuclear repulsion energy = 18.521203721793302
#electrons        = 14.000000000000000
1e energy kinetic = 107.6052090218133799
1e energy N-e     = -291.6322861319109734
1e energy         = -184.0270771100975082
2e energy         = 56.7194593943447671
writing orbitals and density to disk ... done.

Time taken for Hartree-Fock: 0.73 secs

CCSD Options
{
 cache_size           = 8
 ccsdt_tilesize       = 32
 ndiis                = 5
 threshold            = 1e-08
 tilesize             = 40
 nactive              = 3
 ccsd_maxiter         = 50
 freeze_atomic         = false
 freeze_core          = 0
 freeze_virtual       = 0
 readt                = false
 writet               = false
 writev               = false
 writet_iter          = 5
 profile_ccsd         = false
 balance_tiles        = true
 eom_nroots           = 1
 eom_microiter        = 50
 eom_threshold        = 1e-06
 debug                = false
}

#occupied, #virtual = 14, 106

Resetting CCSD tilesize to: 50

CD Options
{
 debug            = false
 write_cv         = false
 diagtol          = 1e-06
 write_vcount     = 5000
 itilesize        = 1000
 max_cvecs_factor = 12
}

-----------------------------------------------------
Begin 2-index transformation ... 

nAO, nMO, nelectrons = 60, 120, 14
n_occ_alpha, n_vir_alpha, n_occ_beta, n_vir_beta = 7,53,7,53

Time taken for Fao->Fmo transform: 0.00 secs

-----------------------------------------------------
Number of AO tiles = 20
# of {all,non-negligible} shell-pairs = {210,210}

    Begin Cholesky Decomposition
---------------------------------------------
- CPU memory required for computing cholesky vectors: 0.02 GiB

- Time for computing the diagonal: 0.00 secs

- Total number of cholesky vectors = 482

- Time to compute cholesky vectors: 1.52 secs

- CPU memory required for resizing the ao cholesky tensor: 0.03 GiB
- CPU memory required for ao2mo transformation: 0.04 GiB
- CPU memory required for the 2-step contraction: 0.05 GiB

- Time for ao to mo transform: 0.15 secs

    End Cholesky Decomposition
---------------------------------------------

Total Time taken for Cholesky Decomposition: 1.70 secs

----------------------------
scf_type = restricted
Closed-Shell SCF
nbf = 60
nbf_orig = 60
n_lindep = 0
focc = 1
nmo = 120
nocc = 14
nvir = 106
n_occ_alpha = 7
n_vir_alpha = 53
n_occ_beta = 7
n_vir_beta = 53
nelectrons = 14
nelectrons_alpha = 7
nelectrons_beta = 7
n_frozen_core = 0
n_frozen_virtual = 0
----------------------------

Total CPU memory required for Closed Shell Cholesky CCSD calculation: 0.10 GiB


 CCSD iterations
------------------------------------------------------------
  Iter     Residuum          Correlation          Time(s)
------------------------------------------------------------
   1     0.6828449277887    0.0000000000000         0.61
   2     0.1373414116205   -0.5070280058997         0.49
   3     0.0807005514629   -0.4049452634952         0.48
   4     0.0354559053431   -0.4764625533613         0.48
   5     0.0229668608046   -0.4445577116174         0.48
 MICROCYCLE DIIS UPDATE:                    6
   6     0.0042674391135   -0.4593825905943         0.48
   7     0.0024003759928   -0.4587125520910         0.49
   8     0.0013762796024   -0.4593035037808         0.49
   9     0.0009515958834   -0.4592632912567         0.48
  10     0.0005846210471   -0.4594787541154         0.48
 MICROCYCLE DIIS UPDATE:                   11
  11     0.0000707449995   -0.4596572892185         0.48
  12     0.0000239273331   -0.4596576001112         0.48
  13     0.0000102136369   -0.4596655265123         0.48
  14     0.0000054765585   -0.4596638447867         0.47
  15     0.0000027792365   -0.4596657967245         0.47
 MICROCYCLE DIIS UPDATE:                   16
  16     0.0000012448809   -0.4596659587345         0.47
  17     0.0000007417688   -0.4596656232337         0.47
  18     0.0000003962320   -0.4596659038691         0.48
  19     0.0000002863402   -0.4596658258020         0.47
  20     0.0000001657374   -0.4596659189258         0.48
 MICROCYCLE DIIS UPDATE:                   21
  21     0.0000000246136   -0.4596659501459         0.47
  22     0.0000000096620   -0.4596659538214         0.47
------------------------------------------------------------------
 Iterations converged
 CCSD correlation energy / hartree =        -0.459665953821351
 CCSD total energy / hartree       =      -109.246079903106562

Time taken for Closed Shell Cholesky CCSD: 10.81 secs

Threshold for printing amplitudes set to: 0.05
T1, T2 amplitudes written to files: N2_1.4.cc-pvtz_files/restricted/N2_1.4.cc-pvtz.print_t1amp.txt, N2_1.4.cc-pvtz_files/restricted/N2_1.4.cc-pvtz.print_t2amp.txt


DUCC: Time taken to compute Bare Hamiltonian: 0.00 secs

DUCC: Time taken to compute Single Commutator: 0.06 secs

DUCC: Time taken to compute Double Commutator: 3.97 secs

DUCC: Time taken to compute Triple Commutator: 2.07 secs

DUCC: Total Compute Time: 6.11 secs

Number of active orbitals = 10


DUCC: Time to write results: 0.01 secs
