
date: Mon Dec 18 14:24:05 2023
program: "/hpc/home/baum612/code/exachem-dev/build/methods_stage/hpc/home/baum612/code/tamm_install/methods/ExaChem"
input: /hpc/home/baum612/code/exachem-dev/inputs/N2/N2_1.2.json
nnodes: 1, nproc: 2
prefix: N2_1.2

Memory information
{
 CPU memory per node (GiB): 4534
 Total CPU memory (GiB): 4534
}


Input file provided
--------------------
{
  "geometry": {
    "coordinates": [
      "N  0.000000  0.000000  1.200000",
      "N  0.000000  0.000000  0.000000"
    ],
    "units": "angstrom"
  },
  "basis": {
    "basisset": "cc-pVTZ",
    "atom_basis": null
  },
  "SCF": {
    "conve": 1e-09,
    "convd": 1e-08,
    "tilesize": 30,
    "restart": false
  },
  "CD": {
    "diagtol": 1e-06
  },
  "CC": {
    "threshold": 1e-08,
    "ccsd_maxiter": 50,
    "nactive": 3,
    "freeze": {
      "core": 0
    },
    "PRINT": {
      "tamplitudes": [
        true,
        0.05
      ]
    }
  },
  "TASK": {
    "scf": false,
    "mp2": false,
    "cd_2e": false,
    "ccsd": false,
    "ccsd_t": false,
    "ducc": true
  }
}

Number of nodes, processes per node used for SCF calculation: 1, 2

SCF Options
{
 charge       = 0
 multiplicity = 1
 level shift  = 0
 tol_int      = 1e-22
 tol_sch      = 1e-10
 tol_lindep   = 1e-05
 conve        = 1e-09
 convd        = 1e-08
 diis_hist    = 10
 AO_tilesize  = 30
 writem       = 1
 damp         = 100
 scf_type     = restricted
 restart_size = 2000
 restart      = false
 debug        = false
}
**** Resetting tol_sch to 1e-11

Number of basis functions = 60

Total number of shells = 20

Total number of electrons = 14
  # of alpha electrons    = 7
  # of beta electons      = 7

Nuclear repulsion energy  = 21.6080710087589

# of {all,non-negligible} shell-pairs = {210,210}
Number of AO tiles = 20

Time for initial setup: 0.01 secs

Time for computing 1-e integrals T, V, S: 0.00 secs
Time for computing orthogonalizer: 0.00 secs

Superposition of Atomic Density Guess ...
Time taken for SAD: 0.06 secs
Total Time to compute initial guess: 0.09 secs


 SCF iterations
-----------------------------------------------------------------
 Iter     Energy            E-Diff       RMSD          Time(s)
-----------------------------------------------------------------
   1  -108.9284290020    -1.09e+02     2.04e-03         0.1 
   2  -108.9387502778    -1.03e-02     7.44e-04         0.1 
   3  -108.9395964035    -8.46e-04     1.78e-04         0.1 
   4  -108.9396424239    -4.60e-05     1.29e-05         0.1 
   5  -108.9396427726    -3.49e-07     3.46e-06         0.1 
   6  -108.9396427854    -1.28e-08     6.74e-07         0.1 
   7  -108.9396427858    -3.96e-10     1.33e-07         0.1 
   8  -108.9396427858    -5.57e-12     4.56e-09         0.1 

** Total SCF energy = -108.9396427857650

Nuclear repulsion energy = 21.608071008758852
#electrons        = 13.999999999999989
1e energy kinetic = 108.2012512726100937
1e energy N-e     = -298.4926783765173468
1e energy         = -190.2914271039071537
2e energy         = 59.7437132945619780
writing orbitals and density to disk ... done.

Time taken for Hartree-Fock: 0.65 secs

CCSD Options
{
 cache_size           = 8
 ccsdt_tilesize       = 32
 ndiis                = 5
 threshold            = 1e-08
 tilesize             = 40
 nactive              = 3
 ccsd_maxiter         = 50
 freeze_atomic         = false
 freeze_core          = 0
 freeze_virtual       = 0
 readt                = false
 writet               = false
 writev               = false
 writet_iter          = 5
 profile_ccsd         = false
 balance_tiles        = true
 eom_nroots           = 1
 eom_microiter        = 50
 eom_threshold        = 1e-06
 debug                = false
}

#occupied, #virtual = 14, 106

Resetting CCSD tilesize to: 50

CD Options
{
 debug            = false
 write_cv         = false
 diagtol          = 1e-06
 write_vcount     = 5000
 itilesize        = 1000
 max_cvecs_factor = 12
}

-----------------------------------------------------
Begin 2-index transformation ... 

nAO, nMO, nelectrons = 60, 120, 14
n_occ_alpha, n_vir_alpha, n_occ_beta, n_vir_beta = 7,53,7,53

Time taken for Fao->Fmo transform: 0.00 secs

-----------------------------------------------------
Number of AO tiles = 20
# of {all,non-negligible} shell-pairs = {210,210}

    Begin Cholesky Decomposition
---------------------------------------------
- CPU memory required for computing cholesky vectors: 0.02 GiB

- Time for computing the diagonal: 0.00 secs

- Total number of cholesky vectors = 478

- Time to compute cholesky vectors: 1.50 secs

- CPU memory required for resizing the ao cholesky tensor: 0.03 GiB
- CPU memory required for ao2mo transformation: 0.04 GiB
- CPU memory required for the 2-step contraction: 0.05 GiB

- Time for ao to mo transform: 0.16 secs

    End Cholesky Decomposition
---------------------------------------------

Total Time taken for Cholesky Decomposition: 1.69 secs

----------------------------
scf_type = restricted
Closed-Shell SCF
nbf = 60
nbf_orig = 60
n_lindep = 0
focc = 1
nmo = 120
nocc = 14
nvir = 106
n_occ_alpha = 7
n_vir_alpha = 53
n_occ_beta = 7
n_vir_beta = 53
nelectrons = 14
nelectrons_alpha = 7
nelectrons_beta = 7
n_frozen_core = 0
n_frozen_virtual = 0
----------------------------

Total CPU memory required for Closed Shell Cholesky CCSD calculation: 0.10 GiB


 CCSD iterations
------------------------------------------------------------
  Iter     Residuum          Correlation          Time(s)
------------------------------------------------------------
   1     0.7052884479312    0.0000000000000         0.59
   2     0.1004842100542   -0.4288787558678         0.48
   3     0.0423396186089   -0.3926085045440         0.47
   4     0.0123047898694   -0.4184225563705         0.47
   5     0.0070092669751   -0.4129563742221         0.47
 MICROCYCLE DIIS UPDATE:                    6
   6     0.0022911398858   -0.4165059340613         0.46
   7     0.0010958592483   -0.4162041880904         0.49
   8     0.0005856404481   -0.4163426080839         0.51
   9     0.0003449436848   -0.4163602826267         0.48
  10     0.0001979978861   -0.4163982146589         0.47
 MICROCYCLE DIIS UPDATE:                   11
  11     0.0000150200891   -0.4164409339854         0.47
  12     0.0000046010470   -0.4164401148979         0.47
  13     0.0000017504777   -0.4164415778121         0.51
  14     0.0000007899390   -0.4164413109416         0.47
  15     0.0000003583227   -0.4164415138693         0.47
 MICROCYCLE DIIS UPDATE:                   16
  16     0.0000001194190   -0.4164415300147         0.47
  17     0.0000000573603   -0.4164415131802         0.47
  18     0.0000000293431   -0.4164415249912         0.47
  19     0.0000000176731   -0.4164415242101         0.47
  20     0.0000000099508   -0.4164415266833         0.50
------------------------------------------------------------------
 Iterations converged
 CCSD correlation energy / hartree =        -0.416441526683254
 CCSD total energy / hartree       =      -109.356084312448274

Time taken for Closed Shell Cholesky CCSD: 9.81 secs

Threshold for printing amplitudes set to: 0.05
T1, T2 amplitudes written to files: N2_1.2.cc-pvtz_files/restricted/N2_1.2.cc-pvtz.print_t1amp.txt, N2_1.2.cc-pvtz_files/restricted/N2_1.2.cc-pvtz.print_t2amp.txt


DUCC: Time taken to compute Bare Hamiltonian: 0.00 secs

DUCC: Time taken to compute Single Commutator: 0.06 secs

DUCC: Time taken to compute Double Commutator: 3.98 secs

DUCC: Time taken to compute Triple Commutator: 2.29 secs

DUCC: Total Compute Time: 6.33 secs

Number of active orbitals = 10


DUCC: Time to write results: 0.01 secs
