
date: Mon Dec 18 14:23:45 2023
program: "/hpc/home/baum612/code/exachem-dev/build/methods_stage/hpc/home/baum612/code/tamm_install/methods/ExaChem"
input: /hpc/home/baum612/code/exachem-dev/inputs/N2/N2_1.1.json
nnodes: 1, nproc: 2
prefix: N2_1.1

Memory information
{
 CPU memory per node (GiB): 4534
 Total CPU memory (GiB): 4534
}


Input file provided
--------------------
{
  "geometry": {
    "coordinates": [
      "N  0.000000  0.000000  1.100000",
      "N  0.000000  0.000000  0.000000"
    ],
    "units": "angstrom"
  },
  "basis": {
    "basisset": "cc-pVTZ",
    "atom_basis": null
  },
  "SCF": {
    "conve": 1e-09,
    "convd": 1e-08,
    "tilesize": 30,
    "restart": false
  },
  "CD": {
    "diagtol": 1e-06
  },
  "CC": {
    "threshold": 1e-08,
    "ccsd_maxiter": 50,
    "nactive": 3,
    "freeze": {
      "core": 0
    },
    "PRINT": {
      "tamplitudes": [
        true,
        0.05
      ]
    }
  },
  "TASK": {
    "scf": false,
    "mp2": false,
    "cd_2e": false,
    "ccsd": false,
    "ccsd_t": false,
    "ducc": true
  }
}

Number of nodes, processes per node used for SCF calculation: 1, 2

SCF Options
{
 charge       = 0
 multiplicity = 1
 level shift  = 0
 tol_int      = 1e-22
 tol_sch      = 1e-10
 tol_lindep   = 1e-05
 conve        = 1e-09
 convd        = 1e-08
 diis_hist    = 10
 AO_tilesize  = 30
 writem       = 1
 damp         = 100
 scf_type     = restricted
 restart_size = 2000
 restart      = false
 debug        = false
}
**** Resetting tol_sch to 1e-11

Number of basis functions = 60

Total number of shells = 20

Total number of electrons = 14
  # of alpha electrons    = 7
  # of beta electons      = 7

Nuclear repulsion energy  = 23.5724411004642

# of {all,non-negligible} shell-pairs = {210,210}
Number of AO tiles = 20

Time for initial setup: 0.01 secs

Time for computing 1-e integrals T, V, S: 0.00 secs
Time for computing orthogonalizer: 0.00 secs

Superposition of Atomic Density Guess ...
Time taken for SAD: 0.06 secs
Total Time to compute initial guess: 0.09 secs


 SCF iterations
-----------------------------------------------------------------
 Iter     Energy            E-Diff       RMSD          Time(s)
-----------------------------------------------------------------
   1  -108.9723806448    -1.09e+02     2.17e-03         0.1 
   2  -108.9823189747    -9.94e-03     6.97e-04         0.1 
   3  -108.9829974523    -6.78e-04     8.34e-05         0.1 
   4  -108.9830064196    -8.97e-06     1.13e-05         0.1 
   5  -108.9830065430    -1.23e-07     1.61e-06         0.1 
   6  -108.9830065486    -5.58e-09     5.01e-07         0.1 
   7  -108.9830065488    -2.12e-10     1.65e-07         0.1 
   8  -108.9830065488    -5.49e-12     3.46e-09         0.1 

** Total SCF energy = -108.9830065488034

Nuclear repulsion energy = 23.572441100464200
#electrons        = 14.000000000000000
1e energy kinetic = 108.7534692748639031
1e energy N-e     = -302.9408836572613382
1e energy         = -194.1874143823974919
2e energy         = 61.6319667357135188
writing orbitals and density to disk ... done.

Time taken for Hartree-Fock: 0.65 secs

CCSD Options
{
 cache_size           = 8
 ccsdt_tilesize       = 32
 ndiis                = 5
 threshold            = 1e-08
 tilesize             = 40
 nactive              = 3
 ccsd_maxiter         = 50
 freeze_atomic         = false
 freeze_core          = 0
 freeze_virtual       = 0
 readt                = false
 writet               = false
 writev               = false
 writet_iter          = 5
 profile_ccsd         = false
 balance_tiles        = true
 eom_nroots           = 1
 eom_microiter        = 50
 eom_threshold        = 1e-06
 debug                = false
}

#occupied, #virtual = 14, 106

Resetting CCSD tilesize to: 50

CD Options
{
 debug            = false
 write_cv         = false
 diagtol          = 1e-06
 write_vcount     = 5000
 itilesize        = 1000
 max_cvecs_factor = 12
}

-----------------------------------------------------
Begin 2-index transformation ... 

nAO, nMO, nelectrons = 60, 120, 14
n_occ_alpha, n_vir_alpha, n_occ_beta, n_vir_beta = 7,53,7,53

Time taken for Fao->Fmo transform: 0.00 secs

-----------------------------------------------------
Number of AO tiles = 20
# of {all,non-negligible} shell-pairs = {210,210}

    Begin Cholesky Decomposition
---------------------------------------------
- CPU memory required for computing cholesky vectors: 0.02 GiB

- Time for computing the diagonal: 0.00 secs

- Total number of cholesky vectors = 475

- Time to compute cholesky vectors: 1.50 secs

- CPU memory required for resizing the ao cholesky tensor: 0.03 GiB
- CPU memory required for ao2mo transformation: 0.04 GiB
- CPU memory required for the 2-step contraction: 0.05 GiB

- Time for ao to mo transform: 0.15 secs

    End Cholesky Decomposition
---------------------------------------------

Total Time taken for Cholesky Decomposition: 1.68 secs

----------------------------
scf_type = restricted
Closed-Shell SCF
nbf = 60
nbf_orig = 60
n_lindep = 0
focc = 1
nmo = 120
nocc = 14
nvir = 106
n_occ_alpha = 7
n_vir_alpha = 53
n_occ_beta = 7
n_vir_beta = 53
nelectrons = 14
nelectrons_alpha = 7
nelectrons_beta = 7
n_frozen_core = 0
n_frozen_virtual = 0
----------------------------

Total CPU memory required for Closed Shell Cholesky CCSD calculation: 0.10 GiB


 CCSD iterations
------------------------------------------------------------
  Iter     Residuum          Correlation          Time(s)
------------------------------------------------------------
   1     0.7237423834895    0.0000000000000         0.57
   2     0.0890024727296   -0.4000216599043         0.47
   3     0.0319396480847   -0.3817784456003         0.47
   4     0.0085627796092   -0.3978570331774         0.47
   5     0.0045626715885   -0.3961032050575         0.47
 MICROCYCLE DIIS UPDATE:                    6
   6     0.0016557113848   -0.3980187532195         0.47
   7     0.0007286328049   -0.3978229522129         0.47
   8     0.0003703678070   -0.3978861773610         0.48
   9     0.0002017832902   -0.3979007119489         0.47
  10     0.0001094113200   -0.3979171466926         0.47
 MICROCYCLE DIIS UPDATE:                   11
  11     0.0000059747816   -0.3979369626139         0.49
  12     0.0000018482161   -0.3979361849743         0.47
  13     0.0000006909828   -0.3979367250897         0.47
  14     0.0000002884009   -0.3979366240138         0.48
  15     0.0000001273265   -0.3979366801854         0.46
 MICROCYCLE DIIS UPDATE:                   16
  16     0.0000000272790   -0.3979366858313         0.46
  17     0.0000000110800   -0.3979366816523         0.44
  18     0.0000000054698   -0.3979366831468         0.46
------------------------------------------------------------------
 Iterations converged
 CCSD correlation energy / hartree =        -0.397936683146751
 CCSD total energy / hartree       =      -109.380943231950198

Time taken for Closed Shell Cholesky CCSD: 8.66 secs

Threshold for printing amplitudes set to: 0.05
T1, T2 amplitudes written to files: N2_1.1.cc-pvtz_files/restricted/N2_1.1.cc-pvtz.print_t1amp.txt, N2_1.1.cc-pvtz_files/restricted/N2_1.1.cc-pvtz.print_t2amp.txt


DUCC: Time taken to compute Bare Hamiltonian: 0.00 secs

DUCC: Time taken to compute Single Commutator: 0.06 secs

DUCC: Time taken to compute Double Commutator: 4.03 secs

DUCC: Time taken to compute Triple Commutator: 2.08 secs

DUCC: Total Compute Time: 6.17 secs

Number of active orbitals = 10


DUCC: Time to write results: 0.01 secs
