
date: Mon Dec 18 14:26:46 2023
program: "/hpc/home/baum612/code/exachem-dev/build/methods_stage/hpc/home/baum612/code/tamm_install/methods/ExaChem"
input: /hpc/home/baum612/code/exachem-dev/inputs/N2/N2_1.9.json
nnodes: 1, nproc: 2
prefix: N2_1.9

Memory information
{
 CPU memory per node (GiB): 4534
 Total CPU memory (GiB): 4534
}


Input file provided
--------------------
{
  "geometry": {
    "coordinates": [
      "N  0.000000  0.000000  1.900000",
      "N  0.000000  0.000000  0.000000"
    ],
    "units": "angstrom"
  },
  "basis": {
    "basisset": "cc-pVTZ",
    "atom_basis": null
  },
  "SCF": {
    "conve": 1e-09,
    "convd": 1e-08,
    "tilesize": 30,
    "restart": false
  },
  "CD": {
    "diagtol": 1e-06
  },
  "CC": {
    "threshold": 1e-08,
    "ccsd_maxiter": 50,
    "nactive": 3,
    "freeze": {
      "core": 0
    },
    "PRINT": {
      "tamplitudes": [
        true,
        0.05
      ]
    }
  },
  "TASK": {
    "scf": false,
    "mp2": false,
    "cd_2e": false,
    "ccsd": false,
    "ccsd_t": false,
    "ducc": true
  }
}

Number of nodes, processes per node used for SCF calculation: 1, 2

SCF Options
{
 charge       = 0
 multiplicity = 1
 level shift  = 0
 tol_int      = 1e-22
 tol_sch      = 1e-10
 tol_lindep   = 1e-05
 conve        = 1e-09
 convd        = 1e-08
 diis_hist    = 10
 AO_tilesize  = 30
 writem       = 1
 damp         = 100
 scf_type     = restricted
 restart_size = 2000
 restart      = false
 debug        = false
}
**** Resetting tol_sch to 1e-11

Number of basis functions = 60

Total number of shells = 20

Total number of electrons = 14
  # of alpha electrons    = 7
  # of beta electons      = 7

Nuclear repulsion energy  = 13.647202742374

# of {all,non-negligible} shell-pairs = {210,210}
Number of AO tiles = 20

Time for initial setup: 0.01 secs

Time for computing 1-e integrals T, V, S: 0.00 secs
Time for computing orthogonalizer: 0.00 secs

Superposition of Atomic Density Guess ...
Time taken for SAD: 0.06 secs
Total Time to compute initial guess: 0.09 secs


 SCF iterations
-----------------------------------------------------------------
 Iter     Energy            E-Diff       RMSD          Time(s)
-----------------------------------------------------------------
   1  -108.4064366847    -1.08e+02     1.98e-03         0.1 
   2  -108.4134413380    -7.00e-03     5.82e-04         0.1 
   3  -108.4143371041    -8.96e-04     3.19e-04         0.1 
   4  -108.4144803761    -1.43e-04     1.39e-05         0.1 
   5  -108.4144807054    -3.29e-07     2.16e-06         0.1 
   6  -108.4144807147    -9.25e-09     2.64e-07         0.1 
   7  -108.4144807148    -9.47e-11     5.73e-08         0.1 
   8  -108.4144807148    -2.39e-12     5.56e-09         0.1 

** Total SCF energy = -108.4144807147781

Nuclear repulsion energy = 13.647202742374011
#electrons        = 14.000000000000000
1e energy kinetic = 107.3118181312350430
1e energy N-e     = -281.2804831337427913
1e energy         = -173.9686650025077199
2e energy         = 51.9069815275035111
writing orbitals and density to disk ... done.

Time taken for Hartree-Fock: 0.62 secs

CCSD Options
{
 cache_size           = 8
 ccsdt_tilesize       = 32
 ndiis                = 5
 threshold            = 1e-08
 tilesize             = 40
 nactive              = 3
 ccsd_maxiter         = 50
 freeze_atomic         = false
 freeze_core          = 0
 freeze_virtual       = 0
 readt                = false
 writet               = false
 writev               = false
 writet_iter          = 5
 profile_ccsd         = false
 balance_tiles        = true
 eom_nroots           = 1
 eom_microiter        = 50
 eom_threshold        = 1e-06
 debug                = false
}

#occupied, #virtual = 14, 106

Resetting CCSD tilesize to: 50

CD Options
{
 debug            = false
 write_cv         = false
 diagtol          = 1e-06
 write_vcount     = 5000
 itilesize        = 1000
 max_cvecs_factor = 12
}

-----------------------------------------------------
Begin 2-index transformation ... 

nAO, nMO, nelectrons = 60, 120, 14
n_occ_alpha, n_vir_alpha, n_occ_beta, n_vir_beta = 7,53,7,53

Time taken for Fao->Fmo transform: 0.00 secs

-----------------------------------------------------
Number of AO tiles = 20
# of {all,non-negligible} shell-pairs = {210,210}

    Begin Cholesky Decomposition
---------------------------------------------
- CPU memory required for computing cholesky vectors: 0.02 GiB

- Time for computing the diagonal: 0.00 secs

- Total number of cholesky vectors = 481

- Time to compute cholesky vectors: 1.46 secs

- CPU memory required for resizing the ao cholesky tensor: 0.03 GiB
- CPU memory required for ao2mo transformation: 0.04 GiB
- CPU memory required for the 2-step contraction: 0.05 GiB

- Time for ao to mo transform: 0.17 secs

    End Cholesky Decomposition
---------------------------------------------

Total Time taken for Cholesky Decomposition: 1.66 secs

----------------------------
scf_type = restricted
Closed-Shell SCF
nbf = 60
nbf_orig = 60
n_lindep = 0
focc = 1
nmo = 120
nocc = 14
nvir = 106
n_occ_alpha = 7
n_vir_alpha = 53
n_occ_beta = 7
n_vir_beta = 53
nelectrons = 14
nelectrons_alpha = 7
nelectrons_beta = 7
n_frozen_core = 0
n_frozen_virtual = 0
----------------------------

Total CPU memory required for Closed Shell Cholesky CCSD calculation: 0.10 GiB


 CCSD iterations
------------------------------------------------------------
  Iter     Residuum          Correlation          Time(s)
------------------------------------------------------------
   1     0.6737863346559    0.0000000000000         0.60
   2     0.3193887140806   -0.8258686474466         0.48
   3     0.4117423478341   -0.2206103281933         0.47
   4     0.4675280799677   -0.9922193446964         0.48
   5     0.5855630990590   -0.1000492702454         0.47
 MICROCYCLE DIIS UPDATE:                    6
   6     0.0357510746994   -0.5985023775535         0.47
   7     0.0471590390457   -0.5382540671431         0.48
   8     0.0469311234741   -0.6177998334267         0.49
   9     0.0642654379722   -0.5281920514682         0.48
  10     0.0710433684993   -0.6428161964194         0.50
 MICROCYCLE DIIS UPDATE:                   11
  11     0.0038470812064   -0.5872256907510         0.48
  12     0.0039264111295   -0.5853973536725         0.47
  13     0.0023104470364   -0.5896653912817         0.50
  14     0.0037947049448   -0.5861229270063         0.48
  15     0.0029986786150   -0.5916684898344         0.48
 MICROCYCLE DIIS UPDATE:                   16
  16     0.0002829201205   -0.5907495868245         0.48
  17     0.0001432640803   -0.5907247590001         0.48
  18     0.0000850963832   -0.5908117834923         0.47
  19     0.0000826462335   -0.5907585479646         0.47
  20     0.0000570734942   -0.5908604627449         0.49
 MICROCYCLE DIIS UPDATE:                   21
  21     0.0000257474789   -0.5908413663201         0.48
  22     0.0000328011663   -0.5908220558329         0.45
  23     0.0000202681258   -0.5908611750846         0.47
  24     0.0000339155078   -0.5908261307393         0.47
  25     0.0000289234579   -0.5908781925320         0.46
 MICROCYCLE DIIS UPDATE:                   26
  26     0.0000021275385   -0.5908657612793         0.47
  27     0.0000010127672   -0.5908653855479         0.47
  28     0.0000006760021   -0.5908662455546         0.47
  29     0.0000007586829   -0.5908655304201         0.46
  30     0.0000006374424   -0.5908666464139         0.48
 MICROCYCLE DIIS UPDATE:                   31
  31     0.0000001887428   -0.5908662864750         0.47
  32     0.0000002289399   -0.5908661608403         0.47
  33     0.0000001393018   -0.5908664256337         0.47
  34     0.0000002312602   -0.5908661925415         0.47
  35     0.0000001939345   -0.5908665434561         0.47
 MICROCYCLE DIIS UPDATE:                   36
  36     0.0000000163090   -0.5908664656855         0.46
  37     0.0000000091619   -0.5908664622502         0.45
------------------------------------------------------------------
 Iterations converged
 CCSD correlation energy / hartree =        -0.590866462250184
 CCSD total energy / hartree       =      -109.005347177028241

Time taken for Closed Shell Cholesky CCSD: 17.86 secs

Threshold for printing amplitudes set to: 0.05
T1, T2 amplitudes written to files: N2_1.9.cc-pvtz_files/restricted/N2_1.9.cc-pvtz.print_t1amp.txt, N2_1.9.cc-pvtz_files/restricted/N2_1.9.cc-pvtz.print_t2amp.txt


DUCC: Time taken to compute Bare Hamiltonian: 0.00 secs

DUCC: Time taken to compute Single Commutator: 0.06 secs

DUCC: Time taken to compute Double Commutator: 4.01 secs

DUCC: Time taken to compute Triple Commutator: 2.07 secs

DUCC: Total Compute Time: 6.15 secs

Number of active orbitals = 10


DUCC: Time to write results: 0.01 secs
