
date: Mon Dec 18 14:39:34 2023
program: "/hpc/home/baum612/code/exachem-dev/build/methods_stage/hpc/home/baum612/code/tamm_install/methods/ExaChem"
input: /hpc/home/baum612/code/exachem-dev/inputs/N2/N2_2.6.json
nnodes: 1, nproc: 2
prefix: N2_2.6

Memory information
{
 CPU memory per node (GiB): 4534
 Total CPU memory (GiB): 4534
}


Input file provided
--------------------
{
  "geometry": {
    "coordinates": [
      "N  0.000000  0.000000  2.600000",
      "N  0.000000  0.000000  0.000000"
    ],
    "units": "angstrom"
  },
  "basis": {
    "basisset": "cc-pVTZ",
    "atom_basis": null
  },
  "SCF": {
    "conve": 1e-09,
    "convd": 1e-08,
    "tilesize": 30,
    "restart": false
  },
  "CD": {
    "diagtol": 1e-06
  },
  "CC": {
    "threshold": 1e-08,
    "ccsd_maxiter": 150,
    "lshift": 0.1,
    "nactive": 3,
    "freeze": {
      "core": 0
    },
    "PRINT": {
      "tamplitudes": [
        true,
        0.05
      ]
    }
  },
  "TASK": {
    "scf": false,
    "mp2": false,
    "cd_2e": false,
    "ccsd": false,
    "ccsd_t": false,
    "ducc": true
  }
}

Number of nodes, processes per node used for SCF calculation: 1, 2

SCF Options
{
 charge       = 0
 multiplicity = 1
 level shift  = 0
 tol_int      = 1e-22
 tol_sch      = 1e-10
 tol_lindep   = 1e-05
 conve        = 1e-09
 convd        = 1e-08
 diis_hist    = 10
 AO_tilesize  = 30
 writem       = 1
 damp         = 100
 scf_type     = restricted
 restart_size = 2000
 restart      = false
 debug        = false
}
**** Resetting tol_sch to 1e-11

Number of basis functions = 60

Total number of shells = 20

Total number of electrons = 14
  # of alpha electrons    = 7
  # of beta electons      = 7

Nuclear repulsion energy  = 9.97295585019639

# of {all,non-negligible} shell-pairs = {210,210}
Number of AO tiles = 20

Time for initial setup: 0.02 secs

Time for computing 1-e integrals T, V, S: 0.00 secs
Time for computing orthogonalizer: 0.00 secs

Superposition of Atomic Density Guess ...
Time taken for SAD: 0.08 secs
Total Time to compute initial guess: 0.12 secs


 SCF iterations
-----------------------------------------------------------------
 Iter     Energy            E-Diff       RMSD          Time(s)
-----------------------------------------------------------------
   1  -108.1145248641    -1.08e+02     1.53e-03         0.1 
   2  -108.1180083259    -3.48e-03     4.85e-04         0.1 
   3  -108.1185031947    -4.95e-04     2.55e-04         0.1 
   4  -108.1185794725    -7.63e-05     1.02e-05         0.1 
   5  -108.1185796651    -1.93e-07     1.34e-06         0.1 
   6  -108.1185796684    -3.26e-09     2.62e-07         0.1 
   7  -108.1185796684    -8.41e-11     2.39e-08         0.1 
   8  -108.1185796684    -5.40e-13     3.70e-09         0.1 

** Total SCF energy = -108.1185796684416

Nuclear repulsion energy = 9.972955850196394
#electrons        = 13.999999999999998
1e energy kinetic = 107.4618330437526339
1e energy N-e     = -273.8949638103055690
1e energy         = -166.4331307665529494
2e energy         = 48.3415952514125848
writing orbitals and density to disk ... done.

Time taken for Hartree-Fock: 0.66 secs

CCSD Options
{
 cache_size           = 8
 ccsdt_tilesize       = 32
 ndiis                = 5
 threshold            = 1e-08
 tilesize             = 40
 nactive              = 3
 ccsd_maxiter         = 150
 freeze_atomic         = false
 freeze_core          = 0
 freeze_virtual       = 0
 lshift               = 0.1
 readt                = false
 writet               = false
 writev               = false
 writet_iter          = 5
 profile_ccsd         = false
 balance_tiles        = true
 eom_nroots           = 1
 eom_microiter        = 50
 eom_threshold        = 1e-06
 debug                = false
}

#occupied, #virtual = 14, 106

Resetting CCSD tilesize to: 50

CD Options
{
 debug            = false
 write_cv         = false
 diagtol          = 1e-06
 write_vcount     = 5000
 itilesize        = 1000
 max_cvecs_factor = 12
}

-----------------------------------------------------
Begin 2-index transformation ... 

nAO, nMO, nelectrons = 60, 120, 14
n_occ_alpha, n_vir_alpha, n_occ_beta, n_vir_beta = 7,53,7,53

Time taken for Fao->Fmo transform: 0.00 secs

-----------------------------------------------------
Number of AO tiles = 20
# of {all,non-negligible} shell-pairs = {210,210}

    Begin Cholesky Decomposition
---------------------------------------------
- CPU memory required for computing cholesky vectors: 0.02 GiB

- Time for computing the diagonal: 0.00 secs

- Total number of cholesky vectors = 464

- Time to compute cholesky vectors: 1.35 secs

- CPU memory required for resizing the ao cholesky tensor: 0.03 GiB
- CPU memory required for ao2mo transformation: 0.04 GiB
- CPU memory required for the 2-step contraction: 0.05 GiB

- Time for ao to mo transform: 0.16 secs

    End Cholesky Decomposition
---------------------------------------------

Total Time taken for Cholesky Decomposition: 1.54 secs

----------------------------
scf_type = restricted
Closed-Shell SCF
nbf = 60
nbf_orig = 60
n_lindep = 0
focc = 1
nmo = 120
nocc = 14
nvir = 106
n_occ_alpha = 7
n_vir_alpha = 53
n_occ_beta = 7
n_vir_beta = 53
nelectrons = 14
nelectrons_alpha = 7
nelectrons_beta = 7
n_frozen_core = 0
n_frozen_virtual = 0
----------------------------

Total CPU memory required for Closed Shell Cholesky CCSD calculation: 0.09 GiB


 CCSD iterations
------------------------------------------------------------
  Iter     Residuum          Correlation          Time(s)
------------------------------------------------------------
   1     0.6899271817847    0.0000000000000         0.58
   2     0.4642404653856   -1.1422670361894         0.47
   3     0.8138618491736    0.0789395217085         0.48
   4     1.1453951186427   -1.9835776836957         0.46
   5     1.7645193204638    0.8757702383759         0.46
 MICROCYCLE DIIS UPDATE:                    6
   6     0.0875584170991   -0.7456492776471         0.46
   7     0.1672997856498   -0.5349109317617         0.46
   8     0.2175348274134   -0.9177451263283         0.49
   9     0.3862428394895   -0.3648239698998         0.47
  10     0.5663900299646   -1.2790057261077         0.46
 MICROCYCLE DIIS UPDATE:                   11
  11     0.0320278710577   -0.7401181102177         0.46
  12     0.0772368706316   -0.6760725344995         0.46
  13     0.0703325588640   -0.8191159998007         0.46
  14     0.1458564707134   -0.6447997186968         0.48
  15     0.1773011720577   -0.9483138396996         0.46
 MICROCYCLE DIIS UPDATE:                   16
  16     0.0211287699802   -0.8093986785564         0.46
  17     0.0406375498621   -0.7946978513609         0.46
  18     0.0240868801885   -0.8540224719303         0.46
  19     0.0525996408307   -0.8063579139532         0.45
  20     0.0464015796443   -0.8990091540196         0.47
 MICROCYCLE DIIS UPDATE:                   21
  21     0.0070902378909   -0.9046576977873         0.47
  22     0.0147093988166   -0.9180234051589         0.46
  23     0.0136811794950   -0.8917963314393         0.46
  24     0.0186836155654   -0.9180676978539         0.46
  25     0.0198750714664   -0.8841910161297         0.45
 MICROCYCLE DIIS UPDATE:                   26
  26     0.0008356173158   -0.9005684082989         0.46
  27     0.0017088099371   -0.9014640126007         0.46
  28     0.0010960978783   -0.8988138671820         0.46
  29     0.0018147285176   -0.9008844913121         0.48
  30     0.0016502965399   -0.8977488681445         0.46
 MICROCYCLE DIIS UPDATE:                   31
  31     0.0000601701943   -0.8984813387387         0.46
  32     0.0000379646985   -0.8984685257131         0.46
  33     0.0000265602077   -0.8985084736452         0.46
  34     0.0000298101568   -0.8984722381674         0.46
  35     0.0000297425080   -0.8985230448136         0.46
 MICROCYCLE DIIS UPDATE:                   36
  36     0.0000036099303   -0.8985023712316         0.45
  37     0.0000029403470   -0.8985017022977         0.46
  38     0.0000016330241   -0.8985049404629         0.45
  39     0.0000022470588   -0.8985029144044         0.46
  40     0.0000017421893   -0.8985064184581         0.46
 MICROCYCLE DIIS UPDATE:                   41
  41     0.0000002188646   -0.8985057431489         0.47
  42     0.0000002590523   -0.8985056681006         0.45
  43     0.0000001570125   -0.8985060421962         0.46
  44     0.0000002640620   -0.8985057728890         0.45
  45     0.0000002451224   -0.8985062206523         0.45
 MICROCYCLE DIIS UPDATE:                   46
  46     0.0000000387287   -0.8985060746390         0.46
  47     0.0000000523852   -0.8985060578180         0.45
  48     0.0000000608538   -0.8985061269879         0.45
  49     0.0000001381403   -0.8985060730281         0.46
  50     0.0000003138248   -0.8985061602078         0.45
 MICROCYCLE DIIS UPDATE:                   51
  51     0.0000000051063   -0.8985061341182         0.45
------------------------------------------------------------------
 Iterations converged
 CCSD correlation energy / hartree =        -0.898506134118235
 CCSD total energy / hartree       =      -109.017085802559848

Time taken for Closed Shell Cholesky CCSD: 23.88 secs

Threshold for printing amplitudes set to: 0.05
T1, T2 amplitudes written to files: N2_2.6.cc-pvtz_files/restricted/N2_2.6.cc-pvtz.print_t1amp.txt, N2_2.6.cc-pvtz_files/restricted/N2_2.6.cc-pvtz.print_t2amp.txt


DUCC: Time taken to compute Bare Hamiltonian: 0.00 secs

DUCC: Time taken to compute Single Commutator: 0.06 secs

DUCC: Time taken to compute Double Commutator: 4.01 secs

DUCC: Time taken to compute Triple Commutator: 2.08 secs

DUCC: Total Compute Time: 6.15 secs

Number of active orbitals = 10


DUCC: Time to write results: 0.01 secs
