
date: Mon Dec 18 14:37:51 2023
program: "/hpc/home/baum612/code/exachem-dev/build/methods_stage/hpc/home/baum612/code/tamm_install/methods/ExaChem"
input: /hpc/home/baum612/code/exachem-dev/inputs/N2/N2_2.3.json
nnodes: 1, nproc: 2
prefix: N2_2.3

Memory information
{
 CPU memory per node (GiB): 4534
 Total CPU memory (GiB): 4534
}


Input file provided
--------------------
{
  "geometry": {
    "coordinates": [
      "N  0.000000  0.000000  2.300000",
      "N  0.000000  0.000000  0.000000"
    ],
    "units": "angstrom"
  },
  "basis": {
    "basisset": "cc-pVTZ",
    "atom_basis": null
  },
  "SCF": {
    "conve": 1e-09,
    "convd": 1e-08,
    "tilesize": 30,
    "restart": false
  },
  "CD": {
    "diagtol": 1e-06
  },
  "CC": {
    "threshold": 1e-08,
    "ccsd_maxiter": 150,
    "lshift": 0.1,
    "nactive": 3,
    "freeze": {
      "core": 0
    },
    "PRINT": {
      "tamplitudes": [
        true,
        0.05
      ]
    }
  },
  "TASK": {
    "scf": false,
    "mp2": false,
    "cd_2e": false,
    "ccsd": false,
    "ccsd_t": false,
    "ducc": true
  }
}

Number of nodes, processes per node used for SCF calculation: 1, 2

SCF Options
{
 charge       = 0
 multiplicity = 1
 level shift  = 0
 tol_int      = 1e-22
 tol_sch      = 1e-10
 tol_lindep   = 1e-05
 conve        = 1e-09
 convd        = 1e-08
 diis_hist    = 10
 AO_tilesize  = 30
 writem       = 1
 damp         = 100
 scf_type     = restricted
 restart_size = 2000
 restart      = false
 debug        = false
}
**** Resetting tol_sch to 1e-11

Number of basis functions = 60

Total number of shells = 20

Total number of electrons = 14
  # of alpha electrons    = 7
  # of beta electons      = 7

Nuclear repulsion energy  = 11.2737761784829

# of {all,non-negligible} shell-pairs = {210,210}
Number of AO tiles = 20

Time for initial setup: 0.01 secs

Time for computing 1-e integrals T, V, S: 0.00 secs
Time for computing orthogonalizer: 0.00 secs

Superposition of Atomic Density Guess ...
Time taken for SAD: 0.06 secs
Total Time to compute initial guess: 0.09 secs


 SCF iterations
-----------------------------------------------------------------
 Iter     Energy            E-Diff       RMSD          Time(s)
-----------------------------------------------------------------
   1  -108.2134879745    -1.08e+02     1.72e-03         0.1 
   2  -108.2181068856    -4.62e-03     5.06e-04         0.1 
   3  -108.2187382111    -6.31e-04     2.77e-04         0.1 
   4  -108.2188378548    -9.96e-05     1.15e-05         0.1 
   5  -108.2188380931    -2.38e-07     1.83e-06         0.1 
   6  -108.2188380994    -6.27e-09     2.32e-07         0.1 
   7  -108.2188380995    -7.05e-11     2.27e-08         0.1 
   8  -108.2188380995    -4.97e-13     1.67e-09         0.1 

** Total SCF energy = -108.2188380994520

Nuclear repulsion energy = 11.273776178482882
#electrons        = 14.000000000000011
1e energy kinetic = 107.3817355389275008
1e energy N-e     = -276.4644729004934334
1e energy         = -169.0827373615658757
2e energy         = 49.5901230719177661
writing orbitals and density to disk ... done.

Time taken for Hartree-Fock: 0.61 secs

CCSD Options
{
 cache_size           = 8
 ccsdt_tilesize       = 32
 ndiis                = 5
 threshold            = 1e-08
 tilesize             = 40
 nactive              = 3
 ccsd_maxiter         = 150
 freeze_atomic         = false
 freeze_core          = 0
 freeze_virtual       = 0
 lshift               = 0.1
 readt                = false
 writet               = false
 writev               = false
 writet_iter          = 5
 profile_ccsd         = false
 balance_tiles        = true
 eom_nroots           = 1
 eom_microiter        = 50
 eom_threshold        = 1e-06
 debug                = false
}

#occupied, #virtual = 14, 106

Resetting CCSD tilesize to: 50

CD Options
{
 debug            = false
 write_cv         = false
 diagtol          = 1e-06
 write_vcount     = 5000
 itilesize        = 1000
 max_cvecs_factor = 12
}

-----------------------------------------------------
Begin 2-index transformation ... 

nAO, nMO, nelectrons = 60, 120, 14
n_occ_alpha, n_vir_alpha, n_occ_beta, n_vir_beta = 7,53,7,53

Time taken for Fao->Fmo transform: 0.00 secs

-----------------------------------------------------
Number of AO tiles = 20
# of {all,non-negligible} shell-pairs = {210,210}

    Begin Cholesky Decomposition
---------------------------------------------
- CPU memory required for computing cholesky vectors: 0.02 GiB

- Time for computing the diagonal: 0.00 secs

- Total number of cholesky vectors = 468

- Time to compute cholesky vectors: 1.38 secs

- CPU memory required for resizing the ao cholesky tensor: 0.03 GiB
- CPU memory required for ao2mo transformation: 0.04 GiB
- CPU memory required for the 2-step contraction: 0.05 GiB

- Time for ao to mo transform: 0.16 secs

    End Cholesky Decomposition
---------------------------------------------

Total Time taken for Cholesky Decomposition: 1.57 secs

----------------------------
scf_type = restricted
Closed-Shell SCF
nbf = 60
nbf_orig = 60
n_lindep = 0
focc = 1
nmo = 120
nocc = 14
nvir = 106
n_occ_alpha = 7
n_vir_alpha = 53
n_occ_beta = 7
n_vir_beta = 53
nelectrons = 14
nelectrons_alpha = 7
nelectrons_beta = 7
n_frozen_core = 0
n_frozen_virtual = 0
----------------------------

Total CPU memory required for Closed Shell Cholesky CCSD calculation: 0.09 GiB


 CCSD iterations
------------------------------------------------------------
  Iter     Residuum          Correlation          Time(s)
------------------------------------------------------------
   1     0.6824872689712    0.0000000000000         0.61
   2     0.3562756516888   -0.9511912063495         0.49
   3     0.4835791104749   -0.1930900052431         0.47
   4     0.5565130998609   -1.1948824899199         0.47
   5     0.7250059537814   -0.0172224927022         0.49
 MICROCYCLE DIIS UPDATE:                    6
   6     0.0490581675754   -0.6785098715783         0.47
   7     0.0788200496742   -0.5833176225341         0.47
   8     0.0723100446151   -0.7226246985340         0.49
   9     0.1132425843124   -0.5686382999032         0.49
  10     0.1168726519872   -0.7798585812852         0.47
 MICROCYCLE DIIS UPDATE:                   11
  11     0.0164230620672   -0.6997555094462         0.48
  12     0.0160614871517   -0.7005426009232         0.48
  13     0.0117351933034   -0.7113708105608         0.48
  14     0.0141183551336   -0.7109529852115         0.49
  15     0.0090699377026   -0.7228338405998         0.46
 MICROCYCLE DIIS UPDATE:                   16
  16     0.0058390737901   -0.7604451368472         0.47
  17     0.0073143752968   -0.7697430210328         0.48
  18     0.0066020145904   -0.7580072269750         0.47
  19     0.0086953514121   -0.7702134726397         0.47
  20     0.0084922915294   -0.7556021579653         0.50
 MICROCYCLE DIIS UPDATE:                   21
  21     0.0006382553808   -0.7621547775478         0.48
  22     0.0012551814531   -0.7628102090346         0.48
  23     0.0006774622388   -0.7611921854322         0.48
  24     0.0012630184260   -0.7623242172757         0.47
  25     0.0008525453838   -0.7604787215828         0.48
 MICROCYCLE DIIS UPDATE:                   26
  26     0.0001301025071   -0.7600179405856         0.48
  27     0.0001145405212   -0.7600559722728         0.46
  28     0.0000694531472   -0.7599590935543         0.48
  29     0.0000886544742   -0.7600228046512         0.48
  30     0.0000560466418   -0.7599131334481         0.48
 MICROCYCLE DIIS UPDATE:                   31
  31     0.0000140809609   -0.7599028786673         0.48
  32     0.0000200600683   -0.7599100536341         0.48
  33     0.0000104774558   -0.7598864721187         0.47
  34     0.0000191974611   -0.7599008169201         0.47
  35     0.0000117075646   -0.7598742643714         0.46
 MICROCYCLE DIIS UPDATE:                   36
  36     0.0000027640555   -0.7598635415730         0.47
  37     0.0000024578771   -0.7598640177266         0.48
  38     0.0000014380603   -0.7598622823949         0.47
  39     0.0000017270777   -0.7598631189840         0.49
  40     0.0000009823507   -0.7598612662091         0.49
 MICROCYCLE DIIS UPDATE:                   41
  41     0.0000003450865   -0.7598606218835         0.46
  42     0.0000005311392   -0.7598608404763         0.48
  43     0.0000002846220   -0.7598601988098         0.47
  44     0.0000005302104   -0.7598606100534         0.47
  45     0.0000004056828   -0.7598598812321         0.47
 MICROCYCLE DIIS UPDATE:                   46
  46     0.0000001141079   -0.7598597675465         0.47
  47     0.0000001207404   -0.7598598049606         0.47
  48     0.0000000944138   -0.7598596882842         0.46
  49     0.0000001690785   -0.7598597558889         0.47
  50     0.0000002705336   -0.7598596238889         0.48
 MICROCYCLE DIIS UPDATE:                   51
  51     0.0000000255794   -0.7598596094328         0.46
  52     0.0000000347038   -0.7598596212945         0.47
  53     0.0000000178275   -0.7598595813334         0.47
  54     0.0000000330836   -0.7598596049841         0.48
  55     0.0000000225182   -0.7598595601305         0.48
 MICROCYCLE DIIS UPDATE:                   56
  56     0.0000000093099   -0.7598595579282         0.46
------------------------------------------------------------------
 Iterations converged
 CCSD correlation energy / hartree =        -0.759859557928166
 CCSD total energy / hartree       =      -108.978697657380195

Time taken for Closed Shell Cholesky CCSD: 27.02 secs

Threshold for printing amplitudes set to: 0.05
T1, T2 amplitudes written to files: N2_2.3.cc-pvtz_files/restricted/N2_2.3.cc-pvtz.print_t1amp.txt, N2_2.3.cc-pvtz_files/restricted/N2_2.3.cc-pvtz.print_t2amp.txt


DUCC: Time taken to compute Bare Hamiltonian: 0.00 secs

DUCC: Time taken to compute Single Commutator: 0.06 secs

DUCC: Time taken to compute Double Commutator: 4.02 secs

DUCC: Time taken to compute Triple Commutator: 2.10 secs

DUCC: Total Compute Time: 6.18 secs

Number of active orbitals = 10


DUCC: Time to write results: 0.01 secs
