
date: Mon Dec 18 14:40:42 2023
program: "/hpc/home/baum612/code/exachem-dev/build/methods_stage/hpc/home/baum612/code/tamm_install/methods/ExaChem"
input: /hpc/home/baum612/code/exachem-dev/inputs/N2/N2_2.8.json
nnodes: 1, nproc: 2
prefix: N2_2.8

Memory information
{
 CPU memory per node (GiB): 4534
 Total CPU memory (GiB): 4534
}


Input file provided
--------------------
{
  "geometry": {
    "coordinates": [
      "N  0.000000  0.000000  2.800000",
      "N  0.000000  0.000000  0.000000"
    ],
    "units": "angstrom"
  },
  "basis": {
    "basisset": "cc-pVTZ",
    "atom_basis": null
  },
  "SCF": {
    "conve": 1e-09,
    "convd": 1e-08,
    "tilesize": 30,
    "restart": false
  },
  "CD": {
    "diagtol": 1e-06
  },
  "CC": {
    "threshold": 1e-08,
    "ccsd_maxiter": 150,
    "lshift": 0.1,
    "nactive": 3,
    "freeze": {
      "core": 0
    },
    "PRINT": {
      "tamplitudes": [
        true,
        0.05
      ]
    }
  },
  "TASK": {
    "scf": false,
    "mp2": false,
    "cd_2e": false,
    "ccsd": false,
    "ccsd_t": false,
    "ducc": true
  }
}

Number of nodes, processes per node used for SCF calculation: 1, 2

SCF Options
{
 charge       = 0
 multiplicity = 1
 level shift  = 0
 tol_int      = 1e-22
 tol_sch      = 1e-10
 tol_lindep   = 1e-05
 conve        = 1e-09
 convd        = 1e-08
 diis_hist    = 10
 AO_tilesize  = 30
 writem       = 1
 damp         = 100
 scf_type     = restricted
 restart_size = 2000
 restart      = false
 debug        = false
}
**** Resetting tol_sch to 1e-11

Number of basis functions = 60

Total number of shells = 20

Total number of electrons = 14
  # of alpha electrons    = 7
  # of beta electons      = 7

Nuclear repulsion energy  = 9.26060186089665

# of {all,non-negligible} shell-pairs = {210,210}
Number of AO tiles = 20

Time for initial setup: 0.01 secs

Time for computing 1-e integrals T, V, S: 0.00 secs
Time for computing orthogonalizer: 0.00 secs

Superposition of Atomic Density Guess ...
Time taken for SAD: 0.06 secs
Total Time to compute initial guess: 0.09 secs


 SCF iterations
-----------------------------------------------------------------
 Iter     Energy            E-Diff       RMSD          Time(s)
-----------------------------------------------------------------
   1  -108.0640989665    -1.08e+02     1.41e-03         0.1 
   2  -108.0669927046    -2.89e-03     4.79e-04         0.1 
   3  -108.0674122470    -4.20e-04     2.37e-04         0.1 
   4  -108.0674741879    -6.19e-05     9.75e-06         0.1 
   5  -108.0674743642    -1.76e-07     1.05e-06         0.1 
   6  -108.0674743663    -2.16e-09     2.77e-07         0.1 
   7  -108.0674743664    -9.04e-11     2.87e-08         0.1 
   8  -108.0674743664    -5.83e-13     8.85e-09         0.1 

** Total SCF energy = -108.0674743664394

Nuclear repulsion energy = 9.260601860896651
#electrons        = 14.000000000000004
1e energy kinetic = 107.5135030184024885
1e energy N-e     = -272.5079213260164579
1e energy         = -164.9944183076139836
2e energy         = 47.6663420827687929
writing orbitals and density to disk ... done.

Time taken for Hartree-Fock: 0.58 secs

CCSD Options
{
 cache_size           = 8
 ccsdt_tilesize       = 32
 ndiis                = 5
 threshold            = 1e-08
 tilesize             = 40
 nactive              = 3
 ccsd_maxiter         = 150
 freeze_atomic         = false
 freeze_core          = 0
 freeze_virtual       = 0
 lshift               = 0.1
 readt                = false
 writet               = false
 writev               = false
 writet_iter          = 5
 profile_ccsd         = false
 balance_tiles        = true
 eom_nroots           = 1
 eom_microiter        = 50
 eom_threshold        = 1e-06
 debug                = false
}

#occupied, #virtual = 14, 106

Resetting CCSD tilesize to: 50

CD Options
{
 debug            = false
 write_cv         = false
 diagtol          = 1e-06
 write_vcount     = 5000
 itilesize        = 1000
 max_cvecs_factor = 12
}

-----------------------------------------------------
Begin 2-index transformation ... 

nAO, nMO, nelectrons = 60, 120, 14
n_occ_alpha, n_vir_alpha, n_occ_beta, n_vir_beta = 7,53,7,53

Time taken for Fao->Fmo transform: 0.00 secs

-----------------------------------------------------
Number of AO tiles = 20
# of {all,non-negligible} shell-pairs = {210,210}

    Begin Cholesky Decomposition
---------------------------------------------
- CPU memory required for computing cholesky vectors: 0.02 GiB

- Time for computing the diagonal: 0.00 secs

- Total number of cholesky vectors = 461

- Time to compute cholesky vectors: 1.33 secs

- CPU memory required for resizing the ao cholesky tensor: 0.03 GiB
- CPU memory required for ao2mo transformation: 0.04 GiB
- CPU memory required for the 2-step contraction: 0.05 GiB

- Time for ao to mo transform: 0.16 secs

    End Cholesky Decomposition
---------------------------------------------

Total Time taken for Cholesky Decomposition: 1.52 secs

----------------------------
scf_type = restricted
Closed-Shell SCF
nbf = 60
nbf_orig = 60
n_lindep = 0
focc = 1
nmo = 120
nocc = 14
nvir = 106
n_occ_alpha = 7
n_vir_alpha = 53
n_occ_beta = 7
n_vir_beta = 53
nelectrons = 14
nelectrons_alpha = 7
nelectrons_beta = 7
n_frozen_core = 0
n_frozen_virtual = 0
----------------------------

Total CPU memory required for Closed Shell Cholesky CCSD calculation: 0.09 GiB


 CCSD iterations
------------------------------------------------------------
  Iter     Residuum          Correlation          Time(s)
------------------------------------------------------------
   1     0.6947093740948    0.0000000000000         0.58
   2     0.5370223989390   -1.2698673022039         0.45
   3     1.0908224364015    0.3105088514419         0.46
   4     1.6606192793691   -2.7742532059891         0.46
   5     2.6375627406651    1.6763255275680         0.46
 MICROCYCLE DIIS UPDATE:                    6
   6     0.1337637633170   -0.8024864792594         0.46
   7     0.2882974846583   -0.4213286520124         0.45
   8     0.4580934973830   -1.1940978587480         0.45
   9     0.8768283364739    0.0838797162583         0.48
  10     1.4410753916139   -2.3221083693426         0.47
 MICROCYCLE DIIS UPDATE:                   11
  11     0.0461386174003   -0.7407679393667         0.46
  12     0.1227205278201   -0.6180333652147         0.45
  13     0.1558582502353   -0.9023679831558         0.45
  14     0.3328108051087   -0.4636314061876         0.49
  15     0.5352301650489   -1.2995729012053         0.45
 MICROCYCLE DIIS UPDATE:                   16
  16     0.0332777230759   -0.7630021231168         0.45
  17     0.0938189745497   -0.6967939803522         0.46
  18     0.0932834394279   -0.8856481669943         0.46
  19     0.2140205445598   -0.6321230609859         0.46
  20     0.3045745010146   -1.1231406827694         0.46
 MICROCYCLE DIIS UPDATE:                   21
  21     0.0277656319426   -0.8204315109584         0.47
  22     0.0822668774157   -0.7758657432918         0.47
  23     0.0713179089778   -0.9293675012718         0.46
  24     0.1542513781658   -0.7527191005216         0.46
  25     0.1964603348235   -1.0795736475140         0.46
 MICROCYCLE DIIS UPDATE:                   26
  26     0.0163467629271   -0.9069433622753         0.46
  27     0.0444015786296   -0.8880082148296         0.46
  28     0.0358783867140   -0.9669476782784         0.46
  29     0.0631046927962   -0.8902718030966         0.46
  30     0.0709376406327   -1.0134983398122         0.46
 MICROCYCLE DIIS UPDATE:                   31
  31     0.0029799026529   -0.9632232981278         0.46
  32     0.0015944197336   -0.9650652831378         0.47
  33     0.0019594741296   -0.9630913708486         0.46
  34     0.0018786963139   -0.9666204347360         0.45
  35     0.0025764380049   -0.9628884238304         0.45
 MICROCYCLE DIIS UPDATE:                   36
  36     0.0001228465393   -0.9652817229781         0.46
  37     0.0001478583579   -0.9652226234562         0.46
  38     0.0001218777639   -0.9654734395934         0.46
  39     0.0001828759824   -0.9652406960949         0.46
  40     0.0001961199279   -0.9655823926214         0.45
 MICROCYCLE DIIS UPDATE:                   41
  41     0.0000093275528   -0.9654329014634         0.45
  42     0.0000067139856   -0.9654298270057         0.45
  43     0.0000035569872   -0.9654369533837         0.46
  44     0.0000045725073   -0.9654319799641         0.46
  45     0.0000038022451   -0.9654392384147         0.45
 MICROCYCLE DIIS UPDATE:                   46
  46     0.0000004819759   -0.9654369222580         0.45
  47     0.0000003320206   -0.9654366928294         0.45
  48     0.0000002941463   -0.9654371702411         0.46
  49     0.0000003464590   -0.9654366711328         0.48
  50     0.0000003835938   -0.9654372894148         0.46
 MICROCYCLE DIIS UPDATE:                   51
  51     0.0000000496369   -0.9654369882016         0.45
  52     0.0000000667722   -0.9654369855831         0.46
  53     0.0000001689550   -0.9654369812830         0.45
  54     0.0000004495688   -0.9654369816044         0.45
  55     0.0000012000413   -0.9654369795121         0.44
 MICROCYCLE DIIS UPDATE:                   56
  56     0.0000000049485   -0.9654369789478         0.45
------------------------------------------------------------------
 Iterations converged
 CCSD correlation energy / hartree =        -0.965436978947789
 CCSD total energy / hartree       =      -109.032911345387191

Time taken for Closed Shell Cholesky CCSD: 26.06 secs

Threshold for printing amplitudes set to: 0.05
T1, T2 amplitudes written to files: N2_2.8.cc-pvtz_files/restricted/N2_2.8.cc-pvtz.print_t1amp.txt, N2_2.8.cc-pvtz_files/restricted/N2_2.8.cc-pvtz.print_t2amp.txt


DUCC: Time taken to compute Bare Hamiltonian: 0.00 secs

DUCC: Time taken to compute Single Commutator: 0.06 secs

DUCC: Time taken to compute Double Commutator: 4.01 secs

DUCC: Time taken to compute Triple Commutator: 2.06 secs

DUCC: Total Compute Time: 6.13 secs

Number of active orbitals = 10


DUCC: Time to write results: 0.01 secs
