
date: Mon Dec 18 14:38:28 2023
program: "/hpc/home/baum612/code/exachem-dev/build/methods_stage/hpc/home/baum612/code/tamm_install/methods/ExaChem"
input: /hpc/home/baum612/code/exachem-dev/inputs/N2/N2_2.4.json
nnodes: 1, nproc: 2
prefix: N2_2.4

Memory information
{
 CPU memory per node (GiB): 4534
 Total CPU memory (GiB): 4534
}


Input file provided
--------------------
{
  "geometry": {
    "coordinates": [
      "N  0.000000  0.000000  2.400000",
      "N  0.000000  0.000000  0.000000"
    ],
    "units": "angstrom"
  },
  "basis": {
    "basisset": "cc-pVTZ",
    "atom_basis": null
  },
  "SCF": {
    "conve": 1e-09,
    "convd": 1e-08,
    "tilesize": 30,
    "restart": false
  },
  "CD": {
    "diagtol": 1e-06
  },
  "CC": {
    "threshold": 1e-08,
    "ccsd_maxiter": 150,
    "lshift": 0.1,
    "nactive": 3,
    "freeze": {
      "core": 0
    },
    "PRINT": {
      "tamplitudes": [
        true,
        0.05
      ]
    }
  },
  "TASK": {
    "scf": false,
    "mp2": false,
    "cd_2e": false,
    "ccsd": false,
    "ccsd_t": false,
    "ducc": true
  }
}

Number of nodes, processes per node used for SCF calculation: 1, 2

SCF Options
{
 charge       = 0
 multiplicity = 1
 level shift  = 0
 tol_int      = 1e-22
 tol_sch      = 1e-10
 tol_lindep   = 1e-05
 conve        = 1e-09
 convd        = 1e-08
 diis_hist    = 10
 AO_tilesize  = 30
 writem       = 1
 damp         = 100
 scf_type     = restricted
 restart_size = 2000
 restart      = false
 debug        = false
}
**** Resetting tol_sch to 1e-11

Number of basis functions = 60

Total number of shells = 20

Total number of electrons = 14
  # of alpha electrons    = 7
  # of beta electons      = 7

Nuclear repulsion energy  = 10.8040355043794

# of {all,non-negligible} shell-pairs = {210,210}
Number of AO tiles = 20

Time for initial setup: 0.01 secs

Time for computing 1-e integrals T, V, S: 0.00 secs
Time for computing orthogonalizer: 0.00 secs

Superposition of Atomic Density Guess ...
Time taken for SAD: 0.06 secs
Total Time to compute initial guess: 0.09 secs


 SCF iterations
-----------------------------------------------------------------
 Iter     Energy            E-Diff       RMSD          Time(s)
-----------------------------------------------------------------
   1  -108.1768861718    -1.08e+02     1.66e-03         0.1 
   2  -108.1810830555    -4.20e-03     4.97e-04         0.1 
   3  -108.1816644961    -5.81e-04     2.70e-04         0.1 
   4  -108.1817558804    -9.14e-05     1.09e-05         0.1 
   5  -108.1817560998    -2.19e-07     1.68e-06         0.1 
   6  -108.1817561049    -5.15e-09     2.42e-07         0.1 
   7  -108.1817561050    -7.45e-11     2.13e-08         0.1 
   8  -108.1817561050    -3.98e-13     1.57e-09         0.1 

** Total SCF energy = -108.1817561049945

Nuclear repulsion energy = 10.804035504379426
#electrons        = 13.999999999999993
1e energy kinetic = 107.4079799104969055
1e energy N-e     = -275.5308562680433511
1e energy         = -168.1228763575465734
2e energy         = 49.1370847403243118
writing orbitals and density to disk ... done.

Time taken for Hartree-Fock: 0.61 secs

CCSD Options
{
 cache_size           = 8
 ccsdt_tilesize       = 32
 ndiis                = 5
 threshold            = 1e-08
 tilesize             = 40
 nactive              = 3
 ccsd_maxiter         = 150
 freeze_atomic         = false
 freeze_core          = 0
 freeze_virtual       = 0
 lshift               = 0.1
 readt                = false
 writet               = false
 writev               = false
 writet_iter          = 5
 profile_ccsd         = false
 balance_tiles        = true
 eom_nroots           = 1
 eom_microiter        = 50
 eom_threshold        = 1e-06
 debug                = false
}

#occupied, #virtual = 14, 106

Resetting CCSD tilesize to: 50

CD Options
{
 debug            = false
 write_cv         = false
 diagtol          = 1e-06
 write_vcount     = 5000
 itilesize        = 1000
 max_cvecs_factor = 12
}

-----------------------------------------------------
Begin 2-index transformation ... 

nAO, nMO, nelectrons = 60, 120, 14
n_occ_alpha, n_vir_alpha, n_occ_beta, n_vir_beta = 7,53,7,53

Time taken for Fao->Fmo transform: 0.00 secs

-----------------------------------------------------
Number of AO tiles = 20
# of {all,non-negligible} shell-pairs = {210,210}

    Begin Cholesky Decomposition
---------------------------------------------
- CPU memory required for computing cholesky vectors: 0.02 GiB

- Time for computing the diagonal: 0.00 secs

- Total number of cholesky vectors = 464

- Time to compute cholesky vectors: 1.35 secs

- CPU memory required for resizing the ao cholesky tensor: 0.03 GiB
- CPU memory required for ao2mo transformation: 0.04 GiB
- CPU memory required for the 2-step contraction: 0.05 GiB

- Time for ao to mo transform: 0.15 secs

    End Cholesky Decomposition
---------------------------------------------

Total Time taken for Cholesky Decomposition: 1.53 secs

----------------------------
scf_type = restricted
Closed-Shell SCF
nbf = 60
nbf_orig = 60
n_lindep = 0
focc = 1
nmo = 120
nocc = 14
nvir = 106
n_occ_alpha = 7
n_vir_alpha = 53
n_occ_beta = 7
n_vir_beta = 53
nelectrons = 14
nelectrons_alpha = 7
nelectrons_beta = 7
n_frozen_core = 0
n_frozen_virtual = 0
----------------------------

Total CPU memory required for Closed Shell Cholesky CCSD calculation: 0.09 GiB


 CCSD iterations
------------------------------------------------------------
  Iter     Residuum          Correlation          Time(s)
------------------------------------------------------------
   1     0.6849837294157    0.0000000000000         0.58
   2     0.3918491632703   -1.0145601484849         0.47
   3     0.5822194518302   -0.1132333699067         0.47
   4     0.7252595084114   -1.4108732298348         0.47
   5     1.0136854550638    0.2231188315498         0.47
 MICROCYCLE DIIS UPDATE:                    6
   6     0.0562552305321   -0.6922284417855         0.46
   7     0.0966575804743   -0.5775401043950         0.46
   8     0.0976819887887   -0.7630423532558         0.48
   9     0.1626926575752   -0.5387885949825         0.48
  10     0.1897521795521   -0.8690095816746         0.46
 MICROCYCLE DIIS UPDATE:                   11
  11     0.0206267736991   -0.7199541741911         0.46
  12     0.0267830387867   -0.7137554478251         0.45
  13     0.0159372644811   -0.7415212133529         0.45
  14     0.0287509518831   -0.7264884457072         0.47
  15     0.0168315248889   -0.7648476459407         0.47
 MICROCYCLE DIIS UPDATE:                   16
  16     0.0148438711628   -0.8212248099168         0.45
  17     0.0289725578783   -0.8519275838782         0.45
  18     0.0251595061681   -0.8042377799947         0.46
  19     0.0345801477087   -0.8511338371249         0.45
  20     0.0337162485453   -0.7923016810047         0.45
 MICROCYCLE DIIS UPDATE:                   21
  21     0.0022463090339   -0.8185201329678         0.48
  22     0.0050139738256   -0.8212764714055         0.46
  23     0.0029385886959   -0.8141772994694         0.45
  24     0.0053158439128   -0.8195725137775         0.46
  25     0.0041579981893   -0.8111497876875         0.45
 MICROCYCLE DIIS UPDATE:                   26
  26     0.0003039301715   -0.8108550117368         0.46
  27     0.0001996560220   -0.8108519205539         0.46
  28     0.0001234556511   -0.8108864763477         0.45
  29     0.0000931033196   -0.8108377172228         0.47
  30     0.0000681273417   -0.8109080446583         0.46
 MICROCYCLE DIIS UPDATE:                   31
  31     0.0000159594701   -0.8108809212108         0.45
  32     0.0000126653493   -0.8108769471888         0.46
  33     0.0000078081476   -0.8108916579114         0.46
  34     0.0000110415813   -0.8108810040667         0.47
  35     0.0000087412776   -0.8108981515591         0.45
 MICROCYCLE DIIS UPDATE:                   36
  36     0.0000013330077   -0.8108942980944         0.46
  37     0.0000021655877   -0.8108934063171         0.46
  38     0.0000011085343   -0.8108961119015         0.46
  39     0.0000021388978   -0.8108943882144         0.46
  40     0.0000014125997   -0.8108975456125         0.46
 MICROCYCLE DIIS UPDATE:                   41
  41     0.0000002167477   -0.8108984120931         0.47
  42     0.0000000907310   -0.8108984576329         0.46
  43     0.0000000794177   -0.8108984609111         0.47
  44     0.0000001326490   -0.8108984909133         0.47
  45     0.0000002769460   -0.8108984764895         0.46
 MICROCYCLE DIIS UPDATE:                   46
  46     0.0000000081631   -0.8108985035367         0.47
------------------------------------------------------------------
 Iterations converged
 CCSD correlation energy / hartree =        -0.810898503536686
 CCSD total energy / hartree       =      -108.992654608531154

Time taken for Closed Shell Cholesky CCSD: 21.60 secs

Threshold for printing amplitudes set to: 0.05
T1, T2 amplitudes written to files: N2_2.4.cc-pvtz_files/restricted/N2_2.4.cc-pvtz.print_t1amp.txt, N2_2.4.cc-pvtz_files/restricted/N2_2.4.cc-pvtz.print_t2amp.txt


DUCC: Time taken to compute Bare Hamiltonian: 0.00 secs

DUCC: Time taken to compute Single Commutator: 0.06 secs

DUCC: Time taken to compute Double Commutator: 4.01 secs

DUCC: Time taken to compute Triple Commutator: 2.08 secs

DUCC: Total Compute Time: 6.15 secs

Number of active orbitals = 10


DUCC: Time to write results: 0.01 secs
