
date: Mon Dec 18 14:40:08 2023
program: "/hpc/home/baum612/code/exachem-dev/build/methods_stage/hpc/home/baum612/code/tamm_install/methods/ExaChem"
input: /hpc/home/baum612/code/exachem-dev/inputs/N2/N2_2.7.json
nnodes: 1, nproc: 2
prefix: N2_2.7

Memory information
{
 CPU memory per node (GiB): 4534
 Total CPU memory (GiB): 4534
}


Input file provided
--------------------
{
  "geometry": {
    "coordinates": [
      "N  0.000000  0.000000  2.700000",
      "N  0.000000  0.000000  0.000000"
    ],
    "units": "angstrom"
  },
  "basis": {
    "basisset": "cc-pVTZ",
    "atom_basis": null
  },
  "SCF": {
    "conve": 1e-09,
    "convd": 1e-08,
    "tilesize": 30,
    "restart": false
  },
  "CD": {
    "diagtol": 1e-06
  },
  "CC": {
    "threshold": 1e-08,
    "ccsd_maxiter": 150,
    "lshift": 0.1,
    "nactive": 3,
    "freeze": {
      "core": 0
    },
    "PRINT": {
      "tamplitudes": [
        true,
        0.05
      ]
    }
  },
  "TASK": {
    "scf": false,
    "mp2": false,
    "cd_2e": false,
    "ccsd": false,
    "ccsd_t": false,
    "ducc": true
  }
}

Number of nodes, processes per node used for SCF calculation: 1, 2

SCF Options
{
 charge       = 0
 multiplicity = 1
 level shift  = 0
 tol_int      = 1e-22
 tol_sch      = 1e-10
 tol_lindep   = 1e-05
 conve        = 1e-09
 convd        = 1e-08
 diis_hist    = 10
 AO_tilesize  = 30
 writem       = 1
 damp         = 100
 scf_type     = restricted
 restart_size = 2000
 restart      = false
 debug        = false
}
**** Resetting tol_sch to 1e-11

Number of basis functions = 60

Total number of shells = 20

Total number of electrons = 14
  # of alpha electrons    = 7
  # of beta electons      = 7

Nuclear repulsion energy  = 9.60358711500393

# of {all,non-negligible} shell-pairs = {210,210}
Number of AO tiles = 20

Time for initial setup: 0.01 secs

Time for computing 1-e integrals T, V, S: 0.00 secs
Time for computing orthogonalizer: 0.00 secs

Superposition of Atomic Density Guess ...
Time taken for SAD: 0.06 secs
Total Time to compute initial guess: 0.09 secs


 SCF iterations
-----------------------------------------------------------------
 Iter     Energy            E-Diff       RMSD          Time(s)
-----------------------------------------------------------------
   1  -108.0879907639    -1.08e+02     1.47e-03         0.1 
   2  -108.0911668172    -3.18e-03     4.81e-04         0.1 
   3  -108.0916230014    -4.56e-04     2.47e-04         0.1 
   4  -108.0916920555    -6.91e-05     9.94e-06         0.1 
   5  -108.0916922391    -1.84e-07     1.18e-06         0.1 
   6  -108.0916922417    -2.61e-09     2.71e-07         0.1 
   7  -108.0916922418    -8.83e-11     2.67e-08         0.1 
   8  -108.0916922418    -5.97e-13     8.42e-09         0.1 

** Total SCF energy = -108.0916922418207

Nuclear repulsion energy = 9.603587115003934
#electrons        = 14.000000000000021
1e energy kinetic = 107.4881372475435342
1e energy N-e     = -273.1741064354591231
1e energy         = -165.6859691879155321
2e energy         = 47.9906898339291175
writing orbitals and density to disk ... done.

Time taken for Hartree-Fock: 0.58 secs

CCSD Options
{
 cache_size           = 8
 ccsdt_tilesize       = 32
 ndiis                = 5
 threshold            = 1e-08
 tilesize             = 40
 nactive              = 3
 ccsd_maxiter         = 150
 freeze_atomic         = false
 freeze_core          = 0
 freeze_virtual       = 0
 lshift               = 0.1
 readt                = false
 writet               = false
 writev               = false
 writet_iter          = 5
 profile_ccsd         = false
 balance_tiles        = true
 eom_nroots           = 1
 eom_microiter        = 50
 eom_threshold        = 1e-06
 debug                = false
}

#occupied, #virtual = 14, 106

Resetting CCSD tilesize to: 50

CD Options
{
 debug            = false
 write_cv         = false
 diagtol          = 1e-06
 write_vcount     = 5000
 itilesize        = 1000
 max_cvecs_factor = 12
}

-----------------------------------------------------
Begin 2-index transformation ... 

nAO, nMO, nelectrons = 60, 120, 14
n_occ_alpha, n_vir_alpha, n_occ_beta, n_vir_beta = 7,53,7,53

Time taken for Fao->Fmo transform: 0.00 secs

-----------------------------------------------------
Number of AO tiles = 20
# of {all,non-negligible} shell-pairs = {210,210}

    Begin Cholesky Decomposition
---------------------------------------------
- CPU memory required for computing cholesky vectors: 0.02 GiB

- Time for computing the diagonal: 0.00 secs

- Total number of cholesky vectors = 461

- Time to compute cholesky vectors: 1.32 secs

- CPU memory required for resizing the ao cholesky tensor: 0.03 GiB
- CPU memory required for ao2mo transformation: 0.04 GiB
- CPU memory required for the 2-step contraction: 0.05 GiB

- Time for ao to mo transform: 0.15 secs

    End Cholesky Decomposition
---------------------------------------------

Total Time taken for Cholesky Decomposition: 1.51 secs

----------------------------
scf_type = restricted
Closed-Shell SCF
nbf = 60
nbf_orig = 60
n_lindep = 0
focc = 1
nmo = 120
nocc = 14
nvir = 106
n_occ_alpha = 7
n_vir_alpha = 53
n_occ_beta = 7
n_vir_beta = 53
nelectrons = 14
nelectrons_alpha = 7
nelectrons_beta = 7
n_frozen_core = 0
n_frozen_virtual = 0
----------------------------

Total CPU memory required for Closed Shell Cholesky CCSD calculation: 0.09 GiB


 CCSD iterations
------------------------------------------------------------
  Iter     Residuum          Correlation          Time(s)
------------------------------------------------------------
   1     0.6923418489092    0.0000000000000         0.57
   2     0.5006628224991   -1.2061674477445         0.50
   3     0.9467496287647    0.1901212320234         0.49
   4     1.3929460452073   -2.3495472258580         0.48
   5     2.1953399389778    1.2686826165179         0.49
 MICROCYCLE DIIS UPDATE:                    6
   6     0.1156708209241   -0.7827082098446         0.47
   7     0.2357999864266   -0.4740829266565         0.46
   8     0.3456329391137   -1.0625780582793         0.48
   9     0.6299271280516   -0.1459920614696         0.46
  10     1.0017169341557   -1.7565025894011         0.45
 MICROCYCLE DIIS UPDATE:                   11
  11     0.0414717190071   -0.7381946995259         0.45
  12     0.1056400650529   -0.6368697331331         0.44
  13     0.1194419051689   -0.8619853654605         0.44
  14     0.2466181292073   -0.5439533255736         0.48
  15     0.3568994675682   -1.1177993935550         0.47
 MICROCYCLE DIIS UPDATE:                   16
  16     0.0286602556771   -0.7729706254700         0.46
  17     0.0742434646311   -0.7284438252324         0.46
  18     0.0610020272014   -0.8613600904434         0.46
  19     0.1379660945231   -0.7086746403157         0.45
  20     0.1660325145578   -0.9949244124809         0.46
 MICROCYCLE DIIS UPDATE:                   21
  21     0.0191913216041   -0.8626869044965         0.49
  22     0.0430305537193   -0.8458498850032         0.47
  23     0.0294793928470   -0.9159163439268         0.45
  24     0.0580987283640   -0.8537038231692         0.45
  25     0.0593464314114   -0.9626351123710         0.46
 MICROCYCLE DIIS UPDATE:                   26
  26     0.0037513439748   -0.9348634996382         0.46
  27     0.0053157914795   -0.9401509489098         0.46
  28     0.0057486855647   -0.9300794023858         0.46
  29     0.0073880309032   -0.9412697395330         0.46
  30     0.0084760579486   -0.9273323640075         0.46
 MICROCYCLE DIIS UPDATE:                   31
  31     0.0002161872830   -0.9345764851545         0.47
  32     0.0002835535484   -0.9347111915701         0.45
  33     0.0001800768188   -0.9342790530062         0.44
  34     0.0002720817040   -0.9345964525840         0.45
  35     0.0002499210413   -0.9341205877888         0.45
 MICROCYCLE DIIS UPDATE:                   36
  36     0.0000179013200   -0.9342668590610         0.45
  37     0.0000145687283   -0.9342737479914         0.45
  38     0.0000093144857   -0.9342542821720         0.45
  39     0.0000141683419   -0.9342708641481         0.45
  40     0.0000135699648   -0.9342459620288         0.46
 MICROCYCLE DIIS UPDATE:                   41
  41     0.0000009449965   -0.9342555568102         0.45
  42     0.0000008479337   -0.9342557780508         0.45
  43     0.0000004426465   -0.9342546302335         0.48
  44     0.0000006673185   -0.9342552113973         0.46
  45     0.0000005047916   -0.9342541244660         0.48
 MICROCYCLE DIIS UPDATE:                   46
  46     0.0000000828232   -0.9342543049602         0.46
  47     0.0000000792548   -0.9342543357271         0.44
  48     0.0000000976440   -0.9342542359195         0.45
  49     0.0000002306152   -0.9342543204581         0.46
  50     0.0000005639841   -0.9342541917974         0.45
 MICROCYCLE DIIS UPDATE:                   51
  51     0.0000000072119   -0.9342542466089         0.46
------------------------------------------------------------------
 Iterations converged
 CCSD correlation energy / hartree =        -0.934254246608927
 CCSD total energy / hartree       =      -109.025946488429639

Time taken for Closed Shell Cholesky CCSD: 23.85 secs

Threshold for printing amplitudes set to: 0.05
T1, T2 amplitudes written to files: N2_2.7.cc-pvtz_files/restricted/N2_2.7.cc-pvtz.print_t1amp.txt, N2_2.7.cc-pvtz_files/restricted/N2_2.7.cc-pvtz.print_t2amp.txt


DUCC: Time taken to compute Bare Hamiltonian: 0.00 secs

DUCC: Time taken to compute Single Commutator: 0.06 secs

DUCC: Time taken to compute Double Commutator: 4.04 secs

DUCC: Time taken to compute Triple Commutator: 2.06 secs

DUCC: Total Compute Time: 6.16 secs

Number of active orbitals = 10


DUCC: Time to write results: 0.01 secs
