
date: Mon Dec 18 14:43:35 2023
program: "/hpc/home/baum612/code/exachem-dev/build/methods_stage/hpc/home/baum612/code/tamm_install/methods/ExaChem"
input: /hpc/home/baum612/code/exachem-dev/inputs/N2/N2_3.2.json
nnodes: 1, nproc: 2
prefix: N2_3.2

Memory information
{
 CPU memory per node (GiB): 4534
 Total CPU memory (GiB): 4534
}


Input file provided
--------------------
{
  "geometry": {
    "coordinates": [
      "N  0.000000  0.000000  3.200000",
      "N  0.000000  0.000000  0.000000"
    ],
    "units": "angstrom"
  },
  "basis": {
    "basisset": "cc-pVTZ",
    "atom_basis": null
  },
  "SCF": {
    "conve": 1e-09,
    "convd": 1e-08,
    "tilesize": 30,
    "restart": false
  },
  "CD": {
    "diagtol": 1e-06
  },
  "CC": {
    "threshold": 1e-08,
    "ccsd_maxiter": 150,
    "lshift": 0.1,
    "nactive": 3,
    "freeze": {
      "core": 0
    },
    "PRINT": {
      "tamplitudes": [
        true,
        0.05
      ]
    }
  },
  "TASK": {
    "scf": false,
    "mp2": false,
    "cd_2e": false,
    "ccsd": false,
    "ccsd_t": false,
    "ducc": true
  }
}

Number of nodes, processes per node used for SCF calculation: 1, 2

SCF Options
{
 charge       = 0
 multiplicity = 1
 level shift  = 0
 tol_int      = 1e-22
 tol_sch      = 1e-10
 tol_lindep   = 1e-05
 conve        = 1e-09
 convd        = 1e-08
 diis_hist    = 10
 AO_tilesize  = 30
 writem       = 1
 damp         = 100
 scf_type     = restricted
 restart_size = 2000
 restart      = false
 debug        = false
}
**** Resetting tol_sch to 1e-11

Number of basis functions = 60

Total number of shells = 20

Total number of electrons = 14
  # of alpha electrons    = 7
  # of beta electons      = 7

Nuclear repulsion energy  = 8.10302662828457

# of {all,non-negligible} shell-pairs = {210,210}
Number of AO tiles = 20

Time for initial setup: 0.01 secs

Time for computing 1-e integrals T, V, S: 0.00 secs
Time for computing orthogonalizer: 0.00 secs

Superposition of Atomic Density Guess ...
Time taken for SAD: 0.06 secs
Total Time to compute initial guess: 0.09 secs


 SCF iterations
-----------------------------------------------------------------
 Iter     Energy            E-Diff       RMSD          Time(s)
-----------------------------------------------------------------
   1  -107.9894573519    -1.08e+02     1.19e-03         0.0 
   2  -107.9914043314    -1.95e-03     4.59e-04         0.0 
   3  -107.9916903212    -2.86e-04     1.86e-04         0.0 
   4  -107.9917257128    -3.54e-05     8.85e-06         0.0 
   5  -107.9917258605    -1.48e-07     8.06e-07         0.0 
   6  -107.9917258619    -1.40e-09     2.45e-07         0.0 
   7  -107.9917258619    -7.20e-11     4.46e-08         0.1 
   8  -107.9917258619     1.04e-11     3.75e-08         0.1 
   9  -107.9917258619    -1.08e-11     2.16e-09         0.1 

** Total SCF energy = -107.9917258619246

Nuclear repulsion energy = 8.103026628284569
#electrons        = 13.999999999999995
1e energy kinetic = 107.6027000934467708
1e energy N-e     = -270.2804843659357630
1e energy         = -162.6777842724890775
2e energy         = 46.5830318019589527
writing orbitals and density to disk ... done.

Time taken for Hartree-Fock: 0.58 secs

CCSD Options
{
 cache_size           = 8
 ccsdt_tilesize       = 32
 ndiis                = 5
 threshold            = 1e-08
 tilesize             = 40
 nactive              = 3
 ccsd_maxiter         = 150
 freeze_atomic         = false
 freeze_core          = 0
 freeze_virtual       = 0
 lshift               = 0.1
 readt                = false
 writet               = false
 writev               = false
 writet_iter          = 5
 profile_ccsd         = false
 balance_tiles        = true
 eom_nroots           = 1
 eom_microiter        = 50
 eom_threshold        = 1e-06
 debug                = false
}

#occupied, #virtual = 14, 106

Resetting CCSD tilesize to: 50

CD Options
{
 debug            = false
 write_cv         = false
 diagtol          = 1e-06
 write_vcount     = 5000
 itilesize        = 1000
 max_cvecs_factor = 12
}

-----------------------------------------------------
Begin 2-index transformation ... 

nAO, nMO, nelectrons = 60, 120, 14
n_occ_alpha, n_vir_alpha, n_occ_beta, n_vir_beta = 7,53,7,53

Time taken for Fao->Fmo transform: 0.00 secs

-----------------------------------------------------
Number of AO tiles = 20
# of {all,non-negligible} shell-pairs = {210,210}

    Begin Cholesky Decomposition
---------------------------------------------
- CPU memory required for computing cholesky vectors: 0.02 GiB

- Time for computing the diagonal: 0.00 secs

- Total number of cholesky vectors = 448

- Time to compute cholesky vectors: 1.26 secs

- CPU memory required for resizing the ao cholesky tensor: 0.03 GiB
- CPU memory required for ao2mo transformation: 0.04 GiB
- CPU memory required for the 2-step contraction: 0.05 GiB

- Time for ao to mo transform: 0.16 secs

    End Cholesky Decomposition
---------------------------------------------

Total Time taken for Cholesky Decomposition: 1.45 secs

----------------------------
scf_type = restricted
Closed-Shell SCF
nbf = 60
nbf_orig = 60
n_lindep = 0
focc = 1
nmo = 120
nocc = 14
nvir = 106
n_occ_alpha = 7
n_vir_alpha = 53
n_occ_beta = 7
n_vir_beta = 53
nelectrons = 14
nelectrons_alpha = 7
nelectrons_beta = 7
n_frozen_core = 0
n_frozen_virtual = 0
----------------------------

Total CPU memory required for Closed Shell Cholesky CCSD calculation: 0.09 GiB


 CCSD iterations
------------------------------------------------------------
  Iter     Residuum          Correlation          Time(s)
------------------------------------------------------------
   1     0.7036555929042    0.0000000000000         0.57
   2     0.6796018373698   -1.5203295794543         0.56
   3     1.7742098428322    0.8706100579817         0.55
   4     2.8143018599165   -5.1325422632887         0.55
   5     4.5883850567160    2.4403201237167         0.54
 MICROCYCLE DIIS UPDATE:                    6
   6     0.1278155085328   -0.7964681953151         0.56
   7     0.3182716694849   -0.3901538868401         0.56
   8     0.6180976354356   -1.4287133740936         0.56
   9     1.4947925407351    0.6512799150352         0.53
  10     2.4249773795134   -4.3844001403257         0.56
 MICROCYCLE DIIS UPDATE:                   11
  11     0.0464964059281   -0.7469898911389         0.56
  12     0.1328653185433   -0.6254724614131         0.60
  13     0.2060610024877   -0.9896897784360         0.59
  14     0.5359959096922   -0.2947933389431         0.59
  15     1.1131200133423   -1.9348431095229         0.57
 MICROCYCLE DIIS UPDATE:                   16
  16     0.0425844715622   -0.7769792767744         0.55
  17     0.1439206233682   -0.6550722278597         0.55
  18     0.2158129957136   -1.0350454293691         0.56
  19     0.5413332474072   -0.3406923148916         0.55
  20     1.1241764654752   -1.9330818090561         0.54
 MICROCYCLE DIIS UPDATE:                   21
  21     0.0385343236110   -0.7898756650207         0.55
  22     0.1301459117120   -0.7001524961232         0.55
  23     0.1721559607957   -1.0194635218079         0.56
  24     0.4395583635544   -0.4773287291636         0.54
  25     0.8691233190932   -1.7081502602729         0.55
 MICROCYCLE DIIS UPDATE:                   26
  26     0.0372683132529   -0.8137186084493         0.56
  27     0.1299548184152   -0.7355037692460         0.55
  28     0.1612111510420   -1.0416729234314         0.54
  29     0.3975851856282   -0.5550014837736         0.55
  30     0.7539709517479   -1.6246090875489         0.55
 MICROCYCLE DIIS UPDATE:                   31
  31     0.0357984423940   -0.8466576541323         0.56
  32     0.1324632324553   -0.7735567464629         0.56
  33     0.1604624691283   -1.0786776713788         0.56
  34     0.3632687326847   -0.6232556315258         0.55
  35     0.6582095675958   -1.5628214040629         0.55
 MICROCYCLE DIIS UPDATE:                   36
  36     0.0324199249885   -0.8915141707928         0.57
  37     0.1276057155793   -0.8265395397385         0.55
  38     0.1532615932402   -1.1150157576651         0.55
  39     0.3028352440915   -0.7145482926831         0.55
  40     0.5084454152164   -1.4582310098207         0.55
 MICROCYCLE DIIS UPDATE:                   41
  41     0.0249313971956   -0.9502256634772         0.57
  42     0.1016061628545   -0.9033868036548         0.56
  43     0.1216782324209   -1.1289192091292         0.55
  44     0.2025137062740   -0.8397351193380         0.55
  45     0.2988156673204   -1.3012523766342         0.55
 MICROCYCLE DIIS UPDATE:                   46
  46     0.0127616051305   -1.0127284092271         0.59
  47     0.0488323295266   -0.9931514827527         0.58
  48     0.0578729301966   -1.0996574169970         0.56
  49     0.0844375495848   -0.9714586866089         0.57
  50     0.1076758110944   -1.1492369880103         0.55
 MICROCYCLE DIIS UPDATE:                   51
  51     0.0029279819515   -1.0507914317731         0.54
  52     0.0063123260156   -1.0492665379043         0.54
  53     0.0064237379281   -1.0619902189928         0.54
  54     0.0088946485696   -1.0482880900976         0.55
  55     0.0101077633736   -1.0660555584378         0.56
 MICROCYCLE DIIS UPDATE:                   56
  56     0.0001941624739   -1.0574197959589         0.55
  57     0.0004938021877   -1.0577177407427         0.55
  58     0.0006837528425   -1.0566156417421         0.55
  59     0.0009390102526   -1.0580538337579         0.55
  60     0.0011683555528   -1.0561521491360         0.56
 MICROCYCLE DIIS UPDATE:                   61
  61     0.0000185737605   -1.0571975526177         0.56
  62     0.0000171505839   -1.0572082390161         0.55
  63     0.0000143176413   -1.0571824640704         0.55
  64     0.0000145792475   -1.0572037552000         0.55
  65     0.0000132621887   -1.0571817650449         0.56
 MICROCYCLE DIIS UPDATE:                   66
  66     0.0000006723247   -1.0571913736102         0.55
  67     0.0000007115090   -1.0571907973145         0.57
  68     0.0000009209932   -1.0571919899993         0.56
  69     0.0000012087802   -1.0571902588030         0.54
  70     0.0000015523346   -1.0571926141780         0.55
 MICROCYCLE DIIS UPDATE:                   71
  71     0.0000000805370   -1.0571912966492         0.55
  72     0.0000001323117   -1.0571912934396         0.55
  73     0.0000003949101   -1.0571912999262         0.55
  74     0.0000012152170   -1.0571912691060         0.55
  75     0.0000037465059   -1.0571913218746         0.54
 MICROCYCLE DIIS UPDATE:                   76
  76     0.0000000096432   -1.0571912846258         0.54
------------------------------------------------------------------
 Iterations converged
 CCSD correlation energy / hartree =        -1.057191284625842
 CCSD total energy / hartree       =      -109.048917146550423

Time taken for Closed Shell Cholesky CCSD: 42.60 secs

Threshold for printing amplitudes set to: 0.05
T1, T2 amplitudes written to files: N2_3.2.cc-pvtz_files/restricted/N2_3.2.cc-pvtz.print_t1amp.txt, N2_3.2.cc-pvtz_files/restricted/N2_3.2.cc-pvtz.print_t2amp.txt


DUCC: Time taken to compute Bare Hamiltonian: 0.00 secs

DUCC: Time taken to compute Single Commutator: 0.06 secs

DUCC: Time taken to compute Double Commutator: 4.07 secs

DUCC: Time taken to compute Triple Commutator: 2.08 secs

DUCC: Total Compute Time: 6.22 secs

Number of active orbitals = 10


DUCC: Time to write results: 0.01 secs
