
date: Mon Dec 18 14:41:57 2023
program: "/hpc/home/baum612/code/exachem-dev/build/methods_stage/hpc/home/baum612/code/tamm_install/methods/ExaChem"
input: /hpc/home/baum612/code/exachem-dev/inputs/N2/N2_3.0.json
nnodes: 1, nproc: 2
prefix: N2_3.0

Memory information
{
 CPU memory per node (GiB): 4534
 Total CPU memory (GiB): 4534
}


Input file provided
--------------------
{
  "geometry": {
    "coordinates": [
      "N  0.000000  0.000000  3.000000",
      "N  0.000000  0.000000  0.000000"
    ],
    "units": "angstrom"
  },
  "basis": {
    "basisset": "cc-pVTZ",
    "atom_basis": null
  },
  "SCF": {
    "conve": 1e-09,
    "convd": 1e-08,
    "tilesize": 30,
    "restart": false
  },
  "CD": {
    "diagtol": 1e-06
  },
  "CC": {
    "threshold": 1e-08,
    "ccsd_maxiter": 150,
    "lshift": 0.1,
    "nactive": 3,
    "freeze": {
      "core": 0
    },
    "PRINT": {
      "tamplitudes": [
        true,
        0.05
      ]
    }
  },
  "TASK": {
    "scf": false,
    "mp2": false,
    "cd_2e": false,
    "ccsd": false,
    "ccsd_t": false,
    "ducc": true
  }
}

Number of nodes, processes per node used for SCF calculation: 1, 2

SCF Options
{
 charge       = 0
 multiplicity = 1
 level shift  = 0
 tol_int      = 1e-22
 tol_sch      = 1e-10
 tol_lindep   = 1e-05
 conve        = 1e-09
 convd        = 1e-08
 diis_hist    = 10
 AO_tilesize  = 30
 writem       = 1
 damp         = 100
 scf_type     = restricted
 restart_size = 2000
 restart      = false
 debug        = false
}
**** Resetting tol_sch to 1e-11

Number of basis functions = 60

Total number of shells = 20

Total number of electrons = 14
  # of alpha electrons    = 7
  # of beta electons      = 7

Nuclear repulsion energy  = 8.64322840350354

# of {all,non-negligible} shell-pairs = {210,210}
Number of AO tiles = 20

Time for initial setup: 0.01 secs

Time for computing 1-e integrals T, V, S: 0.00 secs
Time for computing orthogonalizer: 0.00 secs

Superposition of Atomic Density Guess ...
Time taken for SAD: 0.06 secs
Total Time to compute initial guess: 0.09 secs


 SCF iterations
-----------------------------------------------------------------
 Iter     Energy            E-Diff       RMSD          Time(s)
-----------------------------------------------------------------
   1  -108.0230823432    -1.08e+02     1.30e-03         0.0 
   2  -108.0254712099    -2.39e-03     4.72e-04         0.0 
   3  -108.0258217520    -3.51e-04     2.14e-04         0.0 
   4  -108.0258698767    -4.81e-05     9.37e-06         0.1 
   5  -108.0258700395    -1.63e-07     8.82e-07         0.1 
   6  -108.0258700411    -1.64e-09     2.71e-07         0.1 
   7  -108.0258700412    -8.45e-11     3.54e-08         0.1 
   8  -108.0258700412     3.17e-12     2.32e-08         0.1 
   9  -108.0258700412    -3.82e-12     3.39e-09         0.1 

** Total SCF energy = -108.0258700412109

Nuclear repulsion energy = 8.643228403503540
#electrons        = 14.000000000000005
1e energy kinetic = 107.5606813717562034
1e energy N-e     = -271.3160228764346584
1e energy         = -163.7553415046784835
2e energy         = 47.0862430829600669
writing orbitals and density to disk ... done.

Time taken for Hartree-Fock: 0.61 secs

CCSD Options
{
 cache_size           = 8
 ccsdt_tilesize       = 32
 ndiis                = 5
 threshold            = 1e-08
 tilesize             = 40
 nactive              = 3
 ccsd_maxiter         = 150
 freeze_atomic         = false
 freeze_core          = 0
 freeze_virtual       = 0
 lshift               = 0.1
 readt                = false
 writet               = false
 writev               = false
 writet_iter          = 5
 profile_ccsd         = false
 balance_tiles        = true
 eom_nroots           = 1
 eom_microiter        = 50
 eom_threshold        = 1e-06
 debug                = false
}

#occupied, #virtual = 14, 106

Resetting CCSD tilesize to: 50

CD Options
{
 debug            = false
 write_cv         = false
 diagtol          = 1e-06
 write_vcount     = 5000
 itilesize        = 1000
 max_cvecs_factor = 12
}

-----------------------------------------------------
Begin 2-index transformation ... 

nAO, nMO, nelectrons = 60, 120, 14
n_occ_alpha, n_vir_alpha, n_occ_beta, n_vir_beta = 7,53,7,53

Time taken for Fao->Fmo transform: 0.00 secs

-----------------------------------------------------
Number of AO tiles = 20
# of {all,non-negligible} shell-pairs = {210,210}

    Begin Cholesky Decomposition
---------------------------------------------
- CPU memory required for computing cholesky vectors: 0.02 GiB

- Time for computing the diagonal: 0.00 secs

- Total number of cholesky vectors = 453

- Time to compute cholesky vectors: 1.29 secs

- CPU memory required for resizing the ao cholesky tensor: 0.03 GiB
- CPU memory required for ao2mo transformation: 0.04 GiB
- CPU memory required for the 2-step contraction: 0.05 GiB

- Time for ao to mo transform: 0.16 secs

    End Cholesky Decomposition
---------------------------------------------

Total Time taken for Cholesky Decomposition: 1.49 secs

----------------------------
scf_type = restricted
Closed-Shell SCF
nbf = 60
nbf_orig = 60
n_lindep = 0
focc = 1
nmo = 120
nocc = 14
nvir = 106
n_occ_alpha = 7
n_vir_alpha = 53
n_occ_beta = 7
n_vir_beta = 53
nelectrons = 14
nelectrons_alpha = 7
nelectrons_beta = 7
n_frozen_core = 0
n_frozen_virtual = 0
----------------------------

Total CPU memory required for Closed Shell Cholesky CCSD calculation: 0.09 GiB


 CCSD iterations
------------------------------------------------------------
  Iter     Residuum          Correlation          Time(s)
------------------------------------------------------------
   1     0.6992911965224    0.0000000000000         0.62
   2     0.6090654675914   -1.3961529750290         0.61
   3     1.4116469017746    0.5761910296895         0.60
   4     2.2341458998309   -3.8149475783927         0.59
   5     3.5921532372363    2.3671077541362         0.57
 MICROCYCLE DIIS UPDATE:                    6
   6     0.1279377545264   -0.7907476389422         0.57
   7     0.2967409634843   -0.4077686267563         0.57
   8     0.5225180811411   -1.2919871634153         0.56
   9     1.1395444780921    0.3286840750676         0.56
  10     1.9495486357147   -3.1595541546573         0.57
 MICROCYCLE DIIS UPDATE:                   11
  11     0.0498176732721   -0.7487254883666         0.57
  12     0.1416532729853   -0.6055154886869         0.56
  13     0.2088774717448   -0.9734703419148         0.56
  14     0.4857146355464   -0.3284564876805         0.57
  15     0.9081336542734   -1.6985558524858         0.56
 MICROCYCLE DIIS UPDATE:                   16
  16     0.0397606100603   -0.7648801872386         0.57
  17     0.1239867686063   -0.6623139543830         0.55
  18     0.1601189340959   -0.9576281464513         0.56
  19     0.3812898161153   -0.4765523648692         0.57
  20     0.6809769324581   -1.4900985640314         0.56
 MICROCYCLE DIIS UPDATE:                   21
  21     0.0352394292040   -0.7884787892522         0.57
  22     0.1116701216984   -0.7166810690053         0.56
  23     0.1237629381323   -0.9605760744623         0.56
  24     0.2996204155494   -0.6021027696116         0.56
  25     0.4950604711816   -1.3503040595049         0.60
 MICROCYCLE DIIS UPDATE:                   26
  26     0.0326052094960   -0.8315821902154         0.55
  27     0.1111596732383   -0.7689904859545         0.56
  28     0.1170039814252   -1.0031291922750         0.56
  29     0.2604464336435   -0.6883463744638         0.57
  30     0.4044006715804   -1.3053913138575         0.57
 MICROCYCLE DIIS UPDATE:                   31
  31     0.0265572730941   -0.8931677522634         0.56
  32     0.0969065005135   -0.8441875095606         0.56
  33     0.1000356997280   -1.0431245023333         0.56
  34     0.1883733959512   -0.8012097480939         0.56
  35     0.2659059589016   -1.2194028540174         0.60
 MICROCYCLE DIIS UPDATE:                   36
  36     0.0142389558867   -0.9661985516637         0.57
  37     0.0487116818487   -0.9453574255760         0.56
  38     0.0490707197719   -1.0425515424420         0.56
  39     0.0767397408403   -0.9359712430505         0.55
  40     0.0947387418632   -1.0934165643929         0.56
 MICROCYCLE DIIS UPDATE:                   41
  41     0.0030577673434   -1.0119255050299         0.57
  42     0.0036616933679   -1.0116945101988         0.56
  43     0.0023646951884   -1.0174197670943         0.56
  44     0.0035106979301   -1.0129547483500         0.57
  45     0.0035613581437   -1.0195418837318         0.57
 MICROCYCLE DIIS UPDATE:                   46
  46     0.0000866066849   -1.0169027243235         0.56
  47     0.0001177506260   -1.0169581888920         0.56
  48     0.0001473541925   -1.0167310023866         0.58
  49     0.0002028144030   -1.0170176734341         0.57
  50     0.0002540081866   -1.0166168725918         0.57
 MICROCYCLE DIIS UPDATE:                   51
  51     0.0000062836285   -1.0168345088244         0.55
  52     0.0000026690523   -1.0168350234119         0.56
  53     0.0000019403464   -1.0168353064305         0.56
  54     0.0000017411260   -1.0168329594053         0.57
  55     0.0000022291328   -1.0168359005686         0.57
 MICROCYCLE DIIS UPDATE:                   56
  56     0.0000003005367   -1.0168338252293         0.57
  57     0.0000001881226   -1.0168338462329         0.57
  58     0.0000001438623   -1.0168337776981         0.57
  59     0.0000001912840   -1.0168339321135         0.55
  60     0.0000003747254   -1.0168336780305         0.56
 MICROCYCLE DIIS UPDATE:                   61
  61     0.0000000514888   -1.0168338501243         0.56
  62     0.0000000527340   -1.0168338095842         0.57
  63     0.0000001255819   -1.0168338451910         0.57
  64     0.0000003577016   -1.0168338082808         0.56
  65     0.0000010374059   -1.0168338427024         0.59
 MICROCYCLE DIIS UPDATE:                   66
  66     0.0000000039389   -1.0168338254545         0.56
------------------------------------------------------------------
 Iterations converged
 CCSD correlation energy / hartree =        -1.016833825454477
 CCSD total energy / hartree       =      -109.042703866665420

Time taken for Closed Shell Cholesky CCSD: 37.76 secs

Threshold for printing amplitudes set to: 0.05
T1, T2 amplitudes written to files: N2_3.0.cc-pvtz_files/restricted/N2_3.0.cc-pvtz.print_t1amp.txt, N2_3.0.cc-pvtz_files/restricted/N2_3.0.cc-pvtz.print_t2amp.txt


DUCC: Time taken to compute Bare Hamiltonian: 0.00 secs

DUCC: Time taken to compute Single Commutator: 0.06 secs

DUCC: Time taken to compute Double Commutator: 4.03 secs

DUCC: Time taken to compute Triple Commutator: 2.07 secs

DUCC: Total Compute Time: 6.16 secs

Number of active orbitals = 10


DUCC: Time to write results: 0.01 secs
