
date: Mon Dec 18 14:44:29 2023
program: "/hpc/home/baum612/code/exachem-dev/build/methods_stage/hpc/home/baum612/code/tamm_install/methods/ExaChem"
input: /hpc/home/baum612/code/exachem-dev/inputs/N2/N2_3.3.json
nnodes: 1, nproc: 2
prefix: N2_3.3

Memory information
{
 CPU memory per node (GiB): 4534
 Total CPU memory (GiB): 4534
}


Input file provided
--------------------
{
  "geometry": {
    "coordinates": [
      "N  0.000000  0.000000  3.300000",
      "N  0.000000  0.000000  0.000000"
    ],
    "units": "angstrom"
  },
  "basis": {
    "basisset": "cc-pVTZ",
    "atom_basis": null
  },
  "SCF": {
    "conve": 1e-09,
    "convd": 1e-08,
    "tilesize": 30,
    "restart": false
  },
  "CD": {
    "diagtol": 1e-06
  },
  "CC": {
    "threshold": 1e-08,
    "ccsd_maxiter": 150,
    "lshift": 0.1,
    "nactive": 3,
    "freeze": {
      "core": 0
    },
    "PRINT": {
      "tamplitudes": [
        true,
        0.05
      ]
    }
  },
  "TASK": {
    "scf": false,
    "mp2": false,
    "cd_2e": false,
    "ccsd": false,
    "ccsd_t": false,
    "ducc": true
  }
}

Number of nodes, processes per node used for SCF calculation: 1, 2

SCF Options
{
 charge       = 0
 multiplicity = 1
 level shift  = 0
 tol_int      = 1e-22
 tol_sch      = 1e-10
 tol_lindep   = 1e-05
 conve        = 1e-09
 convd        = 1e-08
 diis_hist    = 10
 AO_tilesize  = 30
 writem       = 1
 damp         = 100
 scf_type     = restricted
 restart_size = 2000
 restart      = false
 debug        = false
}
**** Resetting tol_sch to 1e-11

Number of basis functions = 60

Total number of shells = 20

Total number of electrons = 14
  # of alpha electrons    = 7
  # of beta electons      = 7

Nuclear repulsion energy  = 7.8574803668214

# of {all,non-negligible} shell-pairs = {210,210}
Number of AO tiles = 20

Time for initial setup: 0.01 secs

Time for computing 1-e integrals T, V, S: 0.00 secs
Time for computing orthogonalizer: 0.00 secs

Superposition of Atomic Density Guess ...
Time taken for SAD: 0.06 secs
Total Time to compute initial guess: 0.09 secs


 SCF iterations
-----------------------------------------------------------------
 Iter     Energy            E-Diff       RMSD          Time(s)
-----------------------------------------------------------------
   1  -107.9749067252    -1.08e+02     1.14e-03         0.0 
   2  -107.9766529224    -1.75e-03     4.49e-04         0.0 
   3  -107.9769084008    -2.55e-04     1.70e-04         0.0 
   4  -107.9769380868    -2.97e-05     8.54e-06         0.0 
   5  -107.9769382261    -1.39e-07     7.87e-07         0.0 
   6  -107.9769382274    -1.33e-09     2.31e-07         0.0 
   7  -107.9769382275    -6.63e-11     7.02e-08         0.0 
   8  -107.9769382275     2.78e-11     6.11e-08         0.1 
   9  -107.9769382275    -2.88e-11     2.28e-09         0.1 

** Total SCF energy = -107.9769382275121

Nuclear repulsion energy = 7.857480366821401
#electrons        = 13.999999999999998
1e energy kinetic = 107.6217794975487436
1e energy N-e     = -269.8121071035633349
1e energy         = -162.1903276060145913
2e energy         = 46.3559090314411435
writing orbitals and density to disk ... done.

Time taken for Hartree-Fock: 0.57 secs

CCSD Options
{
 cache_size           = 8
 ccsdt_tilesize       = 32
 ndiis                = 5
 threshold            = 1e-08
 tilesize             = 40
 nactive              = 3
 ccsd_maxiter         = 150
 freeze_atomic         = false
 freeze_core          = 0
 freeze_virtual       = 0
 lshift               = 0.1
 readt                = false
 writet               = false
 writev               = false
 writet_iter          = 5
 profile_ccsd         = false
 balance_tiles        = true
 eom_nroots           = 1
 eom_microiter        = 50
 eom_threshold        = 1e-06
 debug                = false
}

#occupied, #virtual = 14, 106

Resetting CCSD tilesize to: 50

CD Options
{
 debug            = false
 write_cv         = false
 diagtol          = 1e-06
 write_vcount     = 5000
 itilesize        = 1000
 max_cvecs_factor = 12
}

-----------------------------------------------------
Begin 2-index transformation ... 

nAO, nMO, nelectrons = 60, 120, 14
n_occ_alpha, n_vir_alpha, n_occ_beta, n_vir_beta = 7,53,7,53

Time taken for Fao->Fmo transform: 0.00 secs

-----------------------------------------------------
Number of AO tiles = 20
# of {all,non-negligible} shell-pairs = {210,210}

    Begin Cholesky Decomposition
---------------------------------------------
- CPU memory required for computing cholesky vectors: 0.02 GiB

- Time for computing the diagonal: 0.00 secs

- Total number of cholesky vectors = 448

- Time to compute cholesky vectors: 1.24 secs

- CPU memory required for resizing the ao cholesky tensor: 0.03 GiB
- CPU memory required for ao2mo transformation: 0.04 GiB
- CPU memory required for the 2-step contraction: 0.05 GiB

- Time for ao to mo transform: 0.15 secs

    End Cholesky Decomposition
---------------------------------------------

Total Time taken for Cholesky Decomposition: 1.42 secs

----------------------------
scf_type = restricted
Closed-Shell SCF
nbf = 60
nbf_orig = 60
n_lindep = 0
focc = 1
nmo = 120
nocc = 14
nvir = 106
n_occ_alpha = 7
n_vir_alpha = 53
n_occ_beta = 7
n_vir_beta = 53
nelectrons = 14
nelectrons_alpha = 7
nelectrons_beta = 7
n_frozen_core = 0
n_frozen_virtual = 0
----------------------------

Total CPU memory required for Closed Shell Cholesky CCSD calculation: 0.09 GiB


 CCSD iterations
------------------------------------------------------------
  Iter     Residuum          Correlation          Time(s)
------------------------------------------------------------
   1     0.7057519357431    0.0000000000000         0.58
   2     0.7141360974541   -1.5814442462739         0.55
   3     1.9703029267370    1.0269656032471         0.56
   4     3.0917052501446   -5.9019545385515         0.56
   5     4.5489945565475    2.0000367030199         0.56
 MICROCYCLE DIIS UPDATE:                    6
   6     0.1584601497116   -0.8440194410861         0.55
   7     0.4247996278988   -0.2871148658032         0.55
   8     0.8708016959470   -1.7514752909508         0.55
   9     2.1588674846160    1.2492996192294         0.56
  10     2.1949146305691   -6.4763775248500         0.56
 MICROCYCLE DIIS UPDATE:                   11
  11     0.0558210398257   -0.6960282456271         0.55
  12     0.0489963342256   -0.7309642220683         0.57
  13     0.0546275465047   -0.7499847611892         0.55
  14     0.0465585632952   -0.8028713010123         0.55
  15     0.0806782244417   -0.7922493302964         0.59
 MICROCYCLE DIIS UPDATE:                   16
  16     0.0599159515960   -0.6841080290535         0.58
  17     0.0498534277863   -0.7767866086245         0.54
  18     0.1506215310951   -0.6176728326032         0.57
  19     0.2641912877101   -1.0615829230960         0.54
  20     0.6857933407071   -0.1514781095688         0.54
 MICROCYCLE DIIS UPDATE:                   21
  21     0.0706458219883   -0.7972365372370         0.55
  22     0.0437870852076   -0.8988180579087         0.55
  23     0.1480148005055   -0.7859394043232         0.55
  24     0.2037974012655   -1.1456286413584         0.55
  25     0.4305073469364   -0.5728660683015         0.55
 MICROCYCLE DIIS UPDATE:                   26
  26     0.0271527988593   -1.0251863526111         0.56
  27     0.0186192175297   -1.0469301402257         0.55
  28     0.0102419761050   -1.0704294328157         0.56
  29     0.0157574246795   -1.0572717336575         0.55
  30     0.0188869861246   -1.0883136658746         0.55
 MICROCYCLE DIIS UPDATE:                   31
  31     0.0014331383729   -1.0740039058654         0.55
  32     0.0011661455384   -1.0736378432242         0.55
  33     0.0010187553042   -1.0737227923906         0.56
  34     0.0012594768497   -1.0748447524145         0.55
  35     0.0017849053278   -1.0728404158019         0.55
 MICROCYCLE DIIS UPDATE:                   36
  36     0.0000409489000   -1.0742100096534         0.57
  37     0.0000247843993   -1.0742099446149         0.56
  38     0.0000272269436   -1.0742490314115         0.55
  39     0.0000398153749   -1.0742003441342         0.54
  40     0.0000501514204   -1.0742744688184         0.55
 MICROCYCLE DIIS UPDATE:                   41
  41     0.0000025213440   -1.0742338690932         0.55
  42     0.0000017777660   -1.0742330614544         0.55
  43     0.0000013200065   -1.0742341733470         0.54
  44     0.0000012578020   -1.0742343782332         0.55
  45     0.0000016336270   -1.0742333500251         0.55
 MICROCYCLE DIIS UPDATE:                   46
  46     0.0000002047275   -1.0742343492349         0.58
  47     0.0000003350563   -1.0742343020578         0.58
  48     0.0000010288191   -1.0742344141524         0.55
  49     0.0000032724181   -1.0742342110223         0.55
  50     0.0000104601228   -1.0742344953227         0.56
 MICROCYCLE DIIS UPDATE:                   51
  51     0.0000000263814   -1.0742343243055         0.55
  52     0.0000000149132   -1.0742343283233         0.55
  53     0.0000000205099   -1.0742343292846         0.55
  54     0.0000000575465   -1.0742343212744         0.55
  55     0.0000001792110   -1.0742343389211         0.55
 MICROCYCLE DIIS UPDATE:                   56
  56     0.0000000039844   -1.0742343255037         0.55
------------------------------------------------------------------
 Iterations converged
 CCSD correlation energy / hartree =        -1.074234325503655
 CCSD total energy / hartree       =      -109.051172553015775

Time taken for Closed Shell Cholesky CCSD: 31.37 secs

Threshold for printing amplitudes set to: 0.05
T1, T2 amplitudes written to files: N2_3.3.cc-pvtz_files/restricted/N2_3.3.cc-pvtz.print_t1amp.txt, N2_3.3.cc-pvtz_files/restricted/N2_3.3.cc-pvtz.print_t2amp.txt


DUCC: Time taken to compute Bare Hamiltonian: 0.00 secs

DUCC: Time taken to compute Single Commutator: 0.06 secs

DUCC: Time taken to compute Double Commutator: 4.08 secs

DUCC: Time taken to compute Triple Commutator: 2.07 secs

DUCC: Total Compute Time: 6.21 secs

Number of active orbitals = 10


DUCC: Time to write results: 0.01 secs
