
date: Mon Dec 18 15:42:33 2023
program: "/hpc/home/baum612/code/exachem-dev/build/methods_stage/hpc/home/baum612/code/tamm_install/methods/ExaChem"
input: /hpc/home/baum612/code/exachem-dev/inputs/N2/N2_0.9.json
nnodes: 1, nproc: 2
prefix: N2_0.9

Memory information
{
 CPU memory per node (GiB): 4534
 Total CPU memory (GiB): 4534
}


Input file provided
--------------------
{
  "geometry": {
    "coordinates": [
      "N  0.000000  0.000000  0.900000",
      "N  0.000000  0.000000  0.000000"
    ],
    "units": "angstrom"
  },
  "basis": {
    "basisset": "cc-pVTZ",
    "atom_basis": null
  },
  "SCF": {
    "conve": 1e-09,
    "convd": 1e-08,
    "tilesize": 30,
    "restart": false
  },
  "CD": {
    "diagtol": 1e-06
  },
  "CC": {
    "threshold": 1e-08,
    "ccsd_maxiter": 50,
    "nactive": 21,
    "freeze": {
      "core": 0
    },
    "PRINT": {
      "tamplitudes": [
        true,
        0.05
      ]
    }
  },
  "TASK": {
    "scf": false,
    "mp2": false,
    "cd_2e": false,
    "ccsd": false,
    "ccsd_t": false,
    "ducc": true
  }
}

Number of nodes, processes per node used for SCF calculation: 1, 2

SCF Options
{
 charge       = 0
 multiplicity = 1
 level shift  = 0
 tol_int      = 1e-22
 tol_sch      = 1e-10
 tol_lindep   = 1e-05
 conve        = 1e-09
 convd        = 1e-08
 diis_hist    = 10
 AO_tilesize  = 30
 writem       = 1
 damp         = 100
 scf_type     = restricted
 restart_size = 2000
 restart      = false
 debug        = false
}
**** Resetting tol_sch to 1e-11

Number of basis functions = 60

Total number of shells = 20

Total number of electrons = 14
  # of alpha electrons    = 7
  # of beta electons      = 7

Nuclear repulsion energy  = 28.8107613450118

# of {all,non-negligible} shell-pairs = {210,210}
Number of AO tiles = 20

Time for initial setup: 0.02 secs

Time for computing 1-e integrals T, V, S: 0.00 secs
Time for computing orthogonalizer: 0.00 secs

Superposition of Atomic Density Guess ...
Time taken for SAD: 0.10 secs
Total Time to compute initial guess: 0.14 secs


 SCF iterations
-----------------------------------------------------------------
 Iter     Energy            E-Diff       RMSD          Time(s)
-----------------------------------------------------------------
   1  -108.8191363910    -1.09e+02     3.54e-03         0.1 
   2  -108.8385140490    -1.94e-02     6.30e-04         0.1 
   3  -108.8398067892    -1.29e-03     2.62e-04         0.1 
   4  -108.8398743713    -6.76e-05     7.03e-05         0.1 
   5  -108.8398748675    -4.96e-07     1.49e-05         0.1 
   6  -108.8398748830    -1.55e-08     1.74e-06         0.1 
   7  -108.8398748834    -4.24e-10     7.06e-08         0.1 
   8  -108.8398748834    -3.87e-12     3.48e-09         0.1 

** Total SCF energy = -108.8398748834022

Nuclear repulsion energy = 28.810761345011802
#electrons        = 14.000000000000004
1e energy kinetic = 110.7669535557234326
1e energy N-e     = -314.8605143652282550
1e energy         = -204.0935608095048792
2e energy         = 66.4429245841386091
writing orbitals and density to disk ... done.

Time taken for Hartree-Fock: 0.73 secs

CCSD Options
{
 cache_size           = 8
 ccsdt_tilesize       = 32
 ndiis                = 5
 threshold            = 1e-08
 tilesize             = 40
 nactive              = 21
 ccsd_maxiter         = 50
 freeze_atomic         = false
 freeze_core          = 0
 freeze_virtual       = 0
 readt                = false
 writet               = false
 writev               = false
 writet_iter          = 5
 profile_ccsd         = false
 balance_tiles        = true
 eom_nroots           = 1
 eom_microiter        = 50
 eom_threshold        = 1e-06
 debug                = false
}

#occupied, #virtual = 14, 106

Resetting CCSD tilesize to: 50

CD Options
{
 debug            = false
 write_cv         = false
 diagtol          = 1e-06
 write_vcount     = 5000
 itilesize        = 1000
 max_cvecs_factor = 12
}

-----------------------------------------------------
Begin 2-index transformation ... 

nAO, nMO, nelectrons = 60, 120, 14
n_occ_alpha, n_vir_alpha, n_occ_beta, n_vir_beta = 7,53,7,53

Time taken for Fao->Fmo transform: 0.00 secs

-----------------------------------------------------
Number of AO tiles = 20
# of {all,non-negligible} shell-pairs = {210,210}

    Begin Cholesky Decomposition
---------------------------------------------
- CPU memory required for computing cholesky vectors: 0.02 GiB

- Time for computing the diagonal: 0.00 secs

- Total number of cholesky vectors = 462

- Time to compute cholesky vectors: 1.46 secs

- CPU memory required for resizing the ao cholesky tensor: 0.03 GiB
- CPU memory required for ao2mo transformation: 0.04 GiB
- CPU memory required for the 2-step contraction: 0.05 GiB

- Time for ao to mo transform: 0.12 secs

    End Cholesky Decomposition
---------------------------------------------

Total Time taken for Cholesky Decomposition: 1.61 secs

----------------------------
scf_type = restricted
Closed-Shell SCF
nbf = 60
nbf_orig = 60
n_lindep = 0
focc = 1
nmo = 120
nocc = 14
nvir = 106
n_occ_alpha = 7
n_vir_alpha = 53
n_occ_beta = 7
n_vir_beta = 53
nelectrons = 14
nelectrons_alpha = 7
nelectrons_beta = 7
n_frozen_core = 0
n_frozen_virtual = 0
----------------------------

Total CPU memory required for Closed Shell Cholesky CCSD calculation: 0.09 GiB


 CCSD iterations
------------------------------------------------------------
  Iter     Residuum          Correlation          Time(s)
------------------------------------------------------------
   1     0.7732549819455    0.0000000000000         0.31
   2     0.0757123532321   -0.3591848917057         0.26
   3     0.0204378189207   -0.3599684029262         0.26
   4     0.0056493353545   -0.3671616849926         0.27
   5     0.0024228618895   -0.3675450149213         0.27
 MICROCYCLE DIIS UPDATE:                    6
   6     0.0008356131917   -0.3682764412129         0.27
   7     0.0002838899311   -0.3681712602538         0.27
   8     0.0001252191045   -0.3681823074569         0.27
   9     0.0000575806920   -0.3681855671773         0.27
  10     0.0000271958830   -0.3681881600790         0.27
 MICROCYCLE DIIS UPDATE:                   11
  11     0.0000017116882   -0.3681907294854         0.27
  12     0.0000004381457   -0.3681912392619         0.27
  13     0.0000001249833   -0.3681911992972         0.27
  14     0.0000000489136   -0.3681912168119         0.27
  15     0.0000000169459   -0.3681912165124         0.27
 MICROCYCLE DIIS UPDATE:                   16
  16     0.0000000035408   -0.3681912182601         0.27
------------------------------------------------------------------
 Iterations converged
 CCSD correlation energy / hartree =        -0.368191218260086
 CCSD total energy / hartree       =      -109.208066101662268

Time taken for Closed Shell Cholesky CCSD: 4.44 secs

Threshold for printing amplitudes set to: 0.05
T1, T2 amplitudes written to files: N2_0.9.cc-pvtz_files/restricted/N2_0.9.cc-pvtz.print_t1amp.txt, N2_0.9.cc-pvtz_files/restricted/N2_0.9.cc-pvtz.print_t2amp.txt


DUCC: Time taken to compute Bare Hamiltonian: 0.01 secs

DUCC: Time taken to compute Single Commutator: 0.20 secs

DUCC: Time taken to compute Double Commutator: 8.35 secs

DUCC: Time taken to compute Triple Commutator: 3.67 secs

DUCC: Total Compute Time: 12.22 secs

Number of active orbitals = 28


DUCC: Time to write results: 0.26 secs
