
date: Mon Dec 18 15:44:22 2023
program: "/hpc/home/baum612/code/exachem-dev/build/methods_stage/hpc/home/baum612/code/tamm_install/methods/ExaChem"
input: /hpc/home/baum612/code/exachem-dev/inputs/N2/N2_1.4.json
nnodes: 1, nproc: 2
prefix: N2_1.4

Memory information
{
 CPU memory per node (GiB): 4534
 Total CPU memory (GiB): 4534
}


Input file provided
--------------------
{
  "geometry": {
    "coordinates": [
      "N  0.000000  0.000000  1.400000",
      "N  0.000000  0.000000  0.000000"
    ],
    "units": "angstrom"
  },
  "basis": {
    "basisset": "cc-pVTZ",
    "atom_basis": null
  },
  "SCF": {
    "conve": 1e-09,
    "convd": 1e-08,
    "tilesize": 30,
    "restart": false
  },
  "CD": {
    "diagtol": 1e-06
  },
  "CC": {
    "threshold": 1e-08,
    "ccsd_maxiter": 50,
    "nactive": 21,
    "freeze": {
      "core": 0
    },
    "PRINT": {
      "tamplitudes": [
        true,
        0.05
      ]
    }
  },
  "TASK": {
    "scf": false,
    "mp2": false,
    "cd_2e": false,
    "ccsd": false,
    "ccsd_t": false,
    "ducc": true
  }
}

Number of nodes, processes per node used for SCF calculation: 1, 2

SCF Options
{
 charge       = 0
 multiplicity = 1
 level shift  = 0
 tol_int      = 1e-22
 tol_sch      = 1e-10
 tol_lindep   = 1e-05
 conve        = 1e-09
 convd        = 1e-08
 diis_hist    = 10
 AO_tilesize  = 30
 writem       = 1
 damp         = 100
 scf_type     = restricted
 restart_size = 2000
 restart      = false
 debug        = false
}
**** Resetting tol_sch to 1e-11

Number of basis functions = 60

Total number of shells = 20

Total number of electrons = 14
  # of alpha electrons    = 7
  # of beta electons      = 7

Nuclear repulsion energy  = 18.5212037217933

# of {all,non-negligible} shell-pairs = {210,210}
Number of AO tiles = 20

Time for initial setup: 0.01 secs

Time for computing 1-e integrals T, V, S: 0.00 secs
Time for computing orthogonalizer: 0.00 secs

Superposition of Atomic Density Guess ...
Time taken for SAD: 0.06 secs
Total Time to compute initial guess: 0.09 secs


 SCF iterations
-----------------------------------------------------------------
 Iter     Energy            E-Diff       RMSD          Time(s)
-----------------------------------------------------------------
   1  -108.7743080102    -1.09e+02     2.08e-03         0.1 
   2  -108.7851661979    -1.09e-02     7.52e-04         0.1 
   3  -108.7862760195    -1.11e-03     3.18e-04         0.1 
   4  -108.7864134349    -1.37e-04     1.61e-05         0.1 
   5  -108.7864139332    -4.98e-07     4.07e-06         0.1 
   6  -108.7864139488    -1.55e-08     8.10e-07         0.1 
   7  -108.7864139493    -4.94e-10     7.67e-08         0.1 
   8  -108.7864139493    -3.60e-12     3.02e-09         0.1 

** Total SCF energy = -108.7864139492852

Nuclear repulsion energy = 18.521203721793302
#electrons        = 14.000000000000007
1e energy kinetic = 107.6052090218134083
1e energy N-e     = -291.6322861319109734
1e energy         = -184.0270771100975935
2e energy         = 56.7194593943447316
writing orbitals and density to disk ... done.

Time taken for Hartree-Fock: 0.64 secs

CCSD Options
{
 cache_size           = 8
 ccsdt_tilesize       = 32
 ndiis                = 5
 threshold            = 1e-08
 tilesize             = 40
 nactive              = 21
 ccsd_maxiter         = 50
 freeze_atomic         = false
 freeze_core          = 0
 freeze_virtual       = 0
 readt                = false
 writet               = false
 writev               = false
 writet_iter          = 5
 profile_ccsd         = false
 balance_tiles        = true
 eom_nroots           = 1
 eom_microiter        = 50
 eom_threshold        = 1e-06
 debug                = false
}

#occupied, #virtual = 14, 106

Resetting CCSD tilesize to: 50

CD Options
{
 debug            = false
 write_cv         = false
 diagtol          = 1e-06
 write_vcount     = 5000
 itilesize        = 1000
 max_cvecs_factor = 12
}

-----------------------------------------------------
Begin 2-index transformation ... 

nAO, nMO, nelectrons = 60, 120, 14
n_occ_alpha, n_vir_alpha, n_occ_beta, n_vir_beta = 7,53,7,53

Time taken for Fao->Fmo transform: 0.00 secs

-----------------------------------------------------
Number of AO tiles = 20
# of {all,non-negligible} shell-pairs = {210,210}

    Begin Cholesky Decomposition
---------------------------------------------
- CPU memory required for computing cholesky vectors: 0.02 GiB

- Time for computing the diagonal: 0.00 secs

- Total number of cholesky vectors = 482

- Time to compute cholesky vectors: 1.51 secs

- CPU memory required for resizing the ao cholesky tensor: 0.03 GiB
- CPU memory required for ao2mo transformation: 0.04 GiB
- CPU memory required for the 2-step contraction: 0.05 GiB

- Time for ao to mo transform: 0.13 secs

    End Cholesky Decomposition
---------------------------------------------

Total Time taken for Cholesky Decomposition: 1.68 secs

----------------------------
scf_type = restricted
Closed-Shell SCF
nbf = 60
nbf_orig = 60
n_lindep = 0
focc = 1
nmo = 120
nocc = 14
nvir = 106
n_occ_alpha = 7
n_vir_alpha = 53
n_occ_beta = 7
n_vir_beta = 53
nelectrons = 14
nelectrons_alpha = 7
nelectrons_beta = 7
n_frozen_core = 0
n_frozen_virtual = 0
----------------------------

Total CPU memory required for Closed Shell Cholesky CCSD calculation: 0.10 GiB


 CCSD iterations
------------------------------------------------------------
  Iter     Residuum          Correlation          Time(s)
------------------------------------------------------------
   1     0.6828449277887    0.0000000000000         0.33
   2     0.1373414116205   -0.5070280058997         0.28
   3     0.0807005514629   -0.4049452634952         0.28
   4     0.0354559053431   -0.4764625533613         0.28
   5     0.0229668608046   -0.4445577116174         0.28
 MICROCYCLE DIIS UPDATE:                    6
   6     0.0042821248068   -0.4595002536420         0.28
   7     0.0023329259292   -0.4587319410725         0.28
   8     0.0013089377707   -0.4593564047798         0.28
   9     0.0009138602618   -0.4592733636574         0.28
  10     0.0005551644486   -0.4594967217402         0.28
 MICROCYCLE DIIS UPDATE:                   11
  11     0.0000735863434   -0.4596552787594         0.28
  12     0.0000229456963   -0.4596575484675         0.28
  13     0.0000091323714   -0.4596655261528         0.28
  14     0.0000048789312   -0.4596638509448         0.28
  15     0.0000023368902   -0.4596658302363         0.28
 MICROCYCLE DIIS UPDATE:                   16
  16     0.0000011814825   -0.4596659644432         0.28
  17     0.0000007217592   -0.4596656381768         0.28
  18     0.0000003859268   -0.4596659085945         0.28
  19     0.0000002783725   -0.4596658312737         0.28
  20     0.0000001610442   -0.4596659210529         0.28
 MICROCYCLE DIIS UPDATE:                   21
  21     0.0000000237052   -0.4596659508006         0.28
  22     0.0000000093579   -0.4596659537948         0.28
------------------------------------------------------------------
 Iterations converged
 CCSD correlation energy / hartree =        -0.459665953794793
 CCSD total energy / hartree       =      -109.246079903080002

Time taken for Closed Shell Cholesky CCSD: 6.29 secs

Threshold for printing amplitudes set to: 0.05
T1, T2 amplitudes written to files: N2_1.4.cc-pvtz_files/restricted/N2_1.4.cc-pvtz.print_t1amp.txt, N2_1.4.cc-pvtz_files/restricted/N2_1.4.cc-pvtz.print_t2amp.txt


DUCC: Time taken to compute Bare Hamiltonian: 0.00 secs

DUCC: Time taken to compute Single Commutator: 0.20 secs

DUCC: Time taken to compute Double Commutator: 8.26 secs

DUCC: Time taken to compute Triple Commutator: 3.66 secs

DUCC: Total Compute Time: 12.13 secs

Number of active orbitals = 28


DUCC: Time to write results: 0.26 secs
