
date: Mon Dec 18 15:43:37 2023
program: "/hpc/home/baum612/code/exachem-dev/build/methods_stage/hpc/home/baum612/code/tamm_install/methods/ExaChem"
input: /hpc/home/baum612/code/exachem-dev/inputs/N2/N2_1.2.json
nnodes: 1, nproc: 2
prefix: N2_1.2

Memory information
{
 CPU memory per node (GiB): 4534
 Total CPU memory (GiB): 4534
}


Input file provided
--------------------
{
  "geometry": {
    "coordinates": [
      "N  0.000000  0.000000  1.200000",
      "N  0.000000  0.000000  0.000000"
    ],
    "units": "angstrom"
  },
  "basis": {
    "basisset": "cc-pVTZ",
    "atom_basis": null
  },
  "SCF": {
    "conve": 1e-09,
    "convd": 1e-08,
    "tilesize": 30,
    "restart": false
  },
  "CD": {
    "diagtol": 1e-06
  },
  "CC": {
    "threshold": 1e-08,
    "ccsd_maxiter": 50,
    "nactive": 21,
    "freeze": {
      "core": 0
    },
    "PRINT": {
      "tamplitudes": [
        true,
        0.05
      ]
    }
  },
  "TASK": {
    "scf": false,
    "mp2": false,
    "cd_2e": false,
    "ccsd": false,
    "ccsd_t": false,
    "ducc": true
  }
}

Number of nodes, processes per node used for SCF calculation: 1, 2

SCF Options
{
 charge       = 0
 multiplicity = 1
 level shift  = 0
 tol_int      = 1e-22
 tol_sch      = 1e-10
 tol_lindep   = 1e-05
 conve        = 1e-09
 convd        = 1e-08
 diis_hist    = 10
 AO_tilesize  = 30
 writem       = 1
 damp         = 100
 scf_type     = restricted
 restart_size = 2000
 restart      = false
 debug        = false
}
**** Resetting tol_sch to 1e-11

Number of basis functions = 60

Total number of shells = 20

Total number of electrons = 14
  # of alpha electrons    = 7
  # of beta electons      = 7

Nuclear repulsion energy  = 21.6080710087589

# of {all,non-negligible} shell-pairs = {210,210}
Number of AO tiles = 20

Time for initial setup: 0.02 secs

Time for computing 1-e integrals T, V, S: 0.00 secs
Time for computing orthogonalizer: 0.00 secs

Superposition of Atomic Density Guess ...
Time taken for SAD: 0.08 secs
Total Time to compute initial guess: 0.12 secs


 SCF iterations
-----------------------------------------------------------------
 Iter     Energy            E-Diff       RMSD          Time(s)
-----------------------------------------------------------------
   1  -108.9284290020    -1.09e+02     2.04e-03         0.1 
   2  -108.9387502778    -1.03e-02     7.44e-04         0.1 
   3  -108.9395964035    -8.46e-04     1.78e-04         0.1 
   4  -108.9396424239    -4.60e-05     1.29e-05         0.1 
   5  -108.9396427726    -3.49e-07     3.46e-06         0.1 
   6  -108.9396427854    -1.28e-08     6.74e-07         0.1 
   7  -108.9396427858    -3.96e-10     1.33e-07         0.1 
   8  -108.9396427858    -5.51e-12     4.56e-09         0.1 

** Total SCF energy = -108.9396427857650

Nuclear repulsion energy = 21.608071008758852
#electrons        = 14.000000000000004
1e energy kinetic = 108.2012512726096816
1e energy N-e     = -298.4926783765172331
1e energy         = -190.2914271039074663
2e energy         = 59.7437132945621130
writing orbitals and density to disk ... done.

Time taken for Hartree-Fock: 0.73 secs

CCSD Options
{
 cache_size           = 8
 ccsdt_tilesize       = 32
 ndiis                = 5
 threshold            = 1e-08
 tilesize             = 40
 nactive              = 21
 ccsd_maxiter         = 50
 freeze_atomic         = false
 freeze_core          = 0
 freeze_virtual       = 0
 readt                = false
 writet               = false
 writev               = false
 writet_iter          = 5
 profile_ccsd         = false
 balance_tiles        = true
 eom_nroots           = 1
 eom_microiter        = 50
 eom_threshold        = 1e-06
 debug                = false
}

#occupied, #virtual = 14, 106

Resetting CCSD tilesize to: 50

CD Options
{
 debug            = false
 write_cv         = false
 diagtol          = 1e-06
 write_vcount     = 5000
 itilesize        = 1000
 max_cvecs_factor = 12
}

-----------------------------------------------------
Begin 2-index transformation ... 

nAO, nMO, nelectrons = 60, 120, 14
n_occ_alpha, n_vir_alpha, n_occ_beta, n_vir_beta = 7,53,7,53

Time taken for Fao->Fmo transform: 0.00 secs

-----------------------------------------------------
Number of AO tiles = 20
# of {all,non-negligible} shell-pairs = {210,210}

    Begin Cholesky Decomposition
---------------------------------------------
- CPU memory required for computing cholesky vectors: 0.02 GiB

- Time for computing the diagonal: 0.00 secs

- Total number of cholesky vectors = 478

- Time to compute cholesky vectors: 1.52 secs

- CPU memory required for resizing the ao cholesky tensor: 0.03 GiB
- CPU memory required for ao2mo transformation: 0.04 GiB
- CPU memory required for the 2-step contraction: 0.05 GiB

- Time for ao to mo transform: 0.13 secs

    End Cholesky Decomposition
---------------------------------------------

Total Time taken for Cholesky Decomposition: 1.68 secs

----------------------------
scf_type = restricted
Closed-Shell SCF
nbf = 60
nbf_orig = 60
n_lindep = 0
focc = 1
nmo = 120
nocc = 14
nvir = 106
n_occ_alpha = 7
n_vir_alpha = 53
n_occ_beta = 7
n_vir_beta = 53
nelectrons = 14
nelectrons_alpha = 7
nelectrons_beta = 7
n_frozen_core = 0
n_frozen_virtual = 0
----------------------------

Total CPU memory required for Closed Shell Cholesky CCSD calculation: 0.10 GiB


 CCSD iterations
------------------------------------------------------------
  Iter     Residuum          Correlation          Time(s)
------------------------------------------------------------
   1     0.7052884479312    0.0000000000000         0.33
   2     0.1004842100543   -0.4288787558678         0.28
   3     0.0423396186089   -0.3926085045440         0.28
   4     0.0123047898694   -0.4184225563705         0.28
   5     0.0070092669751   -0.4129563742221         0.28
 MICROCYCLE DIIS UPDATE:                    6
   6     0.0022923206708   -0.4165639525329         0.28
   7     0.0010416200438   -0.4162171288084         0.28
   8     0.0005447746235   -0.4163605648365         0.28
   9     0.0003215996834   -0.4163663286471         0.28
  10     0.0001838064529   -0.4164028133937         0.28
 MICROCYCLE DIIS UPDATE:                   11
  11     0.0000160278850   -0.4164400238678         0.28
  12     0.0000043608027   -0.4164400779544         0.28
  13     0.0000015052201   -0.4164415239737         0.29
  14     0.0000006880306   -0.4164412978048         0.28
  15     0.0000002942285   -0.4164415041030         0.28
 MICROCYCLE DIIS UPDATE:                   16
  16     0.0000001230571   -0.4164415313391         0.28
  17     0.0000000612028   -0.4164415113987         0.28
  18     0.0000000310391   -0.4164415251543         0.28
  19     0.0000000187696   -0.4164415238883         0.28
  20     0.0000000105181   -0.4164415266385         0.28
 MICROCYCLE DIIS UPDATE:                   21
  21     0.0000000010904   -0.4164415283504         0.28
------------------------------------------------------------------
 Iterations converged
 CCSD correlation energy / hartree =        -0.416441528350396
 CCSD total energy / hartree       =      -109.356084314115350

Time taken for Closed Shell Cholesky CCSD: 6.08 secs

Threshold for printing amplitudes set to: 0.05
T1, T2 amplitudes written to files: N2_1.2.cc-pvtz_files/restricted/N2_1.2.cc-pvtz.print_t1amp.txt, N2_1.2.cc-pvtz_files/restricted/N2_1.2.cc-pvtz.print_t2amp.txt


DUCC: Time taken to compute Bare Hamiltonian: 0.01 secs

DUCC: Time taken to compute Single Commutator: 0.20 secs

DUCC: Time taken to compute Double Commutator: 8.37 secs

DUCC: Time taken to compute Triple Commutator: 3.73 secs

DUCC: Total Compute Time: 12.30 secs

Number of active orbitals = 28


DUCC: Time to write results: 0.26 secs
