
date: Mon Dec 18 15:45:10 2023
program: "/hpc/home/baum612/code/exachem-dev/build/methods_stage/hpc/home/baum612/code/tamm_install/methods/ExaChem"
input: /hpc/home/baum612/code/exachem-dev/inputs/N2/N2_1.6.json
nnodes: 1, nproc: 2
prefix: N2_1.6

Memory information
{
 CPU memory per node (GiB): 4534
 Total CPU memory (GiB): 4534
}


Input file provided
--------------------
{
  "geometry": {
    "coordinates": [
      "N  0.000000  0.000000  1.600000",
      "N  0.000000  0.000000  0.000000"
    ],
    "units": "angstrom"
  },
  "basis": {
    "basisset": "cc-pVTZ",
    "atom_basis": null
  },
  "SCF": {
    "conve": 1e-09,
    "convd": 1e-08,
    "tilesize": 30,
    "restart": false
  },
  "CD": {
    "diagtol": 1e-06
  },
  "CC": {
    "threshold": 1e-08,
    "ccsd_maxiter": 50,
    "nactive": 21,
    "freeze": {
      "core": 0
    },
    "PRINT": {
      "tamplitudes": [
        true,
        0.05
      ]
    }
  },
  "TASK": {
    "scf": false,
    "mp2": false,
    "cd_2e": false,
    "ccsd": false,
    "ccsd_t": false,
    "ducc": true
  }
}

Number of nodes, processes per node used for SCF calculation: 1, 2

SCF Options
{
 charge       = 0
 multiplicity = 1
 level shift  = 0
 tol_int      = 1e-22
 tol_sch      = 1e-10
 tol_lindep   = 1e-05
 conve        = 1e-09
 convd        = 1e-08
 diis_hist    = 10
 AO_tilesize  = 30
 writem       = 1
 damp         = 100
 scf_type     = restricted
 restart_size = 2000
 restart      = false
 debug        = false
}
**** Resetting tol_sch to 1e-11

Number of basis functions = 60

Total number of shells = 20

Total number of electrons = 14
  # of alpha electrons    = 7
  # of beta electons      = 7

Nuclear repulsion energy  = 16.2060532565691

# of {all,non-negligible} shell-pairs = {210,210}
Number of AO tiles = 20

Time for initial setup: 0.01 secs

Time for computing 1-e integrals T, V, S: 0.00 secs
Time for computing orthogonalizer: 0.00 secs

Superposition of Atomic Density Guess ...
Time taken for SAD: 0.06 secs
Total Time to compute initial guess: 0.09 secs


 SCF iterations
-----------------------------------------------------------------
 Iter     Energy            E-Diff       RMSD          Time(s)
-----------------------------------------------------------------
   1  -108.6112542927    -1.09e+02     2.10e-03         0.1 
   2  -108.6208590184    -9.60e-03     6.85e-04         0.1 
   3  -108.6219726893    -1.11e-03     3.49e-04         0.1 
   4  -108.6221413181    -1.69e-04     1.60e-05         0.1 
   5  -108.6221417621    -4.44e-07     3.27e-06         0.1 
   6  -108.6221417742    -1.21e-08     6.26e-07         0.1 
   7  -108.6221417745    -3.15e-10     9.04e-08         0.1 
   8  -108.6221417745    -5.09e-12     3.50e-09         0.1 

** Total SCF energy = -108.6221417745312

Nuclear repulsion energy = 16.206053256569138
#electrons        = 13.999999999999989
1e energy kinetic = 107.3792448719740804
1e energy N-e     = -286.6391672948287805
1e energy         = -179.2599224228546291
2e energy         = 54.4317273547544715
writing orbitals and density to disk ... done.

Time taken for Hartree-Fock: 0.62 secs

CCSD Options
{
 cache_size           = 8
 ccsdt_tilesize       = 32
 ndiis                = 5
 threshold            = 1e-08
 tilesize             = 40
 nactive              = 21
 ccsd_maxiter         = 50
 freeze_atomic         = false
 freeze_core          = 0
 freeze_virtual       = 0
 readt                = false
 writet               = false
 writev               = false
 writet_iter          = 5
 profile_ccsd         = false
 balance_tiles        = true
 eom_nroots           = 1
 eom_microiter        = 50
 eom_threshold        = 1e-06
 debug                = false
}

#occupied, #virtual = 14, 106

Resetting CCSD tilesize to: 50

CD Options
{
 debug            = false
 write_cv         = false
 diagtol          = 1e-06
 write_vcount     = 5000
 itilesize        = 1000
 max_cvecs_factor = 12
}

-----------------------------------------------------
Begin 2-index transformation ... 

nAO, nMO, nelectrons = 60, 120, 14
n_occ_alpha, n_vir_alpha, n_occ_beta, n_vir_beta = 7,53,7,53

Time taken for Fao->Fmo transform: 0.00 secs

-----------------------------------------------------
Number of AO tiles = 20
# of {all,non-negligible} shell-pairs = {210,210}

    Begin Cholesky Decomposition
---------------------------------------------
- CPU memory required for computing cholesky vectors: 0.02 GiB

- Time for computing the diagonal: 0.00 secs

- Total number of cholesky vectors = 485

- Time to compute cholesky vectors: 1.52 secs

- CPU memory required for resizing the ao cholesky tensor: 0.03 GiB
- CPU memory required for ao2mo transformation: 0.04 GiB
- CPU memory required for the 2-step contraction: 0.05 GiB

- Time for ao to mo transform: 0.14 secs

    End Cholesky Decomposition
---------------------------------------------

Total Time taken for Cholesky Decomposition: 1.70 secs

----------------------------
scf_type = restricted
Closed-Shell SCF
nbf = 60
nbf_orig = 60
n_lindep = 0
focc = 1
nmo = 120
nocc = 14
nvir = 106
n_occ_alpha = 7
n_vir_alpha = 53
n_occ_beta = 7
n_vir_beta = 53
nelectrons = 14
nelectrons_alpha = 7
nelectrons_beta = 7
n_frozen_core = 0
n_frozen_virtual = 0
----------------------------

Total CPU memory required for Closed Shell Cholesky CCSD calculation: 0.10 GiB


 CCSD iterations
------------------------------------------------------------
  Iter     Residuum          Correlation          Time(s)
------------------------------------------------------------
   1     0.6739006247345    0.0000000000000         0.33
   2     0.1952893103708   -0.6141776035255         0.30
   3     0.1592818879163   -0.3836283332228         0.30
   4     0.1094940545213   -0.5811895270523         0.30
   5     0.0902517464747   -0.4400197474791         0.30
 MICROCYCLE DIIS UPDATE:                    6
   6     0.0077828158916   -0.5069285619618         0.30
   7     0.0058210935765   -0.5041288014919         0.30
   8     0.0032914815388   -0.5074794588405         0.29
   9     0.0030265112836   -0.5060088574233         0.30
  10     0.0016840484807   -0.5079841980964         0.31
 MICROCYCLE DIIS UPDATE:                   11
  11     0.0002418765955   -0.5083447295809         0.30
  12     0.0000961209245   -0.5083685185463         0.31
  13     0.0000456926136   -0.5083834494456         0.29
  14     0.0000268861791   -0.5083824752020         0.30
  15     0.0000155952222   -0.5083895037260         0.30
 MICROCYCLE DIIS UPDATE:                   16
  16     0.0000073417644   -0.5083937276029         0.28
  17     0.0000061558939   -0.5083894394653         0.27
  18     0.0000034010132   -0.5083942724048         0.27
  19     0.0000033334539   -0.5083916295444         0.28
  20     0.0000018091981   -0.5083944427592         0.28
 MICROCYCLE DIIS UPDATE:                   21
  21     0.0000002615573   -0.5083943258812         0.29
  22     0.0000001242129   -0.5083943193126         0.28
  23     0.0000000486133   -0.5083943755977         0.28
  24     0.0000000413856   -0.5083943492774         0.28
  25     0.0000000183023   -0.5083943799534         0.28
 MICROCYCLE DIIS UPDATE:                   26
  26     0.0000000094448   -0.5083943750818         0.28
------------------------------------------------------------------
 Iterations converged
 CCSD correlation energy / hartree =        -0.508394375081760
 CCSD total energy / hartree       =      -109.130536149612979

Time taken for Closed Shell Cholesky CCSD: 7.69 secs

Threshold for printing amplitudes set to: 0.05
T1, T2 amplitudes written to files: N2_1.6.cc-pvtz_files/restricted/N2_1.6.cc-pvtz.print_t1amp.txt, N2_1.6.cc-pvtz_files/restricted/N2_1.6.cc-pvtz.print_t2amp.txt


DUCC: Time taken to compute Bare Hamiltonian: 0.00 secs

DUCC: Time taken to compute Single Commutator: 0.20 secs

DUCC: Time taken to compute Double Commutator: 8.32 secs

DUCC: Time taken to compute Triple Commutator: 3.72 secs

DUCC: Total Compute Time: 12.24 secs

Number of active orbitals = 28


DUCC: Time to write results: 0.26 secs
