
date: Mon Dec 18 15:47:54 2023
program: "/hpc/home/baum612/code/exachem-dev/build/methods_stage/hpc/home/baum612/code/tamm_install/methods/ExaChem"
input: /hpc/home/baum612/code/exachem-dev/inputs/N2/N2_2.2.json
nnodes: 1, nproc: 2
prefix: N2_2.2

Memory information
{
 CPU memory per node (GiB): 4534
 Total CPU memory (GiB): 4534
}


Input file provided
--------------------
{
  "geometry": {
    "coordinates": [
      "N  0.000000  0.000000  2.200000",
      "N  0.000000  0.000000  0.000000"
    ],
    "units": "angstrom"
  },
  "basis": {
    "basisset": "cc-pVTZ",
    "atom_basis": null
  },
  "SCF": {
    "conve": 1e-09,
    "convd": 1e-08,
    "tilesize": 30,
    "restart": false
  },
  "CD": {
    "diagtol": 1e-06
  },
  "CC": {
    "threshold": 1e-08,
    "ccsd_maxiter": 150,
    "lshift": 0.1,
    "nactive": 21,
    "freeze": {
      "core": 0
    },
    "PRINT": {
      "tamplitudes": [
        true,
        0.05
      ]
    }
  },
  "TASK": {
    "scf": false,
    "mp2": false,
    "cd_2e": false,
    "ccsd": false,
    "ccsd_t": false,
    "ducc": true
  }
}

Number of nodes, processes per node used for SCF calculation: 1, 2

SCF Options
{
 charge       = 0
 multiplicity = 1
 level shift  = 0
 tol_int      = 1e-22
 tol_sch      = 1e-10
 tol_lindep   = 1e-05
 conve        = 1e-09
 convd        = 1e-08
 diis_hist    = 10
 AO_tilesize  = 30
 writem       = 1
 damp         = 100
 scf_type     = restricted
 restart_size = 2000
 restart      = false
 debug        = false
}
**** Resetting tol_sch to 1e-11

Number of basis functions = 60

Total number of shells = 20

Total number of electrons = 14
  # of alpha electrons    = 7
  # of beta electons      = 7

Nuclear repulsion energy  = 11.7862205502321

# of {all,non-negligible} shell-pairs = {210,210}
Number of AO tiles = 20

Time for initial setup: 0.01 secs

Time for computing 1-e integrals T, V, S: 0.00 secs
Time for computing orthogonalizer: 0.00 secs

Superposition of Atomic Density Guess ...
Time taken for SAD: 0.06 secs
Total Time to compute initial guess: 0.09 secs


 SCF iterations
-----------------------------------------------------------------
 Iter     Energy            E-Diff       RMSD          Time(s)
-----------------------------------------------------------------
   1  -108.2542779332    -1.08e+02     1.79e-03         0.1 
   2  -108.2593763496    -5.10e-03     5.19e-04         0.1 
   3  -108.2600634337    -6.87e-04     2.86e-04         0.1 
   4  -108.2601721944    -1.09e-04     1.21e-05         0.1 
   5  -108.2601724543    -2.60e-07     1.93e-06         0.1 
   6  -108.2601724616    -7.31e-09     2.22e-07         0.1 
   7  -108.2601724616    -6.75e-11     2.57e-08         0.1 
   8  -108.2601724616    -4.26e-13     2.25e-09         0.1 

** Total SCF energy = -108.2601724616361

Nuclear repulsion energy = 11.786220550232100
#electrons        = 14.000000000000021
1e energy kinetic = 107.3572867603958088
1e energy N-e     = -277.4905005832537199
1e energy         = -170.1332138228580106
2e energy         = 50.0868207964516543
writing orbitals and density to disk ... done.

Time taken for Hartree-Fock: 0.64 secs

CCSD Options
{
 cache_size           = 8
 ccsdt_tilesize       = 32
 ndiis                = 5
 threshold            = 1e-08
 tilesize             = 40
 nactive              = 21
 ccsd_maxiter         = 150
 freeze_atomic         = false
 freeze_core          = 0
 freeze_virtual       = 0
 lshift               = 0.1
 readt                = false
 writet               = false
 writev               = false
 writet_iter          = 5
 profile_ccsd         = false
 balance_tiles        = true
 eom_nroots           = 1
 eom_microiter        = 50
 eom_threshold        = 1e-06
 debug                = false
}

#occupied, #virtual = 14, 106

Resetting CCSD tilesize to: 50

CD Options
{
 debug            = false
 write_cv         = false
 diagtol          = 1e-06
 write_vcount     = 5000
 itilesize        = 1000
 max_cvecs_factor = 12
}

-----------------------------------------------------
Begin 2-index transformation ... 

nAO, nMO, nelectrons = 60, 120, 14
n_occ_alpha, n_vir_alpha, n_occ_beta, n_vir_beta = 7,53,7,53

Time taken for Fao->Fmo transform: 0.00 secs

-----------------------------------------------------
Number of AO tiles = 20
# of {all,non-negligible} shell-pairs = {210,210}

    Begin Cholesky Decomposition
---------------------------------------------
- CPU memory required for computing cholesky vectors: 0.02 GiB

- Time for computing the diagonal: 0.00 secs

- Total number of cholesky vectors = 468

- Time to compute cholesky vectors: 1.38 secs

- CPU memory required for resizing the ao cholesky tensor: 0.03 GiB
- CPU memory required for ao2mo transformation: 0.04 GiB
- CPU memory required for the 2-step contraction: 0.05 GiB

- Time for ao to mo transform: 0.12 secs

    End Cholesky Decomposition
---------------------------------------------

Total Time taken for Cholesky Decomposition: 1.54 secs

----------------------------
scf_type = restricted
Closed-Shell SCF
nbf = 60
nbf_orig = 60
n_lindep = 0
focc = 1
nmo = 120
nocc = 14
nvir = 106
n_occ_alpha = 7
n_vir_alpha = 53
n_occ_beta = 7
n_vir_beta = 53
nelectrons = 14
nelectrons_alpha = 7
nelectrons_beta = 7
n_frozen_core = 0
n_frozen_virtual = 0
----------------------------

Total CPU memory required for Closed Shell Cholesky CCSD calculation: 0.09 GiB


 CCSD iterations
------------------------------------------------------------
  Iter     Residuum          Correlation          Time(s)
------------------------------------------------------------
   1     0.6800225222677    0.0000000000000         0.30
   2     0.3214385532670   -0.8885091845172         0.26
   3     0.3963192982252   -0.2615382659446         0.27
   4     0.4156653608915   -1.0191787204604         0.27
   5     0.4995869132908   -0.1995373223720         0.26
 MICROCYCLE DIIS UPDATE:                    6
   6     0.0345086467806   -0.6447372748305         0.26
   7     0.0496721566222   -0.5945563864123         0.26
   8     0.0361109208350   -0.6669916413129         0.26
   9     0.0569937296418   -0.5992952983651         0.26
  10     0.0461083428845   -0.6907679825042         0.27
 MICROCYCLE DIIS UPDATE:                   11
  11     0.0125255024182   -0.6800211328968         0.27
  12     0.0065563716068   -0.6890637977974         0.27
  13     0.0103757451543   -0.6828639000127         0.27
  14     0.0056860420174   -0.6947536203045         0.27
  15     0.0102187035510   -0.6862275676448         0.27
 MICROCYCLE DIIS UPDATE:                   16
  16     0.0027018183598   -0.7018459079417         0.27
  17     0.0032976778174   -0.7007224357302         0.27
  18     0.0017663492390   -0.7043678933658         0.27
  19     0.0029503037435   -0.7021656048620         0.27
  20     0.0017462324944   -0.7060496122495         0.27
 MICROCYCLE DIIS UPDATE:                   21
  21     0.0005960070508   -0.7071326108162         0.27
  22     0.0007240333069   -0.7067883293106         0.26
  23     0.0003827218652   -0.7075523872528         0.26
  24     0.0006715149096   -0.7070470404197         0.27
  25     0.0003824044471   -0.7078930840970         0.26
 MICROCYCLE DIIS UPDATE:                   26
  26     0.0001556319811   -0.7082250058543         0.27
  27     0.0001481624159   -0.7081838024256         0.26
  28     0.0000793300461   -0.7083405536188         0.26
  29     0.0001254593036   -0.7082533003962         0.26
  30     0.0000722100148   -0.7084145040137         0.27
 MICROCYCLE DIIS UPDATE:                   31
  31     0.0000293118231   -0.7084528647931         0.26
  32     0.0000328849447   -0.7084399871609         0.27
  33     0.0000182575408   -0.7084690487397         0.27
  34     0.0000279641884   -0.7084544552133         0.27
  35     0.0000148553069   -0.7084849479538         0.27
 MICROCYCLE DIIS UPDATE:                   36
  36     0.0000038908820   -0.7085181887031         0.28
  37     0.0000032008406   -0.7085164310488         0.29
  38     0.0000016654462   -0.7085201983187         0.27
  39     0.0000028727340   -0.7085177091232         0.27
  40     0.0000017963962   -0.7085216444452         0.27
 MICROCYCLE DIIS UPDATE:                   41
  41     0.0000005416474   -0.7085221644866         0.27
  42     0.0000005450049   -0.7085219665139         0.27
  43     0.0000003229230   -0.7085224487690         0.27
  44     0.0000004932209   -0.7085222047605         0.26
  45     0.0000003624646   -0.7085227203461         0.27
 MICROCYCLE DIIS UPDATE:                   46
  46     0.0000001931071   -0.7085228808199         0.27
  47     0.0000002116734   -0.7085228506909         0.27
  48     0.0000001488136   -0.7085230370460         0.27
  49     0.0000002412123   -0.7085229658821         0.27
  50     0.0000003264831   -0.7085231484433         0.27
 MICROCYCLE DIIS UPDATE:                   51
  51     0.0000000565434   -0.7085232484228         0.27
  52     0.0000000482757   -0.7085232434021         0.27
  53     0.0000000331709   -0.7085232741276         0.27
  54     0.0000000410029   -0.7085232676239         0.27
  55     0.0000000348694   -0.7085232996437         0.27
 MICROCYCLE DIIS UPDATE:                   56
  56     0.0000000209105   -0.7085233262011         0.27
  57     0.0000000168322   -0.7085233318418         0.27
  58     0.0000000171912   -0.7085233398484         0.26
  59     0.0000000252298   -0.7085233431385         0.27
  60     0.0000000418821   -0.7085233493941         0.27
 MICROCYCLE DIIS UPDATE:                   61
  61     0.0000000048152   -0.7085233678575         0.27
------------------------------------------------------------------
 Iterations converged
 CCSD correlation energy / hartree =        -0.708523367857495
 CCSD total energy / hartree       =      -108.968695829493612

Time taken for Closed Shell Cholesky CCSD: 16.55 secs

Threshold for printing amplitudes set to: 0.05
T1, T2 amplitudes written to files: N2_2.2.cc-pvtz_files/restricted/N2_2.2.cc-pvtz.print_t1amp.txt, N2_2.2.cc-pvtz_files/restricted/N2_2.2.cc-pvtz.print_t2amp.txt


DUCC: Time taken to compute Bare Hamiltonian: 0.00 secs

DUCC: Time taken to compute Single Commutator: 0.20 secs

DUCC: Time taken to compute Double Commutator: 8.15 secs

DUCC: Time taken to compute Triple Commutator: 3.63 secs

DUCC: Total Compute Time: 11.98 secs

Number of active orbitals = 28


DUCC: Time to write results: 0.26 secs
