
date: Mon Dec 18 15:48:27 2023
program: "/hpc/home/baum612/code/exachem-dev/build/methods_stage/hpc/home/baum612/code/tamm_install/methods/ExaChem"
input: /hpc/home/baum612/code/exachem-dev/inputs/N2/N2_2.3.json
nnodes: 1, nproc: 2
prefix: N2_2.3

Memory information
{
 CPU memory per node (GiB): 4534
 Total CPU memory (GiB): 4534
}


Input file provided
--------------------
{
  "geometry": {
    "coordinates": [
      "N  0.000000  0.000000  2.300000",
      "N  0.000000  0.000000  0.000000"
    ],
    "units": "angstrom"
  },
  "basis": {
    "basisset": "cc-pVTZ",
    "atom_basis": null
  },
  "SCF": {
    "conve": 1e-09,
    "convd": 1e-08,
    "tilesize": 30,
    "restart": false
  },
  "CD": {
    "diagtol": 1e-06
  },
  "CC": {
    "threshold": 1e-08,
    "ccsd_maxiter": 150,
    "lshift": 0.1,
    "nactive": 21,
    "freeze": {
      "core": 0
    },
    "PRINT": {
      "tamplitudes": [
        true,
        0.05
      ]
    }
  },
  "TASK": {
    "scf": false,
    "mp2": false,
    "cd_2e": false,
    "ccsd": false,
    "ccsd_t": false,
    "ducc": true
  }
}

Number of nodes, processes per node used for SCF calculation: 1, 2

SCF Options
{
 charge       = 0
 multiplicity = 1
 level shift  = 0
 tol_int      = 1e-22
 tol_sch      = 1e-10
 tol_lindep   = 1e-05
 conve        = 1e-09
 convd        = 1e-08
 diis_hist    = 10
 AO_tilesize  = 30
 writem       = 1
 damp         = 100
 scf_type     = restricted
 restart_size = 2000
 restart      = false
 debug        = false
}
**** Resetting tol_sch to 1e-11

Number of basis functions = 60

Total number of shells = 20

Total number of electrons = 14
  # of alpha electrons    = 7
  # of beta electons      = 7

Nuclear repulsion energy  = 11.2737761784829

# of {all,non-negligible} shell-pairs = {210,210}
Number of AO tiles = 20

Time for initial setup: 0.02 secs

Time for computing 1-e integrals T, V, S: 0.00 secs
Time for computing orthogonalizer: 0.00 secs

Superposition of Atomic Density Guess ...
Time taken for SAD: 0.08 secs
Total Time to compute initial guess: 0.12 secs


 SCF iterations
-----------------------------------------------------------------
 Iter     Energy            E-Diff       RMSD          Time(s)
-----------------------------------------------------------------
   1  -108.2134879745    -1.08e+02     1.72e-03         0.1 
   2  -108.2181068856    -4.62e-03     5.06e-04         0.1 
   3  -108.2187382111    -6.31e-04     2.77e-04         0.1 
   4  -108.2188378548    -9.96e-05     1.15e-05         0.1 
   5  -108.2188380931    -2.38e-07     1.83e-06         0.1 
   6  -108.2188380994    -6.27e-09     2.32e-07         0.1 
   7  -108.2188380995    -7.06e-11     2.27e-08         0.1 
   8  -108.2188380995    -3.55e-13     1.93e-09         0.1 

** Total SCF energy = -108.2188380994519

Nuclear repulsion energy = 11.273776178482882
#electrons        = 14.000000000000007
1e energy kinetic = 107.3817355393397293
1e energy N-e     = -276.4644729007144406
1e energy         = -169.0827373613747113
2e energy         = 49.5901230718220560
writing orbitals and density to disk ... done.

Time taken for Hartree-Fock: 0.73 secs

CCSD Options
{
 cache_size           = 8
 ccsdt_tilesize       = 32
 ndiis                = 5
 threshold            = 1e-08
 tilesize             = 40
 nactive              = 21
 ccsd_maxiter         = 150
 freeze_atomic         = false
 freeze_core          = 0
 freeze_virtual       = 0
 lshift               = 0.1
 readt                = false
 writet               = false
 writev               = false
 writet_iter          = 5
 profile_ccsd         = false
 balance_tiles        = true
 eom_nroots           = 1
 eom_microiter        = 50
 eom_threshold        = 1e-06
 debug                = false
}

#occupied, #virtual = 14, 106

Resetting CCSD tilesize to: 50

CD Options
{
 debug            = false
 write_cv         = false
 diagtol          = 1e-06
 write_vcount     = 5000
 itilesize        = 1000
 max_cvecs_factor = 12
}

-----------------------------------------------------
Begin 2-index transformation ... 

nAO, nMO, nelectrons = 60, 120, 14
n_occ_alpha, n_vir_alpha, n_occ_beta, n_vir_beta = 7,53,7,53

Time taken for Fao->Fmo transform: 0.00 secs

-----------------------------------------------------
Number of AO tiles = 20
# of {all,non-negligible} shell-pairs = {210,210}

    Begin Cholesky Decomposition
---------------------------------------------
- CPU memory required for computing cholesky vectors: 0.02 GiB

- Time for computing the diagonal: 0.00 secs

- Total number of cholesky vectors = 468

- Time to compute cholesky vectors: 1.39 secs

- CPU memory required for resizing the ao cholesky tensor: 0.03 GiB
- CPU memory required for ao2mo transformation: 0.04 GiB
- CPU memory required for the 2-step contraction: 0.05 GiB

- Time for ao to mo transform: 0.13 secs

    End Cholesky Decomposition
---------------------------------------------

Total Time taken for Cholesky Decomposition: 1.55 secs

----------------------------
scf_type = restricted
Closed-Shell SCF
nbf = 60
nbf_orig = 60
n_lindep = 0
focc = 1
nmo = 120
nocc = 14
nvir = 106
n_occ_alpha = 7
n_vir_alpha = 53
n_occ_beta = 7
n_vir_beta = 53
nelectrons = 14
nelectrons_alpha = 7
nelectrons_beta = 7
n_frozen_core = 0
n_frozen_virtual = 0
----------------------------

Total CPU memory required for Closed Shell Cholesky CCSD calculation: 0.09 GiB


 CCSD iterations
------------------------------------------------------------
  Iter     Residuum          Correlation          Time(s)
------------------------------------------------------------
   1     0.6824872689704    0.0000000000000         0.31
   2     0.3562756517722   -0.9511912065895         0.27
   3     0.4835791107150   -0.1930900050882         0.27
   4     0.5565131002486   -1.1948824905318         0.27
   5     0.7250059544488   -0.0172224922063         0.27
 MICROCYCLE DIIS UPDATE:                    6
   6     0.0502013925502   -0.6800898721317         0.27
   7     0.0804376103445   -0.5819014906463         0.27
   8     0.0744291948324   -0.7247807884054         0.27
   9     0.1159593556106   -0.5662802986175         0.27
  10     0.1203232587457   -0.7830920139231         0.27
 MICROCYCLE DIIS UPDATE:                   11
  11     0.0165177755426   -0.6998642481505         0.28
  12     0.0155504495219   -0.7015900848686         0.27
  13     0.0119135929620   -0.7111605736255         0.27
  14     0.0133761044361   -0.7121742213389         0.27
  15     0.0092314063316   -0.7222651883295         0.27
 MICROCYCLE DIIS UPDATE:                   16
  16     0.0057445110127   -0.7603433649135         0.27
  17     0.0070926122125   -0.7694184822908         0.28
  18     0.0063997563890   -0.7580572413955         0.27
  19     0.0084173791258   -0.7698821953543         0.28
  20     0.0082189119619   -0.7557443372273         0.27
 MICROCYCLE DIIS UPDATE:                   21
  21     0.0006151490715   -0.7620573803213         0.28
  22     0.0012155958011   -0.7627050054321         0.28
  23     0.0006598346897   -0.7611312764690         0.28
  24     0.0012251364447   -0.7622382049370         0.28
  25     0.0008313648222   -0.7604437822881         0.27
 MICROCYCLE DIIS UPDATE:                   26
  26     0.0001220603204   -0.7600133489684         0.27
  27     0.0001086158072   -0.7600504263458         0.28
  28     0.0000655523940   -0.7599558748908         0.27
  29     0.0000857044733   -0.7600186418887         0.28
  30     0.0000542854561   -0.7599112077466         0.28
 MICROCYCLE DIIS UPDATE:                   31
  31     0.0000134917268   -0.7598998766125         0.28
  32     0.0000186398413   -0.7599063733121         0.28
  33     0.0000097430199   -0.7598844652793         0.27
  34     0.0000178078893   -0.7598977839663         0.28
  35     0.0000108683769   -0.7598731532744         0.28
 MICROCYCLE DIIS UPDATE:                   36
  36     0.0000025086767   -0.7598634380508         0.28
  37     0.0000023127729   -0.7598639316991         0.28
  38     0.0000013403883   -0.7598622024789         0.28
  39     0.0000016803603   -0.7598630629427         0.28
  40     0.0000009539687   -0.7598612032919         0.27
 MICROCYCLE DIIS UPDATE:                   41
  41     0.0000003306752   -0.7598605459140         0.28
  42     0.0000004971683   -0.7598607496583         0.28
  43     0.0000002669900   -0.7598601471560         0.28
  44     0.0000004943677   -0.7598605364225         0.28
  45     0.0000003690623   -0.7598598515687         0.28
 MICROCYCLE DIIS UPDATE:                   46
  46     0.0000001022187   -0.7598597430267         0.27
  47     0.0000001076736   -0.7598597760041         0.27
  48     0.0000000896532   -0.7598596729175         0.28
  49     0.0000001630069   -0.7598597324464         0.27
  50     0.0000002707303   -0.7598596155259         0.28
 MICROCYCLE DIIS UPDATE:                   51
  51     0.0000000219602   -0.7598595995677         0.28
  52     0.0000000298877   -0.7598596093417         0.28
  53     0.0000000153571   -0.7598595749082         0.28
  54     0.0000000282626   -0.7598595951516         0.28
  55     0.0000000186296   -0.7598595566382         0.27
 MICROCYCLE DIIS UPDATE:                   56
  56     0.0000000075225   -0.7598595534798         0.28
------------------------------------------------------------------
 Iterations converged
 CCSD correlation energy / hartree =        -0.759859553479817
 CCSD total energy / hartree       =      -108.978697652931743

Time taken for Closed Shell Cholesky CCSD: 15.69 secs

Threshold for printing amplitudes set to: 0.05
T1, T2 amplitudes written to files: N2_2.3.cc-pvtz_files/restricted/N2_2.3.cc-pvtz.print_t1amp.txt, N2_2.3.cc-pvtz_files/restricted/N2_2.3.cc-pvtz.print_t2amp.txt


DUCC: Time taken to compute Bare Hamiltonian: 0.00 secs

DUCC: Time taken to compute Single Commutator: 0.21 secs

DUCC: Time taken to compute Double Commutator: 8.40 secs

DUCC: Time taken to compute Triple Commutator: 3.71 secs

DUCC: Total Compute Time: 12.32 secs

Number of active orbitals = 28


DUCC: Time to write results: 0.26 secs
