
date: Mon Dec 18 15:51:33 2023
program: "/hpc/home/baum612/code/exachem-dev/build/methods_stage/hpc/home/baum612/code/tamm_install/methods/ExaChem"
input: /hpc/home/baum612/code/exachem-dev/inputs/N2/N2_2.9.json
nnodes: 1, nproc: 2
prefix: N2_2.9

Memory information
{
 CPU memory per node (GiB): 4534
 Total CPU memory (GiB): 4534
}


Input file provided
--------------------
{
  "geometry": {
    "coordinates": [
      "N  0.000000  0.000000  2.900000",
      "N  0.000000  0.000000  0.000000"
    ],
    "units": "angstrom"
  },
  "basis": {
    "basisset": "cc-pVTZ",
    "atom_basis": null
  },
  "SCF": {
    "conve": 1e-09,
    "convd": 1e-08,
    "tilesize": 30,
    "restart": false
  },
  "CD": {
    "diagtol": 1e-06
  },
  "CC": {
    "threshold": 1e-08,
    "ccsd_maxiter": 150,
    "lshift": 0.1,
    "nactive": 21,
    "freeze": {
      "core": 0
    },
    "PRINT": {
      "tamplitudes": [
        true,
        0.05
      ]
    }
  },
  "TASK": {
    "scf": false,
    "mp2": false,
    "cd_2e": false,
    "ccsd": false,
    "ccsd_t": false,
    "ducc": true
  }
}

Number of nodes, processes per node used for SCF calculation: 1, 2

SCF Options
{
 charge       = 0
 multiplicity = 1
 level shift  = 0
 tol_int      = 1e-22
 tol_sch      = 1e-10
 tol_lindep   = 1e-05
 conve        = 1e-09
 convd        = 1e-08
 diis_hist    = 10
 AO_tilesize  = 30
 writem       = 1
 damp         = 100
 scf_type     = restricted
 restart_size = 2000
 restart      = false
 debug        = false
}
**** Resetting tol_sch to 1e-11

Number of basis functions = 60

Total number of shells = 20

Total number of electrons = 14
  # of alpha electrons    = 7
  # of beta electons      = 7

Nuclear repulsion energy  = 8.94127076224504

# of {all,non-negligible} shell-pairs = {210,210}
Number of AO tiles = 20

Time for initial setup: 0.02 secs

Time for computing 1-e integrals T, V, S: 0.00 secs
Time for computing orthogonalizer: 0.00 secs

Superposition of Atomic Density Guess ...
Time taken for SAD: 0.08 secs
Total Time to compute initial guess: 0.12 secs


 SCF iterations
-----------------------------------------------------------------
 Iter     Energy            E-Diff       RMSD          Time(s)
-----------------------------------------------------------------
   1  -108.0425515585    -1.08e+02     1.35e-03         0.1 
   2  -108.0451839403    -2.63e-03     4.76e-04         0.1 
   3  -108.0455683741    -3.84e-04     2.26e-04         0.1 
   4  -108.0456233192    -5.49e-05     9.57e-06         0.1 
   5  -108.0456234888    -1.70e-07     9.49e-07         0.1 
   6  -108.0456234906    -1.85e-09     2.77e-07         0.1 
   7  -108.0456234907    -8.90e-11     2.83e-08         0.1 
   8  -108.0456234907    -7.67e-13     9.07e-09         0.1 

** Total SCF energy = -108.0456234906928

Nuclear repulsion energy = 8.941270762245043
#electrons        = 13.999999999999995
1e energy kinetic = 107.5377211932108850
1e energy N-e     = -271.8902914781492655
1e energy         = -164.3525702849383094
2e energy         = 47.3656760393088874
writing orbitals and density to disk ... done.

Time taken for Hartree-Fock: 0.61 secs

CCSD Options
{
 cache_size           = 8
 ccsdt_tilesize       = 32
 ndiis                = 5
 threshold            = 1e-08
 tilesize             = 40
 nactive              = 21
 ccsd_maxiter         = 150
 freeze_atomic         = false
 freeze_core          = 0
 freeze_virtual       = 0
 lshift               = 0.1
 readt                = false
 writet               = false
 writev               = false
 writet_iter          = 5
 profile_ccsd         = false
 balance_tiles        = true
 eom_nroots           = 1
 eom_microiter        = 50
 eom_threshold        = 1e-06
 debug                = false
}

#occupied, #virtual = 14, 106

Resetting CCSD tilesize to: 50

CD Options
{
 debug            = false
 write_cv         = false
 diagtol          = 1e-06
 write_vcount     = 5000
 itilesize        = 1000
 max_cvecs_factor = 12
}

-----------------------------------------------------
Begin 2-index transformation ... 

nAO, nMO, nelectrons = 60, 120, 14
n_occ_alpha, n_vir_alpha, n_occ_beta, n_vir_beta = 7,53,7,53

Time taken for Fao->Fmo transform: 0.00 secs

-----------------------------------------------------
Number of AO tiles = 20
# of {all,non-negligible} shell-pairs = {210,210}

    Begin Cholesky Decomposition
---------------------------------------------
- CPU memory required for computing cholesky vectors: 0.02 GiB

- Time for computing the diagonal: 0.00 secs

- Total number of cholesky vectors = 461

- Time to compute cholesky vectors: 1.30 secs

- CPU memory required for resizing the ao cholesky tensor: 0.03 GiB
- CPU memory required for ao2mo transformation: 0.04 GiB
- CPU memory required for the 2-step contraction: 0.05 GiB

- Time for ao to mo transform: 0.13 secs

    End Cholesky Decomposition
---------------------------------------------

Total Time taken for Cholesky Decomposition: 1.46 secs

----------------------------
scf_type = restricted
Closed-Shell SCF
nbf = 60
nbf_orig = 60
n_lindep = 0
focc = 1
nmo = 120
nocc = 14
nvir = 106
n_occ_alpha = 7
n_vir_alpha = 53
n_occ_beta = 7
n_vir_beta = 53
nelectrons = 14
nelectrons_alpha = 7
nelectrons_beta = 7
n_frozen_core = 0
n_frozen_virtual = 0
----------------------------

Total CPU memory required for Closed Shell Cholesky CCSD calculation: 0.09 GiB


 CCSD iterations
------------------------------------------------------------
  Iter     Residuum          Correlation          Time(s)
------------------------------------------------------------
   1     0.6970265727019    0.0000000000000         0.30
   2     0.5731915465935   -1.3332318678437         0.25
   3     1.2458709109948    0.4394251697695         0.26
   4     1.9431289569058   -3.2615430429831         0.26
   5     3.0925183338555    2.0604329432090         0.26
 MICROCYCLE DIIS UPDATE:                    6
   6     0.1465821998845   -0.8194173174312         0.25
   7     0.3320194214814   -0.3786091527594         0.25
   8     0.5630559008515   -1.3237365476762         0.25
   9     1.1335751969573    0.3218700953634         0.25
  10     1.8431667346548   -2.9909243568021         0.25
 MICROCYCLE DIIS UPDATE:                   11
  11     0.0413875158331   -0.7378208198891         0.26
  12     0.1114826704009   -0.6375761779458         0.25
  13     0.1395338328225   -0.8976583109478         0.25
  14     0.3253259014842   -0.4820449884854         0.26
  15     0.5477008508132   -1.3309702799656         0.26
 MICROCYCLE DIIS UPDATE:                   16
  16     0.0352908840848   -0.7797823864395         0.26
  17     0.1121007780518   -0.6950674990232         0.25
  18     0.1264992771704   -0.9387483041711         0.26
  19     0.2888920579946   -0.5841765807982         0.27
  20     0.4582074418258   -1.2870035382099         0.25
 MICROCYCLE DIIS UPDATE:                   21
  21     0.0310058904436   -0.8139194880011         0.25
  22     0.0984706411066   -0.7579341457528         0.26
  23     0.0951469521884   -0.9549968647611         0.25
  24     0.2148865895792   -0.7031612059423         0.25
  25     0.3083186797703   -1.1918481727857         0.26
 MICROCYCLE DIIS UPDATE:                   26
  26     0.0243294029036   -0.8814405333969         0.25
  27     0.0824534643313   -0.8403487523877         0.25
  28     0.0774195994698   -1.0006400172039         0.25
  29     0.1473355126825   -0.8180530861695         0.26
  30     0.1925470115355   -1.1314283988505         0.25
 MICROCYCLE DIIS UPDATE:                   31
  31     0.0107873979819   -0.9590852919786         0.25
  32     0.0296541928092   -0.9477421627774         0.25
  33     0.0263410013294   -1.0029716699491         0.25
  34     0.0415800712081   -0.9478007127545         0.25
  35     0.0478474233615   -1.0297250559428         0.26
 MICROCYCLE DIIS UPDATE:                   36
  36     0.0014701333253   -0.9928678370021         0.25
  37     0.0018111952520   -0.9942037165737         0.25
  38     0.0023703216310   -0.9907508081816         0.26
  39     0.0030490905096   -0.9954434457059         0.27
  40     0.0037932085984   -0.9894201002008         0.26
 MICROCYCLE DIIS UPDATE:                   41
  41     0.0000637668927   -0.9927366859508         0.26
  42     0.0000389156184   -0.9927725119253         0.26
  43     0.0000382822811   -0.9927258740123         0.26
  44     0.0000324803953   -0.9927831987860         0.27
  45     0.0000363903713   -0.9927272860531         0.26
 MICROCYCLE DIIS UPDATE:                   46
  46     0.0000029352185   -0.9927578320725         0.27
  47     0.0000017259894   -0.9927589162671         0.26
  48     0.0000013273352   -0.9927581155593         0.26
  49     0.0000010958111   -0.9927597340229         0.26
  50     0.0000012216974   -0.9927580423659         0.26
 MICROCYCLE DIIS UPDATE:                   51
  51     0.0000001780727   -0.9927591826952         0.26
  52     0.0000000924314   -0.9927591603156         0.26
  53     0.0000001397159   -0.9927591199905         0.27
  54     0.0000003680923   -0.9927591046566         0.26
  55     0.0000010237132   -0.9927591128229         0.27
 MICROCYCLE DIIS UPDATE:                   56
  56     0.0000000143420   -0.9927590894093         0.26
  57     0.0000000106795   -0.9927590954922         0.27
  58     0.0000000106843   -0.9927590842382         0.26
  59     0.0000000212772   -0.9927590950098         0.26
  60     0.0000000549236   -0.9927590814450         0.26
 MICROCYCLE DIIS UPDATE:                   61
  61     0.0000000014717   -0.9927590874697         0.26
------------------------------------------------------------------
 Iterations converged
 CCSD correlation energy / hartree =        -0.992759087469749
 CCSD total energy / hartree       =      -109.038382578162583

Time taken for Closed Shell Cholesky CCSD: 16.00 secs

Threshold for printing amplitudes set to: 0.05
T1, T2 amplitudes written to files: N2_2.9.cc-pvtz_files/restricted/N2_2.9.cc-pvtz.print_t1amp.txt, N2_2.9.cc-pvtz_files/restricted/N2_2.9.cc-pvtz.print_t2amp.txt


DUCC: Time taken to compute Bare Hamiltonian: 0.00 secs

DUCC: Time taken to compute Single Commutator: 0.20 secs

DUCC: Time taken to compute Double Commutator: 8.28 secs

DUCC: Time taken to compute Triple Commutator: 3.70 secs

DUCC: Total Compute Time: 12.19 secs

Number of active orbitals = 28


DUCC: Time to write results: 0.25 secs
