
date: Mon Dec 18 15:49:30 2023
program: "/hpc/home/baum612/code/exachem-dev/build/methods_stage/hpc/home/baum612/code/tamm_install/methods/ExaChem"
input: /hpc/home/baum612/code/exachem-dev/inputs/N2/N2_2.5.json
nnodes: 1, nproc: 2
prefix: N2_2.5

Memory information
{
 CPU memory per node (GiB): 4534
 Total CPU memory (GiB): 4534
}


Input file provided
--------------------
{
  "geometry": {
    "coordinates": [
      "N  0.000000  0.000000  2.500000",
      "N  0.000000  0.000000  0.000000"
    ],
    "units": "angstrom"
  },
  "basis": {
    "basisset": "cc-pVTZ",
    "atom_basis": null
  },
  "SCF": {
    "conve": 1e-09,
    "convd": 1e-08,
    "tilesize": 30,
    "restart": false
  },
  "CD": {
    "diagtol": 1e-06
  },
  "CC": {
    "threshold": 1e-08,
    "ccsd_maxiter": 150,
    "lshift": 0.1,
    "nactive": 21,
    "freeze": {
      "core": 0
    },
    "PRINT": {
      "tamplitudes": [
        true,
        0.05
      ]
    }
  },
  "TASK": {
    "scf": false,
    "mp2": false,
    "cd_2e": false,
    "ccsd": false,
    "ccsd_t": false,
    "ducc": true
  }
}

Number of nodes, processes per node used for SCF calculation: 1, 2

SCF Options
{
 charge       = 0
 multiplicity = 1
 level shift  = 0
 tol_int      = 1e-22
 tol_sch      = 1e-10
 tol_lindep   = 1e-05
 conve        = 1e-09
 convd        = 1e-08
 diis_hist    = 10
 AO_tilesize  = 30
 writem       = 1
 damp         = 100
 scf_type     = restricted
 restart_size = 2000
 restart      = false
 debug        = false
}
**** Resetting tol_sch to 1e-11

Number of basis functions = 60

Total number of shells = 20

Total number of electrons = 14
  # of alpha electrons    = 7
  # of beta electons      = 7

Nuclear repulsion energy  = 10.3718740842042

# of {all,non-negligible} shell-pairs = {210,210}
Number of AO tiles = 20

Time for initial setup: 0.01 secs

Time for computing 1-e integrals T, V, S: 0.00 secs
Time for computing orthogonalizer: 0.00 secs

Superposition of Atomic Density Guess ...
Time taken for SAD: 0.06 secs
Total Time to compute initial guess: 0.09 secs


 SCF iterations
-----------------------------------------------------------------
 Iter     Energy            E-Diff       RMSD          Time(s)
-----------------------------------------------------------------
   1  -108.1440336703    -1.08e+02     1.59e-03         0.1 
   2  -108.1478550590    -3.82e-03     4.90e-04         0.1 
   3  -108.1483913728    -5.36e-04     2.63e-04         0.1 
   4  -108.1484750463    -8.37e-05     1.05e-05         0.1 
   5  -108.1484752505    -2.04e-07     1.51e-06         0.1 
   6  -108.1484752546    -4.12e-09     2.51e-07         0.1 
   7  -108.1484752547    -7.91e-11     2.18e-08         0.1 
   8  -108.1484752547    -3.98e-13     3.20e-09         0.1 

** Total SCF energy = -108.1484752546693

Nuclear repulsion energy = 10.371874084204249
#electrons        = 14.000000000000005
1e energy kinetic = 107.4349369923483977
1e energy N-e     = -274.6777086546615010
1e energy         = -167.2427716623132028
2e energy         = 48.7224223207061229
writing orbitals and density to disk ... done.

Time taken for Hartree-Fock: 0.60 secs

CCSD Options
{
 cache_size           = 8
 ccsdt_tilesize       = 32
 ndiis                = 5
 threshold            = 1e-08
 tilesize             = 40
 nactive              = 21
 ccsd_maxiter         = 150
 freeze_atomic         = false
 freeze_core          = 0
 freeze_virtual       = 0
 lshift               = 0.1
 readt                = false
 writet               = false
 writev               = false
 writet_iter          = 5
 profile_ccsd         = false
 balance_tiles        = true
 eom_nroots           = 1
 eom_microiter        = 50
 eom_threshold        = 1e-06
 debug                = false
}

#occupied, #virtual = 14, 106

Resetting CCSD tilesize to: 50

CD Options
{
 debug            = false
 write_cv         = false
 diagtol          = 1e-06
 write_vcount     = 5000
 itilesize        = 1000
 max_cvecs_factor = 12
}

-----------------------------------------------------
Begin 2-index transformation ... 

nAO, nMO, nelectrons = 60, 120, 14
n_occ_alpha, n_vir_alpha, n_occ_beta, n_vir_beta = 7,53,7,53

Time taken for Fao->Fmo transform: 0.00 secs

-----------------------------------------------------
Number of AO tiles = 20
# of {all,non-negligible} shell-pairs = {210,210}

    Begin Cholesky Decomposition
---------------------------------------------
- CPU memory required for computing cholesky vectors: 0.02 GiB

- Time for computing the diagonal: 0.00 secs

- Total number of cholesky vectors = 464

- Time to compute cholesky vectors: 1.37 secs

- CPU memory required for resizing the ao cholesky tensor: 0.03 GiB
- CPU memory required for ao2mo transformation: 0.04 GiB
- CPU memory required for the 2-step contraction: 0.05 GiB

- Time for ao to mo transform: 0.14 secs

    End Cholesky Decomposition
---------------------------------------------

Total Time taken for Cholesky Decomposition: 1.54 secs

----------------------------
scf_type = restricted
Closed-Shell SCF
nbf = 60
nbf_orig = 60
n_lindep = 0
focc = 1
nmo = 120
nocc = 14
nvir = 106
n_occ_alpha = 7
n_vir_alpha = 53
n_occ_beta = 7
n_vir_beta = 53
nelectrons = 14
nelectrons_alpha = 7
nelectrons_beta = 7
n_frozen_core = 0
n_frozen_virtual = 0
----------------------------

Total CPU memory required for Closed Shell Cholesky CCSD calculation: 0.09 GiB


 CCSD iterations
------------------------------------------------------------
  Iter     Residuum          Correlation          Time(s)
------------------------------------------------------------
   1     0.6874708854355    0.0000000000000         0.32
   2     0.4279086610511   -1.0783314801634         0.29
   3     0.6923194955173   -0.0223809904108         0.29
   4     0.9219633806572   -1.6721797590188         0.29
   5     1.3639872295179    0.5225723318711         0.29
 MICROCYCLE DIIS UPDATE:                    6
   6     0.0664653827411   -0.7121312092004         0.29
   7     0.1176659037146   -0.5716327309720         0.29
   8     0.1320653339841   -0.8155145255825         0.29
   9     0.2305649600029   -0.4940860394300         0.28
  10     0.3008182722987   -0.9980904109614         0.29
 MICROCYCLE DIIS UPDATE:                   11
  11     0.0239419737421   -0.7392613131179         0.29
  12     0.0427780109051   -0.7177592189316         0.26
  13     0.0265440717883   -0.7777715848582         0.25
  14     0.0586243449147   -0.7252904596842         0.28
  15     0.0493151007472   -0.8259108852758         0.28
 MICROCYCLE DIIS UPDATE:                   16
  16     0.0221560071533   -0.8668221147079         0.28
  17     0.0449821435573   -0.9135094592509         0.28
  18     0.0427409667496   -0.8355854044299         0.28
  19     0.0565746618606   -0.9155900576809         0.28
  20     0.0587237006968   -0.8159426956030         0.28
 MICROCYCLE DIIS UPDATE:                   21
  21     0.0025735559259   -0.8647958897790         0.28
  22     0.0058161529298   -0.8681747419521         0.28
  23     0.0037916474835   -0.8592960868828         0.29
  24     0.0064499409874   -0.8664992700845         0.29
  25     0.0056849339590   -0.8556357584284         0.29
 MICROCYCLE DIIS UPDATE:                   26
  26     0.0003729432881   -0.8575320222172         0.28
  27     0.0002480600787   -0.8575096446726         0.29
  28     0.0001457218949   -0.8575629896772         0.29
  29     0.0001125360136   -0.8574462233162         0.29
  30     0.0001116390218   -0.8575843804639         0.28
 MICROCYCLE DIIS UPDATE:                   31
  31     0.0000215418975   -0.8574971759219         0.29
  32     0.0000101402470   -0.8574954937642         0.27
  33     0.0000074011631   -0.8574986052533         0.26
  34     0.0000047911829   -0.8574933202560         0.25
  35     0.0000049280454   -0.8574983931922         0.26
 MICROCYCLE DIIS UPDATE:                   36
  36     0.0000011435062   -0.8574944014676         0.25
  37     0.0000010160346   -0.8574947945832         0.27
  38     0.0000006530669   -0.8574936108541         0.27
  39     0.0000009453640   -0.8574946398868         0.28
  40     0.0000008497876   -0.8574930945492         0.27
 MICROCYCLE DIIS UPDATE:                   41
  41     0.0000000707853   -0.8574936153910         0.28
  42     0.0000000922829   -0.8574936554896         0.28
  43     0.0000000528587   -0.8574935381185         0.27
  44     0.0000001018999   -0.8574936163809         0.27
  45     0.0000001360791   -0.8574934784067         0.27
 MICROCYCLE DIIS UPDATE:                   46
  46     0.0000000187435   -0.8574935148207         0.27
  47     0.0000000243007   -0.8574935212728         0.25
  48     0.0000000143179   -0.8574934910341         0.24
  49     0.0000000275904   -0.8574935095127         0.24
  50     0.0000000411790   -0.8574934752612         0.26
 MICROCYCLE DIIS UPDATE:                   51
  51     0.0000000022679   -0.8574934779243         0.28
------------------------------------------------------------------
 Iterations converged
 CCSD correlation energy / hartree =        -0.857493477924344
 CCSD total energy / hartree       =      -109.005968732593615

Time taken for Closed Shell Cholesky CCSD: 14.32 secs

Threshold for printing amplitudes set to: 0.05
T1, T2 amplitudes written to files: N2_2.5.cc-pvtz_files/restricted/N2_2.5.cc-pvtz.print_t1amp.txt, N2_2.5.cc-pvtz_files/restricted/N2_2.5.cc-pvtz.print_t2amp.txt


DUCC: Time taken to compute Bare Hamiltonian: 0.00 secs

DUCC: Time taken to compute Single Commutator: 0.20 secs

DUCC: Time taken to compute Double Commutator: 8.70 secs

DUCC: Time taken to compute Triple Commutator: 3.77 secs

DUCC: Total Compute Time: 12.68 secs

Number of active orbitals = 28


DUCC: Time to write results: 0.26 secs
