
date: Mon Dec 18 15:46:54 2023
program: "/hpc/home/baum612/code/exachem-dev/build/methods_stage/hpc/home/baum612/code/tamm_install/methods/ExaChem"
input: /hpc/home/baum612/code/exachem-dev/inputs/N2/N2_2.0.json
nnodes: 1, nproc: 2
prefix: N2_2.0

Memory information
{
 CPU memory per node (GiB): 4534
 Total CPU memory (GiB): 4534
}


Input file provided
--------------------
{
  "geometry": {
    "coordinates": [
      "N  0.000000  0.000000  2.000000",
      "N  0.000000  0.000000  0.000000"
    ],
    "units": "angstrom"
  },
  "basis": {
    "basisset": "cc-pVTZ",
    "atom_basis": null
  },
  "SCF": {
    "conve": 1e-09,
    "convd": 1e-08,
    "tilesize": 30,
    "restart": false
  },
  "CD": {
    "diagtol": 1e-06
  },
  "CC": {
    "threshold": 1e-08,
    "ccsd_maxiter": 50,
    "nactive": 21,
    "freeze": {
      "core": 0
    },
    "PRINT": {
      "tamplitudes": [
        true,
        0.05
      ]
    }
  },
  "TASK": {
    "scf": false,
    "mp2": false,
    "cd_2e": false,
    "ccsd": false,
    "ccsd_t": false,
    "ducc": true
  }
}

Number of nodes, processes per node used for SCF calculation: 1, 2

SCF Options
{
 charge       = 0
 multiplicity = 1
 level shift  = 0
 tol_int      = 1e-22
 tol_sch      = 1e-10
 tol_lindep   = 1e-05
 conve        = 1e-09
 convd        = 1e-08
 diis_hist    = 10
 AO_tilesize  = 30
 writem       = 1
 damp         = 100
 scf_type     = restricted
 restart_size = 2000
 restart      = false
 debug        = false
}
**** Resetting tol_sch to 1e-11

Number of basis functions = 60

Total number of shells = 20

Total number of electrons = 14
  # of alpha electrons    = 7
  # of beta electons      = 7

Nuclear repulsion energy  = 12.9648426052553

# of {all,non-negligible} shell-pairs = {210,210}
Number of AO tiles = 20

Time for initial setup: 0.01 secs

Time for computing 1-e integrals T, V, S: 0.00 secs
Time for computing orthogonalizer: 0.00 secs

Superposition of Atomic Density Guess ...
Time taken for SAD: 0.06 secs
Total Time to compute initial guess: 0.09 secs


 SCF iterations
-----------------------------------------------------------------
 Iter     Energy            E-Diff       RMSD          Time(s)
-----------------------------------------------------------------
   1  -108.3502882982    -1.08e+02     1.92e-03         0.1 
   2  -108.3565683833    -6.28e-03     5.57e-04         0.1 
   3  -108.3573878424    -8.19e-04     3.07e-04         0.1 
   4  -108.3575185059    -1.31e-04     1.33e-05         0.1 
   5  -108.3575188107    -3.05e-07     2.05e-06         0.1 
   6  -108.3575188195    -8.78e-09     2.22e-07         0.1 
   7  -108.3575188196    -7.42e-11     4.16e-08         0.1 
   8  -108.3575188196    -1.42e-12     4.32e-09         0.1 

** Total SCF energy = -108.3575188195989

Nuclear repulsion energy = 12.964842605255310
#electrons        = 14.000000000000007
1e energy kinetic = 107.3200896425317836
1e energy N-e     = -279.8796136681968960
1e energy         = -172.5595240256650413
2e energy         = 51.2371625830386463
writing orbitals and density to disk ... done.

Time taken for Hartree-Fock: 0.62 secs

CCSD Options
{
 cache_size           = 8
 ccsdt_tilesize       = 32
 ndiis                = 5
 threshold            = 1e-08
 tilesize             = 40
 nactive              = 21
 ccsd_maxiter         = 50
 freeze_atomic         = false
 freeze_core          = 0
 freeze_virtual       = 0
 readt                = false
 writet               = false
 writev               = false
 writet_iter          = 5
 profile_ccsd         = false
 balance_tiles        = true
 eom_nroots           = 1
 eom_microiter        = 50
 eom_threshold        = 1e-06
 debug                = false
}

#occupied, #virtual = 14, 106

Resetting CCSD tilesize to: 50

CD Options
{
 debug            = false
 write_cv         = false
 diagtol          = 1e-06
 write_vcount     = 5000
 itilesize        = 1000
 max_cvecs_factor = 12
}

-----------------------------------------------------
Begin 2-index transformation ... 

nAO, nMO, nelectrons = 60, 120, 14
n_occ_alpha, n_vir_alpha, n_occ_beta, n_vir_beta = 7,53,7,53

Time taken for Fao->Fmo transform: 0.00 secs

-----------------------------------------------------
Number of AO tiles = 20
# of {all,non-negligible} shell-pairs = {210,210}

    Begin Cholesky Decomposition
---------------------------------------------
- CPU memory required for computing cholesky vectors: 0.02 GiB

- Time for computing the diagonal: 0.00 secs

- Total number of cholesky vectors = 473

- Time to compute cholesky vectors: 1.42 secs

- CPU memory required for resizing the ao cholesky tensor: 0.03 GiB
- CPU memory required for ao2mo transformation: 0.04 GiB
- CPU memory required for the 2-step contraction: 0.05 GiB

- Time for ao to mo transform: 0.13 secs

    End Cholesky Decomposition
---------------------------------------------

Total Time taken for Cholesky Decomposition: 1.58 secs

----------------------------
scf_type = restricted
Closed-Shell SCF
nbf = 60
nbf_orig = 60
n_lindep = 0
focc = 1
nmo = 120
nocc = 14
nvir = 106
n_occ_alpha = 7
n_vir_alpha = 53
n_occ_beta = 7
n_vir_beta = 53
nelectrons = 14
nelectrons_alpha = 7
nelectrons_beta = 7
n_frozen_core = 0
n_frozen_virtual = 0
----------------------------

Total CPU memory required for Closed Shell Cholesky CCSD calculation: 0.10 GiB


 CCSD iterations
------------------------------------------------------------
  Iter     Residuum          Correlation          Time(s)
------------------------------------------------------------
   1     0.6755238168749    0.0000000000000         0.31
   2     0.3690422089903   -0.9081467064259         0.27
   3     0.5475375889784   -0.1165360968035         0.27
   4     0.7023581967685   -1.2680084752938         0.28
   5     0.9955904231526    0.2223317456475         0.28
 MICROCYCLE DIIS UPDATE:                    6
   6     0.0449521753255   -0.6190167961334         0.28
   7     0.0679777407815   -0.5380774315773         0.27
   8     0.0755773568176   -0.6655085044360         0.27
   9     0.1179701312575   -0.5031484521363         0.27
  10     0.1510064988956   -0.7393359105422         0.28
 MICROCYCLE DIIS UPDATE:                   11
  11     0.0061222700175   -0.6160032241876         0.28
  12     0.0077289191913   -0.6110502661944         0.28
  13     0.0053730163953   -0.6213487085137         0.27
  14     0.0099093942700   -0.6107825523353         0.28
  15     0.0101046604508   -0.6281051564832         0.27
 MICROCYCLE DIIS UPDATE:                   16
  16     0.0007104515330   -0.6232788008488         0.28
  17     0.0003852584880   -0.6234159436580         0.28
  18     0.0002275876613   -0.6235419389559         0.28
  19     0.0001510495635   -0.6236072638547         0.28
  20     0.0001061645291   -0.6236606468800         0.27
 MICROCYCLE DIIS UPDATE:                   21
  21     0.0000395091837   -0.6237818403838         0.28
  22     0.0000316179813   -0.6237797014240         0.27
  23     0.0000189790063   -0.6238045210197         0.28
  24     0.0000279224125   -0.6237886895825         0.28
  25     0.0000192783033   -0.6238257784367         0.28
 MICROCYCLE DIIS UPDATE:                   26
  26     0.0000058892121   -0.6238299248838         0.28
  27     0.0000045825125   -0.6238288226781         0.27
  28     0.0000026428282   -0.6238335168131         0.28
  29     0.0000043606815   -0.6238294048260         0.28
  30     0.0000041466625   -0.6238366619481         0.27
 MICROCYCLE DIIS UPDATE:                   31
  31     0.0000006663087   -0.6238343120012         0.28
  32     0.0000007690969   -0.6238339100546         0.27
  33     0.0000004974915   -0.6238348420135         0.28
  34     0.0000009378544   -0.6238338985680         0.28
  35     0.0000009124021   -0.6238354875909         0.28
 MICROCYCLE DIIS UPDATE:                   36
  36     0.0000001238151   -0.6238350704647         0.28
  37     0.0000000946271   -0.6238350687328         0.27
  38     0.0000001470351   -0.6238351240077         0.28
  39     0.0000003285399   -0.6238350893990         0.28
  40     0.0000007433726   -0.6238351655966         0.28
 MICROCYCLE DIIS UPDATE:                   41
  41     0.0000000190511   -0.6238351396829         0.28
  42     0.0000000140979   -0.6238351434632         0.28
  43     0.0000000111392   -0.6238351489084         0.28
  44     0.0000000114402   -0.6238351513526         0.28
  45     0.0000000165137   -0.6238351561366         0.28
 MICROCYCLE DIIS UPDATE:                   46
  46     0.0000000035117   -0.6238351665075         0.28
------------------------------------------------------------------
 Iterations converged
 CCSD correlation energy / hartree =        -0.623835166507456
 CCSD total energy / hartree       =      -108.981353986106313

Time taken for Closed Shell Cholesky CCSD: 12.97 secs

Threshold for printing amplitudes set to: 0.05
T1, T2 amplitudes written to files: N2_2.0.cc-pvtz_files/restricted/N2_2.0.cc-pvtz.print_t1amp.txt, N2_2.0.cc-pvtz_files/restricted/N2_2.0.cc-pvtz.print_t2amp.txt


DUCC: Time taken to compute Bare Hamiltonian: 0.00 secs

DUCC: Time taken to compute Single Commutator: 0.21 secs

DUCC: Time taken to compute Double Commutator: 8.30 secs

DUCC: Time taken to compute Triple Commutator: 3.69 secs

DUCC: Total Compute Time: 12.20 secs

Number of active orbitals = 28


DUCC: Time to write results: 0.26 secs
