
date: Mon Dec 18 15:47:23 2023
program: "/hpc/home/baum612/code/exachem-dev/build/methods_stage/hpc/home/baum612/code/tamm_install/methods/ExaChem"
input: /hpc/home/baum612/code/exachem-dev/inputs/N2/N2_2.1.json
nnodes: 1, nproc: 2
prefix: N2_2.1

Memory information
{
 CPU memory per node (GiB): 4534
 Total CPU memory (GiB): 4534
}


Input file provided
--------------------
{
  "geometry": {
    "coordinates": [
      "N  0.000000  0.000000  2.100000",
      "N  0.000000  0.000000  0.000000"
    ],
    "units": "angstrom"
  },
  "basis": {
    "basisset": "cc-pVTZ",
    "atom_basis": null
  },
  "SCF": {
    "conve": 1e-09,
    "convd": 1e-08,
    "tilesize": 30,
    "restart": false
  },
  "CD": {
    "diagtol": 1e-06
  },
  "CC": {
    "threshold": 1e-08,
    "ccsd_maxiter": 150,
    "lshift": 0.1,
    "nactive": 21,
    "freeze": {
      "core": 0
    },
    "PRINT": {
      "tamplitudes": [
        true,
        0.05
      ]
    }
  },
  "TASK": {
    "scf": false,
    "mp2": false,
    "cd_2e": false,
    "ccsd": false,
    "ccsd_t": false,
    "ducc": true
  }
}

Number of nodes, processes per node used for SCF calculation: 1, 2

SCF Options
{
 charge       = 0
 multiplicity = 1
 level shift  = 0
 tol_int      = 1e-22
 tol_sch      = 1e-10
 tol_lindep   = 1e-05
 conve        = 1e-09
 convd        = 1e-08
 diis_hist    = 10
 AO_tilesize  = 30
 writem       = 1
 damp         = 100
 scf_type     = restricted
 restart_size = 2000
 restart      = false
 debug        = false
}
**** Resetting tol_sch to 1e-11

Number of basis functions = 60

Total number of shells = 20

Total number of electrons = 14
  # of alpha electrons    = 7
  # of beta electons      = 7

Nuclear repulsion energy  = 12.3474691478622

# of {all,non-negligible} shell-pairs = {210,210}
Number of AO tiles = 20

Time for initial setup: 0.01 secs

Time for computing 1-e integrals T, V, S: 0.00 secs
Time for computing orthogonalizer: 0.00 secs

Superposition of Atomic Density Guess ...
Time taken for SAD: 0.06 secs
Total Time to compute initial guess: 0.09 secs


 SCF iterations
-----------------------------------------------------------------
 Iter     Energy            E-Diff       RMSD          Time(s)
-----------------------------------------------------------------
   1  -108.2997201177    -1.08e+02     1.86e-03         0.1 
   2  -108.3053680242    -5.65e-03     5.36e-04         0.1 
   3  -108.3061176817    -7.50e-04     2.95e-04         0.1 
   4  -108.3062367328    -1.19e-04     1.27e-05         0.1 
   5  -108.3062370151    -2.82e-07     1.99e-06         0.1 
   6  -108.3062370233    -8.16e-09     2.14e-07         0.1 
   7  -108.3062370234    -6.72e-11     3.13e-08         0.1 
   8  -108.3062370234    -8.24e-13     3.20e-09         0.1 

** Total SCF energy = -108.3062370233633

Nuclear repulsion energy = 12.347469147862199
#electrons        = 13.999999999999998
1e energy kinetic = 107.3360959909629742
1e energy N-e     = -278.6231825618630182
1e energy         = -171.2870865709001009
2e energy         = 50.6333803831720459
writing orbitals and density to disk ... done.

Time taken for Hartree-Fock: 0.62 secs

CCSD Options
{
 cache_size           = 8
 ccsdt_tilesize       = 32
 ndiis                = 5
 threshold            = 1e-08
 tilesize             = 40
 nactive              = 21
 ccsd_maxiter         = 150
 freeze_atomic         = false
 freeze_core          = 0
 freeze_virtual       = 0
 lshift               = 0.1
 readt                = false
 writet               = false
 writev               = false
 writet_iter          = 5
 profile_ccsd         = false
 balance_tiles        = true
 eom_nroots           = 1
 eom_microiter        = 50
 eom_threshold        = 1e-06
 debug                = false
}

#occupied, #virtual = 14, 106

Resetting CCSD tilesize to: 50

CD Options
{
 debug            = false
 write_cv         = false
 diagtol          = 1e-06
 write_vcount     = 5000
 itilesize        = 1000
 max_cvecs_factor = 12
}

-----------------------------------------------------
Begin 2-index transformation ... 

nAO, nMO, nelectrons = 60, 120, 14
n_occ_alpha, n_vir_alpha, n_occ_beta, n_vir_beta = 7,53,7,53

Time taken for Fao->Fmo transform: 0.00 secs

-----------------------------------------------------
Number of AO tiles = 20
# of {all,non-negligible} shell-pairs = {210,210}

    Begin Cholesky Decomposition
---------------------------------------------
- CPU memory required for computing cholesky vectors: 0.02 GiB

- Time for computing the diagonal: 0.00 secs

- Total number of cholesky vectors = 473

- Time to compute cholesky vectors: 1.41 secs

- CPU memory required for resizing the ao cholesky tensor: 0.03 GiB
- CPU memory required for ao2mo transformation: 0.04 GiB
- CPU memory required for the 2-step contraction: 0.05 GiB

- Time for ao to mo transform: 0.13 secs

    End Cholesky Decomposition
---------------------------------------------

Total Time taken for Cholesky Decomposition: 1.57 secs

----------------------------
scf_type = restricted
Closed-Shell SCF
nbf = 60
nbf_orig = 60
n_lindep = 0
focc = 1
nmo = 120
nocc = 14
nvir = 106
n_occ_alpha = 7
n_vir_alpha = 53
n_occ_beta = 7
n_vir_beta = 53
nelectrons = 14
nelectrons_alpha = 7
nelectrons_beta = 7
n_frozen_core = 0
n_frozen_virtual = 0
----------------------------

Total CPU memory required for Closed Shell Cholesky CCSD calculation: 0.10 GiB


 CCSD iterations
------------------------------------------------------------
  Iter     Residuum          Correlation          Time(s)
------------------------------------------------------------
   1     0.6776620035556    0.0000000000000         0.30
   2     0.2876309819400   -0.8268552950940         0.27
   3     0.3202462218174   -0.3183221941780         0.28
   4     0.3015220280216   -0.8785476006680         0.28
   5     0.3319541787962   -0.3293080792125         0.27
 MICROCYCLE DIIS UPDATE:                    6
   6     0.0274159142425   -0.6147403838736         0.27
   7     0.0332230577083   -0.5911891839216         0.28
   8     0.0205532632726   -0.6276251800292         0.27
   9     0.0302691052602   -0.6013947294011         0.28
  10     0.0186351268587   -0.6391807224912         0.28
 MICROCYCLE DIIS UPDATE:                   11
  11     0.0079838979831   -0.6507650006017         0.28
  12     0.0041656116665   -0.6569318140447         0.27
  13     0.0060351371999   -0.6515652239989         0.27
  14     0.0034760553398   -0.6587413478892         0.28
  15     0.0054642182812   -0.6531201095882         0.28
 MICROCYCLE DIIS UPDATE:                   16
  16     0.0014548101065   -0.6590702284446         0.27
  17     0.0020178204014   -0.6581648322770         0.27
  18     0.0010845967977   -0.6602609926906         0.27
  19     0.0016998117816   -0.6590714170573         0.27
  20     0.0009331012899   -0.6610520987610         0.27
 MICROCYCLE DIIS UPDATE:                   21
  21     0.0002662949977   -0.6621433262041         0.28
  22     0.0002542041627   -0.6620195763399         0.28
  23     0.0001374201365   -0.6622456470628         0.29
  24     0.0002063039848   -0.6621001155282         0.27
  25     0.0001117981537   -0.6623256984104         0.27
 MICROCYCLE DIIS UPDATE:                   26
  26     0.0000605013806   -0.6623918493728         0.27
  27     0.0000684376009   -0.6623678861377         0.27
  28     0.0000370808523   -0.6624357248751         0.27
  29     0.0000556698975   -0.6624002506599         0.27
  30     0.0000300962249   -0.6624631881789         0.27
 MICROCYCLE DIIS UPDATE:                   31
  31     0.0000121384118   -0.6624968760578         0.27
  32     0.0000106658476   -0.6624930783445         0.27
  33     0.0000063899497   -0.6625002311155         0.27
  34     0.0000079775099   -0.6624968707736         0.27
  35     0.0000045030071   -0.6625038189871         0.28
 MICROCYCLE DIIS UPDATE:                   36
  36     0.0000015955822   -0.6625122819449         0.27
  37     0.0000015552900   -0.6625114156733         0.27
  38     0.0000008184226   -0.6625131561209         0.27
  39     0.0000013153333   -0.6625120413672         0.27
  40     0.0000007596575   -0.6625136911089         0.27
 MICROCYCLE DIIS UPDATE:                   41
  41     0.0000002392641   -0.6625140999920         0.27
  42     0.0000002351905   -0.6625140024536         0.27
  43     0.0000001366673   -0.6625141894454         0.27
  44     0.0000001874919   -0.6625140879749         0.28
  45     0.0000001033572   -0.6625142712629         0.27
 MICROCYCLE DIIS UPDATE:                   46
  46     0.0000000646871   -0.6625143625083         0.27
  47     0.0000000820175   -0.6625143444925         0.27
  48     0.0000000903891   -0.6625144033005         0.27
  49     0.0000001460331   -0.6625143773987         0.28
  50     0.0000002270114   -0.6625144309806         0.27
 MICROCYCLE DIIS UPDATE:                   51
  51     0.0000000137106   -0.6625144670352         0.27
  52     0.0000000131982   -0.6625144623338         0.27
  53     0.0000000079317   -0.6625144718626         0.27
------------------------------------------------------------------
 Iterations converged
 CCSD correlation energy / hartree =        -0.662514471862599
 CCSD total energy / hartree       =      -108.968751495225902

Time taken for Closed Shell Cholesky CCSD: 14.74 secs

Threshold for printing amplitudes set to: 0.05
T1, T2 amplitudes written to files: N2_2.1.cc-pvtz_files/restricted/N2_2.1.cc-pvtz.print_t1amp.txt, N2_2.1.cc-pvtz_files/restricted/N2_2.1.cc-pvtz.print_t2amp.txt


DUCC: Time taken to compute Bare Hamiltonian: 0.00 secs

DUCC: Time taken to compute Single Commutator: 0.20 secs

DUCC: Time taken to compute Double Commutator: 8.31 secs

DUCC: Time taken to compute Triple Commutator: 3.69 secs

DUCC: Total Compute Time: 12.21 secs

Number of active orbitals = 28


DUCC: Time to write results: 0.26 secs
