
date: Mon Dec 18 15:50:01 2023
program: "/hpc/home/baum612/code/exachem-dev/build/methods_stage/hpc/home/baum612/code/tamm_install/methods/ExaChem"
input: /hpc/home/baum612/code/exachem-dev/inputs/N2/N2_2.6.json
nnodes: 1, nproc: 2
prefix: N2_2.6

Memory information
{
 CPU memory per node (GiB): 4534
 Total CPU memory (GiB): 4534
}


Input file provided
--------------------
{
  "geometry": {
    "coordinates": [
      "N  0.000000  0.000000  2.600000",
      "N  0.000000  0.000000  0.000000"
    ],
    "units": "angstrom"
  },
  "basis": {
    "basisset": "cc-pVTZ",
    "atom_basis": null
  },
  "SCF": {
    "conve": 1e-09,
    "convd": 1e-08,
    "tilesize": 30,
    "restart": false
  },
  "CD": {
    "diagtol": 1e-06
  },
  "CC": {
    "threshold": 1e-08,
    "ccsd_maxiter": 150,
    "lshift": 0.1,
    "nactive": 21,
    "freeze": {
      "core": 0
    },
    "PRINT": {
      "tamplitudes": [
        true,
        0.05
      ]
    }
  },
  "TASK": {
    "scf": false,
    "mp2": false,
    "cd_2e": false,
    "ccsd": false,
    "ccsd_t": false,
    "ducc": true
  }
}

Number of nodes, processes per node used for SCF calculation: 1, 2

SCF Options
{
 charge       = 0
 multiplicity = 1
 level shift  = 0
 tol_int      = 1e-22
 tol_sch      = 1e-10
 tol_lindep   = 1e-05
 conve        = 1e-09
 convd        = 1e-08
 diis_hist    = 10
 AO_tilesize  = 30
 writem       = 1
 damp         = 100
 scf_type     = restricted
 restart_size = 2000
 restart      = false
 debug        = false
}
**** Resetting tol_sch to 1e-11

Number of basis functions = 60

Total number of shells = 20

Total number of electrons = 14
  # of alpha electrons    = 7
  # of beta electons      = 7

Nuclear repulsion energy  = 9.97295585019639

# of {all,non-negligible} shell-pairs = {210,210}
Number of AO tiles = 20

Time for initial setup: 0.01 secs

Time for computing 1-e integrals T, V, S: 0.00 secs
Time for computing orthogonalizer: 0.00 secs

Superposition of Atomic Density Guess ...
Time taken for SAD: 0.06 secs
Total Time to compute initial guess: 0.09 secs


 SCF iterations
-----------------------------------------------------------------
 Iter     Energy            E-Diff       RMSD          Time(s)
-----------------------------------------------------------------
   1  -108.1145248641    -1.08e+02     1.53e-03         0.1 
   2  -108.1180083259    -3.48e-03     4.85e-04         0.1 
   3  -108.1185031947    -4.95e-04     2.55e-04         0.1 
   4  -108.1185794725    -7.63e-05     1.02e-05         0.1 
   5  -108.1185796651    -1.93e-07     1.34e-06         0.1 
   6  -108.1185796684    -3.26e-09     2.62e-07         0.1 
   7  -108.1185796684    -8.42e-11     2.39e-08         0.1 
   8  -108.1185796684    -4.97e-13     5.83e-09         0.1 

** Total SCF energy = -108.1185796684433

Nuclear repulsion energy = 9.972955850196394
#electrons        = 13.999999999999989
1e energy kinetic = 107.4618330693219548
1e energy N-e     = -273.8949638369035142
1e energy         = -166.4331307675815310
2e energy         = 48.3415952519229606
writing orbitals and density to disk ... done.

Time taken for Hartree-Fock: 0.59 secs

CCSD Options
{
 cache_size           = 8
 ccsdt_tilesize       = 32
 ndiis                = 5
 threshold            = 1e-08
 tilesize             = 40
 nactive              = 21
 ccsd_maxiter         = 150
 freeze_atomic         = false
 freeze_core          = 0
 freeze_virtual       = 0
 lshift               = 0.1
 readt                = false
 writet               = false
 writev               = false
 writet_iter          = 5
 profile_ccsd         = false
 balance_tiles        = true
 eom_nroots           = 1
 eom_microiter        = 50
 eom_threshold        = 1e-06
 debug                = false
}

#occupied, #virtual = 14, 106

Resetting CCSD tilesize to: 50

CD Options
{
 debug            = false
 write_cv         = false
 diagtol          = 1e-06
 write_vcount     = 5000
 itilesize        = 1000
 max_cvecs_factor = 12
}

-----------------------------------------------------
Begin 2-index transformation ... 

nAO, nMO, nelectrons = 60, 120, 14
n_occ_alpha, n_vir_alpha, n_occ_beta, n_vir_beta = 7,53,7,53

Time taken for Fao->Fmo transform: 0.00 secs

-----------------------------------------------------
Number of AO tiles = 20
# of {all,non-negligible} shell-pairs = {210,210}

    Begin Cholesky Decomposition
---------------------------------------------
- CPU memory required for computing cholesky vectors: 0.02 GiB

- Time for computing the diagonal: 0.00 secs

- Total number of cholesky vectors = 464

- Time to compute cholesky vectors: 1.36 secs

- CPU memory required for resizing the ao cholesky tensor: 0.03 GiB
- CPU memory required for ao2mo transformation: 0.04 GiB
- CPU memory required for the 2-step contraction: 0.05 GiB

- Time for ao to mo transform: 0.14 secs

    End Cholesky Decomposition
---------------------------------------------

Total Time taken for Cholesky Decomposition: 1.54 secs

----------------------------
scf_type = restricted
Closed-Shell SCF
nbf = 60
nbf_orig = 60
n_lindep = 0
focc = 1
nmo = 120
nocc = 14
nvir = 106
n_occ_alpha = 7
n_vir_alpha = 53
n_occ_beta = 7
n_vir_beta = 53
nelectrons = 14
nelectrons_alpha = 7
nelectrons_beta = 7
n_frozen_core = 0
n_frozen_virtual = 0
----------------------------

Total CPU memory required for Closed Shell Cholesky CCSD calculation: 0.09 GiB


 CCSD iterations
------------------------------------------------------------
  Iter     Residuum          Correlation          Time(s)
------------------------------------------------------------
   1     0.6899271815386    0.0000000000000         0.33
   2     0.4642404657967   -1.1422670392017         0.29
   3     0.8138618528920    0.0789395238620         0.29
   4     1.1453951247359   -1.9835776980396         0.29
   5     1.7645193350495    0.8757702466230         0.29
 MICROCYCLE DIIS UPDATE:                    6
   6     0.0894536995772   -0.7494381088855         0.29
   7     0.1701259341059   -0.5334606758198         0.29
   8     0.2220854120940   -0.9230210776095         0.28
   9     0.3929305614170   -0.3597221103895         0.28
  10     0.5769860320572   -1.2897111550989         0.28
 MICROCYCLE DIIS UPDATE:                   11
  11     0.0318626868266   -0.7413273622170         0.28
  12     0.0777404672215   -0.6760515523933         0.28
  13     0.0712360637286   -0.8204425382796         0.28
  14     0.1472085154628   -0.6439815396948         0.29
  15     0.1794314374609   -0.9505665819470         0.29
 MICROCYCLE DIIS UPDATE:                   16
  16     0.0211490225818   -0.8087657913106         0.29
  17     0.0398294128169   -0.7954940472007         0.29
  18     0.0231807231266   -0.8528263684503         0.29
  19     0.0509342493510   -0.8078658560816         0.29
  20     0.0441306953709   -0.8969716164998         0.30
 MICROCYCLE DIIS UPDATE:                   21
  21     0.0073592350964   -0.9056105353649         0.29
  22     0.0161142289547   -0.9201210820551         0.30
  23     0.0147933398975   -0.8914956734383         0.29
  24     0.0202559519205   -0.9198387599739         0.29
  25     0.0214018950452   -0.8832139008903         0.29
 MICROCYCLE DIIS UPDATE:                   26
  26     0.0009095640296   -0.9008203362560         0.29
  27     0.0019796742127   -0.9019053660704         0.29
  28     0.0012907538933   -0.8988132776088         0.29
  29     0.0021127593367   -0.9012504121851         0.29
  30     0.0019324131185   -0.8975951745423         0.29
 MICROCYCLE DIIS UPDATE:                   31
  31     0.0000702702056   -0.8984642967606         0.29
  32     0.0000480402503   -0.8984476143173         0.29
  33     0.0000324518100   -0.8985036682668         0.29
  34     0.0000396100549   -0.8984572633724         0.30
  35     0.0000379632112   -0.8985250665943         0.29
 MICROCYCLE DIIS UPDATE:                   36
  36     0.0000045017593   -0.8985000068654         0.29
  37     0.0000049152546   -0.8984980866826         0.29
  38     0.0000030051039   -0.8985048211194         0.29
  39     0.0000046865474   -0.8984998126960         0.27
  40     0.0000040890696   -0.8985076888637         0.28
 MICROCYCLE DIIS UPDATE:                   41
  41     0.0000002830312   -0.8985055972560         0.28
  42     0.0000003638583   -0.8985054775278         0.28
  43     0.0000002144640   -0.8985060068865         0.28
  44     0.0000003622772   -0.8985056398291         0.28
  45     0.0000003284194   -0.8985062470136         0.28
 MICROCYCLE DIIS UPDATE:                   46
  46     0.0000000481953   -0.8985060631987         0.26
  47     0.0000000709187   -0.8985060322183         0.28
  48     0.0000000681059   -0.8985061289192         0.28
  49     0.0000001504508   -0.8985060573421         0.29
  50     0.0000003311045   -0.8985061707259         0.28
 MICROCYCLE DIIS UPDATE:                   51
  51     0.0000000063039   -0.8985061383416         0.28
------------------------------------------------------------------
 Iterations converged
 CCSD correlation energy / hartree =        -0.898506138341625
 CCSD total energy / hartree       =      -109.017085806784948

Time taken for Closed Shell Cholesky CCSD: 14.88 secs

Threshold for printing amplitudes set to: 0.05
T1, T2 amplitudes written to files: N2_2.6.cc-pvtz_files/restricted/N2_2.6.cc-pvtz.print_t1amp.txt, N2_2.6.cc-pvtz_files/restricted/N2_2.6.cc-pvtz.print_t2amp.txt


DUCC: Time taken to compute Bare Hamiltonian: 0.00 secs

DUCC: Time taken to compute Single Commutator: 0.20 secs

DUCC: Time taken to compute Double Commutator: 8.21 secs

DUCC: Time taken to compute Triple Commutator: 3.65 secs

DUCC: Total Compute Time: 12.06 secs

Number of active orbitals = 28


DUCC: Time to write results: 0.25 secs
