
date: Mon Dec 18 15:54:56 2023
program: "/hpc/home/baum612/code/exachem-dev/build/methods_stage/hpc/home/baum612/code/tamm_install/methods/ExaChem"
input: /hpc/home/baum612/code/exachem-dev/inputs/N2/N2_3.5.json
nnodes: 1, nproc: 2
prefix: N2_3.5

Memory information
{
 CPU memory per node (GiB): 4534
 Total CPU memory (GiB): 4534
}


Input file provided
--------------------
{
  "geometry": {
    "coordinates": [
      "N  0.000000  0.000000  3.500000",
      "N  0.000000  0.000000  0.000000"
    ],
    "units": "angstrom"
  },
  "basis": {
    "basisset": "cc-pVTZ",
    "atom_basis": null
  },
  "SCF": {
    "conve": 1e-09,
    "convd": 1e-08,
    "tilesize": 30,
    "restart": false
  },
  "CD": {
    "diagtol": 1e-06
  },
  "CC": {
    "threshold": 1e-08,
    "ccsd_maxiter": 150,
    "lshift": 0.1,
    "nactive": 21,
    "freeze": {
      "core": 0
    },
    "PRINT": {
      "tamplitudes": [
        true,
        0.05
      ]
    }
  },
  "TASK": {
    "scf": false,
    "mp2": false,
    "cd_2e": false,
    "ccsd": false,
    "ccsd_t": false,
    "ducc": true
  }
}

Number of nodes, processes per node used for SCF calculation: 1, 2

SCF Options
{
 charge       = 0
 multiplicity = 1
 level shift  = 0
 tol_int      = 1e-22
 tol_sch      = 1e-10
 tol_lindep   = 1e-05
 conve        = 1e-09
 convd        = 1e-08
 diis_hist    = 10
 AO_tilesize  = 30
 writem       = 1
 damp         = 100
 scf_type     = restricted
 restart_size = 2000
 restart      = false
 debug        = false
}
**** Resetting tol_sch to 1e-11

Number of basis functions = 60

Total number of shells = 20

Total number of electrons = 14
  # of alpha electrons    = 7
  # of beta electons      = 7

Nuclear repulsion energy  = 7.40848148871732

# of {all,non-negligible} shell-pairs = {210,210}
Number of AO tiles = 20

Time for initial setup: 0.01 secs

Time for computing 1-e integrals T, V, S: 0.00 secs
Time for computing orthogonalizer: 0.00 secs

Superposition of Atomic Density Guess ...
Time taken for SAD: 0.06 secs
Total Time to compute initial guess: 0.09 secs


 SCF iterations
-----------------------------------------------------------------
 Iter     Energy            E-Diff       RMSD          Time(s)
-----------------------------------------------------------------
   1  -107.9495194621    -1.08e+02     1.03e-03         0.0 
   2  -107.9509028737    -1.38e-03     4.20e-04         0.0 
   3  -107.9511019798    -1.99e-04     1.39e-04         0.0 
   4  -107.9511219766    -2.00e-05     7.89e-06         0.0 
   5  -107.9511220985    -1.22e-07     7.86e-07         0.0 
   6  -107.9511220997    -1.27e-09     2.08e-07         0.0 
   7  -107.9511220998    -6.16e-11     6.17e-08         0.0 
   8  -107.9511220998     2.22e-11     5.37e-08         0.0 
   9  -107.9511220998    -2.30e-11     3.85e-09         0.0 

** Total SCF energy = -107.9511220997879

Nuclear repulsion energy = 7.408481488717321
#electrons        = 13.999999999999998
1e energy kinetic = 107.6562106195774788
1e energy N-e     = -268.9594882970187655
1e energy         = -161.3032776774414288
2e energy         = 45.9436741191083513
writing orbitals and density to disk ... done.

Time taken for Hartree-Fock: 0.54 secs

CCSD Options
{
 cache_size           = 8
 ccsdt_tilesize       = 32
 ndiis                = 5
 threshold            = 1e-08
 tilesize             = 40
 nactive              = 21
 ccsd_maxiter         = 150
 freeze_atomic         = false
 freeze_core          = 0
 freeze_virtual       = 0
 lshift               = 0.1
 readt                = false
 writet               = false
 writev               = false
 writet_iter          = 5
 profile_ccsd         = false
 balance_tiles        = true
 eom_nroots           = 1
 eom_microiter        = 50
 eom_threshold        = 1e-06
 debug                = false
}

#occupied, #virtual = 14, 106

Resetting CCSD tilesize to: 50

CD Options
{
 debug            = false
 write_cv         = false
 diagtol          = 1e-06
 write_vcount     = 5000
 itilesize        = 1000
 max_cvecs_factor = 12
}

-----------------------------------------------------
Begin 2-index transformation ... 

nAO, nMO, nelectrons = 60, 120, 14
n_occ_alpha, n_vir_alpha, n_occ_beta, n_vir_beta = 7,53,7,53

Time taken for Fao->Fmo transform: 0.00 secs

-----------------------------------------------------
Number of AO tiles = 20
# of {all,non-negligible} shell-pairs = {210,210}

    Begin Cholesky Decomposition
---------------------------------------------
- CPU memory required for computing cholesky vectors: 0.02 GiB

- Time for computing the diagonal: 0.00 secs

- Total number of cholesky vectors = 446

- Time to compute cholesky vectors: 1.21 secs

- CPU memory required for resizing the ao cholesky tensor: 0.03 GiB
- CPU memory required for ao2mo transformation: 0.04 GiB
- CPU memory required for the 2-step contraction: 0.05 GiB

- Time for ao to mo transform: 0.13 secs

    End Cholesky Decomposition
---------------------------------------------

Total Time taken for Cholesky Decomposition: 1.37 secs

----------------------------
scf_type = restricted
Closed-Shell SCF
nbf = 60
nbf_orig = 60
n_lindep = 0
focc = 1
nmo = 120
nocc = 14
nvir = 106
n_occ_alpha = 7
n_vir_alpha = 53
n_occ_beta = 7
n_vir_beta = 53
nelectrons = 14
nelectrons_alpha = 7
nelectrons_beta = 7
n_frozen_core = 0
n_frozen_virtual = 0
----------------------------

Total CPU memory required for Closed Shell Cholesky CCSD calculation: 0.09 GiB


 CCSD iterations
------------------------------------------------------------
  Iter     Residuum          Correlation          Time(s)
------------------------------------------------------------
   1     0.7097623356764    0.0000000000000         0.30
   2     0.7814804325483   -1.7013831678863         0.27
   3     2.3899226353392    1.3547728796702         0.24
   4     3.6188158345330   -7.6710733666767         0.25
   5     12.9779761624898  -0.5297025165514         0.25
 MICROCYCLE DIIS UPDATE:                    6
   6     0.1997639677864   -0.9091154484330         0.25
   7     0.5861625645613   -0.1606042048032         0.24
   8     1.3111692420407   -2.3011672384215         0.25
   9     3.1705615635636    2.2284395868985         0.25
  10     20.5145034729821  -10.4013540582521         0.24
 MICROCYCLE DIIS UPDATE:                   11
  11     0.0876937863267   -0.6999443816365         0.24
  12     0.0774282784465   -0.8715217105786         0.24
  13     0.2774406517036   -0.5761461166601         0.25
  14     0.5730174623226   -1.4438263655565         0.24
  15     1.2524655525277    0.3785710176712         0.25
 MICROCYCLE DIIS UPDATE:                   16
  16     0.0404382203575   -0.8605260033924         0.25
  17     0.1442909542188   -0.7738046959808         0.25
  18     0.2009080960206   -1.1410253963007         0.24
  19     0.4993242903780   -0.5087542604250         0.26
  20     1.1061435658681   -1.9759608702097         0.25
 MICROCYCLE DIIS UPDATE:                   21
  21     0.0413065138412   -0.8182528999329         0.24
  22     0.1115156658394   -0.7715026727923         0.25
  23     0.1273228577467   -1.0330475652561         0.26
  24     0.3846805808109   -0.5982506779346         0.27
  25     0.8099862924152   -1.7234427723639         0.25
 MICROCYCLE DIIS UPDATE:                   26
  26     0.0404083923558   -0.8248561714240         0.24
  27     0.1269056968974   -0.7573355040036         0.24
  28     0.1664317556357   -1.0746951798699         0.24
  29     0.4674286186765   -0.5162011961366         0.24
  30     1.0387313738889   -1.9132882286862         0.24
 MICROCYCLE DIIS UPDATE:                   31
  31     0.0402831983867   -0.8458965031199         0.25
  32     0.1423250866996   -0.7651231835106         0.25
  33     0.1982912513268   -1.1287463607099         0.25
  34     0.5085697656994   -0.4934407366711         0.24
  35     1.1414674285588   -2.0024220984496         0.25
 MICROCYCLE DIIS UPDATE:                   36
  36     0.0393731101844   -0.8747536589121         0.25
  37     0.1526827493899   -0.7897048395346         0.25
  38     0.2172810350872   -1.1793327104277         0.25
  39     0.4991560195042   -0.5248935643128         0.25
  40     1.0916408869929   -1.9678058824269         0.25
 MICROCYCLE DIIS UPDATE:                   41
  41     0.0371990868528   -0.9080797721829         0.25
  42     0.1535225044938   -0.8282813531049         0.24
  43     0.2187782845728   -1.2154668261097         0.24
  44     0.4437964768720   -0.6006014157967         0.24
  45     0.9109948284611   -1.8302655746107         0.26
 MICROCYCLE DIIS UPDATE:                   46
  46     0.0332315246622   -0.9471867013979         0.26
  47     0.1436039466585   -0.8785301871417         0.24
  48     0.2053572361585   -1.2365175962040         0.24
  49     0.3622864122458   -0.7002383267762         0.24
  50     0.6719909811199   -1.6464393942089         0.25
 MICROCYCLE DIIS UPDATE:                   51
  51     0.0263167482831   -0.9940053284495         0.25
  52     0.1178775101089   -0.9420926460710         0.25
  53     0.1703910473830   -1.2335878329019         0.25
  54     0.2622004238637   -0.8181659906468         0.24
  55     0.4208385540837   -1.4508435554414         0.24
 MICROCYCLE DIIS UPDATE:                   56
  56     0.0163005211900   -1.0435114071848         0.25
  57     0.0740009275364   -1.0132450177746         0.25
  58     0.1079194465838   -1.1953631831805         0.25
  59     0.1525279011521   -0.9435174845391         0.25
  60     0.2093715393851   -1.2832645445660         0.25
 MICROCYCLE DIIS UPDATE:                   61
  61     0.0065133560547   -1.0821607690556         0.25
  62     0.0284170287273   -1.0711894379385         0.25
  63     0.0411212226161   -1.1407287111744         0.24
  64     0.0568976896818   -1.0460179559137         0.25
  65     0.0703832657190   -1.1671465289044         0.25
 MICROCYCLE DIIS UPDATE:                   66
  66     0.0012659527908   -1.1006944307751         0.25
  67     0.0033799246999   -1.0996671015556         0.26
  68     0.0044627636774   -1.1075245634191         0.26
  69     0.0060233985084   -1.0974502625164         0.25
  70     0.0068083831110   -1.1097714981196         0.24
 MICROCYCLE DIIS UPDATE:                   71
  71     0.0000969736767   -1.1036582624365         0.24
  72     0.0004583044445   -1.1039270953718         0.25
  73     0.0007153165128   -1.1027855328190         0.25
  74     0.0009994594279   -1.1044087619278         0.24
  75     0.0012290374256   -1.1023158449412         0.25
 MICROCYCLE DIIS UPDATE:                   76
  76     0.0000095399132   -1.1034626300976         0.25
  77     0.0000179782723   -1.1034730407605         0.25
  78     0.0000231531956   -1.1034334641657         0.25
  79     0.0000285297493   -1.1034805585777         0.25
  80     0.0000299802853   -1.1034294888536         0.25
 MICROCYCLE DIIS UPDATE:                   81
  81     0.0000011082913   -1.1034539670316         0.24
  82     0.0000015585987   -1.1034530275140         0.24
  83     0.0000027394940   -1.1034561276955         0.25
  84     0.0000064205782   -1.1034516302006         0.24
  85     0.0000196352615   -1.1034574708490         0.25
 MICROCYCLE DIIS UPDATE:                   86
  86     0.0000002152713   -1.1034543405685         0.25
  87     0.0000001230308   -1.1034542665846         0.24
  88     0.0000001370496   -1.1034542999586         0.25
  89     0.0000003766993   -1.1034541934971         0.25
  90     0.0000012331493   -1.1034543718528         0.25
 MICROCYCLE DIIS UPDATE:                   91
  91     0.0000000244203   -1.1034542363105         0.25
  92     0.0000000230898   -1.1034542473872         0.25
  93     0.0000000412303   -1.1034542891114         0.25
  94     0.0000000752871   -1.1034542130903         0.24
  95     0.0000001611112   -1.1034543331413         0.24
 MICROCYCLE DIIS UPDATE:                   96
  96     0.0000000037586   -1.1034542615718         0.25
------------------------------------------------------------------
 Iterations converged
 CCSD correlation energy / hartree =        -1.103454261571757
 CCSD total energy / hartree       =      -109.054576361359636

Time taken for Closed Shell Cholesky CCSD: 24.21 secs

Threshold for printing amplitudes set to: 0.05
T1, T2 amplitudes written to files: N2_3.5.cc-pvtz_files/restricted/N2_3.5.cc-pvtz.print_t1amp.txt, N2_3.5.cc-pvtz_files/restricted/N2_3.5.cc-pvtz.print_t2amp.txt


DUCC: Time taken to compute Bare Hamiltonian: 0.00 secs

DUCC: Time taken to compute Single Commutator: 0.21 secs

DUCC: Time taken to compute Double Commutator: 8.27 secs

DUCC: Time taken to compute Triple Commutator: 3.70 secs

DUCC: Total Compute Time: 12.17 secs

Number of active orbitals = 28


DUCC: Time to write results: 0.24 secs
