
date: Mon Dec 18 15:52:38 2023
program: "/hpc/home/baum612/code/exachem-dev/build/methods_stage/hpc/home/baum612/code/tamm_install/methods/ExaChem"
input: /hpc/home/baum612/code/exachem-dev/inputs/N2/N2_3.1.json
nnodes: 1, nproc: 2
prefix: N2_3.1

Memory information
{
 CPU memory per node (GiB): 4534
 Total CPU memory (GiB): 4534
}


Input file provided
--------------------
{
  "geometry": {
    "coordinates": [
      "N  0.000000  0.000000  3.100000",
      "N  0.000000  0.000000  0.000000"
    ],
    "units": "angstrom"
  },
  "basis": {
    "basisset": "cc-pVTZ",
    "atom_basis": null
  },
  "SCF": {
    "conve": 1e-09,
    "convd": 1e-08,
    "tilesize": 30,
    "restart": false
  },
  "CD": {
    "diagtol": 1e-06
  },
  "CC": {
    "threshold": 1e-08,
    "ccsd_maxiter": 150,
    "lshift": 0.1,
    "nactive": 21,
    "freeze": {
      "core": 0
    },
    "PRINT": {
      "tamplitudes": [
        true,
        0.05
      ]
    }
  },
  "TASK": {
    "scf": false,
    "mp2": false,
    "cd_2e": false,
    "ccsd": false,
    "ccsd_t": false,
    "ducc": true
  }
}

Number of nodes, processes per node used for SCF calculation: 1, 2

SCF Options
{
 charge       = 0
 multiplicity = 1
 level shift  = 0
 tol_int      = 1e-22
 tol_sch      = 1e-10
 tol_lindep   = 1e-05
 conve        = 1e-09
 convd        = 1e-08
 diis_hist    = 10
 AO_tilesize  = 30
 writem       = 1
 damp         = 100
 scf_type     = restricted
 restart_size = 2000
 restart      = false
 debug        = false
}
**** Resetting tol_sch to 1e-11

Number of basis functions = 60

Total number of shells = 20

Total number of electrons = 14
  # of alpha electrons    = 7
  # of beta electons      = 7

Nuclear repulsion energy  = 8.36441458403568

# of {all,non-negligible} shell-pairs = {210,210}
Number of AO tiles = 20

Time for initial setup: 0.02 secs

Time for computing 1-e integrals T, V, S: 0.00 secs
Time for computing orthogonalizer: 0.00 secs

Superposition of Atomic Density Guess ...
Time taken for SAD: 0.08 secs
Total Time to compute initial guess: 0.12 secs


 SCF iterations
-----------------------------------------------------------------
 Iter     Energy            E-Diff       RMSD          Time(s)
-----------------------------------------------------------------
   1  -108.0054542781    -1.08e+02     1.24e-03         0.1 
   2  -108.0076151911    -2.16e-03     4.67e-04         0.0 
   3  -108.0079329150    -3.18e-04     2.01e-04         0.0 
   4  -108.0079744866    -4.16e-05     9.13e-06         0.0 
   5  -108.0079746422    -1.56e-07     8.37e-07         0.0 
   6  -108.0079746437    -1.50e-09     2.59e-07         0.0 
   7  -108.0079746438    -7.84e-11     2.48e-08         0.1 
   8  -108.0079746438    -1.42e-14     9.25e-09         0.1 

** Total SCF energy = -108.0079746437844

Nuclear repulsion energy = 8.364414584035684
#electrons        = 13.999999999999991
1e energy kinetic = 107.5823414117639913
1e energy N-e     = -270.7806884913986778
1e energy         = -163.1983470796345443
2e energy         = 46.8259578529883029
writing orbitals and density to disk ... done.

Time taken for Hartree-Fock: 0.58 secs

CCSD Options
{
 cache_size           = 8
 ccsdt_tilesize       = 32
 ndiis                = 5
 threshold            = 1e-08
 tilesize             = 40
 nactive              = 21
 ccsd_maxiter         = 150
 freeze_atomic         = false
 freeze_core          = 0
 freeze_virtual       = 0
 lshift               = 0.1
 readt                = false
 writet               = false
 writev               = false
 writet_iter          = 5
 profile_ccsd         = false
 balance_tiles        = true
 eom_nroots           = 1
 eom_microiter        = 50
 eom_threshold        = 1e-06
 debug                = false
}

#occupied, #virtual = 14, 106

Resetting CCSD tilesize to: 50

CD Options
{
 debug            = false
 write_cv         = false
 diagtol          = 1e-06
 write_vcount     = 5000
 itilesize        = 1000
 max_cvecs_factor = 12
}

-----------------------------------------------------
Begin 2-index transformation ... 

nAO, nMO, nelectrons = 60, 120, 14
n_occ_alpha, n_vir_alpha, n_occ_beta, n_vir_beta = 7,53,7,53

Time taken for Fao->Fmo transform: 0.00 secs

-----------------------------------------------------
Number of AO tiles = 20
# of {all,non-negligible} shell-pairs = {210,210}

    Begin Cholesky Decomposition
---------------------------------------------
- CPU memory required for computing cholesky vectors: 0.02 GiB

- Time for computing the diagonal: 0.00 secs

- Total number of cholesky vectors = 448

- Time to compute cholesky vectors: 1.25 secs

- CPU memory required for resizing the ao cholesky tensor: 0.03 GiB
- CPU memory required for ao2mo transformation: 0.04 GiB
- CPU memory required for the 2-step contraction: 0.05 GiB

- Time for ao to mo transform: 0.12 secs

    End Cholesky Decomposition
---------------------------------------------

Total Time taken for Cholesky Decomposition: 1.40 secs

----------------------------
scf_type = restricted
Closed-Shell SCF
nbf = 60
nbf_orig = 60
n_lindep = 0
focc = 1
nmo = 120
nocc = 14
nvir = 106
n_occ_alpha = 7
n_vir_alpha = 53
n_occ_beta = 7
n_vir_beta = 53
nelectrons = 14
nelectrons_alpha = 7
nelectrons_beta = 7
n_frozen_core = 0
n_frozen_virtual = 0
----------------------------

Total CPU memory required for Closed Shell Cholesky CCSD calculation: 0.09 GiB


 CCSD iterations
------------------------------------------------------------
  Iter     Residuum          Correlation          Time(s)
------------------------------------------------------------
   1     0.7015014238932    0.0000000000000         0.28
   2     0.6445588308465   -1.4585433930041         0.25
   3     1.5878672916314    0.7201375495437         0.25
   4     2.5267617522526   -4.4376696336844         0.25
   5     4.1456948699827    2.5244652568387         0.25
 MICROCYCLE DIIS UPDATE:                    6
   6     0.1366318765419   -0.8083127135289         0.25
   7     0.3345546332890   -0.3746118736900         0.25
   8     0.6239230194287   -1.4220588794893         0.26
   9     1.4181775733333    0.5829101951572         0.25
  10     2.2718233808722   -3.9974973035919         0.26
 MICROCYCLE DIIS UPDATE:                   11
  11     0.0419459598250   -0.7354411444405         0.25
  12     0.1030278839864   -0.6575738798674         0.25
  13     0.1307117053218   -0.9061136581623         0.25
  14     0.3483851029516   -0.4767008429883         0.25
  15     0.6513080573699   -1.4637392094254         0.26
 MICROCYCLE DIIS UPDATE:                   16
  16     0.0392935861394   -0.7999457410114         0.25
  17     0.1387548896056   -0.6917283618843         0.26
  18     0.1856633445678   -1.0279992386152         0.26
  19     0.4364313295109   -0.4752498920300         0.26
  20     0.8225635496547   -1.6507482742941         0.24
 MICROCYCLE DIIS UPDATE:                   21
  21     0.0356075481594   -0.8136970050674         0.26
  22     0.1218745639607   -0.7402126880140         0.25
  23     0.1412234112799   -1.0143527860992         0.25
  24     0.3380055310483   -0.6042953839540         0.25
  25     0.5901394836864   -1.4685071282923         0.25
 MICROCYCLE DIIS UPDATE:                   26
  26     0.0334391011080   -0.8500143011565         0.26
  27     0.1215083288715   -0.7839384736079         0.26
  28     0.1367783351935   -1.0505757368988         0.26
  29     0.2988166719121   -0.6791036592788         0.25
  30     0.4942155866919   -1.4107859162748         0.25
 MICROCYCLE DIIS UPDATE:                   31
  31     0.0282970934640   -0.9036154899289         0.26
  32     0.1094617472696   -0.8491227755973         0.26
  33     0.1223152460778   -1.0846554181904         0.25
  34     0.2282001150345   -0.7824952983727         0.25
  35     0.3445066408716   -1.3088829699839         0.26
 MICROCYCLE DIIS UPDATE:                   36
  36     0.0175627833130   -0.9711808343270         0.25
  37     0.0670639763852   -0.9416861241750         0.25
  38     0.0742061953532   -1.0829144388812         0.26
  39     0.1159513638295   -0.9167687801863         0.27
  40     0.1521646335936   -1.1636063923532         0.25
 MICROCYCLE DIIS UPDATE:                   41
  41     0.0052388600320   -1.0246397297303         0.25
  42     0.0136362637185   -1.0201678106711         0.26
  43     0.0137745215806   -1.0475160520971         0.25
  44     0.0197022318634   -1.0183494285557         0.26
  45     0.0229833837723   -1.0577976707685         0.25
 MICROCYCLE DIIS UPDATE:                   46
  46     0.0004592975235   -1.0386326175328         0.25
  47     0.0011347874126   -1.0393129369746         0.25
  48     0.0015710838109   -1.0368986622106         0.25
  49     0.0021615264729   -1.0401231975315         0.25
  50     0.0027080104389   -1.0357889945509         0.25
 MICROCYCLE DIIS UPDATE:                   51
  51     0.0000400495612   -1.0381948165671         0.25
  52     0.0000521039956   -1.0382325269270         0.26
  53     0.0000570547592   -1.0381269246310         0.25
  54     0.0000752362328   -1.0382439913077         0.25
  55     0.0000886301646   -1.0380939409812         0.25
 MICROCYCLE DIIS UPDATE:                   56
  56     0.0000012183043   -1.0381718398275         0.26
  57     0.0000012863376   -1.0381712401414         0.25
  58     0.0000018498604   -1.0381731966378         0.25
  59     0.0000024898016   -1.0381697177555         0.25
  60     0.0000032978202   -1.0381745812431         0.25
 MICROCYCLE DIIS UPDATE:                   61
  61     0.0000000590844   -1.0381717582561         0.26
  62     0.0000000353164   -1.0381717298974         0.25
  63     0.0000000777712   -1.0381717258045         0.25
  64     0.0000002293598   -1.0381717059659         0.25
  65     0.0000006892100   -1.0381717263388         0.25
 MICROCYCLE DIIS UPDATE:                   66
  66     0.0000000047739   -1.0381717078364         0.25
------------------------------------------------------------------
 Iterations converged
 CCSD correlation energy / hartree =        -1.038171707836362
 CCSD total energy / hartree       =      -109.046146351620706

Time taken for Closed Shell Cholesky CCSD: 17.01 secs

Threshold for printing amplitudes set to: 0.05
T1, T2 amplitudes written to files: N2_3.1.cc-pvtz_files/restricted/N2_3.1.cc-pvtz.print_t1amp.txt, N2_3.1.cc-pvtz_files/restricted/N2_3.1.cc-pvtz.print_t2amp.txt


DUCC: Time taken to compute Bare Hamiltonian: 0.00 secs

DUCC: Time taken to compute Single Commutator: 0.20 secs

DUCC: Time taken to compute Double Commutator: 8.16 secs

DUCC: Time taken to compute Triple Commutator: 3.67 secs

DUCC: Total Compute Time: 12.03 secs

Number of active orbitals = 28


DUCC: Time to write results: 0.25 secs
