
date: Mon Dec 18 15:54:17 2023
program: "/hpc/home/baum612/code/exachem-dev/build/methods_stage/hpc/home/baum612/code/tamm_install/methods/ExaChem"
input: /hpc/home/baum612/code/exachem-dev/inputs/N2/N2_3.4.json
nnodes: 1, nproc: 2
prefix: N2_3.4

Memory information
{
 CPU memory per node (GiB): 4534
 Total CPU memory (GiB): 4534
}


Input file provided
--------------------
{
  "geometry": {
    "coordinates": [
      "N  0.000000  0.000000  3.400000",
      "N  0.000000  0.000000  0.000000"
    ],
    "units": "angstrom"
  },
  "basis": {
    "basisset": "cc-pVTZ",
    "atom_basis": null
  },
  "SCF": {
    "conve": 1e-09,
    "convd": 1e-08,
    "tilesize": 30,
    "restart": false
  },
  "CD": {
    "diagtol": 1e-06
  },
  "CC": {
    "threshold": 1e-08,
    "ccsd_maxiter": 150,
    "lshift": 0.1,
    "nactive": 21,
    "freeze": {
      "core": 0
    },
    "PRINT": {
      "tamplitudes": [
        true,
        0.05
      ]
    }
  },
  "TASK": {
    "scf": false,
    "mp2": false,
    "cd_2e": false,
    "ccsd": false,
    "ccsd_t": false,
    "ducc": true
  }
}

Number of nodes, processes per node used for SCF calculation: 1, 2

SCF Options
{
 charge       = 0
 multiplicity = 1
 level shift  = 0
 tol_int      = 1e-22
 tol_sch      = 1e-10
 tol_lindep   = 1e-05
 conve        = 1e-09
 convd        = 1e-08
 diis_hist    = 10
 AO_tilesize  = 30
 writem       = 1
 damp         = 100
 scf_type     = restricted
 restart_size = 2000
 restart      = false
 debug        = false
}
**** Resetting tol_sch to 1e-11

Number of basis functions = 60

Total number of shells = 20

Total number of electrons = 14
  # of alpha electrons    = 7
  # of beta electons      = 7

Nuclear repulsion energy  = 7.62637800309136

# of {all,non-negligible} shell-pairs = {210,210}
Number of AO tiles = 20

Time for initial setup: 0.01 secs

Time for computing 1-e integrals T, V, S: 0.00 secs
Time for computing orthogonalizer: 0.00 secs

Superposition of Atomic Density Guess ...
Time taken for SAD: 0.06 secs
Total Time to compute initial guess: 0.09 secs


 SCF iterations
-----------------------------------------------------------------
 Iter     Energy            E-Diff       RMSD          Time(s)
-----------------------------------------------------------------
   1  -107.9616408616    -1.08e+02     1.08e-03         0.0 
   2  -107.9631991461    -1.56e-03     4.36e-04         0.0 
   3  -107.9634255691    -2.26e-04     1.55e-04         0.0 
   4  -107.9634501060    -2.45e-05     8.22e-06         0.0 
   5  -107.9634502366    -1.31e-07     7.81e-07         0.0 
   6  -107.9634502379    -1.29e-09     2.18e-07         0.0 
   7  -107.9634502380    -6.36e-11     4.49e-08         0.0 
   8  -107.9634502380     1.05e-11     3.73e-08         0.0 
   9  -107.9634502380    -1.10e-11     3.13e-09         0.0 

** Total SCF energy = -107.9634502379734

Nuclear repulsion energy = 7.626378003091360
#electrons        = 13.999999999999989
1e energy kinetic = 107.6396077432966649
1e energy N-e     = -269.3726439330936273
1e energy         = -161.7330361897969055
2e energy         = 46.1432079728342472
writing orbitals and density to disk ... done.

Time taken for Hartree-Fock: 0.56 secs

CCSD Options
{
 cache_size           = 8
 ccsdt_tilesize       = 32
 ndiis                = 5
 threshold            = 1e-08
 tilesize             = 40
 nactive              = 21
 ccsd_maxiter         = 150
 freeze_atomic         = false
 freeze_core          = 0
 freeze_virtual       = 0
 lshift               = 0.1
 readt                = false
 writet               = false
 writev               = false
 writet_iter          = 5
 profile_ccsd         = false
 balance_tiles        = true
 eom_nroots           = 1
 eom_microiter        = 50
 eom_threshold        = 1e-06
 debug                = false
}

#occupied, #virtual = 14, 106

Resetting CCSD tilesize to: 50

CD Options
{
 debug            = false
 write_cv         = false
 diagtol          = 1e-06
 write_vcount     = 5000
 itilesize        = 1000
 max_cvecs_factor = 12
}

-----------------------------------------------------
Begin 2-index transformation ... 

nAO, nMO, nelectrons = 60, 120, 14
n_occ_alpha, n_vir_alpha, n_occ_beta, n_vir_beta = 7,53,7,53

Time taken for Fao->Fmo transform: 0.00 secs

-----------------------------------------------------
Number of AO tiles = 20
# of {all,non-negligible} shell-pairs = {210,210}

    Begin Cholesky Decomposition
---------------------------------------------
- CPU memory required for computing cholesky vectors: 0.02 GiB

- Time for computing the diagonal: 0.00 secs

- Total number of cholesky vectors = 446

- Time to compute cholesky vectors: 1.21 secs

- CPU memory required for resizing the ao cholesky tensor: 0.03 GiB
- CPU memory required for ao2mo transformation: 0.04 GiB
- CPU memory required for the 2-step contraction: 0.05 GiB

- Time for ao to mo transform: 0.12 secs

    End Cholesky Decomposition
---------------------------------------------

Total Time taken for Cholesky Decomposition: 1.36 secs

----------------------------
scf_type = restricted
Closed-Shell SCF
nbf = 60
nbf_orig = 60
n_lindep = 0
focc = 1
nmo = 120
nocc = 14
nvir = 106
n_occ_alpha = 7
n_vir_alpha = 53
n_occ_beta = 7
n_vir_beta = 53
nelectrons = 14
nelectrons_alpha = 7
nelectrons_beta = 7
n_frozen_core = 0
n_frozen_virtual = 0
----------------------------

Total CPU memory required for Closed Shell Cholesky CCSD calculation: 0.09 GiB


 CCSD iterations
------------------------------------------------------------
  Iter     Residuum          Correlation          Time(s)
------------------------------------------------------------
   1     0.7077883765314    0.0000000000000         0.28
   2     0.7481109131093   -1.6418196217911         0.25
   3     2.1757111388418    1.1885663334855         0.25
   4     3.3577943367479   -6.7477430127346         0.25
   5     5.1742503320240    1.0647606506417         0.25
 MICROCYCLE DIIS UPDATE:                    6
   6     0.2496871501509   -0.9707648043331         0.25
   7     0.7231709585050   -0.0140909857258         0.25
   8     1.5172031186973   -2.6244443346776         0.25
   9     3.5688677744952    2.5137602840000         0.25
  10     28.5427162960498  -11.0606360243523         0.25
 MICROCYCLE DIIS UPDATE:                   11
  11     0.0627205868061   -0.7059307111948         0.25
  12     0.0549950628115   -0.7339185619626         0.25
  13     0.0472075915007   -0.7846916271974         0.25
  14     0.0808846642607   -0.7734609038740         0.26
  15     0.0638452983652   -0.9256413199378         0.27
 MICROCYCLE DIIS UPDATE:                   16
  16     0.0454997688430   -0.7656300425216         0.26
  17     0.0979135250176   -0.7105595577611         0.25
  18     0.1179516793909   -0.9445771070242         0.24
  19     0.3682189881955   -0.5221769516192         0.26
  20     0.7724381859038   -1.6371500684222         0.25
 MICROCYCLE DIIS UPDATE:                   21
  21     0.0464402699689   -0.7866297823405         0.25
  22     0.0947676431180   -0.7501731390444         0.25
  23     0.0972534408849   -0.9580519484832         0.25
  24     0.3135367083965   -0.6223260990149         0.25
  25     0.6145904601328   -1.5193733489102         0.25
 MICROCYCLE DIIS UPDATE:                   26
  26     0.0461119317825   -0.8221780913258         0.25
  27     0.1179246903661   -0.7634373439034         0.24
  28     0.1392924839698   -1.0411422596640         0.24
  29     0.3901700828032   -0.5877372246176         0.25
  30     0.7942066355893   -1.6957035909734         0.25
 MICROCYCLE DIIS UPDATE:                   31
  31     0.0415765982362   -0.8689500255600         0.25
  32     0.1884233169599   -0.7265176661041         0.25
  33     0.3045003854014   -1.2318269447496         0.25
  34     0.6510738328183   -0.3334725853177         0.25
  35     1.4755877901440   -2.2628392845863         0.25
 MICROCYCLE DIIS UPDATE:                   36
  36     0.0375571088521   -0.8711799672005         0.26
  37     0.1518514603529   -0.7864757550433         0.26
  38     0.2095827861017   -1.1643635381688         0.25
  39     0.4647299535831   -0.5530709791188         0.25
  40     0.9591135228619   -1.8464509185246         0.25
 MICROCYCLE DIIS UPDATE:                   41
  41     0.0357371736769   -0.8979840590601         0.26
  42     0.1487961940237   -0.8216933918762         0.24
  43     0.2028550131248   -1.1861669258437         0.25
  44     0.4103935880669   -0.6259104655589         0.25
  45     0.7994721718977   -1.7260705903808         0.25
 MICROCYCLE DIIS UPDATE:                   46
  46     0.0316572871798   -0.9396044828229         0.25
  47     0.1377992907930   -0.8734558263049         0.25
  48     0.1887622495360   -1.2069736309046         0.25
  49     0.3323087133555   -0.7230963972091         0.25
  50     0.5868735237596   -1.5639112837313         0.25
 MICROCYCLE DIIS UPDATE:                   51
  51     0.0240932720646   -0.9907815291589         0.25
  52     0.1065945502660   -0.9439105954776         0.25
  53     0.1464654788290   -1.1988060668427         0.25
  54     0.2247124854296   -0.8493250025396         0.25
  55     0.3421055636967   -1.3737279308369         0.25
 MICROCYCLE DIIS UPDATE:                   56
  56     0.0132240274901   -1.0427894650225         0.25
  57     0.0571171565160   -1.0198283674142         0.25
  58     0.0783335052194   -1.1551855170887         0.25
  59     0.1106403215252   -0.9762796746044         0.26
  60     0.1451411943435   -1.2156555526441         0.25
 MICROCYCLE DIIS UPDATE:                   61
  61     0.0039289246501   -1.0780922626519         0.25
  62     0.0144380444100   -1.0728750366546         0.25
  63     0.0191089891106   -1.1064991238590         0.26
  64     0.0262614862347   -1.0634956871989         0.25
  65     0.0313731790874   -1.1181157289181         0.25
 MICROCYCLE DIIS UPDATE:                   66
  66     0.0004886278540   -1.0895076696654         0.25
  67     0.0005861599787   -1.0899239112470         0.25
  68     0.0009965253482   -1.0887640660981         0.25
  69     0.0014210024703   -1.0907275654885         0.24
  70     0.0019070751602   -1.0879640582476         0.25
 MICROCYCLE DIIS UPDATE:                   71
  71     0.0000286413723   -1.0895582276397         0.25
  72     0.0000175340759   -1.0895844404672         0.25
  73     0.0000195151364   -1.0895603863629         0.25
  74     0.0000182519259   -1.0895940309987         0.25
  75     0.0000190716836   -1.0895619919186         0.25
 MICROCYCLE DIIS UPDATE:                   76
  76     0.0000012773302   -1.0895798849932         0.25
  77     0.0000012860355   -1.0895790303109         0.25
  78     0.0000026154818   -1.0895805364336         0.25
  79     0.0000071003562   -1.0895778307502         0.25
  80     0.0000223017172   -1.0895818713483         0.26
 MICROCYCLE DIIS UPDATE:                   81
  81     0.0000001905743   -1.0895793550804         0.27
  82     0.0000001721915   -1.0895794735117         0.25
  83     0.0000002284211   -1.0895795350799         0.25
  84     0.0000003780908   -1.0895792949015         0.25
  85     0.0000007780826   -1.0895797946211         0.25
 MICROCYCLE DIIS UPDATE:                   86
  86     0.0000000329668   -1.0895794737298         0.25
  87     0.0000000245654   -1.0895794848720         0.25
  88     0.0000000510242   -1.0895794675223         0.25
  89     0.0000001598794   -1.0895794896679         0.25
  90     0.0000005230958   -1.0895794624092         0.25
 MICROCYCLE DIIS UPDATE:                   91
  91     0.0000000030160   -1.0895794773295         0.25
------------------------------------------------------------------
 Iterations converged
 CCSD correlation energy / hartree =        -1.089579477329476
 CCSD total energy / hartree       =      -109.053029715302856

Time taken for Closed Shell Cholesky CCSD: 23.11 secs

Threshold for printing amplitudes set to: 0.05
T1, T2 amplitudes written to files: N2_3.4.cc-pvtz_files/restricted/N2_3.4.cc-pvtz.print_t1amp.txt, N2_3.4.cc-pvtz_files/restricted/N2_3.4.cc-pvtz.print_t2amp.txt


DUCC: Time taken to compute Bare Hamiltonian: 0.00 secs

DUCC: Time taken to compute Single Commutator: 0.20 secs

DUCC: Time taken to compute Double Commutator: 8.30 secs

DUCC: Time taken to compute Triple Commutator: 3.72 secs

DUCC: Total Compute Time: 12.23 secs

Number of active orbitals = 28


DUCC: Time to write results: 0.25 secs
