
date: Mon Dec 18 15:52:05 2023
program: "/hpc/home/baum612/code/exachem-dev/build/methods_stage/hpc/home/baum612/code/tamm_install/methods/ExaChem"
input: /hpc/home/baum612/code/exachem-dev/inputs/N2/N2_3.0.json
nnodes: 1, nproc: 2
prefix: N2_3.0

Memory information
{
 CPU memory per node (GiB): 4534
 Total CPU memory (GiB): 4534
}


Input file provided
--------------------
{
  "geometry": {
    "coordinates": [
      "N  0.000000  0.000000  3.000000",
      "N  0.000000  0.000000  0.000000"
    ],
    "units": "angstrom"
  },
  "basis": {
    "basisset": "cc-pVTZ",
    "atom_basis": null
  },
  "SCF": {
    "conve": 1e-09,
    "convd": 1e-08,
    "tilesize": 30,
    "restart": false
  },
  "CD": {
    "diagtol": 1e-06
  },
  "CC": {
    "threshold": 1e-08,
    "ccsd_maxiter": 150,
    "lshift": 0.1,
    "nactive": 21,
    "freeze": {
      "core": 0
    },
    "PRINT": {
      "tamplitudes": [
        true,
        0.05
      ]
    }
  },
  "TASK": {
    "scf": false,
    "mp2": false,
    "cd_2e": false,
    "ccsd": false,
    "ccsd_t": false,
    "ducc": true
  }
}

Number of nodes, processes per node used for SCF calculation: 1, 2

SCF Options
{
 charge       = 0
 multiplicity = 1
 level shift  = 0
 tol_int      = 1e-22
 tol_sch      = 1e-10
 tol_lindep   = 1e-05
 conve        = 1e-09
 convd        = 1e-08
 diis_hist    = 10
 AO_tilesize  = 30
 writem       = 1
 damp         = 100
 scf_type     = restricted
 restart_size = 2000
 restart      = false
 debug        = false
}
**** Resetting tol_sch to 1e-11

Number of basis functions = 60

Total number of shells = 20

Total number of electrons = 14
  # of alpha electrons    = 7
  # of beta electons      = 7

Nuclear repulsion energy  = 8.64322840350354

# of {all,non-negligible} shell-pairs = {210,210}
Number of AO tiles = 20

Time for initial setup: 0.01 secs

Time for computing 1-e integrals T, V, S: 0.00 secs
Time for computing orthogonalizer: 0.00 secs

Superposition of Atomic Density Guess ...
Time taken for SAD: 0.06 secs
Total Time to compute initial guess: 0.09 secs


 SCF iterations
-----------------------------------------------------------------
 Iter     Energy            E-Diff       RMSD          Time(s)
-----------------------------------------------------------------
   1  -108.0230823432    -1.08e+02     1.30e-03         0.0 
   2  -108.0254712099    -2.39e-03     4.72e-04         0.0 
   3  -108.0258217520    -3.51e-04     2.14e-04         0.0 
   4  -108.0258698767    -4.81e-05     9.37e-06         0.1 
   5  -108.0258700395    -1.63e-07     8.82e-07         0.1 
   6  -108.0258700411    -1.64e-09     2.71e-07         0.1 
   7  -108.0258700412    -8.43e-11     5.05e-08         0.1 
   8  -108.0258700412     1.20e-11     4.12e-08         0.1 
   9  -108.0258700412    -1.29e-11     3.33e-09         0.1 

** Total SCF energy = -108.0258700412110

Nuclear repulsion energy = 8.643228403503540
#electrons        = 14.000000000000000
1e energy kinetic = 107.5606813717561181
1e energy N-e     = -271.3160228764344879
1e energy         = -163.7553415046783130
2e energy         = 47.0862430830065648
writing orbitals and density to disk ... done.

Time taken for Hartree-Fock: 0.64 secs

CCSD Options
{
 cache_size           = 8
 ccsdt_tilesize       = 32
 ndiis                = 5
 threshold            = 1e-08
 tilesize             = 40
 nactive              = 21
 ccsd_maxiter         = 150
 freeze_atomic         = false
 freeze_core          = 0
 freeze_virtual       = 0
 lshift               = 0.1
 readt                = false
 writet               = false
 writev               = false
 writet_iter          = 5
 profile_ccsd         = false
 balance_tiles        = true
 eom_nroots           = 1
 eom_microiter        = 50
 eom_threshold        = 1e-06
 debug                = false
}

#occupied, #virtual = 14, 106

Resetting CCSD tilesize to: 50

CD Options
{
 debug            = false
 write_cv         = false
 diagtol          = 1e-06
 write_vcount     = 5000
 itilesize        = 1000
 max_cvecs_factor = 12
}

-----------------------------------------------------
Begin 2-index transformation ... 

nAO, nMO, nelectrons = 60, 120, 14
n_occ_alpha, n_vir_alpha, n_occ_beta, n_vir_beta = 7,53,7,53

Time taken for Fao->Fmo transform: 0.00 secs

-----------------------------------------------------
Number of AO tiles = 20
# of {all,non-negligible} shell-pairs = {210,210}

    Begin Cholesky Decomposition
---------------------------------------------
- CPU memory required for computing cholesky vectors: 0.02 GiB

- Time for computing the diagonal: 0.00 secs

- Total number of cholesky vectors = 453

- Time to compute cholesky vectors: 1.27 secs

- CPU memory required for resizing the ao cholesky tensor: 0.03 GiB
- CPU memory required for ao2mo transformation: 0.04 GiB
- CPU memory required for the 2-step contraction: 0.05 GiB

- Time for ao to mo transform: 0.13 secs

    End Cholesky Decomposition
---------------------------------------------

Total Time taken for Cholesky Decomposition: 1.43 secs

----------------------------
scf_type = restricted
Closed-Shell SCF
nbf = 60
nbf_orig = 60
n_lindep = 0
focc = 1
nmo = 120
nocc = 14
nvir = 106
n_occ_alpha = 7
n_vir_alpha = 53
n_occ_beta = 7
n_vir_beta = 53
nelectrons = 14
nelectrons_alpha = 7
nelectrons_beta = 7
n_frozen_core = 0
n_frozen_virtual = 0
----------------------------

Total CPU memory required for Closed Shell Cholesky CCSD calculation: 0.09 GiB


 CCSD iterations
------------------------------------------------------------
  Iter     Residuum          Correlation          Time(s)
------------------------------------------------------------
   1     0.6992911965224    0.0000000000000         0.28
   2     0.6090654675914   -1.3961529750289         0.25
   3     1.4116469017745    0.5761910296894         0.26
   4     2.2341458998308   -3.8149475783924         0.27
   5     3.5921532372359    2.3671077541361         0.25
 MICROCYCLE DIIS UPDATE:                    6
   6     0.1416097142405   -0.8129033136927         0.25
   7     0.3343285596801   -0.3743696634256         0.25
   8     0.5952552671619   -1.3749021745277         0.25
   9     1.2770675621172    0.4543012110640         0.25
  10     2.0745793650868   -3.4775612437009         0.25
 MICROCYCLE DIIS UPDATE:                   11
  11     0.0413631205547   -0.7367743350224         0.25
  12     0.1078661665107   -0.6468472068450         0.25
  13     0.1369040417517   -0.9039777242845         0.24
  14     0.3412776901734   -0.4751111274367         0.25
  15     0.6075449537239   -1.4053923994195         0.25
 MICROCYCLE DIIS UPDATE:                   16
  16     0.0376424890992   -0.7903479556354         0.25
  17     0.1277737138466   -0.6903164571860         0.25
  18     0.1595899106324   -0.9861919217347         0.25
  19     0.3681740285451   -0.5244393246267         0.25
  20     0.6422152411476   -1.4713398605516         0.25
 MICROCYCLE DIIS UPDATE:                   21
  21     0.0336879807017   -0.8103661727784         0.26
  22     0.1109344119890   -0.7449520854927         0.25
  23     0.1179859058485   -0.9812145604181         0.25
  24     0.2765571711458   -0.6514565369709         0.25
  25     0.4409353780050   -1.3217553106908         0.26
 MICROCYCLE DIIS UPDATE:                   26
  26     0.0300798974980   -0.8596556078308         0.26
  27     0.1072446942754   -0.8026281449966         0.25
  28     0.1114564387733   -1.0255539720312         0.25
  29     0.2305491434641   -0.7400630566514         0.25
  30     0.3435446665575   -1.2701915695338         0.25
 MICROCYCLE DIIS UPDATE:                   31
  31     0.0212553080886   -0.9284221469669         0.25
  32     0.0779054270469   -0.8917924579352         0.25
  33     0.0797536388913   -1.0497114549194         0.25
  34     0.1363316902556   -0.8673242433803         0.25
  35     0.1805043501618   -1.1585831278227         0.25
 MICROCYCLE DIIS UPDATE:                   36
  36     0.0077662790209   -0.9946814861477         0.26
  37     0.0213020060508   -0.9869914190745         0.25
  38     0.0204631138734   -1.0283954318277         0.25
  39     0.0304956610631   -0.9854133361741         0.26
  40     0.0356600222104   -1.0461416526203         0.25
 MICROCYCLE DIIS UPDATE:                   41
  41     0.0008694419529   -1.0173168019862         0.25
  42     0.0016548963763   -1.0183855296299         0.25
  43     0.0022311442731   -1.0150327649306         0.25
  44     0.0030016398253   -1.0195258413359         0.25
  45     0.0037383427542   -1.0135563884324         0.25
 MICROCYCLE DIIS UPDATE:                   46
  46     0.0000512888597   -1.0168581399706         0.26
  47     0.0000687786938   -1.0169106948710         0.27
  48     0.0000788367506   -1.0167716718108         0.25
  49     0.0001032946806   -1.0169318770947         0.25
  50     0.0001232968113   -1.0167266241111         0.26
 MICROCYCLE DIIS UPDATE:                   51
  51     0.0000022921085   -1.0168339185747         0.25
  52     0.0000021610453   -1.0168329622244         0.25
  53     0.0000028572953   -1.0168361642499         0.25
  54     0.0000036946675   -1.0168308402737         0.26
  55     0.0000047766548   -1.0168380487668         0.25
 MICROCYCLE DIIS UPDATE:                   56
  56     0.0000001970328   -1.0168339000187         0.26
  57     0.0000001129233   -1.0168338102818         0.25
  58     0.0000000945293   -1.0168338861424         0.25
  59     0.0000001581057   -1.0168337758372         0.25
  60     0.0000004087938   -1.0168338948563         0.25
 MICROCYCLE DIIS UPDATE:                   61
  61     0.0000000246070   -1.0168338187589         0.25
  62     0.0000000141776   -1.0168338272704         0.25
  63     0.0000000155217   -1.0168338213338         0.26
  64     0.0000000385964   -1.0168338280434         0.26
  65     0.0000001109459   -1.0168338219521         0.25
 MICROCYCLE DIIS UPDATE:                   66
  66     0.0000000026119   -1.0168338260113         0.25
------------------------------------------------------------------
 Iterations converged
 CCSD correlation energy / hartree =        -1.016833826011321
 CCSD total energy / hartree       =      -109.042703867222329

Time taken for Closed Shell Cholesky CCSD: 16.92 secs

Threshold for printing amplitudes set to: 0.05
T1, T2 amplitudes written to files: N2_3.0.cc-pvtz_files/restricted/N2_3.0.cc-pvtz.print_t1amp.txt, N2_3.0.cc-pvtz_files/restricted/N2_3.0.cc-pvtz.print_t2amp.txt


DUCC: Time taken to compute Bare Hamiltonian: 0.00 secs

DUCC: Time taken to compute Single Commutator: 0.20 secs

DUCC: Time taken to compute Double Commutator: 8.28 secs

DUCC: Time taken to compute Triple Commutator: 3.67 secs

DUCC: Total Compute Time: 12.16 secs

Number of active orbitals = 28


DUCC: Time to write results: 0.24 secs
