
date: Mon Dec 18 16:05:23 2023
program: "/hpc/home/baum612/code/exachem-dev/build/methods_stage/hpc/home/baum612/code/tamm_install/methods/ExaChem"
input: /hpc/home/baum612/code/exachem-dev/inputs/N2/N2_1.2.json
nnodes: 1, nproc: 2
prefix: N2_1.2

Memory information
{
 CPU memory per node (GiB): 4534
 Total CPU memory (GiB): 4534
}


Input file provided
--------------------
{
  "geometry": {
    "coordinates": [
      "N  0.000000  0.000000  1.200000",
      "N  0.000000  0.000000  0.000000"
    ],
    "units": "angstrom"
  },
  "basis": {
    "basisset": "cc-pVQZ",
    "atom_basis": null
  },
  "SCF": {
    "conve": 1e-09,
    "convd": 1e-08,
    "tilesize": 30,
    "restart": false
  },
  "CD": {
    "diagtol": 1e-06
  },
  "CC": {
    "threshold": 1e-08,
    "ccsd_maxiter": 50,
    "nactive": 21,
    "freeze": {
      "core": 0
    },
    "PRINT": {
      "tamplitudes": [
        true,
        0.05
      ]
    }
  },
  "TASK": {
    "scf": false,
    "mp2": false,
    "cd_2e": false,
    "ccsd": false,
    "ccsd_t": false,
    "ducc": true
  }
}

Number of nodes, processes per node used for SCF calculation: 1, 2

SCF Options
{
 charge       = 0
 multiplicity = 1
 level shift  = 0
 tol_int      = 1e-22
 tol_sch      = 1e-10
 tol_lindep   = 1e-05
 conve        = 1e-09
 convd        = 1e-08
 diis_hist    = 10
 AO_tilesize  = 30
 writem       = 1
 damp         = 100
 scf_type     = restricted
 restart_size = 2000
 restart      = false
 debug        = false
}
**** Resetting tol_sch to 1e-11

Number of basis functions = 110

Total number of shells = 30

Total number of electrons = 14
  # of alpha electrons    = 7
  # of beta electons      = 7

Nuclear repulsion energy  = 21.6080710087589

# of {all,non-negligible} shell-pairs = {465,465}
Number of AO tiles = 30

Time for initial setup: 0.01 secs

Time for computing 1-e integrals T, V, S: 0.00 secs
Time for computing orthogonalizer: 0.00 secs

Superposition of Atomic Density Guess ...
Time taken for SAD: 0.18 secs
Total Time to compute initial guess: 0.29 secs


 SCF iterations
-----------------------------------------------------------------
 Iter     Energy            E-Diff       RMSD          Time(s)
-----------------------------------------------------------------
   1  -108.9353047042    -1.09e+02     1.27e-03         0.5 
   2  -108.9457880239    -1.05e-02     5.30e-04         0.5 
   3  -108.9466683274    -8.80e-04     1.12e-04         0.5 
   4  -108.9467076467    -3.93e-05     8.74e-06         0.5 
   5  -108.9467079813    -3.35e-07     2.17e-06         0.5 
   6  -108.9467079956    -1.43e-08     4.46e-07         0.5 
   7  -108.9467079961    -5.06e-10     9.94e-08         0.5 
   8  -108.9467079961    -1.21e-11     7.82e-09         0.5 

** Total SCF energy = -108.9467079961194

Nuclear repulsion energy = 21.608071008758852
#electrons        = 13.999999999999996
1e energy kinetic = 108.2135594990786842
1e energy N-e     = -298.5022664110916821
1e energy         = -190.2887069120130832
2e energy         = 59.7339279658529563
writing orbitals and density to disk ... done.

Time taken for Hartree-Fock: 4.19 secs

CCSD Options
{
 cache_size           = 8
 ccsdt_tilesize       = 32
 ndiis                = 5
 threshold            = 1e-08
 tilesize             = 40
 nactive              = 21
 ccsd_maxiter         = 50
 freeze_atomic         = false
 freeze_core          = 0
 freeze_virtual       = 0
 readt                = false
 writet               = false
 writev               = false
 writet_iter          = 5
 profile_ccsd         = false
 balance_tiles        = true
 eom_nroots           = 1
 eom_microiter        = 50
 eom_threshold        = 1e-06
 debug                = false
}

#occupied, #virtual = 14, 206

Resetting CCSD tilesize to: 50

CD Options
{
 debug            = false
 write_cv         = false
 diagtol          = 1e-06
 write_vcount     = 5000
 itilesize        = 1000
 max_cvecs_factor = 12
}

-----------------------------------------------------
Begin 2-index transformation ... 

nAO, nMO, nelectrons = 110, 220, 14
n_occ_alpha, n_vir_alpha, n_occ_beta, n_vir_beta = 7,103,7,103

Time taken for Fao->Fmo transform: 0.00 secs

-----------------------------------------------------
Number of AO tiles = 30
# of {all,non-negligible} shell-pairs = {465,465}

    Begin Cholesky Decomposition
---------------------------------------------
- CPU memory required for computing cholesky vectors: 0.12 GiB

- Time for computing the diagonal: 0.02 secs

- Total number of cholesky vectors = 803

- Time to compute cholesky vectors: 19.07 secs

- CPU memory required for resizing the ao cholesky tensor: 0.19 GiB
- CPU memory required for ao2mo transformation: 0.22 GiB
- CPU memory required for the 2-step contraction: 0.29 GiB

- Time for ao to mo transform: 1.19 secs

    End Cholesky Decomposition
---------------------------------------------

Total Time taken for Cholesky Decomposition: 20.41 secs

----------------------------
scf_type = restricted
Closed-Shell SCF
nbf = 110
nbf_orig = 110
n_lindep = 0
focc = 1
nmo = 220
nocc = 14
nvir = 206
n_occ_alpha = 7
n_vir_alpha = 103
n_occ_beta = 7
n_vir_beta = 103
nelectrons = 14
nelectrons_alpha = 7
nelectrons_beta = 7
n_frozen_core = 0
n_frozen_virtual = 0
----------------------------

Total CPU memory required for Closed Shell Cholesky CCSD calculation: 0.51 GiB


 CCSD iterations
------------------------------------------------------------
  Iter     Residuum          Correlation          Time(s)
------------------------------------------------------------
   1     1.0491407623983    0.0000000000000         3.66
   2     0.1179937964495   -0.4850866884930         3.27
   3     0.0475235728212   -0.4450975875840         3.23
   4     0.0146289940642   -0.4728991473654         3.23
   5     0.0077976677568   -0.4663255664900         3.27
 MICROCYCLE DIIS UPDATE:                    6
   6     0.0025092353009   -0.4703799356944         3.11
   7     0.0011075176967   -0.4698524214849         3.10
   8     0.0005708383458   -0.4700002778100         3.10
   9     0.0003334259123   -0.4700061982553         3.12
  10     0.0001892055900   -0.4700445338804         3.10
 MICROCYCLE DIIS UPDATE:                   11
  11     0.0000188911285   -0.4700849994984         3.10
  12     0.0000053476534   -0.4700823931585         3.10
  13     0.0000021173634   -0.4700839668519         3.10
  14     0.0000009263748   -0.4700835978604         3.12
  15     0.0000004331305   -0.4700838461856         3.10
 MICROCYCLE DIIS UPDATE:                   16
  16     0.0000001506497   -0.4700838615638         3.10
  17     0.0000000667137   -0.4700838373468         3.10
  18     0.0000000340226   -0.4700838494890         3.10
  19     0.0000000200681   -0.4700838484139         3.10
  20     0.0000000112357   -0.4700838511813         3.10
 MICROCYCLE DIIS UPDATE:                   21
  21     0.0000000014651   -0.4700838531070         3.12
------------------------------------------------------------------
 Iterations converged
 CCSD correlation energy / hartree =        -0.470083853106972
 CCSD total energy / hartree       =      -109.416791849226414

Time taken for Closed Shell Cholesky CCSD: 66.64 secs

Threshold for printing amplitudes set to: 0.05
T1, T2 amplitudes written to files: N2_1.2.cc-pvqz_files/restricted/N2_1.2.cc-pvqz.print_t1amp.txt, N2_1.2.cc-pvqz_files/restricted/N2_1.2.cc-pvqz.print_t2amp.txt


DUCC: Time taken to compute Bare Hamiltonian: 0.00 secs

DUCC: Time taken to compute Single Commutator: 0.41 secs

DUCC: Time taken to compute Double Commutator: 31.86 secs

DUCC: Time taken to compute Triple Commutator: 5.96 secs

DUCC: Total Compute Time: 38.23 secs

Number of active orbitals = 28


DUCC: Time to write results: 0.24 secs
