
date: Mon Dec 18 16:07:53 2023
program: "/hpc/home/baum612/code/exachem-dev/build/methods_stage/hpc/home/baum612/code/tamm_install/methods/ExaChem"
input: /hpc/home/baum612/code/exachem-dev/inputs/N2/N2_1.3.json
nnodes: 1, nproc: 2
prefix: N2_1.3

Memory information
{
 CPU memory per node (GiB): 4534
 Total CPU memory (GiB): 4534
}


Input file provided
--------------------
{
  "geometry": {
    "coordinates": [
      "N  0.000000  0.000000  1.300000",
      "N  0.000000  0.000000  0.000000"
    ],
    "units": "angstrom"
  },
  "basis": {
    "basisset": "cc-pVQZ",
    "atom_basis": null
  },
  "SCF": {
    "conve": 1e-09,
    "convd": 1e-08,
    "tilesize": 30,
    "restart": false
  },
  "CD": {
    "diagtol": 1e-06
  },
  "CC": {
    "threshold": 1e-08,
    "ccsd_maxiter": 50,
    "nactive": 21,
    "freeze": {
      "core": 0
    },
    "PRINT": {
      "tamplitudes": [
        true,
        0.05
      ]
    }
  },
  "TASK": {
    "scf": false,
    "mp2": false,
    "cd_2e": false,
    "ccsd": false,
    "ccsd_t": false,
    "ducc": true
  }
}

Number of nodes, processes per node used for SCF calculation: 1, 2

SCF Options
{
 charge       = 0
 multiplicity = 1
 level shift  = 0
 tol_int      = 1e-22
 tol_sch      = 1e-10
 tol_lindep   = 1e-05
 conve        = 1e-09
 convd        = 1e-08
 diis_hist    = 10
 AO_tilesize  = 30
 writem       = 1
 damp         = 100
 scf_type     = restricted
 restart_size = 2000
 restart      = false
 debug        = false
}
**** Resetting tol_sch to 1e-11

Number of basis functions = 110

Total number of shells = 30

Total number of electrons = 14
  # of alpha electrons    = 7
  # of beta electons      = 7

Nuclear repulsion energy  = 19.9459117003928

# of {all,non-negligible} shell-pairs = {465,465}
Number of AO tiles = 30

Time for initial setup: 0.02 secs

Time for computing 1-e integrals T, V, S: 0.00 secs
Time for computing orthogonalizer: 0.00 secs

Superposition of Atomic Density Guess ...
Time taken for SAD: 0.20 secs
Total Time to compute initial guess: 0.30 secs


 SCF iterations
-----------------------------------------------------------------
 Iter     Energy            E-Diff       RMSD          Time(s)
-----------------------------------------------------------------
   1  -108.8632950514    -1.09e+02     1.18e-03         0.4 
   2  -108.8742338579    -1.09e-02     5.03e-04         0.4 
   3  -108.8752776111    -1.04e-03     1.66e-04         0.4 
   4  -108.8753746475    -9.70e-05     9.91e-06         0.4 
   5  -108.8753751746    -5.27e-07     2.85e-06         0.4 
   6  -108.8753751968    -2.22e-08     6.80e-07         0.4 
   7  -108.8753751976    -8.20e-10     9.45e-08         0.4 
   8  -108.8753751976    -1.16e-11     7.78e-09         0.4 

** Total SCF energy = -108.8753751976474

Nuclear repulsion energy = 19.945911700392788
#electrons        = 14.000000000000007
1e energy kinetic = 107.8561395051814031
1e energy N-e     = -294.7849140289279717
1e energy         = -186.9287745237464833
2e energy         = 58.1074876563038316
writing orbitals and density to disk ... done.

Time taken for Hartree-Fock: 3.94 secs

CCSD Options
{
 cache_size           = 8
 ccsdt_tilesize       = 32
 ndiis                = 5
 threshold            = 1e-08
 tilesize             = 40
 nactive              = 21
 ccsd_maxiter         = 50
 freeze_atomic         = false
 freeze_core          = 0
 freeze_virtual       = 0
 readt                = false
 writet               = false
 writev               = false
 writet_iter          = 5
 profile_ccsd         = false
 balance_tiles        = true
 eom_nroots           = 1
 eom_microiter        = 50
 eom_threshold        = 1e-06
 debug                = false
}

#occupied, #virtual = 14, 206

Resetting CCSD tilesize to: 50

CD Options
{
 debug            = false
 write_cv         = false
 diagtol          = 1e-06
 write_vcount     = 5000
 itilesize        = 1000
 max_cvecs_factor = 12
}

-----------------------------------------------------
Begin 2-index transformation ... 

nAO, nMO, nelectrons = 110, 220, 14
n_occ_alpha, n_vir_alpha, n_occ_beta, n_vir_beta = 7,103,7,103

Time taken for Fao->Fmo transform: 0.00 secs

-----------------------------------------------------
Number of AO tiles = 30
# of {all,non-negligible} shell-pairs = {465,465}

    Begin Cholesky Decomposition
---------------------------------------------
- CPU memory required for computing cholesky vectors: 0.12 GiB

- Time for computing the diagonal: 0.01 secs

- Total number of cholesky vectors = 804

- Time to compute cholesky vectors: 16.39 secs

- CPU memory required for resizing the ao cholesky tensor: 0.19 GiB
- CPU memory required for ao2mo transformation: 0.22 GiB
- CPU memory required for the 2-step contraction: 0.29 GiB

- Time for ao to mo transform: 0.81 secs

    End Cholesky Decomposition
---------------------------------------------

Total Time taken for Cholesky Decomposition: 17.34 secs

----------------------------
scf_type = restricted
Closed-Shell SCF
nbf = 110
nbf_orig = 110
n_lindep = 0
focc = 1
nmo = 220
nocc = 14
nvir = 206
n_occ_alpha = 7
n_vir_alpha = 103
n_occ_beta = 7
n_vir_beta = 103
nelectrons = 14
nelectrons_alpha = 7
nelectrons_beta = 7
n_frozen_core = 0
n_frozen_virtual = 0
----------------------------

Total CPU memory required for Closed Shell Cholesky CCSD calculation: 0.51 GiB


 CCSD iterations
------------------------------------------------------------
  Iter     Residuum          Correlation          Time(s)
------------------------------------------------------------
   1     1.0412464978024    0.0000000000000         3.29
   2     0.1334017256326   -0.5202775661745         3.05
   3     0.0643288131626   -0.4527242222351         3.08
   4     0.0239685857169   -0.4982541631097         3.06
   5     0.0137374841160   -0.4825141612893         3.06
 MICROCYCLE DIIS UPDATE:                    6
   6     0.0033933131797   -0.4904338228908         3.09
   7     0.0016362840723   -0.4896975047734         3.06
   8     0.0008825371212   -0.4900035687604         3.06
   9     0.0005575821355   -0.4899914012829         3.05
  10     0.0003299786121   -0.4900831330111         3.07
 MICROCYCLE DIIS UPDATE:                   11
  11     0.0000393497658   -0.4901654215098         3.06
  12     0.0000113212979   -0.4901620465166         3.06
  13     0.0000046341865   -0.4901652421636         3.05
  14     0.0000021626248   -0.4901644680963         3.06
  15     0.0000010577668   -0.4901651205535         3.05
 MICROCYCLE DIIS UPDATE:                   16
  16     0.0000004368730   -0.4901651605579         3.09
  17     0.0000002223621   -0.4901650599367         3.06
  18     0.0000001152751   -0.4901651195661         3.06
  19     0.0000000743127   -0.4901651068880         3.06
  20     0.0000000425680   -0.4901651229410         3.05
 MICROCYCLE DIIS UPDATE:                   21
  21     0.0000000063399   -0.4901651302489         3.06
------------------------------------------------------------------
 Iterations converged
 CCSD correlation energy / hartree =        -0.490165130248877
 CCSD total energy / hartree       =      -109.365540327896269

Time taken for Closed Shell Cholesky CCSD: 64.88 secs

Threshold for printing amplitudes set to: 0.05
T1, T2 amplitudes written to files: N2_1.3.cc-pvqz_files/restricted/N2_1.3.cc-pvqz.print_t1amp.txt, N2_1.3.cc-pvqz_files/restricted/N2_1.3.cc-pvqz.print_t2amp.txt


DUCC: Time taken to compute Bare Hamiltonian: 0.00 secs

DUCC: Time taken to compute Single Commutator: 0.41 secs

DUCC: Time taken to compute Double Commutator: 31.74 secs

DUCC: Time taken to compute Triple Commutator: 5.98 secs

DUCC: Total Compute Time: 38.13 secs

Number of active orbitals = 28


DUCC: Time to write results: 0.24 secs
