
date: Mon Dec 18 16:02:44 2023
program: "/hpc/home/baum612/code/exachem-dev/build/methods_stage/hpc/home/baum612/code/tamm_install/methods/ExaChem"
input: /hpc/home/baum612/code/exachem-dev/inputs/N2/N2_1.1.json
nnodes: 1, nproc: 2
prefix: N2_1.1

Memory information
{
 CPU memory per node (GiB): 4534
 Total CPU memory (GiB): 4534
}


Input file provided
--------------------
{
  "geometry": {
    "coordinates": [
      "N  0.000000  0.000000  1.100000",
      "N  0.000000  0.000000  0.000000"
    ],
    "units": "angstrom"
  },
  "basis": {
    "basisset": "cc-pVQZ",
    "atom_basis": null
  },
  "SCF": {
    "conve": 1e-09,
    "convd": 1e-08,
    "tilesize": 30,
    "restart": false
  },
  "CD": {
    "diagtol": 1e-06
  },
  "CC": {
    "threshold": 1e-08,
    "ccsd_maxiter": 50,
    "nactive": 21,
    "freeze": {
      "core": 0
    },
    "PRINT": {
      "tamplitudes": [
        true,
        0.05
      ]
    }
  },
  "TASK": {
    "scf": false,
    "mp2": false,
    "cd_2e": false,
    "ccsd": false,
    "ccsd_t": false,
    "ducc": true
  }
}

Number of nodes, processes per node used for SCF calculation: 1, 2

SCF Options
{
 charge       = 0
 multiplicity = 1
 level shift  = 0
 tol_int      = 1e-22
 tol_sch      = 1e-10
 tol_lindep   = 1e-05
 conve        = 1e-09
 convd        = 1e-08
 diis_hist    = 10
 AO_tilesize  = 30
 writem       = 1
 damp         = 100
 scf_type     = restricted
 restart_size = 2000
 restart      = false
 debug        = false
}
**** Resetting tol_sch to 1e-11

Number of basis functions = 110

Total number of shells = 30

Total number of electrons = 14
  # of alpha electrons    = 7
  # of beta electons      = 7

Nuclear repulsion energy  = 23.5724411004642

# of {all,non-negligible} shell-pairs = {465,465}
Number of AO tiles = 30

Time for initial setup: 0.02 secs

Time for computing 1-e integrals T, V, S: 0.00 secs
Time for computing orthogonalizer: 0.00 secs

Superposition of Atomic Density Guess ...
Time taken for SAD: 0.23 secs
Total Time to compute initial guess: 0.35 secs


 SCF iterations
-----------------------------------------------------------------
 Iter     Energy            E-Diff       RMSD          Time(s)
-----------------------------------------------------------------
   1  -108.9794521654    -1.09e+02     1.48e-03         0.5 
   2  -108.9898659755    -1.04e-02     5.22e-04         0.5 
   3  -108.9905863876    -7.20e-04     7.78e-05         0.5 
   4  -108.9906003251    -1.39e-05     1.04e-05         0.5 
   5  -108.9906006620    -3.37e-07     2.22e-06         0.5 
   6  -108.9906006690    -7.00e-09     1.85e-07         0.5 
   7  -108.9906006691    -1.38e-10     7.11e-08         0.5 
   8  -108.9906006691    -6.14e-12     7.56e-09         0.5 

** Total SCF energy = -108.9906006691153

Nuclear repulsion energy = 23.572441100464200
#electrons        = 14.000000000000004
1e energy kinetic = 108.7536000183482230
1e energy N-e     = -302.9436056935313673
1e energy         = -194.1900056751831016
2e energy         = 61.6269639684765309
writing orbitals and density to disk ... done.

Time taken for Hartree-Fock: 4.29 secs

CCSD Options
{
 cache_size           = 8
 ccsdt_tilesize       = 32
 ndiis                = 5
 threshold            = 1e-08
 tilesize             = 40
 nactive              = 21
 ccsd_maxiter         = 50
 freeze_atomic         = false
 freeze_core          = 0
 freeze_virtual       = 0
 readt                = false
 writet               = false
 writev               = false
 writet_iter          = 5
 profile_ccsd         = false
 balance_tiles        = true
 eom_nroots           = 1
 eom_microiter        = 50
 eom_threshold        = 1e-06
 debug                = false
}

#occupied, #virtual = 14, 206

Resetting CCSD tilesize to: 50

CD Options
{
 debug            = false
 write_cv         = false
 diagtol          = 1e-06
 write_vcount     = 5000
 itilesize        = 1000
 max_cvecs_factor = 12
}

-----------------------------------------------------
Begin 2-index transformation ... 

nAO, nMO, nelectrons = 110, 220, 14
n_occ_alpha, n_vir_alpha, n_occ_beta, n_vir_beta = 7,103,7,103

Time taken for Fao->Fmo transform: 0.00 secs

-----------------------------------------------------
Number of AO tiles = 30
# of {all,non-negligible} shell-pairs = {465,465}

    Begin Cholesky Decomposition
---------------------------------------------
- CPU memory required for computing cholesky vectors: 0.12 GiB

- Time for computing the diagonal: 0.02 secs

- Total number of cholesky vectors = 795

- Time to compute cholesky vectors: 19.46 secs

- CPU memory required for resizing the ao cholesky tensor: 0.19 GiB
- CPU memory required for ao2mo transformation: 0.22 GiB
- CPU memory required for the 2-step contraction: 0.29 GiB

- Time for ao to mo transform: 1.13 secs

    End Cholesky Decomposition
---------------------------------------------

Total Time taken for Cholesky Decomposition: 20.72 secs

----------------------------
scf_type = restricted
Closed-Shell SCF
nbf = 110
nbf_orig = 110
n_lindep = 0
focc = 1
nmo = 220
nocc = 14
nvir = 206
n_occ_alpha = 7
n_vir_alpha = 103
n_occ_beta = 7
n_vir_beta = 103
nelectrons = 14
nelectrons_alpha = 7
nelectrons_beta = 7
n_frozen_core = 0
n_frozen_virtual = 0
----------------------------

Total CPU memory required for Closed Shell Cholesky CCSD calculation: 0.50 GiB


 CCSD iterations
------------------------------------------------------------
  Iter     Residuum          Correlation          Time(s)
------------------------------------------------------------
   1     1.0599458987252    0.0000000000000         3.81
   2     0.1067234326679   -0.4565343951065         3.76
   3     0.0360000325196   -0.4351779717566         3.57
   4     0.0098061415857   -0.4526443385201         3.68
   5     0.0049108074414   -0.4502375359677         3.72
 MICROCYCLE DIIS UPDATE:                    6
   6     0.0018404439117   -0.4524631387753         3.58
   7     0.0007390679323   -0.4520973396242         3.70
   8     0.0003614101883   -0.4521645117052         3.62
   9     0.0001948628383   -0.4521728780555         3.59
  10     0.0001046492350   -0.4521889712563         3.54
 MICROCYCLE DIIS UPDATE:                   11
  11     0.0000076661184   -0.4522077102891         3.63
  12     0.0000021826640   -0.4522065445301         3.55
  13     0.0000008469339   -0.4522070744653         3.58
  14     0.0000003489124   -0.4522069580827         3.58
  15     0.0000001590580   -0.4522070230062         3.67
 MICROCYCLE DIIS UPDATE:                   16
  16     0.0000000370508   -0.4522070301765         3.50
  17     0.0000000136250   -0.4522070243324         3.30
  18     0.0000000065507   -0.4522070256719         3.45
------------------------------------------------------------------
 Iterations converged
 CCSD correlation energy / hartree =        -0.452207025671907
 CCSD total energy / hartree       =      -109.442807694787163

Time taken for Closed Shell Cholesky CCSD: 65.14 secs

Threshold for printing amplitudes set to: 0.05
T1, T2 amplitudes written to files: N2_1.1.cc-pvqz_files/restricted/N2_1.1.cc-pvqz.print_t1amp.txt, N2_1.1.cc-pvqz_files/restricted/N2_1.1.cc-pvqz.print_t2amp.txt


DUCC: Time taken to compute Bare Hamiltonian: 0.01 secs

DUCC: Time taken to compute Single Commutator: 0.45 secs

DUCC: Time taken to compute Double Commutator: 39.57 secs

DUCC: Time taken to compute Triple Commutator: 6.33 secs

DUCC: Total Compute Time: 46.36 secs

Number of active orbitals = 28


DUCC: Time to write results: 0.26 secs
