
date: Mon Dec 18 16:12:46 2023
program: "/hpc/home/baum612/code/exachem-dev/build/methods_stage/hpc/home/baum612/code/tamm_install/methods/ExaChem"
input: /hpc/home/baum612/code/exachem-dev/inputs/N2/N2_1.5.json
nnodes: 1, nproc: 2
prefix: N2_1.5

Memory information
{
 CPU memory per node (GiB): 4534
 Total CPU memory (GiB): 4534
}


Input file provided
--------------------
{
  "geometry": {
    "coordinates": [
      "N  0.000000  0.000000  1.500000",
      "N  0.000000  0.000000  0.000000"
    ],
    "units": "angstrom"
  },
  "basis": {
    "basisset": "cc-pVQZ",
    "atom_basis": null
  },
  "SCF": {
    "conve": 1e-09,
    "convd": 1e-08,
    "tilesize": 30,
    "restart": false
  },
  "CD": {
    "diagtol": 1e-06
  },
  "CC": {
    "threshold": 1e-08,
    "ccsd_maxiter": 50,
    "nactive": 21,
    "freeze": {
      "core": 0
    },
    "PRINT": {
      "tamplitudes": [
        true,
        0.05
      ]
    }
  },
  "TASK": {
    "scf": false,
    "mp2": false,
    "cd_2e": false,
    "ccsd": false,
    "ccsd_t": false,
    "ducc": true
  }
}

Number of nodes, processes per node used for SCF calculation: 1, 2

SCF Options
{
 charge       = 0
 multiplicity = 1
 level shift  = 0
 tol_int      = 1e-22
 tol_sch      = 1e-10
 tol_lindep   = 1e-05
 conve        = 1e-09
 convd        = 1e-08
 diis_hist    = 10
 AO_tilesize  = 30
 writem       = 1
 damp         = 100
 scf_type     = restricted
 restart_size = 2000
 restart      = false
 debug        = false
}
**** Resetting tol_sch to 1e-11

Number of basis functions = 110

Total number of shells = 30

Total number of electrons = 14
  # of alpha electrons    = 7
  # of beta electons      = 7

Nuclear repulsion energy  = 17.2864568070071

# of {all,non-negligible} shell-pairs = {465,465}
Number of AO tiles = 30

Time for initial setup: 0.01 secs

Time for computing 1-e integrals T, V, S: 0.00 secs
Time for computing orthogonalizer: 0.00 secs

Superposition of Atomic Density Guess ...
Time taken for SAD: 0.17 secs
Total Time to compute initial guess: 0.27 secs


 SCF iterations
-----------------------------------------------------------------
 Iter     Energy            E-Diff       RMSD          Time(s)
-----------------------------------------------------------------
   1  -108.6977842565    -1.09e+02     1.14e-03         0.4 
   2  -108.7084105156    -1.06e-02     4.54e-04         0.4 
   3  -108.7096114321    -1.20e-03     2.06e-04         0.4 
   4  -108.7097846853    -1.73e-04     1.18e-05         0.4 
   5  -108.7097853423    -6.57e-07     3.37e-06         0.4 
   6  -108.7097853679    -2.56e-08     8.53e-07         0.4 
   7  -108.7097853689    -1.03e-09     1.07e-07         0.4 
   8  -108.7097853689    -1.43e-11     8.03e-09         0.4 

** Total SCF energy = -108.7097853689128

Nuclear repulsion energy = 17.286456807007081
#electrons        = 14.000000000000004
1e energy kinetic = 107.4784303268300221
1e energy N-e     = -288.9516114041135211
1e energy         = -181.4731810772835559
2e energy         = 55.4769389127085333
writing orbitals and density to disk ... done.

Time taken for Hartree-Fock: 3.89 secs

CCSD Options
{
 cache_size           = 8
 ccsdt_tilesize       = 32
 ndiis                = 5
 threshold            = 1e-08
 tilesize             = 40
 nactive              = 21
 ccsd_maxiter         = 50
 freeze_atomic         = false
 freeze_core          = 0
 freeze_virtual       = 0
 readt                = false
 writet               = false
 writev               = false
 writet_iter          = 5
 profile_ccsd         = false
 balance_tiles        = true
 eom_nroots           = 1
 eom_microiter        = 50
 eom_threshold        = 1e-06
 debug                = false
}

#occupied, #virtual = 14, 206

Resetting CCSD tilesize to: 50

CD Options
{
 debug            = false
 write_cv         = false
 diagtol          = 1e-06
 write_vcount     = 5000
 itilesize        = 1000
 max_cvecs_factor = 12
}

-----------------------------------------------------
Begin 2-index transformation ... 

nAO, nMO, nelectrons = 110, 220, 14
n_occ_alpha, n_vir_alpha, n_occ_beta, n_vir_beta = 7,103,7,103

Time taken for Fao->Fmo transform: 0.00 secs

-----------------------------------------------------
Number of AO tiles = 30
# of {all,non-negligible} shell-pairs = {465,465}

    Begin Cholesky Decomposition
---------------------------------------------
- CPU memory required for computing cholesky vectors: 0.12 GiB

- Time for computing the diagonal: 0.01 secs

- Total number of cholesky vectors = 815

- Time to compute cholesky vectors: 16.40 secs

- CPU memory required for resizing the ao cholesky tensor: 0.19 GiB
- CPU memory required for ao2mo transformation: 0.22 GiB
- CPU memory required for the 2-step contraction: 0.29 GiB

- Time for ao to mo transform: 0.83 secs

    End Cholesky Decomposition
---------------------------------------------

Total Time taken for Cholesky Decomposition: 17.37 secs

----------------------------
scf_type = restricted
Closed-Shell SCF
nbf = 110
nbf_orig = 110
n_lindep = 0
focc = 1
nmo = 220
nocc = 14
nvir = 206
n_occ_alpha = 7
n_vir_alpha = 103
n_occ_beta = 7
n_vir_beta = 103
nelectrons = 14
nelectrons_alpha = 7
nelectrons_beta = 7
n_frozen_core = 0
n_frozen_virtual = 0
----------------------------

Total CPU memory required for Closed Shell Cholesky CCSD calculation: 0.51 GiB


 CCSD iterations
------------------------------------------------------------
  Iter     Residuum          Correlation          Time(s)
------------------------------------------------------------
   1     1.0328086831893    0.0000000000000         3.35
   2     0.1791478956025   -0.6120240769072         3.10
   3     0.1227685302498   -0.4496735941185         3.12
   4     0.0709677894504   -0.5749822592671         3.10
   5     0.0509785022480   -0.5007130891819         3.10
 MICROCYCLE DIIS UPDATE:                    6
   6     0.0060284080487   -0.5347939855371         3.12
   7     0.0035973657692   -0.5332916704777         3.10
   8     0.0020610661496   -0.5346041514746         3.10
   9     0.0015680081380   -0.5342695504667         3.10
  10     0.0009381120305   -0.5348702672063         3.11
 MICROCYCLE DIIS UPDATE:                   11
  11     0.0001449557582   -0.5351462623207         3.10
  12     0.0000502466774   -0.5351455304070         3.10
  13     0.0000231358773   -0.5351568285821         3.09
  14     0.0000123659135   -0.5351544363008         3.09
  15     0.0000068443703   -0.5351581889180         3.11
 MICROCYCLE DIIS UPDATE:                   16
  16     0.0000032147260   -0.5351589385494         3.10
  17     0.0000020809652   -0.5351575748462         3.09
  18     0.0000011352600   -0.5351587399335         3.09
  19     0.0000009150233   -0.5351582220822         3.09
  20     0.0000005082322   -0.5351587438741         3.09
 MICROCYCLE DIIS UPDATE:                   21
  21     0.0000000859041   -0.5351587766039         3.10
  22     0.0000000354009   -0.5351587801076         3.11
  23     0.0000000143974   -0.5351587907899         3.09
  24     0.0000000090738   -0.5351587893793         3.09
------------------------------------------------------------------
 Iterations converged
 CCSD correlation energy / hartree =        -0.535158789379284
 CCSD total energy / hartree       =      -109.244944158292128

Time taken for Closed Shell Cholesky CCSD: 74.99 secs

Threshold for printing amplitudes set to: 0.05
T1, T2 amplitudes written to files: N2_1.5.cc-pvqz_files/restricted/N2_1.5.cc-pvqz.print_t1amp.txt, N2_1.5.cc-pvqz_files/restricted/N2_1.5.cc-pvqz.print_t2amp.txt


DUCC: Time taken to compute Bare Hamiltonian: 0.00 secs

DUCC: Time taken to compute Single Commutator: 0.41 secs

DUCC: Time taken to compute Double Commutator: 31.75 secs

DUCC: Time taken to compute Triple Commutator: 5.99 secs

DUCC: Total Compute Time: 38.15 secs

Number of active orbitals = 28


DUCC: Time to write results: 0.24 secs
