
date: Mon Dec 18 16:24:09 2023
program: "/hpc/home/baum612/code/exachem-dev/build/methods_stage/hpc/home/baum612/code/tamm_install/methods/ExaChem"
input: /hpc/home/baum612/code/exachem-dev/inputs/N2/N2_1.9.json
nnodes: 1, nproc: 2
prefix: N2_1.9

Memory information
{
 CPU memory per node (GiB): 4534
 Total CPU memory (GiB): 4534
}


Input file provided
--------------------
{
  "geometry": {
    "coordinates": [
      "N  0.000000  0.000000  1.900000",
      "N  0.000000  0.000000  0.000000"
    ],
    "units": "angstrom"
  },
  "basis": {
    "basisset": "cc-pVQZ",
    "atom_basis": null
  },
  "SCF": {
    "conve": 1e-09,
    "convd": 1e-08,
    "tilesize": 30,
    "restart": false
  },
  "CD": {
    "diagtol": 1e-06
  },
  "CC": {
    "threshold": 1e-08,
    "ccsd_maxiter": 50,
    "nactive": 21,
    "freeze": {
      "core": 0
    },
    "PRINT": {
      "tamplitudes": [
        true,
        0.05
      ]
    }
  },
  "TASK": {
    "scf": false,
    "mp2": false,
    "cd_2e": false,
    "ccsd": false,
    "ccsd_t": false,
    "ducc": true
  }
}

Number of nodes, processes per node used for SCF calculation: 1, 2

SCF Options
{
 charge       = 0
 multiplicity = 1
 level shift  = 0
 tol_int      = 1e-22
 tol_sch      = 1e-10
 tol_lindep   = 1e-05
 conve        = 1e-09
 convd        = 1e-08
 diis_hist    = 10
 AO_tilesize  = 30
 writem       = 1
 damp         = 100
 scf_type     = restricted
 restart_size = 2000
 restart      = false
 debug        = false
}
**** Resetting tol_sch to 1e-11

Number of basis functions = 110

Total number of shells = 30

Total number of electrons = 14
  # of alpha electrons    = 7
  # of beta electons      = 7

Nuclear repulsion energy  = 13.647202742374

# of {all,non-negligible} shell-pairs = {465,465}
Number of AO tiles = 30

Time for initial setup: 0.02 secs

Time for computing 1-e integrals T, V, S: 0.00 secs
Time for computing orthogonalizer: 0.00 secs

Superposition of Atomic Density Guess ...
Time taken for SAD: 0.19 secs
Total Time to compute initial guess: 0.28 secs


 SCF iterations
-----------------------------------------------------------------
 Iter     Energy            E-Diff       RMSD          Time(s)
-----------------------------------------------------------------
   1  -108.4137294423    -1.08e+02     1.09e-03         0.4 
   2  -108.4212018252    -7.47e-03     3.52e-04         0.4 
   3  -108.4221798844    -9.78e-04     1.90e-04         0.4 
   4  -108.4223487472    -1.69e-04     1.22e-05         0.4 
   5  -108.4223493835    -6.36e-07     2.25e-06         0.4 
   6  -108.4223494011    -1.76e-08     5.15e-07         0.4 
   7  -108.4223494016    -5.45e-10     1.47e-07         0.4 
   8  -108.4223494017    -2.48e-11     1.01e-08         0.4 
   9  -108.4223494017    -1.56e-13     5.63e-10         0.4 

** Total SCF energy = -108.4223494016586

Nuclear repulsion energy = 13.647202742374011
#electrons        = 14.000000000000012
1e energy kinetic = 107.3059078628969019
1e energy N-e     = -281.2383315520178257
1e energy         = -173.9324236891208386
2e energy         = 51.8628715398129856
writing orbitals and density to disk ... done.

Time taken for Hartree-Fock: 4.23 secs

CCSD Options
{
 cache_size           = 8
 ccsdt_tilesize       = 32
 ndiis                = 5
 threshold            = 1e-08
 tilesize             = 40
 nactive              = 21
 ccsd_maxiter         = 50
 freeze_atomic         = false
 freeze_core          = 0
 freeze_virtual       = 0
 readt                = false
 writet               = false
 writev               = false
 writet_iter          = 5
 profile_ccsd         = false
 balance_tiles        = true
 eom_nroots           = 1
 eom_microiter        = 50
 eom_threshold        = 1e-06
 debug                = false
}

#occupied, #virtual = 14, 206

Resetting CCSD tilesize to: 50

CD Options
{
 debug            = false
 write_cv         = false
 diagtol          = 1e-06
 write_vcount     = 5000
 itilesize        = 1000
 max_cvecs_factor = 12
}

-----------------------------------------------------
Begin 2-index transformation ... 

nAO, nMO, nelectrons = 110, 220, 14
n_occ_alpha, n_vir_alpha, n_occ_beta, n_vir_beta = 7,103,7,103

Time taken for Fao->Fmo transform: 0.00 secs

-----------------------------------------------------
Number of AO tiles = 30
# of {all,non-negligible} shell-pairs = {465,465}

    Begin Cholesky Decomposition
---------------------------------------------
- CPU memory required for computing cholesky vectors: 0.12 GiB

- Time for computing the diagonal: 0.01 secs

- Total number of cholesky vectors = 806

- Time to compute cholesky vectors: 15.55 secs

- CPU memory required for resizing the ao cholesky tensor: 0.19 GiB
- CPU memory required for ao2mo transformation: 0.22 GiB
- CPU memory required for the 2-step contraction: 0.29 GiB

- Time for ao to mo transform: 0.81 secs

    End Cholesky Decomposition
---------------------------------------------

Total Time taken for Cholesky Decomposition: 16.49 secs

----------------------------
scf_type = restricted
Closed-Shell SCF
nbf = 110
nbf_orig = 110
n_lindep = 0
focc = 1
nmo = 220
nocc = 14
nvir = 206
n_occ_alpha = 7
n_vir_alpha = 103
n_occ_beta = 7
n_vir_beta = 103
nelectrons = 14
nelectrons_alpha = 7
nelectrons_beta = 7
n_frozen_core = 0
n_frozen_virtual = 0
----------------------------

Total CPU memory required for Closed Shell Cholesky CCSD calculation: 0.51 GiB


 CCSD iterations
------------------------------------------------------------
  Iter     Residuum          Correlation          Time(s)
------------------------------------------------------------
   1     1.0291046235875    0.0000000000000         3.35
   2     0.3317251403830   -0.8773854459104         3.09
   3     0.4268281843186   -0.2661595205178         3.12
   4     0.4910809899481   -1.0525275308301         3.10
   5     0.6203900536857   -0.1336773583962         3.09
 MICROCYCLE DIIS UPDATE:                    6
   6     0.0375653799607   -0.6492336579570         3.11
   7     0.0493011892168   -0.5853876680174         3.09
   8     0.0520162119639   -0.6696241380379         3.08
   9     0.0701473199314   -0.5725137313904         3.09
  10     0.0802116572221   -0.6969623337869         3.11
 MICROCYCLE DIIS UPDATE:                   11
  11     0.0038946826135   -0.6345192262736         3.09
  12     0.0040120156484   -0.6323378986162         3.09
  13     0.0025725069435   -0.6369757444657         3.09
  14     0.0041239639499   -0.6327988138274         3.09
  15     0.0036312169195   -0.6390683290603         3.08
 MICROCYCLE DIIS UPDATE:                   16
  16     0.0002602155157   -0.6374627222437         3.10
  17     0.0001262584304   -0.6374659965760         3.09
  18     0.0000731922736   -0.6375097587658         3.09
  19     0.0000542470307   -0.6374988860471         3.08
  20     0.0000339391616   -0.6375429816990         3.09
 MICROCYCLE DIIS UPDATE:                   21
  21     0.0000214740155   -0.6375500933116         3.08
  22     0.0000280649627   -0.6375315591533         3.11
  23     0.0000191258365   -0.6375666331493         3.08
  24     0.0000307349860   -0.6375331813215         3.08
  25     0.0000286377085   -0.6375815585701         3.08
 MICROCYCLE DIIS UPDATE:                   26
  26     0.0000016236134   -0.6375666736025         3.08
  27     0.0000006980184   -0.6375665980726         3.09
  28     0.0000004579536   -0.6375669743545         3.09
  29     0.0000003880748   -0.6375667272315         3.10
  30     0.0000002918725   -0.6375671924612         3.09
 MICROCYCLE DIIS UPDATE:                   31
  31     0.0000001333709   -0.6375670959605         3.08
  32     0.0000001571146   -0.6375670066356         3.08
  33     0.0000001020989   -0.6375671898602         3.08
  34     0.0000001629909   -0.6375670222926         3.06
  35     0.0000001457400   -0.6375672719797         3.10
 MICROCYCLE DIIS UPDATE:                   36
  36     0.0000000111275   -0.6375672046017         3.07
  37     0.0000000069892   -0.6375672031846         3.04
------------------------------------------------------------------
 Iterations converged
 CCSD correlation energy / hartree =        -0.637567203184580
 CCSD total energy / hartree       =      -109.059916604843195

Time taken for Closed Shell Cholesky CCSD: 114.92 secs

Threshold for printing amplitudes set to: 0.05
T1, T2 amplitudes written to files: N2_1.9.cc-pvqz_files/restricted/N2_1.9.cc-pvqz.print_t1amp.txt, N2_1.9.cc-pvqz_files/restricted/N2_1.9.cc-pvqz.print_t2amp.txt


DUCC: Time taken to compute Bare Hamiltonian: 0.00 secs

DUCC: Time taken to compute Single Commutator: 0.40 secs

DUCC: Time taken to compute Double Commutator: 31.44 secs

DUCC: Time taken to compute Triple Commutator: 5.95 secs

DUCC: Total Compute Time: 37.80 secs

Number of active orbitals = 28


DUCC: Time to write results: 0.24 secs
