
date: Mon Dec 18 16:18:02 2023
program: "/hpc/home/baum612/code/exachem-dev/build/methods_stage/hpc/home/baum612/code/tamm_install/methods/ExaChem"
input: /hpc/home/baum612/code/exachem-dev/inputs/N2/N2_1.7.json
nnodes: 1, nproc: 2
prefix: N2_1.7

Memory information
{
 CPU memory per node (GiB): 4534
 Total CPU memory (GiB): 4534
}


Input file provided
--------------------
{
  "geometry": {
    "coordinates": [
      "N  0.000000  0.000000  1.700000",
      "N  0.000000  0.000000  0.000000"
    ],
    "units": "angstrom"
  },
  "basis": {
    "basisset": "cc-pVQZ",
    "atom_basis": null
  },
  "SCF": {
    "conve": 1e-09,
    "convd": 1e-08,
    "tilesize": 30,
    "restart": false
  },
  "CD": {
    "diagtol": 1e-06
  },
  "CC": {
    "threshold": 1e-08,
    "ccsd_maxiter": 50,
    "nactive": 21,
    "freeze": {
      "core": 0
    },
    "PRINT": {
      "tamplitudes": [
        true,
        0.05
      ]
    }
  },
  "TASK": {
    "scf": false,
    "mp2": false,
    "cd_2e": false,
    "ccsd": false,
    "ccsd_t": false,
    "ducc": true
  }
}

Number of nodes, processes per node used for SCF calculation: 1, 2

SCF Options
{
 charge       = 0
 multiplicity = 1
 level shift  = 0
 tol_int      = 1e-22
 tol_sch      = 1e-10
 tol_lindep   = 1e-05
 conve        = 1e-09
 convd        = 1e-08
 diis_hist    = 10
 AO_tilesize  = 30
 writem       = 1
 damp         = 100
 scf_type     = restricted
 restart_size = 2000
 restart      = false
 debug        = false
}
**** Resetting tol_sch to 1e-11

Number of basis functions = 110

Total number of shells = 30

Total number of electrons = 14
  # of alpha electrons    = 7
  # of beta electons      = 7

Nuclear repulsion energy  = 15.2527560061827

# of {all,non-negligible} shell-pairs = {465,465}
Number of AO tiles = 30

Time for initial setup: 0.02 secs

Time for computing 1-e integrals T, V, S: 0.00 secs
Time for computing orthogonalizer: 0.00 secs

Superposition of Atomic Density Guess ...
Time taken for SAD: 0.20 secs
Total Time to compute initial guess: 0.29 secs


 SCF iterations
-----------------------------------------------------------------
 Iter     Energy            E-Diff       RMSD          Time(s)
-----------------------------------------------------------------
   1  -108.5436958860    -1.09e+02     1.12e-03         0.4 
   2  -108.5527936354    -9.10e-03     4.00e-04         0.4 
   3  -108.5539242571    -1.13e-03     2.03e-04         0.4 
   4  -108.5541104946    -1.86e-04     1.24e-05         0.4 
   5  -108.5541111626    -6.68e-07     2.85e-06         0.4 
   6  -108.5541111832    -2.06e-08     6.82e-07         0.4 
   7  -108.5541111840    -7.81e-10     1.54e-07         0.4 
   8  -108.5541111840    -2.68e-11     6.92e-09         0.4 

** Total SCF energy = -108.5541111840406

Nuclear repulsion energy = 15.252756006182720
#electrons        = 13.999999999999998
1e energy kinetic = 107.3388799613523474
1e energy N-e     = -284.6020547774807028
1e energy         = -177.2631748161284690
2e energy         = 53.4563076629808833
writing orbitals and density to disk ... done.

Time taken for Hartree-Fock: 3.88 secs

CCSD Options
{
 cache_size           = 8
 ccsdt_tilesize       = 32
 ndiis                = 5
 threshold            = 1e-08
 tilesize             = 40
 nactive              = 21
 ccsd_maxiter         = 50
 freeze_atomic         = false
 freeze_core          = 0
 freeze_virtual       = 0
 readt                = false
 writet               = false
 writev               = false
 writet_iter          = 5
 profile_ccsd         = false
 balance_tiles        = true
 eom_nroots           = 1
 eom_microiter        = 50
 eom_threshold        = 1e-06
 debug                = false
}

#occupied, #virtual = 14, 206

Resetting CCSD tilesize to: 50

CD Options
{
 debug            = false
 write_cv         = false
 diagtol          = 1e-06
 write_vcount     = 5000
 itilesize        = 1000
 max_cvecs_factor = 12
}

-----------------------------------------------------
Begin 2-index transformation ... 

nAO, nMO, nelectrons = 110, 220, 14
n_occ_alpha, n_vir_alpha, n_occ_beta, n_vir_beta = 7,103,7,103

Time taken for Fao->Fmo transform: 0.00 secs

-----------------------------------------------------
Number of AO tiles = 30
# of {all,non-negligible} shell-pairs = {465,465}

    Begin Cholesky Decomposition
---------------------------------------------
- CPU memory required for computing cholesky vectors: 0.12 GiB

- Time for computing the diagonal: 0.01 secs

- Total number of cholesky vectors = 815

- Time to compute cholesky vectors: 15.99 secs

- CPU memory required for resizing the ao cholesky tensor: 0.19 GiB
- CPU memory required for ao2mo transformation: 0.22 GiB
- CPU memory required for the 2-step contraction: 0.29 GiB

- Time for ao to mo transform: 0.83 secs

    End Cholesky Decomposition
---------------------------------------------

Total Time taken for Cholesky Decomposition: 16.95 secs

----------------------------
scf_type = restricted
Closed-Shell SCF
nbf = 110
nbf_orig = 110
n_lindep = 0
focc = 1
nmo = 220
nocc = 14
nvir = 206
n_occ_alpha = 7
n_vir_alpha = 103
n_occ_beta = 7
n_vir_beta = 103
nelectrons = 14
nelectrons_alpha = 7
nelectrons_beta = 7
n_frozen_core = 0
n_frozen_virtual = 0
----------------------------

Total CPU memory required for Closed Shell Cholesky CCSD calculation: 0.51 GiB


 CCSD iterations
------------------------------------------------------------
  Iter     Residuum          Correlation          Time(s)
------------------------------------------------------------
   1     1.0296773019884    0.0000000000000         3.41
   2     0.2459330382826   -0.7320313202380         3.16
   3     0.2340335033039   -0.3977733546872         3.19
   4     0.1990272737791   -0.7271275783229         3.16
   5     0.1896939567251   -0.4393458027576         3.16
 MICROCYCLE DIIS UPDATE:                    6
   6     0.0113578444206   -0.5828262785056         3.18
   7     0.0106330988407   -0.5744562266706         3.16
   8     0.0064999625169   -0.5843759906509         3.16
   9     0.0072733597530   -0.5773838283047         3.16
  10     0.0047023534651   -0.5854677868743         3.18
 MICROCYCLE DIIS UPDATE:                   11
  11     0.0005452682170   -0.5839965221856         3.16
  12     0.0002137887634   -0.5840414459428         3.16
  13     0.0001185189789   -0.5840637678624         3.16
  14     0.0000774277214   -0.5840753780052         3.15
  15     0.0000519230038   -0.5840904250750         3.18
 MICROCYCLE DIIS UPDATE:                   16
  16     0.0000189376738   -0.5841191285986         3.16
  17     0.0000161187083   -0.5841080204777         3.16
  18     0.0000096022015   -0.5841232945014         3.16
  19     0.0000106360228   -0.5841131108729         3.16
  20     0.0000069291750   -0.5841251236441         3.16
 MICROCYCLE DIIS UPDATE:                   21
  21     0.0000011974209   -0.5841228198626         3.16
  22     0.0000006988920   -0.5841225759985         3.17
  23     0.0000003863486   -0.5841229191431         3.16
  24     0.0000003571915   -0.5841227114472         3.15
  25     0.0000002029020   -0.5841229892527         3.15
 MICROCYCLE DIIS UPDATE:                   26
  26     0.0000000871483   -0.5841229694517         3.15
  27     0.0000000546803   -0.5841229578568         3.16
  28     0.0000000329250   -0.5841229904252         3.18
  29     0.0000000300425   -0.5841229758199         3.15
  30     0.0000000176116   -0.5841230003975         3.15
 MICROCYCLE DIIS UPDATE:                   31
  31     0.0000000057497   -0.5841230025712         3.15
------------------------------------------------------------------
 Iterations converged
 CCSD correlation energy / hartree =        -0.584123002571211
 CCSD total energy / hartree       =      -109.138234186611768

Time taken for Closed Shell Cholesky CCSD: 98.64 secs

Threshold for printing amplitudes set to: 0.05
T1, T2 amplitudes written to files: N2_1.7.cc-pvqz_files/restricted/N2_1.7.cc-pvqz.print_t1amp.txt, N2_1.7.cc-pvqz_files/restricted/N2_1.7.cc-pvqz.print_t2amp.txt


DUCC: Time taken to compute Bare Hamiltonian: 0.00 secs

DUCC: Time taken to compute Single Commutator: 0.41 secs

DUCC: Time taken to compute Double Commutator: 31.72 secs

DUCC: Time taken to compute Triple Commutator: 6.00 secs

DUCC: Total Compute Time: 38.13 secs

Number of active orbitals = 28


DUCC: Time to write results: 0.24 secs
