
date: Mon Dec 18 16:39:05 2023
program: "/hpc/home/baum612/code/exachem-dev/build/methods_stage/hpc/home/baum612/code/tamm_install/methods/ExaChem"
input: /hpc/home/baum612/code/exachem-dev/inputs/N2/N2_2.3.json
nnodes: 1, nproc: 2
prefix: N2_2.3

Memory information
{
 CPU memory per node (GiB): 4534
 Total CPU memory (GiB): 4534
}


Input file provided
--------------------
{
  "geometry": {
    "coordinates": [
      "N  0.000000  0.000000  2.300000",
      "N  0.000000  0.000000  0.000000"
    ],
    "units": "angstrom"
  },
  "basis": {
    "basisset": "cc-pVQZ",
    "atom_basis": null
  },
  "SCF": {
    "conve": 1e-09,
    "convd": 1e-08,
    "tilesize": 30,
    "restart": false
  },
  "CD": {
    "diagtol": 1e-06
  },
  "CC": {
    "threshold": 1e-08,
    "ccsd_maxiter": 150,
    "lshift": 0.1,
    "nactive": 21,
    "freeze": {
      "core": 0
    },
    "PRINT": {
      "tamplitudes": [
        true,
        0.05
      ]
    }
  },
  "TASK": {
    "scf": false,
    "mp2": false,
    "cd_2e": false,
    "ccsd": false,
    "ccsd_t": false,
    "ducc": true
  }
}

Number of nodes, processes per node used for SCF calculation: 1, 2

SCF Options
{
 charge       = 0
 multiplicity = 1
 level shift  = 0
 tol_int      = 1e-22
 tol_sch      = 1e-10
 tol_lindep   = 1e-05
 conve        = 1e-09
 convd        = 1e-08
 diis_hist    = 10
 AO_tilesize  = 30
 writem       = 1
 damp         = 100
 scf_type     = restricted
 restart_size = 2000
 restart      = false
 debug        = false
}
**** Resetting tol_sch to 1e-11

Number of basis functions = 110

Total number of shells = 30

Total number of electrons = 14
  # of alpha electrons    = 7
  # of beta electons      = 7

Nuclear repulsion energy  = 11.2737761784829

# of {all,non-negligible} shell-pairs = {465,465}
Number of AO tiles = 30

Time for initial setup: 0.02 secs

Time for computing 1-e integrals T, V, S: 0.00 secs
Time for computing orthogonalizer: 0.00 secs

Superposition of Atomic Density Guess ...
Time taken for SAD: 0.20 secs
Total Time to compute initial guess: 0.29 secs


 SCF iterations
-----------------------------------------------------------------
 Iter     Energy            E-Diff       RMSD          Time(s)
-----------------------------------------------------------------
   1  -108.2218883052    -1.08e+02     1.00e-03         0.4 
   2  -108.2269651852    -5.08e-03     2.98e-04         0.4 
   3  -108.2276674625    -7.02e-04     1.79e-04         0.4 
   4  -108.2277960439    -1.29e-04     1.16e-05         0.4 
   5  -108.2277965720    -5.28e-07     1.60e-06         0.4 
   6  -108.2277965867    -1.47e-08     4.20e-07         0.4 
   7  -108.2277965871    -3.97e-10     1.07e-07         0.4 
   8  -108.2277965871    -1.29e-11     9.56e-09         0.4 

** Total SCF energy = -108.2277965870747

Nuclear repulsion energy = 11.273776178482882
#electrons        = 13.999999999999993
1e energy kinetic = 107.3603813082189333
1e energy N-e     = -276.3870126054656566
1e energy         = -169.0266312972467233
2e energy         = 49.5250586074530545
writing orbitals and density to disk ... done.

Time taken for Hartree-Fock: 3.47 secs

CCSD Options
{
 cache_size           = 8
 ccsdt_tilesize       = 32
 ndiis                = 5
 threshold            = 1e-08
 tilesize             = 40
 nactive              = 21
 ccsd_maxiter         = 150
 freeze_atomic         = false
 freeze_core          = 0
 freeze_virtual       = 0
 lshift               = 0.1
 readt                = false
 writet               = false
 writev               = false
 writet_iter          = 5
 profile_ccsd         = false
 balance_tiles        = true
 eom_nroots           = 1
 eom_microiter        = 50
 eom_threshold        = 1e-06
 debug                = false
}

#occupied, #virtual = 14, 206

Resetting CCSD tilesize to: 50

CD Options
{
 debug            = false
 write_cv         = false
 diagtol          = 1e-06
 write_vcount     = 5000
 itilesize        = 1000
 max_cvecs_factor = 12
}

-----------------------------------------------------
Begin 2-index transformation ... 

nAO, nMO, nelectrons = 110, 220, 14
n_occ_alpha, n_vir_alpha, n_occ_beta, n_vir_beta = 7,103,7,103

Time taken for Fao->Fmo transform: 0.00 secs

-----------------------------------------------------
Number of AO tiles = 30
# of {all,non-negligible} shell-pairs = {465,465}

    Begin Cholesky Decomposition
---------------------------------------------
- CPU memory required for computing cholesky vectors: 0.12 GiB

- Time for computing the diagonal: 0.01 secs

- Total number of cholesky vectors = 787

- Time to compute cholesky vectors: 14.60 secs

- CPU memory required for resizing the ao cholesky tensor: 0.19 GiB
- CPU memory required for ao2mo transformation: 0.21 GiB
- CPU memory required for the 2-step contraction: 0.28 GiB

- Time for ao to mo transform: 0.79 secs

    End Cholesky Decomposition
---------------------------------------------

Total Time taken for Cholesky Decomposition: 15.53 secs

----------------------------
scf_type = restricted
Closed-Shell SCF
nbf = 110
nbf_orig = 110
n_lindep = 0
focc = 1
nmo = 220
nocc = 14
nvir = 206
n_occ_alpha = 7
n_vir_alpha = 103
n_occ_beta = 7
n_vir_beta = 103
nelectrons = 14
nelectrons_alpha = 7
nelectrons_beta = 7
n_frozen_core = 0
n_frozen_virtual = 0
----------------------------

Total CPU memory required for Closed Shell Cholesky CCSD calculation: 0.50 GiB


 CCSD iterations
------------------------------------------------------------
  Iter     Residuum          Correlation          Time(s)
------------------------------------------------------------
   1     1.0330196293889    0.0000000000000         3.26
   2     0.3666582207311   -0.9983696094113         3.01
   3     0.4971141347488   -0.2393404975600         3.01
   4     0.5789713034142   -1.2517925119733         3.03
   5     0.7595288327068   -0.0501012016086         3.00
 MICROCYCLE DIIS UPDATE:                    6
   6     0.0506799870303   -0.7280296080240         3.00
   7     0.0799185961060   -0.6289784968735         3.02
   8     0.0782813021944   -0.7722374433892         3.00
   9     0.1189318070768   -0.6094713342907         3.00
  10     0.1288988104619   -0.8318937800364         3.00
 MICROCYCLE DIIS UPDATE:                   11
  11     0.0150643377580   -0.7392314671409         3.02
  12     0.0154170713217   -0.7380428031755         3.00
  13     0.0104811031011   -0.7500985812177         3.00
  14     0.0143525939792   -0.7462927204957         3.00
  15     0.0085883715083   -0.7608719262315         3.00
 MICROCYCLE DIIS UPDATE:                   16
  16     0.0052643865674   -0.7909342805875         3.00
  17     0.0060413063711   -0.7990313210814         3.01
  18     0.0062091015623   -0.7890353923996         3.00
  19     0.0078837329533   -0.8003686145484         3.00
  20     0.0084894271720   -0.7868329167742         3.00
 MICROCYCLE DIIS UPDATE:                   21
  21     0.0004522216380   -0.7935542026755         3.00
  22     0.0007635924697   -0.7939496675063         2.99
  23     0.0004493936761   -0.7929679225567         3.01
  24     0.0008073854501   -0.7937049918460         2.99
  25     0.0005980488586   -0.7925064525680         3.00
 MICROCYCLE DIIS UPDATE:                   26
  26     0.0001168482750   -0.7924025137701         2.99
  27     0.0001431568478   -0.7924647843624         2.99
  28     0.0000834469025   -0.7923073605665         2.99
  29     0.0001385206071   -0.7924185600383         2.99
  30     0.0000943801810   -0.7922272946048         3.01
 MICROCYCLE DIIS UPDATE:                   31
  31     0.0000232832067   -0.7922000567958         2.99
  32     0.0000281988837   -0.7922093775501         2.99
  33     0.0000160418312   -0.7921775006973         2.99
  34     0.0000272978074   -0.7921974627578         2.99
  35     0.0000178761059   -0.7921598650409         2.98
 MICROCYCLE DIIS UPDATE:                   36
  36     0.0000040383171   -0.7921446379812         2.98
  37     0.0000034097350   -0.7921454322771         3.00
  38     0.0000019665910   -0.7921421061510         2.97
  39     0.0000030578300   -0.7921441940556         2.97
  40     0.0000019428381   -0.7921402194312         2.98
 MICROCYCLE DIIS UPDATE:                   41
  41     0.0000005670094   -0.7921392613066         2.98
  42     0.0000007722053   -0.7921395525486         2.98
  43     0.0000004392322   -0.7921386736271         3.00
  44     0.0000007576149   -0.7921392382149         2.99
  45     0.0000005386668   -0.7921381988191         2.98
 MICROCYCLE DIIS UPDATE:                   46
  46     0.0000001803454   -0.7921380555803         2.99
  47     0.0000002102141   -0.7921381180703         2.98
  48     0.0000001786278   -0.7921379175535         2.99
  49     0.0000003207570   -0.7921380326987         2.99
  50     0.0000005195075   -0.7921377980873         3.01
 MICROCYCLE DIIS UPDATE:                   51
  51     0.0000000408704   -0.7921377263908         2.99
  52     0.0000000504378   -0.7921377415957         2.99
  53     0.0000000281489   -0.7921376882131         2.98
  54     0.0000000468298   -0.7921377192235         2.99
  55     0.0000000315037   -0.7921376572214         2.99
 MICROCYCLE DIIS UPDATE:                   56
  56     0.0000000134003   -0.7921376497463         2.99
  57     0.0000000167125   -0.7921376540055         3.00
  58     0.0000000168330   -0.7921376387425         2.99
  59     0.0000000312738   -0.7921376472069         2.99
  60     0.0000000547746   -0.7921376293895         2.99
 MICROCYCLE DIIS UPDATE:                   61
  61     0.0000000035196   -0.7921376227441         2.99
------------------------------------------------------------------
 Iterations converged
 CCSD correlation energy / hartree =        -0.792137622744086
 CCSD total energy / hartree       =      -109.019934209818814

Time taken for Closed Shell Cholesky CCSD: 183.54 secs

Threshold for printing amplitudes set to: 0.05
T1, T2 amplitudes written to files: N2_2.3.cc-pvqz_files/restricted/N2_2.3.cc-pvqz.print_t1amp.txt, N2_2.3.cc-pvqz_files/restricted/N2_2.3.cc-pvqz.print_t2amp.txt


DUCC: Time taken to compute Bare Hamiltonian: 0.00 secs

DUCC: Time taken to compute Single Commutator: 0.41 secs

DUCC: Time taken to compute Double Commutator: 31.99 secs

DUCC: Time taken to compute Triple Commutator: 6.00 secs

DUCC: Total Compute Time: 38.40 secs

Number of active orbitals = 28


DUCC: Time to write results: 0.23 secs
