
date: Mon Dec 18 16:47:46 2023
program: "/hpc/home/baum612/code/exachem-dev/build/methods_stage/hpc/home/baum612/code/tamm_install/methods/ExaChem"
input: /hpc/home/baum612/code/exachem-dev/inputs/N2/N2_2.5.json
nnodes: 1, nproc: 2
prefix: N2_2.5

Memory information
{
 CPU memory per node (GiB): 4534
 Total CPU memory (GiB): 4534
}


Input file provided
--------------------
{
  "geometry": {
    "coordinates": [
      "N  0.000000  0.000000  2.500000",
      "N  0.000000  0.000000  0.000000"
    ],
    "units": "angstrom"
  },
  "basis": {
    "basisset": "cc-pVQZ",
    "atom_basis": null
  },
  "SCF": {
    "conve": 1e-09,
    "convd": 1e-08,
    "tilesize": 30,
    "restart": false
  },
  "CD": {
    "diagtol": 1e-06
  },
  "CC": {
    "threshold": 1e-08,
    "ccsd_maxiter": 150,
    "lshift": 0.1,
    "nactive": 21,
    "freeze": {
      "core": 0
    },
    "PRINT": {
      "tamplitudes": [
        true,
        0.05
      ]
    }
  },
  "TASK": {
    "scf": false,
    "mp2": false,
    "cd_2e": false,
    "ccsd": false,
    "ccsd_t": false,
    "ducc": true
  }
}

Number of nodes, processes per node used for SCF calculation: 1, 2

SCF Options
{
 charge       = 0
 multiplicity = 1
 level shift  = 0
 tol_int      = 1e-22
 tol_sch      = 1e-10
 tol_lindep   = 1e-05
 conve        = 1e-09
 convd        = 1e-08
 diis_hist    = 10
 AO_tilesize  = 30
 writem       = 1
 damp         = 100
 scf_type     = restricted
 restart_size = 2000
 restart      = false
 debug        = false
}
**** Resetting tol_sch to 1e-11

Number of basis functions = 110

Total number of shells = 30

Total number of electrons = 14
  # of alpha electrons    = 7
  # of beta electons      = 7

Nuclear repulsion energy  = 10.3718740842042

# of {all,non-negligible} shell-pairs = {465,457}
Number of AO tiles = 30

Time for initial setup: 0.02 secs

Time for computing 1-e integrals T, V, S: 0.00 secs
Time for computing orthogonalizer: 0.00 secs

Superposition of Atomic Density Guess ...
Time taken for SAD: 0.20 secs
Total Time to compute initial guess: 0.28 secs


 SCF iterations
-----------------------------------------------------------------
 Iter     Energy            E-Diff       RMSD          Time(s)
-----------------------------------------------------------------
   1  -108.1529617184    -1.08e+02     9.47e-04         0.4 
   2  -108.1571834777    -4.22e-03     2.87e-04         0.4 
   3  -108.1577813341    -5.98e-04     1.78e-04         0.4 
   4  -108.1578931353    -1.12e-04     1.13e-05         0.4 
   5  -108.1578936021    -4.67e-07     1.32e-06         0.4 
   6  -108.1578936134    -1.13e-08     4.37e-07         0.4 
   7  -108.1578936138    -4.10e-10     1.02e-07         0.4 
   8  -108.1578936138    -3.50e-12     1.75e-08         0.4 
   9  -108.1578936138    -8.43e-12     8.05e-09         0.4 

** Total SCF energy = -108.1578936138187

Nuclear repulsion energy = 10.371874084204249
#electrons        = 13.999999999999989
1e energy kinetic = 107.4072408106453480
1e energy N-e     = -274.5845664730460953
1e energy         = -167.1773256624007615
2e energy         = 48.6475580737809423
writing orbitals and density to disk ... done.

Time taken for Hartree-Fock: 3.61 secs

CCSD Options
{
 cache_size           = 8
 ccsdt_tilesize       = 32
 ndiis                = 5
 threshold            = 1e-08
 tilesize             = 40
 nactive              = 21
 ccsd_maxiter         = 150
 freeze_atomic         = false
 freeze_core          = 0
 freeze_virtual       = 0
 lshift               = 0.1
 readt                = false
 writet               = false
 writev               = false
 writet_iter          = 5
 profile_ccsd         = false
 balance_tiles        = true
 eom_nroots           = 1
 eom_microiter        = 50
 eom_threshold        = 1e-06
 debug                = false
}

#occupied, #virtual = 14, 206

Resetting CCSD tilesize to: 50

CD Options
{
 debug            = false
 write_cv         = false
 diagtol          = 1e-06
 write_vcount     = 5000
 itilesize        = 1000
 max_cvecs_factor = 12
}

-----------------------------------------------------
Begin 2-index transformation ... 

nAO, nMO, nelectrons = 110, 220, 14
n_occ_alpha, n_vir_alpha, n_occ_beta, n_vir_beta = 7,103,7,103

Time taken for Fao->Fmo transform: 0.00 secs

-----------------------------------------------------
Number of AO tiles = 30
# of {all,non-negligible} shell-pairs = {465,457}

    Begin Cholesky Decomposition
---------------------------------------------
- CPU memory required for computing cholesky vectors: 0.12 GiB

- Time for computing the diagonal: 0.01 secs

- Total number of cholesky vectors = 782

- Time to compute cholesky vectors: 14.28 secs

- CPU memory required for resizing the ao cholesky tensor: 0.19 GiB
- CPU memory required for ao2mo transformation: 0.21 GiB
- CPU memory required for the 2-step contraction: 0.28 GiB

- Time for ao to mo transform: 0.82 secs

    End Cholesky Decomposition
---------------------------------------------

Total Time taken for Cholesky Decomposition: 15.23 secs

----------------------------
scf_type = restricted
Closed-Shell SCF
nbf = 110
nbf_orig = 110
n_lindep = 0
focc = 1
nmo = 220
nocc = 14
nvir = 206
n_occ_alpha = 7
n_vir_alpha = 103
n_occ_beta = 7
n_vir_beta = 103
nelectrons = 14
nelectrons_alpha = 7
nelectrons_beta = 7
n_frozen_core = 0
n_frozen_virtual = 0
----------------------------

Total CPU memory required for Closed Shell Cholesky CCSD calculation: 0.50 GiB


 CCSD iterations
------------------------------------------------------------
  Iter     Residuum          Correlation          Time(s)
------------------------------------------------------------
   1     1.0362568228419    0.0000000000000         3.27
   2     0.4370231512184   -1.1230112046585         3.02
   3     0.7060255976761   -0.0697953612431         3.01
   4     0.9486073853366   -1.7280502648216         3.03
   5     1.4211499247744    0.4962175295213         3.00
 MICROCYCLE DIIS UPDATE:                    6
   6     0.0679737003312   -0.7606833205215         3.00
   7     0.1176078673842   -0.6184071209150         3.02
   8     0.1382249380502   -0.8635458794262         3.01
   9     0.2374484384255   -0.5341302102313         3.01
  10     0.3183174902065   -1.0515159760550         3.00
 MICROCYCLE DIIS UPDATE:                   11
  11     0.0222674923959   -0.7782519240912         3.02
  12     0.0417855539220   -0.7533393505079         3.00
  13     0.0293450940889   -0.8153811965716         3.00
  14     0.0620087545724   -0.7542292237940         3.00
  15     0.0596294125725   -0.8652181398183         3.00
 MICROCYCLE DIIS UPDATE:                   16
  16     0.0194381094399   -0.8859884590470         3.00
  17     0.0325081878114   -0.9235701170460         3.02
  18     0.0364374673614   -0.8646093738590         3.00
  19     0.0484426249961   -0.9335295404847         3.00
  20     0.0559105583813   -0.8459157697977         3.01
 MICROCYCLE DIIS UPDATE:                   21
  21     0.0016613467164   -0.8917269292396         3.00
  22     0.0030593277754   -0.8935135125598         3.00
  23     0.0021718197029   -0.8888371583736         3.03
  24     0.0037491210262   -0.8929817208603         3.00
  25     0.0035913981178   -0.8865661693733         3.00
 MICROCYCLE DIIS UPDATE:                   26
  26     0.0003394235433   -0.8882223061303         3.00
  27     0.0003582103279   -0.8883542064845         3.00
  28     0.0002049456128   -0.8879261586339         2.96
  29     0.0003407871349   -0.8882285466695         2.96
  30     0.0002753087220   -0.8876940287242         2.98
 MICROCYCLE DIIS UPDATE:                   31
  31     0.0000319987879   -0.8877406566681         2.96
  32     0.0000327980061   -0.8877501269221         2.95
  33     0.0000190376103   -0.8877076603127         2.96
  34     0.0000345360847   -0.8877381044039         2.96
  35     0.0000286144417   -0.8876821458992         2.95
 MICROCYCLE DIIS UPDATE:                   36
  36     0.0000058285402   -0.8876910491977         2.95
  37     0.0000061955569   -0.8876925391815         2.98
  38     0.0000032674808   -0.8876858522345         2.95
  39     0.0000052182940   -0.8876893926012         2.95
  40     0.0000035625636   -0.8876818123113         2.95
 MICROCYCLE DIIS UPDATE:                   41
  41     0.0000003065920   -0.8876799699511         2.96
  42     0.0000002422948   -0.8876800593592         2.96
  43     0.0000001594190   -0.8876797439258         2.96
  44     0.0000002702434   -0.8876800227310         2.98
  45     0.0000002894600   -0.8876795740056         2.96
 MICROCYCLE DIIS UPDATE:                   46
  46     0.0000000503507   -0.8876797697398         2.96
  47     0.0000000691888   -0.8876797843697         2.95
  48     0.0000000842000   -0.8876797056339         2.96
  49     0.0000001836205   -0.8876797606914         2.96
  50     0.0000003876538   -0.8876796568566         2.98
 MICROCYCLE DIIS UPDATE:                   51
  51     0.0000000107923   -0.8876796657004         2.96
  52     0.0000000093762   -0.8876796685370         2.96
------------------------------------------------------------------
 Iterations converged
 CCSD correlation energy / hartree =        -0.887679668537048
 CCSD total energy / hartree       =      -109.045573282355733

Time taken for Closed Shell Cholesky CCSD: 155.96 secs

Threshold for printing amplitudes set to: 0.05
T1, T2 amplitudes written to files: N2_2.5.cc-pvqz_files/restricted/N2_2.5.cc-pvqz.print_t1amp.txt, N2_2.5.cc-pvqz_files/restricted/N2_2.5.cc-pvqz.print_t2amp.txt


DUCC: Time taken to compute Bare Hamiltonian: 0.00 secs

DUCC: Time taken to compute Single Commutator: 0.40 secs

DUCC: Time taken to compute Double Commutator: 31.48 secs

DUCC: Time taken to compute Triple Commutator: 5.94 secs

DUCC: Total Compute Time: 37.82 secs

Number of active orbitals = 28


DUCC: Time to write results: 0.23 secs
