
date: Mon Dec 18 17:03:30 2023
program: "/hpc/home/baum612/code/exachem-dev/build/methods_stage/hpc/home/baum612/code/tamm_install/methods/ExaChem"
input: /hpc/home/baum612/code/exachem-dev/inputs/N2/N2_2.9.json
nnodes: 1, nproc: 2
prefix: N2_2.9

Memory information
{
 CPU memory per node (GiB): 4534
 Total CPU memory (GiB): 4534
}


Input file provided
--------------------
{
  "geometry": {
    "coordinates": [
      "N  0.000000  0.000000  2.900000",
      "N  0.000000  0.000000  0.000000"
    ],
    "units": "angstrom"
  },
  "basis": {
    "basisset": "cc-pVQZ",
    "atom_basis": null
  },
  "SCF": {
    "conve": 1e-09,
    "convd": 1e-08,
    "tilesize": 30,
    "restart": false
  },
  "CD": {
    "diagtol": 1e-06
  },
  "CC": {
    "threshold": 1e-08,
    "ccsd_maxiter": 150,
    "lshift": 0.1,
    "nactive": 21,
    "freeze": {
      "core": 0
    },
    "PRINT": {
      "tamplitudes": [
        true,
        0.05
      ]
    }
  },
  "TASK": {
    "scf": false,
    "mp2": false,
    "cd_2e": false,
    "ccsd": false,
    "ccsd_t": false,
    "ducc": true
  }
}

Number of nodes, processes per node used for SCF calculation: 1, 2

SCF Options
{
 charge       = 0
 multiplicity = 1
 level shift  = 0
 tol_int      = 1e-22
 tol_sch      = 1e-10
 tol_lindep   = 1e-05
 conve        = 1e-09
 convd        = 1e-08
 diis_hist    = 10
 AO_tilesize  = 30
 writem       = 1
 damp         = 100
 scf_type     = restricted
 restart_size = 2000
 restart      = false
 debug        = false
}
**** Resetting tol_sch to 1e-11

Number of basis functions = 110

Total number of shells = 30

Total number of electrons = 14
  # of alpha electrons    = 7
  # of beta electons      = 7

Nuclear repulsion energy  = 8.94127076224504

# of {all,non-negligible} shell-pairs = {465,450}
Number of AO tiles = 30

Time for initial setup: 0.02 secs

Time for computing 1-e integrals T, V, S: 0.00 secs
Time for computing orthogonalizer: 0.00 secs

Superposition of Atomic Density Guess ...
Time taken for SAD: 0.19 secs
Total Time to compute initial guess: 0.26 secs


 SCF iterations
-----------------------------------------------------------------
 Iter     Energy            E-Diff       RMSD          Time(s)
-----------------------------------------------------------------
   1  -108.0524785545    -1.08e+02     8.45e-04         0.3 
   2  -108.0554047414    -2.93e-03     2.83e-04         0.3 
   3  -108.0558390310    -4.34e-04     1.72e-04         0.3 
   4  -108.0559192199    -8.02e-05     1.11e-05         0.3 
   5  -108.0559196153    -3.95e-07     8.59e-07         0.3 
   6  -108.0559196215    -6.17e-09     5.21e-07         0.3 
   7  -108.0559196221    -5.86e-10     1.07e-07         0.3 
   8  -108.0559196221    -1.47e-11     1.49e-08         0.3 
   9  -108.0559196221    -3.25e-12     7.00e-09         0.3 

** Total SCF energy = -108.0559196221044

Nuclear repulsion energy = 8.941270762245043
#electrons        = 13.999999999999984
1e energy kinetic = 107.5001868380291512
1e energy N-e     = -271.7719669420902164
1e energy         = -164.2717801040611789
2e energy         = 47.2745898901241617
writing orbitals and density to disk ... done.

Time taken for Hartree-Fock: 3.09 secs

CCSD Options
{
 cache_size           = 8
 ccsdt_tilesize       = 32
 ndiis                = 5
 threshold            = 1e-08
 tilesize             = 40
 nactive              = 21
 ccsd_maxiter         = 150
 freeze_atomic         = false
 freeze_core          = 0
 freeze_virtual       = 0
 lshift               = 0.1
 readt                = false
 writet               = false
 writev               = false
 writet_iter          = 5
 profile_ccsd         = false
 balance_tiles        = true
 eom_nroots           = 1
 eom_microiter        = 50
 eom_threshold        = 1e-06
 debug                = false
}

#occupied, #virtual = 14, 206

Resetting CCSD tilesize to: 50

CD Options
{
 debug            = false
 write_cv         = false
 diagtol          = 1e-06
 write_vcount     = 5000
 itilesize        = 1000
 max_cvecs_factor = 12
}

-----------------------------------------------------
Begin 2-index transformation ... 

nAO, nMO, nelectrons = 110, 220, 14
n_occ_alpha, n_vir_alpha, n_occ_beta, n_vir_beta = 7,103,7,103

Time taken for Fao->Fmo transform: 0.00 secs

-----------------------------------------------------
Number of AO tiles = 30
# of {all,non-negligible} shell-pairs = {465,450}

    Begin Cholesky Decomposition
---------------------------------------------
- CPU memory required for computing cholesky vectors: 0.12 GiB

- Time for computing the diagonal: 0.01 secs

- Total number of cholesky vectors = 775

- Time to compute cholesky vectors: 13.88 secs

- CPU memory required for resizing the ao cholesky tensor: 0.19 GiB
- CPU memory required for ao2mo transformation: 0.21 GiB
- CPU memory required for the 2-step contraction: 0.28 GiB

- Time for ao to mo transform: 0.76 secs

    End Cholesky Decomposition
---------------------------------------------

Total Time taken for Cholesky Decomposition: 14.78 secs

----------------------------
scf_type = restricted
Closed-Shell SCF
nbf = 110
nbf_orig = 110
n_lindep = 0
focc = 1
nmo = 220
nocc = 14
nvir = 206
n_occ_alpha = 7
n_vir_alpha = 103
n_occ_beta = 7
n_vir_beta = 103
nelectrons = 14
nelectrons_alpha = 7
nelectrons_beta = 7
n_frozen_core = 0
n_frozen_virtual = 0
----------------------------

Total CPU memory required for Closed Shell Cholesky CCSD calculation: 0.49 GiB


 CCSD iterations
------------------------------------------------------------
  Iter     Residuum          Correlation          Time(s)
------------------------------------------------------------
   1     1.0429946180802    0.0000000000000         3.19
   2     0.5798323426571   -1.3722798977746         2.98
   3     1.2573118767144    0.3861862944096         2.96
   4     1.9723306474622   -3.3034361454406         2.98
   5     3.2237156593344    2.0595318324039         2.96
 MICROCYCLE DIIS UPDATE:                    6
   6     0.1474998709766   -0.8664891986929         2.96
   7     0.3297775621010   -0.4300783066150         2.95
   8     0.5670277898555   -1.3630989532844         2.97
   9     1.1497698635997    0.2747650935633         2.95
  10     1.8757223750982   -3.0464923993079         2.95
 MICROCYCLE DIIS UPDATE:                   11
  11     0.0387882763716   -0.7814614062782         2.95
  12     0.1011870454670   -0.6928919268404         2.97
  13     0.1274659855257   -0.9252649713339         2.95
  14     0.2972869108101   -0.5513489074130         2.95
  15     0.5038174353293   -1.3204852649570         2.95
 MICROCYCLE DIIS UPDATE:                   16
  16     0.0329592990730   -0.8246146738198         2.95
  17     0.1028977565119   -0.7469601438824         2.98
  18     0.1193930327422   -0.9694112715735         2.95
  19     0.2714425603102   -0.6399621599613         2.95
  20     0.4377771119050   -1.2974367776690         2.95
 MICROCYCLE DIIS UPDATE:                   21
  21     0.0288355626635   -0.8556532234046         2.95
  22     0.0894283440504   -0.8043449378780         2.95
  23     0.0897148933230   -0.9826598436005         2.95
  24     0.2029932410126   -0.7477805221747         2.97
  25     0.2999184950331   -1.2098599456347         2.95
 MICROCYCLE DIIS UPDATE:                   26
  26     0.0226902128251   -0.9179267892513         2.95
  27     0.0742323702781   -0.8806688821547         2.95
  28     0.0720080613022   -1.0242525977242         2.95
  29     0.1416679160615   -0.8542295344370         2.95
  30     0.1930515846771   -1.1568755734606         2.95
 MICROCYCLE DIIS UPDATE:                   31
  31     0.0106503533815   -0.9893818979066         2.98
  32     0.0281789387965   -0.9786665051586         2.94
  33     0.0255582822046   -1.0306486443456         2.94
  34     0.0430166502395   -0.9766590815970         2.95
  35     0.0523787384357   -1.0621534240466         2.93
 MICROCYCLE DIIS UPDATE:                   36
  36     0.0015055964393   -1.0234845983241         2.95
  37     0.0016153816129   -1.0248199112820         2.93
  38     0.0022015091795   -1.0217912741533         2.95
  39     0.0029309441552   -1.0261835384558         2.94
  40     0.0038934129135   -1.0203270350928         2.94
 MICROCYCLE DIIS UPDATE:                   41
  41     0.0000731884265   -1.0236517261824         2.94
  42     0.0000411805471   -1.0236775617795         2.95
  43     0.0000328116317   -1.0236774233575         2.95
  44     0.0000224490550   -1.0236884886450         2.96
  45     0.0000185429923   -1.0236992556965         2.95
 MICROCYCLE DIIS UPDATE:                   46
  46     0.0000042146870   -1.0237002289846         2.95
  47     0.0000044127762   -1.0236965854340         2.94
  48     0.0000036490205   -1.0237033720427         2.94
  49     0.0000048623603   -1.0236968283006         2.94
  50     0.0000053068111   -1.0237056108168         2.95
 MICROCYCLE DIIS UPDATE:                   51
  51     0.0000001945278   -1.0237016202355         2.97
  52     0.0000000969884   -1.0237015864109         2.94
  53     0.0000001106699   -1.0237016367959         2.95
  54     0.0000001710747   -1.0237014879603         2.95
  55     0.0000004051674   -1.0237016761063         2.95
 MICROCYCLE DIIS UPDATE:                   56
  56     0.0000000243694   -1.0237015496952         2.95
  57     0.0000000209218   -1.0237015628461         2.95
  58     0.0000000295654   -1.0237015358594         2.97
  59     0.0000000702602   -1.0237015613410         2.95
  60     0.0000001876536   -1.0237015274530         2.95
 MICROCYCLE DIIS UPDATE:                   61
  61     0.0000000018407   -1.0237015425286         2.95
------------------------------------------------------------------
 Iterations converged
 CCSD correlation energy / hartree =        -1.023701542528622
 CCSD total energy / hartree       =      -109.079621164632997

Time taken for Closed Shell Cholesky CCSD: 180.95 secs

Threshold for printing amplitudes set to: 0.05
T1, T2 amplitudes written to files: N2_2.9.cc-pvqz_files/restricted/N2_2.9.cc-pvqz.print_t1amp.txt, N2_2.9.cc-pvqz_files/restricted/N2_2.9.cc-pvqz.print_t2amp.txt


DUCC: Time taken to compute Bare Hamiltonian: 0.00 secs

DUCC: Time taken to compute Single Commutator: 0.41 secs

DUCC: Time taken to compute Double Commutator: 31.73 secs

DUCC: Time taken to compute Triple Commutator: 5.99 secs

DUCC: Total Compute Time: 38.13 secs

Number of active orbitals = 28


DUCC: Time to write results: 0.23 secs
