
date: Mon Dec 18 16:51:38 2023
program: "/hpc/home/baum612/code/exachem-dev/build/methods_stage/hpc/home/baum612/code/tamm_install/methods/ExaChem"
input: /hpc/home/baum612/code/exachem-dev/inputs/N2/N2_2.6.json
nnodes: 1, nproc: 2
prefix: N2_2.6

Memory information
{
 CPU memory per node (GiB): 4534
 Total CPU memory (GiB): 4534
}


Input file provided
--------------------
{
  "geometry": {
    "coordinates": [
      "N  0.000000  0.000000  2.600000",
      "N  0.000000  0.000000  0.000000"
    ],
    "units": "angstrom"
  },
  "basis": {
    "basisset": "cc-pVQZ",
    "atom_basis": null
  },
  "SCF": {
    "conve": 1e-09,
    "convd": 1e-08,
    "tilesize": 30,
    "restart": false
  },
  "CD": {
    "diagtol": 1e-06
  },
  "CC": {
    "threshold": 1e-08,
    "ccsd_maxiter": 150,
    "lshift": 0.1,
    "nactive": 21,
    "freeze": {
      "core": 0
    },
    "PRINT": {
      "tamplitudes": [
        true,
        0.05
      ]
    }
  },
  "TASK": {
    "scf": false,
    "mp2": false,
    "cd_2e": false,
    "ccsd": false,
    "ccsd_t": false,
    "ducc": true
  }
}

Number of nodes, processes per node used for SCF calculation: 1, 2

SCF Options
{
 charge       = 0
 multiplicity = 1
 level shift  = 0
 tol_int      = 1e-22
 tol_sch      = 1e-10
 tol_lindep   = 1e-05
 conve        = 1e-09
 convd        = 1e-08
 diis_hist    = 10
 AO_tilesize  = 30
 writem       = 1
 damp         = 100
 scf_type     = restricted
 restart_size = 2000
 restart      = false
 debug        = false
}
**** Resetting tol_sch to 1e-11

Number of basis functions = 110

Total number of shells = 30

Total number of electrons = 14
  # of alpha electrons    = 7
  # of beta electons      = 7

Nuclear repulsion energy  = 9.97295585019639

# of {all,non-negligible} shell-pairs = {465,456}
Number of AO tiles = 30

Time for initial setup: 0.02 secs

Time for computing 1-e integrals T, V, S: 0.00 secs
Time for computing orthogonalizer: 0.00 secs

Superposition of Atomic Density Guess ...
Time taken for SAD: 0.21 secs
Total Time to compute initial guess: 0.29 secs


 SCF iterations
-----------------------------------------------------------------
 Iter     Energy            E-Diff       RMSD          Time(s)
-----------------------------------------------------------------
   1  -108.1237128985    -1.08e+02     9.21e-04         0.3 
   2  -108.1275653350    -3.85e-03     2.84e-04         0.3 
   3  -108.1281174796    -5.52e-04     1.78e-04         0.3 
   4  -108.1282212277    -1.04e-04     1.12e-05         0.3 
   5  -108.1282216698    -4.42e-07     1.18e-06         0.4 
   6  -108.1282216794    -9.65e-09     4.55e-07         0.3 
   7  -108.1282216798    -4.39e-10     1.03e-07         0.3 
   8  -108.1282216798     1.34e-11     2.93e-08         0.4 
   9  -108.1282216799    -2.65e-11     7.15e-09         0.4 

** Total SCF energy = -108.1282216798605

Nuclear repulsion energy = 9.972955850196394
#electrons        = 14.000000000000011
1e energy kinetic = 107.4313462583983778
1e energy N-e     = -273.7946732312847189
1e energy         = -166.3633269728864548
2e energy         = 48.2621495615854954
writing orbitals and density to disk ... done.

Time taken for Hartree-Fock: 3.50 secs

CCSD Options
{
 cache_size           = 8
 ccsdt_tilesize       = 32
 ndiis                = 5
 threshold            = 1e-08
 tilesize             = 40
 nactive              = 21
 ccsd_maxiter         = 150
 freeze_atomic         = false
 freeze_core          = 0
 freeze_virtual       = 0
 lshift               = 0.1
 readt                = false
 writet               = false
 writev               = false
 writet_iter          = 5
 profile_ccsd         = false
 balance_tiles        = true
 eom_nroots           = 1
 eom_microiter        = 50
 eom_threshold        = 1e-06
 debug                = false
}

#occupied, #virtual = 14, 206

Resetting CCSD tilesize to: 50

CD Options
{
 debug            = false
 write_cv         = false
 diagtol          = 1e-06
 write_vcount     = 5000
 itilesize        = 1000
 max_cvecs_factor = 12
}

-----------------------------------------------------
Begin 2-index transformation ... 

nAO, nMO, nelectrons = 110, 220, 14
n_occ_alpha, n_vir_alpha, n_occ_beta, n_vir_beta = 7,103,7,103

Time taken for Fao->Fmo transform: 0.00 secs

-----------------------------------------------------
Number of AO tiles = 30
# of {all,non-negligible} shell-pairs = {465,456}

    Begin Cholesky Decomposition
---------------------------------------------
- CPU memory required for computing cholesky vectors: 0.12 GiB

- Time for computing the diagonal: 0.01 secs

- Total number of cholesky vectors = 778

- Time to compute cholesky vectors: 14.15 secs

- CPU memory required for resizing the ao cholesky tensor: 0.19 GiB
- CPU memory required for ao2mo transformation: 0.21 GiB
- CPU memory required for the 2-step contraction: 0.28 GiB

- Time for ao to mo transform: 0.80 secs

    End Cholesky Decomposition
---------------------------------------------

Total Time taken for Cholesky Decomposition: 15.08 secs

----------------------------
scf_type = restricted
Closed-Shell SCF
nbf = 110
nbf_orig = 110
n_lindep = 0
focc = 1
nmo = 220
nocc = 14
nvir = 206
n_occ_alpha = 7
n_vir_alpha = 103
n_occ_beta = 7
n_vir_beta = 103
nelectrons = 14
nelectrons_alpha = 7
nelectrons_beta = 7
n_frozen_core = 0
n_frozen_virtual = 0
----------------------------

Total CPU memory required for Closed Shell Cholesky CCSD calculation: 0.50 GiB


 CCSD iterations
------------------------------------------------------------
  Iter     Residuum          Correlation          Time(s)
------------------------------------------------------------
   1     1.0379603245628    0.0000000000000         3.19
   2     0.4727340616069   -1.1856198040774         2.97
   3     0.8273751540143    0.0305183936360         2.96
   4     1.1735625565459   -2.0378406743073         2.98
   5     1.8376919563506    0.8530411840902         2.96
 MICROCYCLE DIIS UPDATE:                    6
   6     0.0911437849204   -0.7975490775902         2.96
   7     0.1700930055714   -0.5804045194203         2.97
   8     0.2294794940050   -0.9701944753849         2.96
   9     0.4036107662571   -0.3980260741763         2.96
  10     0.6019135304281   -1.3474273929630         2.96
 MICROCYCLE DIIS UPDATE:                   11
  11     0.0308239235200   -0.7835463914252         2.96
  12     0.0745548525664   -0.7178840914035         2.97
  13     0.0738310391757   -0.8590039680176         2.95
  14     0.1480154249416   -0.6790520192495         2.95
  15     0.1900756379541   -0.9905157667825         2.95
 MICROCYCLE DIIS UPDATE:                   16
  16     0.0197926190290   -0.8403673462540         2.96
  17     0.0373077633816   -0.8263680243991         2.97
  18     0.0237157798747   -0.8806327035047         2.95
  19     0.0517040099859   -0.8337803473722         2.95
  20     0.0488952695780   -0.9259486870701         2.95
 MICROCYCLE DIIS UPDATE:                   21
  21     0.0083971694033   -0.9346029816030         2.95
  22     0.0170629443345   -0.9511493571680         2.95
  23     0.0173811633047   -0.9200917828190         2.95
  24     0.0244133776920   -0.9536425244989         2.97
  25     0.0277588481324   -0.9090086241426         2.95
 MICROCYCLE DIIS UPDATE:                   26
  26     0.0009894020651   -0.9315373636868         2.95
  27     0.0022167945192   -0.9327733360389         2.95
  28     0.0015784656385   -0.9292594564774         2.95
  29     0.0026656115556   -0.9322831639151         2.95
  30     0.0026454392411   -0.9276023432988         2.95
 MICROCYCLE DIIS UPDATE:                   31
  31     0.0001000127261   -0.9287741322879         2.97
  32     0.0000596689181   -0.9287581395982         2.94
  33     0.0000410908435   -0.9288085936230         2.94
  34     0.0000433355761   -0.9287580871089         2.95
  35     0.0000460251049   -0.9288311602902         2.90
 MICROCYCLE DIIS UPDATE:                   36
  36     0.0000058252650   -0.9287990952658         2.91
  37     0.0000050138795   -0.9287975160363         2.92
  38     0.0000031753510   -0.9288035361267         2.90
  39     0.0000046148659   -0.9287989665360         2.90
  40     0.0000041718514   -0.9288065709428         2.91
 MICROCYCLE DIIS UPDATE:                   41
  41     0.0000004143380   -0.9288045082886         2.91
  42     0.0000005560204   -0.9288043370915         2.91
  43     0.0000003504438   -0.9288051429092         2.91
  44     0.0000006157516   -0.9288045353457         2.93
  45     0.0000005674901   -0.9288055881896         2.91
 MICROCYCLE DIIS UPDATE:                   46
  46     0.0000000715933   -0.9288053275617         2.91
  47     0.0000000977754   -0.9288053080447         2.91
  48     0.0000001716916   -0.9288053977390         2.91
  49     0.0000004043651   -0.9288053318245         2.92
  50     0.0000009532843   -0.9288054467023         2.92
 MICROCYCLE DIIS UPDATE:                   51
  51     0.0000000074922   -0.9288054147488         2.94
------------------------------------------------------------------
 Iterations converged
 CCSD correlation energy / hartree =        -0.928805414748751
 CCSD total energy / hartree       =      -109.057027094609253

Time taken for Closed Shell Cholesky CCSD: 150.85 secs

Threshold for printing amplitudes set to: 0.05
T1, T2 amplitudes written to files: N2_2.6.cc-pvqz_files/restricted/N2_2.6.cc-pvqz.print_t1amp.txt, N2_2.6.cc-pvqz_files/restricted/N2_2.6.cc-pvqz.print_t2amp.txt


DUCC: Time taken to compute Bare Hamiltonian: 0.00 secs

DUCC: Time taken to compute Single Commutator: 0.41 secs

DUCC: Time taken to compute Double Commutator: 31.53 secs

DUCC: Time taken to compute Triple Commutator: 5.93 secs

DUCC: Total Compute Time: 37.87 secs

Number of active orbitals = 28


DUCC: Time to write results: 0.24 secs
