
date: Mon Dec 18 16:30:44 2023
program: "/hpc/home/baum612/code/exachem-dev/build/methods_stage/hpc/home/baum612/code/tamm_install/methods/ExaChem"
input: /hpc/home/baum612/code/exachem-dev/inputs/N2/N2_2.1.json
nnodes: 1, nproc: 2
prefix: N2_2.1

Memory information
{
 CPU memory per node (GiB): 4534
 Total CPU memory (GiB): 4534
}


Input file provided
--------------------
{
  "geometry": {
    "coordinates": [
      "N  0.000000  0.000000  2.100000",
      "N  0.000000  0.000000  0.000000"
    ],
    "units": "angstrom"
  },
  "basis": {
    "basisset": "cc-pVQZ",
    "atom_basis": null
  },
  "SCF": {
    "conve": 1e-09,
    "convd": 1e-08,
    "tilesize": 30,
    "restart": false
  },
  "CD": {
    "diagtol": 1e-06
  },
  "CC": {
    "threshold": 1e-08,
    "ccsd_maxiter": 150,
    "lshift": 0.1,
    "nactive": 21,
    "freeze": {
      "core": 0
    },
    "PRINT": {
      "tamplitudes": [
        true,
        0.05
      ]
    }
  },
  "TASK": {
    "scf": false,
    "mp2": false,
    "cd_2e": false,
    "ccsd": false,
    "ccsd_t": false,
    "ducc": true
  }
}

Number of nodes, processes per node used for SCF calculation: 1, 2

SCF Options
{
 charge       = 0
 multiplicity = 1
 level shift  = 0
 tol_int      = 1e-22
 tol_sch      = 1e-10
 tol_lindep   = 1e-05
 conve        = 1e-09
 convd        = 1e-08
 diis_hist    = 10
 AO_tilesize  = 30
 writem       = 1
 damp         = 100
 scf_type     = restricted
 restart_size = 2000
 restart      = false
 debug        = false
}
**** Resetting tol_sch to 1e-11

Number of basis functions = 110

Total number of shells = 30

Total number of electrons = 14
  # of alpha electrons    = 7
  # of beta electons      = 7

Nuclear repulsion energy  = 12.3474691478622

# of {all,non-negligible} shell-pairs = {465,465}
Number of AO tiles = 30

Time for initial setup: 0.01 secs

Time for computing 1-e integrals T, V, S: 0.00 secs
Time for computing orthogonalizer: 0.00 secs

Superposition of Atomic Density Guess ...
Time taken for SAD: 0.17 secs
Total Time to compute initial guess: 0.26 secs


 SCF iterations
-----------------------------------------------------------------
 Iter     Energy            E-Diff       RMSD          Time(s)
-----------------------------------------------------------------
   1  -108.3075752493    -1.08e+02     1.05e-03         0.4 
   2  -108.3137102822    -6.14e-03     3.19e-04         0.4 
   3  -108.3145387245    -8.28e-04     1.82e-04         0.4 
   4  -108.3146860496    -1.47e-04     1.19e-05         0.4 
   5  -108.3146866392    -5.90e-07     1.88e-06         0.4 
   6  -108.3146866559    -1.68e-08     4.38e-07         0.4 
   7  -108.3146866564    -4.37e-10     1.23e-07         0.4 
   8  -108.3146866564    -1.75e-11     1.06e-08         0.4 
   9  -108.3146866564    -8.53e-14     9.47e-10         0.4 

** Total SCF energy = -108.3146866563833

Nuclear repulsion energy = 12.347469147862199
#electrons        = 13.999999999999998
1e energy kinetic = 107.3219788586339405
1e energy N-e     = -278.5627727353076466
1e energy         = -171.2407938766737345
2e energy         = 50.5786380677507950
writing orbitals and density to disk ... done.

Time taken for Hartree-Fock: 4.02 secs

CCSD Options
{
 cache_size           = 8
 ccsdt_tilesize       = 32
 ndiis                = 5
 threshold            = 1e-08
 tilesize             = 40
 nactive              = 21
 ccsd_maxiter         = 150
 freeze_atomic         = false
 freeze_core          = 0
 freeze_virtual       = 0
 lshift               = 0.1
 readt                = false
 writet               = false
 writev               = false
 writet_iter          = 5
 profile_ccsd         = false
 balance_tiles        = true
 eom_nroots           = 1
 eom_microiter        = 50
 eom_threshold        = 1e-06
 debug                = false
}

#occupied, #virtual = 14, 206

Resetting CCSD tilesize to: 50

CD Options
{
 debug            = false
 write_cv         = false
 diagtol          = 1e-06
 write_vcount     = 5000
 itilesize        = 1000
 max_cvecs_factor = 12
}

-----------------------------------------------------
Begin 2-index transformation ... 

nAO, nMO, nelectrons = 110, 220, 14
n_occ_alpha, n_vir_alpha, n_occ_beta, n_vir_beta = 7,103,7,103

Time taken for Fao->Fmo transform: 0.00 secs

-----------------------------------------------------
Number of AO tiles = 30
# of {all,non-negligible} shell-pairs = {465,465}

    Begin Cholesky Decomposition
---------------------------------------------
- CPU memory required for computing cholesky vectors: 0.12 GiB

- Time for computing the diagonal: 0.01 secs

- Total number of cholesky vectors = 795

- Time to compute cholesky vectors: 14.93 secs

- CPU memory required for resizing the ao cholesky tensor: 0.19 GiB
- CPU memory required for ao2mo transformation: 0.22 GiB
- CPU memory required for the 2-step contraction: 0.29 GiB

- Time for ao to mo transform: 0.79 secs

    End Cholesky Decomposition
---------------------------------------------

Total Time taken for Cholesky Decomposition: 15.86 secs

----------------------------
scf_type = restricted
Closed-Shell SCF
nbf = 110
nbf_orig = 110
n_lindep = 0
focc = 1
nmo = 220
nocc = 14
nvir = 206
n_occ_alpha = 7
n_vir_alpha = 103
n_occ_beta = 7
n_vir_beta = 103
nelectrons = 14
nelectrons_alpha = 7
nelectrons_beta = 7
n_frozen_core = 0
n_frozen_virtual = 0
----------------------------

Total CPU memory required for Closed Shell Cholesky CCSD calculation: 0.50 GiB


 CCSD iterations
------------------------------------------------------------
  Iter     Residuum          Correlation          Time(s)
------------------------------------------------------------
   1     1.0304219768607    0.0000000000000         3.27
   2     0.2993487501622   -0.8763377956638         3.02
   3     0.3329742537784   -0.3644905486896         3.03
   4     0.3190079983426   -0.9348300865255         3.04
   5     0.3519602727333   -0.3684815491618         3.01
 MICROCYCLE DIIS UPDATE:                    6
   6     0.0270324753912   -0.6644569442136         3.01
   7     0.0326335220585   -0.6392662724220         3.03
   8     0.0212658513517   -0.6764188639655         3.01
   9     0.0303456234597   -0.6478856380682         3.01
  10     0.0203079892464   -0.6873368569365         3.01
 MICROCYCLE DIIS UPDATE:                   11
  11     0.0070744123923   -0.6929246741862         3.04
  12     0.0035330201108   -0.6973300169830         3.02
  13     0.0048575863497   -0.6938733292235         3.01
  14     0.0027810351101   -0.6990609553151         3.02
  15     0.0043391204578   -0.6952274156642         3.01
 MICROCYCLE DIIS UPDATE:                   16
  16     0.0013781794863   -0.7001432028160         3.03
  17     0.0016881252901   -0.6994456084922         3.01
  18     0.0009612780314   -0.7011284901887         3.01
  19     0.0014185485117   -0.7001723254617         3.01
  20     0.0008278373143   -0.7018013995586         3.01
 MICROCYCLE DIIS UPDATE:                   21
  21     0.0002076378478   -0.7026986213088         3.01
  22     0.0001816601787   -0.7026079304404         3.01
  23     0.0001037422206   -0.7027558408591         3.02
  24     0.0001444531083   -0.7026560175081         3.01
  25     0.0000830409705   -0.7028100479706         3.01
 MICROCYCLE DIIS UPDATE:                   26
  26     0.0000441704503   -0.7028496930217         3.01
  27     0.0000501572654   -0.7028298575181         3.01
  28     0.0000284367950   -0.7028796697812         3.00
  29     0.0000417326220   -0.7028513282225         3.00
  30     0.0000243109212   -0.7028994693378         3.02
 MICROCYCLE DIIS UPDATE:                   31
  31     0.0000089418875   -0.7029202242576         3.00
  32     0.0000077062072   -0.7029173238669         3.00
  33     0.0000046419410   -0.7029227274812         3.00
  34     0.0000059143680   -0.7029197059720         3.01
  35     0.0000034021397   -0.7029251984159         3.00
 MICROCYCLE DIIS UPDATE:                   36
  36     0.0000013093311   -0.7029298931937         3.01
  37     0.0000013669603   -0.7029291429562         3.00
  38     0.0000007540746   -0.7029306563816         2.99
  39     0.0000011697744   -0.7029296511781         2.99
  40     0.0000007277681   -0.7029311313754         2.99
 MICROCYCLE DIIS UPDATE:                   41
  41     0.0000002186385   -0.7029313942532         3.00
  42     0.0000002252449   -0.7029312833486         2.99
  43     0.0000001300049   -0.7029314812137         3.01
  44     0.0000001876896   -0.7029313543312         3.00
  45     0.0000001084893   -0.7029315558896         3.00
 MICROCYCLE DIIS UPDATE:                   46
  46     0.0000000599185   -0.7029316096376         3.00
  47     0.0000000687270   -0.7029315911345         2.99
  48     0.0000000625069   -0.7029316478529         3.00
  49     0.0000000977153   -0.7029316193758         3.00
  50     0.0000001405715   -0.7029316729913         3.02
 MICROCYCLE DIIS UPDATE:                   51
  51     0.0000000138717   -0.7029316953479         3.00
  52     0.0000000144039   -0.7029316894865         3.00
  53     0.0000000085576   -0.7029317008738         2.99
------------------------------------------------------------------
 Iterations converged
 CCSD correlation energy / hartree =        -0.702931700873755
 CCSD total energy / hartree       =      -109.017618357257007

Time taken for Closed Shell Cholesky CCSD: 160.24 secs

Threshold for printing amplitudes set to: 0.05
T1, T2 amplitudes written to files: N2_2.1.cc-pvqz_files/restricted/N2_2.1.cc-pvqz.print_t1amp.txt, N2_2.1.cc-pvqz_files/restricted/N2_2.1.cc-pvqz.print_t2amp.txt


DUCC: Time taken to compute Bare Hamiltonian: 0.00 secs

DUCC: Time taken to compute Single Commutator: 0.41 secs

DUCC: Time taken to compute Double Commutator: 31.41 secs

DUCC: Time taken to compute Triple Commutator: 5.99 secs

DUCC: Total Compute Time: 37.81 secs

Number of active orbitals = 28


DUCC: Time to write results: 0.24 secs
