
date: Mon Dec 18 16:27:23 2023
program: "/hpc/home/baum612/code/exachem-dev/build/methods_stage/hpc/home/baum612/code/tamm_install/methods/ExaChem"
input: /hpc/home/baum612/code/exachem-dev/inputs/N2/N2_2.0.json
nnodes: 1, nproc: 2
prefix: N2_2.0

Memory information
{
 CPU memory per node (GiB): 4534
 Total CPU memory (GiB): 4534
}


Input file provided
--------------------
{
  "geometry": {
    "coordinates": [
      "N  0.000000  0.000000  2.000000",
      "N  0.000000  0.000000  0.000000"
    ],
    "units": "angstrom"
  },
  "basis": {
    "basisset": "cc-pVQZ",
    "atom_basis": null
  },
  "SCF": {
    "conve": 1e-09,
    "convd": 1e-08,
    "tilesize": 30,
    "restart": false
  },
  "CD": {
    "diagtol": 1e-06
  },
  "CC": {
    "threshold": 1e-08,
    "ccsd_maxiter": 50,
    "nactive": 21,
    "freeze": {
      "core": 0
    },
    "PRINT": {
      "tamplitudes": [
        true,
        0.05
      ]
    }
  },
  "TASK": {
    "scf": false,
    "mp2": false,
    "cd_2e": false,
    "ccsd": false,
    "ccsd_t": false,
    "ducc": true
  }
}

Number of nodes, processes per node used for SCF calculation: 1, 2

SCF Options
{
 charge       = 0
 multiplicity = 1
 level shift  = 0
 tol_int      = 1e-22
 tol_sch      = 1e-10
 tol_lindep   = 1e-05
 conve        = 1e-09
 convd        = 1e-08
 diis_hist    = 10
 AO_tilesize  = 30
 writem       = 1
 damp         = 100
 scf_type     = restricted
 restart_size = 2000
 restart      = false
 debug        = false
}
**** Resetting tol_sch to 1e-11

Number of basis functions = 110

Total number of shells = 30

Total number of electrons = 14
  # of alpha electrons    = 7
  # of beta electons      = 7

Nuclear repulsion energy  = 12.9648426052553

# of {all,non-negligible} shell-pairs = {465,465}
Number of AO tiles = 30

Time for initial setup: 0.02 secs

Time for computing 1-e integrals T, V, S: 0.00 secs
Time for computing orthogonalizer: 0.00 secs

Superposition of Atomic Density Guess ...
Time taken for SAD: 0.20 secs
Total Time to compute initial guess: 0.29 secs


 SCF iterations
-----------------------------------------------------------------
 Iter     Energy            E-Diff       RMSD          Time(s)
-----------------------------------------------------------------
   1  -108.3578609717    -1.08e+02     1.07e-03         0.4 
   2  -108.3646253629    -6.76e-03     3.34e-04         0.4 
   3  -108.3655260545    -9.01e-04     1.85e-04         0.4 
   4  -108.3656839017    -1.58e-04     1.20e-05         0.4 
   5  -108.3656845165    -6.15e-07     2.04e-06         0.4 
   6  -108.3656845337    -1.72e-08     4.67e-07         0.4 
   7  -108.3656845342    -4.79e-10     1.34e-07         0.4 
   8  -108.3656845342    -2.12e-11     1.06e-08         0.4 
   9  -108.3656845342    -7.11e-14     7.80e-10         0.4 

** Total SCF energy = -108.3656845341969

Nuclear repulsion energy = 12.964842605255310
#electrons        = 13.999999999999993
1e energy kinetic = 107.3099068635754065
1e energy N-e     = -279.8281469342171022
1e energy         = -172.5182400706416672
2e energy         = 51.1877129266795379
writing orbitals and density to disk ... done.

Time taken for Hartree-Fock: 4.17 secs

CCSD Options
{
 cache_size           = 8
 ccsdt_tilesize       = 32
 ndiis                = 5
 threshold            = 1e-08
 tilesize             = 40
 nactive              = 21
 ccsd_maxiter         = 50
 freeze_atomic         = false
 freeze_core          = 0
 freeze_virtual       = 0
 readt                = false
 writet               = false
 writev               = false
 writet_iter          = 5
 profile_ccsd         = false
 balance_tiles        = true
 eom_nroots           = 1
 eom_microiter        = 50
 eom_threshold        = 1e-06
 debug                = false
}

#occupied, #virtual = 14, 206

Resetting CCSD tilesize to: 50

CD Options
{
 debug            = false
 write_cv         = false
 diagtol          = 1e-06
 write_vcount     = 5000
 itilesize        = 1000
 max_cvecs_factor = 12
}

-----------------------------------------------------
Begin 2-index transformation ... 

nAO, nMO, nelectrons = 110, 220, 14
n_occ_alpha, n_vir_alpha, n_occ_beta, n_vir_beta = 7,103,7,103

Time taken for Fao->Fmo transform: 0.00 secs

-----------------------------------------------------
Number of AO tiles = 30
# of {all,non-negligible} shell-pairs = {465,465}

    Begin Cholesky Decomposition
---------------------------------------------
- CPU memory required for computing cholesky vectors: 0.12 GiB

- Time for computing the diagonal: 0.01 secs

- Total number of cholesky vectors = 796

- Time to compute cholesky vectors: 15.07 secs

- CPU memory required for resizing the ao cholesky tensor: 0.19 GiB
- CPU memory required for ao2mo transformation: 0.22 GiB
- CPU memory required for the 2-step contraction: 0.29 GiB

- Time for ao to mo transform: 0.80 secs

    End Cholesky Decomposition
---------------------------------------------

Total Time taken for Cholesky Decomposition: 16.00 secs

----------------------------
scf_type = restricted
Closed-Shell SCF
nbf = 110
nbf_orig = 110
n_lindep = 0
focc = 1
nmo = 220
nocc = 14
nvir = 206
n_occ_alpha = 7
n_vir_alpha = 103
n_occ_beta = 7
n_vir_beta = 103
nelectrons = 14
nelectrons_alpha = 7
nelectrons_beta = 7
n_frozen_core = 0
n_frozen_virtual = 0
----------------------------

Total CPU memory required for Closed Shell Cholesky CCSD calculation: 0.50 GiB


 CCSD iterations
------------------------------------------------------------
  Iter     Residuum          Correlation          Time(s)
------------------------------------------------------------
   1     1.0295614257225    0.0000000000000         3.28
   2     0.3806227599595   -0.9583077178251         3.03
   3     0.5637137906590   -0.1619203620048         3.05
   4     0.7307624764009   -1.3297893506350         3.04
   5     1.0468641686500    0.1952040202553         3.04
 MICROCYCLE DIIS UPDATE:                    6
   6     0.0461092916812   -0.6682965725506         3.03
   7     0.0684119338310   -0.5864772015424         3.04
   8     0.0796520307891   -0.7155416244177         3.02
   9     0.1230507565810   -0.5479466142400         3.02
  10     0.1613364338750   -0.7926065927197         3.02
 MICROCYCLE DIIS UPDATE:                   11
  11     0.0060022765528   -0.6616131018175         3.05
  12     0.0081105796430   -0.6556606804863         3.02
  13     0.0064490171997   -0.6673320846992         3.02
  14     0.0114074948217   -0.6543610624300         3.02
  15     0.0127994993436   -0.6749463194623         3.02
 MICROCYCLE DIIS UPDATE:                   16
  16     0.0006479056849   -0.6674591270296         3.03
  17     0.0003484016387   -0.6675608229661         3.02
  18     0.0001988886313   -0.6676968244073         3.02
  19     0.0001483485966   -0.6677145784858         3.02
  20     0.0000889310083   -0.6678162042775         3.01
 MICROCYCLE DIIS UPDATE:                   21
  21     0.0000489772409   -0.6678756975848         3.02
  22     0.0000656345293   -0.6678335886823         3.01
  23     0.0000496930797   -0.6679231714540         3.04
  24     0.0000900879443   -0.6678243388948         3.02
  25     0.0000984952959   -0.6679838703638         3.01
 MICROCYCLE DIIS UPDATE:                   26
  26     0.0000057912298   -0.6679306106953         3.00
  27     0.0000027746207   -0.6679305867934         2.99
  28     0.0000014288460   -0.6679320694698         2.99
  29     0.0000013486872   -0.6679313566977         3.01
  30     0.0000010153541   -0.6679331262295         2.99
 MICROCYCLE DIIS UPDATE:                   31
  31     0.0000003474546   -0.6679327125500         3.00
  32     0.0000004401770   -0.6679324769168         2.99
  33     0.0000003078335   -0.6679330257464         2.99
  34     0.0000005539831   -0.6679324638603         2.99
  35     0.0000005682791   -0.6679334095828         2.98
 MICROCYCLE DIIS UPDATE:                   36
  36     0.0000000421560   -0.6679331546641         3.00
  37     0.0000000285471   -0.6679331391271         2.99
  38     0.0000000225662   -0.6679331766617         2.98
  39     0.0000000404393   -0.6679331362454         2.99
  40     0.0000000601741   -0.6679332009746         2.99
 MICROCYCLE DIIS UPDATE:                   41
  41     0.0000000052091   -0.6679331695880         2.99
------------------------------------------------------------------
 Iterations converged
 CCSD correlation energy / hartree =        -0.667933169587998
 CCSD total energy / hartree       =      -109.033617703784884

Time taken for Closed Shell Cholesky CCSD: 124.24 secs

Threshold for printing amplitudes set to: 0.05
T1, T2 amplitudes written to files: N2_2.0.cc-pvqz_files/restricted/N2_2.0.cc-pvqz.print_t1amp.txt, N2_2.0.cc-pvqz_files/restricted/N2_2.0.cc-pvqz.print_t2amp.txt


DUCC: Time taken to compute Bare Hamiltonian: 0.00 secs

DUCC: Time taken to compute Single Commutator: 0.41 secs

DUCC: Time taken to compute Double Commutator: 31.57 secs

DUCC: Time taken to compute Triple Commutator: 5.98 secs

DUCC: Total Compute Time: 37.95 secs

Number of active orbitals = 28


DUCC: Time to write results: 0.24 secs
