
date: Mon Dec 18 16:59:29 2023
program: "/hpc/home/baum612/code/exachem-dev/build/methods_stage/hpc/home/baum612/code/tamm_install/methods/ExaChem"
input: /hpc/home/baum612/code/exachem-dev/inputs/N2/N2_2.8.json
nnodes: 1, nproc: 2
prefix: N2_2.8

Memory information
{
 CPU memory per node (GiB): 4534
 Total CPU memory (GiB): 4534
}


Input file provided
--------------------
{
  "geometry": {
    "coordinates": [
      "N  0.000000  0.000000  2.800000",
      "N  0.000000  0.000000  0.000000"
    ],
    "units": "angstrom"
  },
  "basis": {
    "basisset": "cc-pVQZ",
    "atom_basis": null
  },
  "SCF": {
    "conve": 1e-09,
    "convd": 1e-08,
    "tilesize": 30,
    "restart": false
  },
  "CD": {
    "diagtol": 1e-06
  },
  "CC": {
    "threshold": 1e-08,
    "ccsd_maxiter": 150,
    "lshift": 0.1,
    "nactive": 21,
    "freeze": {
      "core": 0
    },
    "PRINT": {
      "tamplitudes": [
        true,
        0.05
      ]
    }
  },
  "TASK": {
    "scf": false,
    "mp2": false,
    "cd_2e": false,
    "ccsd": false,
    "ccsd_t": false,
    "ducc": true
  }
}

Number of nodes, processes per node used for SCF calculation: 1, 2

SCF Options
{
 charge       = 0
 multiplicity = 1
 level shift  = 0
 tol_int      = 1e-22
 tol_sch      = 1e-10
 tol_lindep   = 1e-05
 conve        = 1e-09
 convd        = 1e-08
 diis_hist    = 10
 AO_tilesize  = 30
 writem       = 1
 damp         = 100
 scf_type     = restricted
 restart_size = 2000
 restart      = false
 debug        = false
}
**** Resetting tol_sch to 1e-11

Number of basis functions = 110

Total number of shells = 30

Total number of electrons = 14
  # of alpha electrons    = 7
  # of beta electons      = 7

Nuclear repulsion energy  = 9.26060186089665

# of {all,non-negligible} shell-pairs = {465,450}
Number of AO tiles = 30

Time for initial setup: 0.02 secs

Time for computing 1-e integrals T, V, S: 0.00 secs
Time for computing orthogonalizer: 0.00 secs

Superposition of Atomic Density Guess ...
Time taken for SAD: 0.20 secs
Total Time to compute initial guess: 0.28 secs


 SCF iterations
-----------------------------------------------------------------
 Iter     Energy            E-Diff       RMSD          Time(s)
-----------------------------------------------------------------
   1  -108.0737890972    -1.08e+02     8.69e-04         0.3 
   2  -108.0769969552    -3.21e-03     2.82e-04         0.3 
   3  -108.0774677696    -4.71e-04     1.75e-04         0.3 
   4  -108.0775557348    -8.80e-05     1.11e-05         0.3 
   5  -108.0775561419    -4.07e-07     9.46e-07         0.3 
   6  -108.0775561490    -7.06e-09     5.00e-07         0.3 
   7  -108.0775561495    -5.32e-10     1.21e-07         0.3 
   8  -108.0775561493     2.08e-10     8.45e-08         0.3 
   9  -108.0775561495    -2.27e-10     5.88e-09         0.3 

** Total SCF energy = -108.0775561495274

Nuclear repulsion energy = 9.260601860896651
#electrons        = 14.000000000000007
1e energy kinetic = 107.4781299897225324
1e energy N-e     = -272.3950358615451250
1e energy         = -164.9169058718224505
2e energy         = 47.5787480148144439
writing orbitals and density to disk ... done.

Time taken for Hartree-Fock: 3.22 secs

CCSD Options
{
 cache_size           = 8
 ccsdt_tilesize       = 32
 ndiis                = 5
 threshold            = 1e-08
 tilesize             = 40
 nactive              = 21
 ccsd_maxiter         = 150
 freeze_atomic         = false
 freeze_core          = 0
 freeze_virtual       = 0
 lshift               = 0.1
 readt                = false
 writet               = false
 writev               = false
 writet_iter          = 5
 profile_ccsd         = false
 balance_tiles        = true
 eom_nroots           = 1
 eom_microiter        = 50
 eom_threshold        = 1e-06
 debug                = false
}

#occupied, #virtual = 14, 206

Resetting CCSD tilesize to: 50

CD Options
{
 debug            = false
 write_cv         = false
 diagtol          = 1e-06
 write_vcount     = 5000
 itilesize        = 1000
 max_cvecs_factor = 12
}

-----------------------------------------------------
Begin 2-index transformation ... 

nAO, nMO, nelectrons = 110, 220, 14
n_occ_alpha, n_vir_alpha, n_occ_beta, n_vir_beta = 7,103,7,103

Time taken for Fao->Fmo transform: 0.00 secs

-----------------------------------------------------
Number of AO tiles = 30
# of {all,non-negligible} shell-pairs = {465,450}

    Begin Cholesky Decomposition
---------------------------------------------
- CPU memory required for computing cholesky vectors: 0.12 GiB

- Time for computing the diagonal: 0.01 secs

- Total number of cholesky vectors = 774

- Time to compute cholesky vectors: 13.92 secs

- CPU memory required for resizing the ao cholesky tensor: 0.19 GiB
- CPU memory required for ao2mo transformation: 0.21 GiB
- CPU memory required for the 2-step contraction: 0.28 GiB

- Time for ao to mo transform: 0.76 secs

    End Cholesky Decomposition
---------------------------------------------

Total Time taken for Cholesky Decomposition: 14.81 secs

----------------------------
scf_type = restricted
Closed-Shell SCF
nbf = 110
nbf_orig = 110
n_lindep = 0
focc = 1
nmo = 220
nocc = 14
nvir = 206
n_occ_alpha = 7
n_vir_alpha = 103
n_occ_beta = 7
n_vir_beta = 103
nelectrons = 14
nelectrons_alpha = 7
nelectrons_beta = 7
n_frozen_core = 0
n_frozen_virtual = 0
----------------------------

Total CPU memory required for Closed Shell Cholesky CCSD calculation: 0.49 GiB


 CCSD iterations
------------------------------------------------------------
  Iter     Residuum          Correlation          Time(s)
------------------------------------------------------------
   1     1.0413496409274    0.0000000000000         3.19
   2     0.5442821533690   -1.3104060167906         3.00
   3     1.1032440409113    0.2591854167724         2.99
   4     1.6901460945449   -2.8218573132606         2.94
   5     2.7513748448792    1.6647891291505         2.94
 MICROCYCLE DIIS UPDATE:                    6
   6     0.1429653231991   -0.8627325385092         2.93
   7     0.3041745855704   -0.4579414225805         2.93
   8     0.4947471681511   -1.2699365948394         2.95
   9     0.9430976447182    0.0854477818397         2.93
  10     1.5410066379008   -2.4796383570131         2.93
 MICROCYCLE DIIS UPDATE:                   11
  11     0.0415122029870   -0.7857132026257         2.93
  12     0.1102560544904   -0.6777852651989         2.95
  13     0.1408678737415   -0.9290456664696         2.93
  14     0.3016070261246   -0.5388382169409         2.93
  15     0.4877901320198   -1.2875474101329         2.93
 MICROCYCLE DIIS UPDATE:                   16
  16     0.0307949790069   -0.8101832610957         2.93
  17     0.0869254609547   -0.7476590284543         2.95
  18     0.0902758589309   -0.9225432374427         2.93
  19     0.2034656709602   -0.6821981433653         2.93
  20     0.2975197682409   -1.1480821263241         2.93
 MICROCYCLE DIIS UPDATE:                   21
  21     0.0253457663778   -0.8630477349030         2.93
  22     0.0726555749856   -0.8239405517432         2.92
  23     0.0650588148913   -0.9583004108378         2.93
  24     0.1409770506917   -0.7995308625984         2.95
  25     0.1851641281180   -1.0978932065425         2.92
 MICROCYCLE DIIS UPDATE:                   26
  26     0.0148023943031   -0.9447741557812         2.93
  27     0.0351597320911   -0.9314986707845         2.93
  28     0.0282388696354   -0.9923336229537         2.92
  29     0.0519573429162   -0.9326828835885         2.93
  30     0.0602601942728   -1.0338318923541         2.93
 MICROCYCLE DIIS UPDATE:                   31
  31     0.0023488338187   -0.9957241815301         2.95
  32     0.0025123926091   -0.9982765478935         2.92
  33     0.0032549621693   -0.9933966402091         2.92
  34     0.0042576508165   -0.9998676940894         2.92
  35     0.0054912311980   -0.9915088234061         2.91
 MICROCYCLE DIIS UPDATE:                   36
  36     0.0000992964272   -0.9961632649476         2.92
  37     0.0000570739364   -0.9961699196617         2.91
  38     0.0000452129346   -0.9961993365569         2.94
  39     0.0000485034118   -0.9961544495754         2.92
  40     0.0000557842443   -0.9962333512961         2.91
 MICROCYCLE DIIS UPDATE:                   41
  41     0.0000069653144   -0.9961909845678         2.92
  42     0.0000040300898   -0.9961910885504         2.92
  43     0.0000022810935   -0.9961919936188         2.92
  44     0.0000015641100   -0.9961921381068         2.93
  45     0.0000010257863   -0.9961926879275         2.94
 MICROCYCLE DIIS UPDATE:                   46
  46     0.0000003573286   -0.9961931845203         2.92
  47     0.0000002982145   -0.9961927523048         2.92
  48     0.0000003638093   -0.9961932801129         2.92
  49     0.0000004431528   -0.9961925937567         2.92
  50     0.0000005534225   -0.9961934247796         2.92
 MICROCYCLE DIIS UPDATE:                   51
  51     0.0000000299386   -0.9961929565644         2.95
  52     0.0000000351090   -0.9961929545554         2.93
  53     0.0000000844142   -0.9961929500821         2.93
  54     0.0000002218042   -0.9961929506407         2.93
  55     0.0000005863505   -0.9961929471249         2.93
 MICROCYCLE DIIS UPDATE:                   56
  56     0.0000000024507   -0.9961929471850         2.93
------------------------------------------------------------------
 Iterations converged
 CCSD correlation energy / hartree =        -0.996192947185015
 CCSD total energy / hartree       =      -109.073749096712419

Time taken for Closed Shell Cholesky CCSD: 164.94 secs

Threshold for printing amplitudes set to: 0.05
T1, T2 amplitudes written to files: N2_2.8.cc-pvqz_files/restricted/N2_2.8.cc-pvqz.print_t1amp.txt, N2_2.8.cc-pvqz_files/restricted/N2_2.8.cc-pvqz.print_t2amp.txt


DUCC: Time taken to compute Bare Hamiltonian: 0.00 secs

DUCC: Time taken to compute Single Commutator: 0.40 secs

DUCC: Time taken to compute Double Commutator: 31.80 secs

DUCC: Time taken to compute Triple Commutator: 5.96 secs

DUCC: Total Compute Time: 38.17 secs

Number of active orbitals = 28


DUCC: Time to write results: 0.23 secs
