
date: Mon Dec 18 17:12:19 2023
program: "/hpc/home/baum612/code/exachem-dev/build/methods_stage/hpc/home/baum612/code/tamm_install/methods/ExaChem"
input: /hpc/home/baum612/code/exachem-dev/inputs/N2/N2_3.1.json
nnodes: 1, nproc: 2
prefix: N2_3.1

Memory information
{
 CPU memory per node (GiB): 4534
 Total CPU memory (GiB): 4534
}


Input file provided
--------------------
{
  "geometry": {
    "coordinates": [
      "N  0.000000  0.000000  3.100000",
      "N  0.000000  0.000000  0.000000"
    ],
    "units": "angstrom"
  },
  "basis": {
    "basisset": "cc-pVQZ",
    "atom_basis": null
  },
  "SCF": {
    "conve": 1e-09,
    "convd": 1e-08,
    "tilesize": 30,
    "restart": false
  },
  "CD": {
    "diagtol": 1e-06
  },
  "CC": {
    "threshold": 1e-08,
    "ccsd_maxiter": 150,
    "lshift": 0.1,
    "nactive": 21,
    "freeze": {
      "core": 0
    },
    "PRINT": {
      "tamplitudes": [
        true,
        0.05
      ]
    }
  },
  "TASK": {
    "scf": false,
    "mp2": false,
    "cd_2e": false,
    "ccsd": false,
    "ccsd_t": false,
    "ducc": true
  }
}

Number of nodes, processes per node used for SCF calculation: 1, 2

SCF Options
{
 charge       = 0
 multiplicity = 1
 level shift  = 0
 tol_int      = 1e-22
 tol_sch      = 1e-10
 tol_lindep   = 1e-05
 conve        = 1e-09
 convd        = 1e-08
 diis_hist    = 10
 AO_tilesize  = 30
 writem       = 1
 damp         = 100
 scf_type     = restricted
 restart_size = 2000
 restart      = false
 debug        = false
}
**** Resetting tol_sch to 1e-11

Number of basis functions = 110

Total number of shells = 30

Total number of electrons = 14
  # of alpha electrons    = 7
  # of beta electons      = 7

Nuclear repulsion energy  = 8.36441458403568

# of {all,non-negligible} shell-pairs = {465,445}
Number of AO tiles = 30

Time for initial setup: 0.02 secs

Time for computing 1-e integrals T, V, S: 0.00 secs
Time for computing orthogonalizer: 0.00 secs

Superposition of Atomic Density Guess ...
Time taken for SAD: 0.21 secs
Total Time to compute initial guess: 0.28 secs


 SCF iterations
-----------------------------------------------------------------
 Iter     Energy            E-Diff       RMSD          Time(s)
-----------------------------------------------------------------
   1  -108.0158253367    -1.08e+02     7.98e-04         0.3 
   2  -108.0182563512    -2.43e-03     2.85e-04         0.3 
   3  -108.0186241124    -3.68e-04     1.62e-04         0.3 
   4  -108.0186890359    -6.49e-05     1.11e-05         0.3 
   5  -108.0186894121    -3.76e-07     7.37e-07         0.3 
   6  -108.0186894170    -4.93e-09     5.48e-07         0.3 
   7  -108.0186894175    -5.57e-10     1.20e-07         0.3 
   8  -108.0186894175     7.64e-11     1.13e-07         0.3 
   9  -108.0186894177    -1.86e-10     5.47e-09         0.3 

** Total SCF energy = -108.0186894176528

Nuclear repulsion energy = 8.364414584035684
#electrons        = 13.999999999999998
1e energy kinetic = 107.5408417951557567
1e energy N-e     = -270.6527783210691496
1e energy         = -163.1119365259133360
2e energy         = 46.7288327480540104
writing orbitals and density to disk ... done.

Time taken for Hartree-Fock: 2.88 secs

CCSD Options
{
 cache_size           = 8
 ccsdt_tilesize       = 32
 ndiis                = 5
 threshold            = 1e-08
 tilesize             = 40
 nactive              = 21
 ccsd_maxiter         = 150
 freeze_atomic         = false
 freeze_core          = 0
 freeze_virtual       = 0
 lshift               = 0.1
 readt                = false
 writet               = false
 writev               = false
 writet_iter          = 5
 profile_ccsd         = false
 balance_tiles        = true
 eom_nroots           = 1
 eom_microiter        = 50
 eom_threshold        = 1e-06
 debug                = false
}

#occupied, #virtual = 14, 206

Resetting CCSD tilesize to: 50

CD Options
{
 debug            = false
 write_cv         = false
 diagtol          = 1e-06
 write_vcount     = 5000
 itilesize        = 1000
 max_cvecs_factor = 12
}

-----------------------------------------------------
Begin 2-index transformation ... 

nAO, nMO, nelectrons = 110, 220, 14
n_occ_alpha, n_vir_alpha, n_occ_beta, n_vir_beta = 7,103,7,103

Time taken for Fao->Fmo transform: 0.00 secs

-----------------------------------------------------
Number of AO tiles = 30
# of {all,non-negligible} shell-pairs = {465,445}

    Begin Cholesky Decomposition
---------------------------------------------
- CPU memory required for computing cholesky vectors: 0.12 GiB

- Time for computing the diagonal: 0.01 secs

- Total number of cholesky vectors = 768

- Time to compute cholesky vectors: 13.58 secs

- CPU memory required for resizing the ao cholesky tensor: 0.19 GiB
- CPU memory required for ao2mo transformation: 0.21 GiB
- CPU memory required for the 2-step contraction: 0.28 GiB

- Time for ao to mo transform: 0.76 secs

    End Cholesky Decomposition
---------------------------------------------

Total Time taken for Cholesky Decomposition: 14.46 secs

----------------------------
scf_type = restricted
Closed-Shell SCF
nbf = 110
nbf_orig = 110
n_lindep = 0
focc = 1
nmo = 220
nocc = 14
nvir = 206
n_occ_alpha = 7
n_vir_alpha = 103
n_occ_beta = 7
n_vir_beta = 103
nelectrons = 14
nelectrons_alpha = 7
nelectrons_beta = 7
n_frozen_core = 0
n_frozen_virtual = 0
----------------------------

Total CPU memory required for Closed Shell Cholesky CCSD calculation: 0.49 GiB


 CCSD iterations
------------------------------------------------------------
  Iter     Residuum          Correlation          Time(s)
------------------------------------------------------------
   1     1.0461374292766    0.0000000000000         3.11
   2     0.6499383218920   -1.4944106707773         2.88
   3     1.5962090952309    0.6620555051450         2.87
   4     2.5531265570557   -4.4611903002282         2.88
   5     4.2920525149770    2.5703897835333         2.87
 MICROCYCLE DIIS UPDATE:                    6
   6     0.1367568971364   -0.8545478394657         2.87
   7     0.3285894713386   -0.4304103750969         2.88
   8     0.6194615188748   -1.4510356614460         2.86
   9     1.4172809632963    0.5163690863899         2.86
  10     2.3030876273049   -4.0020514865604         2.86
 MICROCYCLE DIIS UPDATE:                   11
  11     0.0402921051207   -0.7802938955540         2.88
  12     0.0933253403022   -0.7131536138536         2.86
  13     0.1175060305151   -0.9325806739877         2.86
  14     0.3134167661606   -0.5530725757145         2.86
  15     0.5862656017211   -1.4315006567230         2.85
 MICROCYCLE DIIS UPDATE:                   16
  16     0.0371029475701   -0.8502385900865         2.87
  17     0.1309471965407   -0.7480988990669         2.86
  18     0.1796381097836   -1.0633096689051         2.86
  19     0.4180804495089   -0.5397582954183         2.85
  20     0.7929828532396   -1.6532044275798         2.85
 MICROCYCLE DIIS UPDATE:                   21
  21     0.0333855511870   -0.8596058454798         2.85
  22     0.1109189876420   -0.7941494872399         2.85
  23     0.1305281957245   -1.0406566385952         2.87
  24     0.3134694526063   -0.6671391479676         2.85
  25     0.5520338389119   -1.4624058146368         2.84
 MICROCYCLE DIIS UPDATE:                   26
  26     0.0310451530308   -0.8950966393197         2.85
  27     0.1107360565398   -0.8348675729321         2.84
  28     0.1281626417987   -1.0763310951488         2.84
  29     0.2825243939102   -0.7319866941942         2.85
  30     0.4759504651994   -1.4206896258551         2.87
 MICROCYCLE DIIS UPDATE:                   31
  31     0.0260093303620   -0.9450080624888         2.86
  32     0.0980612945155   -0.8962297656506         2.84
  33     0.1122616762885   -1.1058394271762         2.85
  34     0.2167250600774   -0.8287357681212         2.84
  35     0.3375259026947   -1.3284409249809         2.83
 MICROCYCLE DIIS UPDATE:                   36
  36     0.0162786835072   -1.0062577345007         2.84
  37     0.0601809380865   -0.9798026627601         2.85
  38     0.0678591976592   -1.1056159138643         2.84
  39     0.1130432048961   -0.9521861481531         2.84
  40     0.1569554947677   -1.1950722514053         2.84
 MICROCYCLE DIIS UPDATE:                   41
  41     0.0051483503278   -1.0555896761995         2.84
  42     0.0131785829138   -1.0512824148644         2.84
  43     0.0135869362158   -1.0774911936256         2.85
  44     0.0209253671412   -1.0484286164337         2.87
  45     0.0262374830480   -1.0909476894710         2.84
 MICROCYCLE DIIS UPDATE:                   46
  46     0.0004630359645   -1.0697292958511         2.84
  47     0.0010232541876   -1.0703754793124         2.84
  48     0.0014521917392   -1.0682017737820         2.84
  49     0.0021031558280   -1.0712190805184         2.85
  50     0.0028040679211   -1.0669375450189         2.85
 MICROCYCLE DIIS UPDATE:                   51
  51     0.0000417597667   -1.0693679468741         2.88
  52     0.0000472700374   -1.0694020794240         2.85
  53     0.0000521831281   -1.0693092497851         2.85
  54     0.0000724140963   -1.0694161738547         2.85
  55     0.0000912681887   -1.0692699627225         2.85
 MICROCYCLE DIIS UPDATE:                   56
  56     0.0000011828305   -1.0693478293658         2.85
  57     0.0000011898702   -1.0693473163632         2.85
  58     0.0000016023607   -1.0693488295339         2.87
  59     0.0000022440162   -1.0693460209955         2.85
  60     0.0000030912128   -1.0693503086361         2.85
 MICROCYCLE DIIS UPDATE:                   61
  61     0.0000000389095   -1.0693477479769         2.85
  62     0.0000000286295   -1.0693477322246         2.85
  63     0.0000000560468   -1.0693477623182         2.85
  64     0.0000001323807   -1.0693476961968         2.85
  65     0.0000003649589   -1.0693477985400         2.86
 MICROCYCLE DIIS UPDATE:                   66
  66     0.0000000048779   -1.0693477343617         2.84
------------------------------------------------------------------
 Iterations converged
 CCSD correlation energy / hartree =        -1.069347734361674
 CCSD total energy / hartree       =      -109.088037152014437

Time taken for Closed Shell Cholesky CCSD: 189.20 secs

Threshold for printing amplitudes set to: 0.05
T1, T2 amplitudes written to files: N2_3.1.cc-pvqz_files/restricted/N2_3.1.cc-pvqz.print_t1amp.txt, N2_3.1.cc-pvqz_files/restricted/N2_3.1.cc-pvqz.print_t2amp.txt


DUCC: Time taken to compute Bare Hamiltonian: 0.00 secs

DUCC: Time taken to compute Single Commutator: 0.40 secs

DUCC: Time taken to compute Double Commutator: 31.35 secs

DUCC: Time taken to compute Triple Commutator: 5.94 secs

DUCC: Total Compute Time: 37.69 secs

Number of active orbitals = 28


DUCC: Time to write results: 0.23 secs
