
date: Mon Dec 18 17:29:08 2023
program: "/hpc/home/baum612/code/exachem-dev/build/methods_stage/hpc/home/baum612/code/tamm_install/methods/ExaChem"
input: /hpc/home/baum612/code/exachem-dev/inputs/N2/N2_3.5.json
nnodes: 1, nproc: 2
prefix: N2_3.5

Memory information
{
 CPU memory per node (GiB): 4534
 Total CPU memory (GiB): 4534
}


Input file provided
--------------------
{
  "geometry": {
    "coordinates": [
      "N  0.000000  0.000000  3.500000",
      "N  0.000000  0.000000  0.000000"
    ],
    "units": "angstrom"
  },
  "basis": {
    "basisset": "cc-pVQZ",
    "atom_basis": null
  },
  "SCF": {
    "conve": 1e-09,
    "convd": 1e-08,
    "tilesize": 30,
    "restart": false
  },
  "CD": {
    "diagtol": 1e-06
  },
  "CC": {
    "threshold": 1e-08,
    "ccsd_maxiter": 150,
    "lshift": 0.1,
    "nactive": 21,
    "freeze": {
      "core": 0
    },
    "PRINT": {
      "tamplitudes": [
        true,
        0.05
      ]
    }
  },
  "TASK": {
    "scf": false,
    "mp2": false,
    "cd_2e": false,
    "ccsd": false,
    "ccsd_t": false,
    "ducc": true
  }
}

Number of nodes, processes per node used for SCF calculation: 1, 2

SCF Options
{
 charge       = 0
 multiplicity = 1
 level shift  = 0
 tol_int      = 1e-22
 tol_sch      = 1e-10
 tol_lindep   = 1e-05
 conve        = 1e-09
 convd        = 1e-08
 diis_hist    = 10
 AO_tilesize  = 30
 writem       = 1
 damp         = 100
 scf_type     = restricted
 restart_size = 2000
 restart      = false
 debug        = false
}
**** Resetting tol_sch to 1e-11

Number of basis functions = 110

Total number of shells = 30

Total number of electrons = 14
  # of alpha electrons    = 7
  # of beta electons      = 7

Nuclear repulsion energy  = 7.40848148871732

# of {all,non-negligible} shell-pairs = {465,429}
Number of AO tiles = 30

Time for initial setup: 0.02 secs

Time for computing 1-e integrals T, V, S: 0.00 secs
Time for computing orthogonalizer: 0.00 secs

Superposition of Atomic Density Guess ...
Time taken for SAD: 0.21 secs
Total Time to compute initial guess: 0.28 secs


 SCF iterations
-----------------------------------------------------------------
 Iter     Energy            E-Diff       RMSD          Time(s)
-----------------------------------------------------------------
   1  -107.9607109896    -1.08e+02     7.10e-04         0.2 
   2  -107.9623641493    -1.65e-03     2.83e-04         0.2 
   3  -107.9626181436    -2.54e-04     1.30e-04         0.2 
   4  -107.9626554052    -3.73e-05     1.07e-05         0.2 
   5  -107.9626557251    -3.20e-07     6.10e-07         0.2 
   6  -107.9626557284    -3.29e-09     4.87e-07         0.2 
   7  -107.9626557289    -4.41e-10     1.02e-07         0.3 
   8  -107.9626557288     7.37e-11     9.75e-08         0.2 
   9  -107.9626557289    -1.48e-10     4.79e-09         0.2 

** Total SCF energy = -107.9626557289400

Nuclear repulsion energy = 7.408481488717321
#electrons        = 14.000000000000002
1e energy kinetic = 107.6074946770668959
1e energy N-e     = -268.8140591966892998
1e energy         = -161.2065645196223329
2e energy         = 45.8354275527990609
writing orbitals and density to disk ... done.

Time taken for Hartree-Fock: 2.55 secs

CCSD Options
{
 cache_size           = 8
 ccsdt_tilesize       = 32
 ndiis                = 5
 threshold            = 1e-08
 tilesize             = 40
 nactive              = 21
 ccsd_maxiter         = 150
 freeze_atomic         = false
 freeze_core          = 0
 freeze_virtual       = 0
 lshift               = 0.1
 readt                = false
 writet               = false
 writev               = false
 writet_iter          = 5
 profile_ccsd         = false
 balance_tiles        = true
 eom_nroots           = 1
 eom_microiter        = 50
 eom_threshold        = 1e-06
 debug                = false
}

#occupied, #virtual = 14, 206

Resetting CCSD tilesize to: 50

CD Options
{
 debug            = false
 write_cv         = false
 diagtol          = 1e-06
 write_vcount     = 5000
 itilesize        = 1000
 max_cvecs_factor = 12
}

-----------------------------------------------------
Begin 2-index transformation ... 

nAO, nMO, nelectrons = 110, 220, 14
n_occ_alpha, n_vir_alpha, n_occ_beta, n_vir_beta = 7,103,7,103

Time taken for Fao->Fmo transform: 0.00 secs

-----------------------------------------------------
Number of AO tiles = 30
# of {all,non-negligible} shell-pairs = {465,429}

    Begin Cholesky Decomposition
---------------------------------------------
- CPU memory required for computing cholesky vectors: 0.12 GiB

- Time for computing the diagonal: 0.01 secs

- Total number of cholesky vectors = 762

- Time to compute cholesky vectors: 13.18 secs

- CPU memory required for resizing the ao cholesky tensor: 0.19 GiB
- CPU memory required for ao2mo transformation: 0.21 GiB
- CPU memory required for the 2-step contraction: 0.27 GiB

- Time for ao to mo transform: 0.75 secs

    End Cholesky Decomposition
---------------------------------------------

Total Time taken for Cholesky Decomposition: 14.05 secs

----------------------------
scf_type = restricted
Closed-Shell SCF
nbf = 110
nbf_orig = 110
n_lindep = 0
focc = 1
nmo = 220
nocc = 14
nvir = 206
n_occ_alpha = 7
n_vir_alpha = 103
n_occ_beta = 7
n_vir_beta = 103
nelectrons = 14
nelectrons_alpha = 7
nelectrons_beta = 7
n_frozen_core = 0
n_frozen_virtual = 0
----------------------------

Total CPU memory required for Closed Shell Cholesky CCSD calculation: 0.49 GiB


 CCSD iterations
------------------------------------------------------------
  Iter     Residuum          Correlation          Time(s)
------------------------------------------------------------
   1     1.0517837623497    0.0000000000000         3.06
   2     0.7842164309884   -1.7300664677766         2.84
   3     2.3863023594690    1.2827301174090         2.84
   4     3.6275389574038   -7.6161338801646         2.83
   5     10.3875741230964  -0.0838680924347         2.84
 MICROCYCLE DIIS UPDATE:                    6
   6     0.2205145367765   -0.9879171182041         2.82
   7     0.6489311271695   -0.1519844892210         2.82
   8     1.4485861333952   -2.5117410380551         2.83
   9     3.5332048913581    2.4245580104407         2.81
  10     29.3277875833430  -11.3991369024794         2.82
 MICROCYCLE DIIS UPDATE:                   11
  11     0.0858977122317   -0.7410571856791         2.81
  12     0.0773896883417   -0.9055624122153         2.81
  13     0.2690395443209   -0.6146916871726         2.83
  14     0.5686525477014   -1.4630007810236         2.81
  15     1.2996900230068    0.3640554815101         2.81
 MICROCYCLE DIIS UPDATE:                   16
  16     0.0388038371610   -0.8922480237161         2.81
  17     0.1355739535366   -0.8057265859974         2.81
  18     0.1987849887605   -1.1547250580400         2.81
  19     0.5133363021224   -0.5203919429450         2.83
  20     1.1719128912714   -2.0487769526686         2.81
 MICROCYCLE DIIS UPDATE:                   21
  21     0.0393596205651   -0.8527167959747         2.81
  22     0.1013030822421   -0.8084906127055         2.81
  23     0.1198497809287   -1.0448134149244         2.81
  24     0.3682739892785   -0.6342014547598         2.81
  25     0.7902711043588   -1.7211268054752         2.81
 MICROCYCLE DIIS UPDATE:                   26
  26     0.0388982679006   -0.8553949638237         2.82
  27     0.1127631437730   -0.7944349675057         2.81
  28     0.1507272059764   -1.0743099771492         2.81
  29     0.4404297316000   -0.5613306474015         2.81
  30     0.9892962785145   -1.8887617093439         2.81
 MICROCYCLE DIIS UPDATE:                   31
  31     0.0390874613987   -0.8696639884656         2.80
  32     0.1250547830342   -0.7970296398513         2.80
  33     0.1769512097131   -1.1152201379886         2.82
  34     0.4877661341295   -0.5304945756014         2.79
  35     1.1132832796171   -1.9968202806639         2.79
 MICROCYCLE DIIS UPDATE:                   36
  36     0.0387473586537   -0.8921498122542         2.80
  37     0.1369874333538   -0.8117674046238         2.81
  38     0.1996171426121   -1.1626530469974         2.80
  39     0.5095510363737   -0.5323995383983         2.80
  40     1.1592535748212   -2.0392874475784         2.81
 MICROCYCLE DIIS UPDATE:                   41
  41     0.0374598336413   -0.9194252822459         2.80
  42     0.1433718057148   -0.8388899398132         2.80
  43     0.2098689176906   -1.2032092764490         2.80
  44     0.4896779758570   -0.5760635062352         2.80
  45     1.0820220409800   -1.9825214966251         2.80
 MICROCYCLE DIIS UPDATE:                   46
  46     0.0351772804645   -0.9497395325919         2.80
  47     0.1420968336368   -0.8757012967041         2.82
  48     0.2067635477752   -1.2318786833386         2.80
  49     0.4365742608554   -0.6497551024540         2.80
  50     0.9129499273156   -1.8548735259539         2.80
 MICROCYCLE DIIS UPDATE:                   51
  51     0.0314640246444   -0.9848038825626         2.81
  52     0.1327472767250   -0.9209174438171         2.80
  53     0.1930576130872   -1.2497821749252         2.80
  54     0.3643150057109   -0.7394051261973         2.83
  55     0.7028400969307   -1.6955492137356         2.80
 MICROCYCLE DIIS UPDATE:                   56
  56     0.0254471702141   -1.0260342125251         2.81
  57     0.1112497193818   -0.9764307886157         2.82
  58     0.1628186475672   -1.2497184610098         2.80
  59     0.2745217522515   -0.8444935559948         2.81
  60     0.4744368594474   -1.5204459295355         2.80
 MICROCYCLE DIIS UPDATE:                   61
  61     0.0168627647003   -1.0703710369417         2.83
  62     0.0749156206343   -1.0392730102661         2.81
  63     0.1103223599400   -1.2222379010476         2.81
  64     0.1714886818584   -0.9594642706193         2.81
  65     0.2617406808114   -1.3542922531882         2.80
 MICROCYCLE DIIS UPDATE:                   66
  66     0.0077857009806   -1.1081277540335         2.80
  67     0.0335303652600   -1.0950617178531         2.80
  68     0.0491245613642   -1.1764622711311         2.82
  69     0.0739606038945   -1.0616841491591         2.79
  70     0.1024227772947   -1.2242487540011         2.79
 MICROCYCLE DIIS UPDATE:                   71
  71     0.0019228694411   -1.1296031690169         2.79
  72     0.0061256951360   -1.1275433500459         2.80
  73     0.0085081733221   -1.1420070418891         2.79
  74     0.0126384950573   -1.1223327342056         2.79
  75     0.0163723458373   -1.1493738746081         2.79
 MICROCYCLE DIIS UPDATE:                   76
  76     0.0001962076993   -1.1348196944985         2.81
  77     0.0005560019283   -1.1351644230054         2.80
  78     0.0009133534068   -1.1337837471669         2.80
  79     0.0013739264305   -1.1358671220132         2.80
  80     0.0018787741166   -1.1329208829325         2.80
 MICROCYCLE DIIS UPDATE:                   81
  81     0.0000167112890   -1.1346053199790         2.80
  82     0.0000165760457   -1.1346122574646         2.80
  83     0.0000197061664   -1.1346009522271         2.82
  84     0.0000237704956   -1.1346071822583         2.84
  85     0.0000297882868   -1.1346126048012         2.94
 MICROCYCLE DIIS UPDATE:                   86
  86     0.0000014778228   -1.1346061435895         2.89
  87     0.0000008522694   -1.1346062599858         2.89
  88     0.0000006939937   -1.1346061910971         2.95
  89     0.0000007034815   -1.1346070529407         3.00
  90     0.0000010964625   -1.1346059436018         2.83
 MICROCYCLE DIIS UPDATE:                   91
  91     0.0000001828056   -1.1346067510353         2.81
  92     0.0000002078162   -1.1346066872793         2.81
  93     0.0000006332911   -1.1346066722825         2.81
  94     0.0000020951876   -1.1346066683820         2.81
  95     0.0000069531803   -1.1346066528261         2.81
 MICROCYCLE DIIS UPDATE:                   96
  96     0.0000000208462   -1.1346066552813         2.81
  97     0.0000000333168   -1.1346066522449         2.82
  98     0.0000001033917   -1.1346066618259         2.81
  99     0.0000003385082   -1.1346066541497         2.81
 100     0.0000011124504   -1.1346066654633         2.81
 MICROCYCLE DIIS UPDATE:                  101
 101     0.0000000031775   -1.1346066604771         2.81
------------------------------------------------------------------
 Iterations converged
 CCSD correlation energy / hartree =        -1.134606660477150
 CCSD total energy / hartree       =      -109.097262389417153

Time taken for Closed Shell Cholesky CCSD: 285.50 secs

Threshold for printing amplitudes set to: 0.05
T1, T2 amplitudes written to files: N2_3.5.cc-pvqz_files/restricted/N2_3.5.cc-pvqz.print_t1amp.txt, N2_3.5.cc-pvqz_files/restricted/N2_3.5.cc-pvqz.print_t2amp.txt


DUCC: Time taken to compute Bare Hamiltonian: 0.00 secs

DUCC: Time taken to compute Single Commutator: 0.41 secs

DUCC: Time taken to compute Double Commutator: 31.33 secs

DUCC: Time taken to compute Triple Commutator: 6.01 secs

DUCC: Total Compute Time: 37.75 secs

Number of active orbitals = 28


DUCC: Time to write results: 0.23 secs
