
date: Tue Dec 19 12:13:53 2023
program: "/hpc/home/baum612/code/exachem-dev/build/methods_stage/hpc/home/baum612/code/tamm_install/methods/ExaChem"
input: /hpc/home/baum612/code/exachem-dev/inputs/N2/N2_1.8.json
nnodes: 1, nproc: 2
prefix: N2_1.8

Memory information
{
 CPU memory per node (GiB): 4534
 Total CPU memory (GiB): 4534
}


Input file provided
--------------------
{
  "geometry": {
    "coordinates": [
      "N  0.000000  0.000000  1.800000",
      "N  0.000000  0.000000  0.000000"
    ],
    "units": "angstrom"
  },
  "basis": {
    "basisset": "cc-pVQZ",
    "atom_basis": null
  },
  "SCF": {
    "conve": 1e-09,
    "convd": 1e-08,
    "tilesize": 30,
    "restart": false
  },
  "CD": {
    "diagtol": 1e-06
  },
  "CC": {
    "threshold": 1e-08,
    "ccsd_maxiter": 50,
    "nactive": 3,
    "freeze": {
      "core": 0
    },
    "PRINT": {
      "tamplitudes": [
        true,
        0.05
      ]
    }
  },
  "TASK": {
    "scf": false,
    "mp2": false,
    "cd_2e": false,
    "ccsd": false,
    "ccsd_t": false,
    "ducc": true
  }
}

Number of nodes, processes per node used for SCF calculation: 1, 2

SCF Options
{
 charge       = 0
 multiplicity = 1
 level shift  = 0
 tol_int      = 1e-22
 tol_sch      = 1e-10
 tol_lindep   = 1e-05
 conve        = 1e-09
 convd        = 1e-08
 diis_hist    = 10
 AO_tilesize  = 30
 writem       = 1
 damp         = 100
 scf_type     = restricted
 restart_size = 2000
 restart      = false
 debug        = false
}
**** Resetting tol_sch to 1e-11

Number of basis functions = 110

Total number of shells = 30

Total number of electrons = 14
  # of alpha electrons    = 7
  # of beta electons      = 7

Nuclear repulsion energy  = 14.4053806725059

# of {all,non-negligible} shell-pairs = {465,465}
Number of AO tiles = 30

Time for initial setup: 0.02 secs

Time for computing 1-e integrals T, V, S: 0.00 secs
Time for computing orthogonalizer: 0.00 secs

Superposition of Atomic Density Guess ...
Time taken for SAD: 0.26 secs
Total Time to compute initial guess: 0.36 secs


 SCF iterations
-----------------------------------------------------------------
 Iter     Energy            E-Diff       RMSD          Time(s)
-----------------------------------------------------------------
   1  -108.4755875023    -1.08e+02     1.11e-03         0.4 
   2  -108.4838454028    -8.26e-03     3.75e-04         0.4 
   3  -108.4849025863    -1.06e-03     1.97e-04         0.4 
   4  -108.4850817657    -1.79e-04     1.23e-05         0.4 
   5  -108.4850824203    -6.55e-07     2.52e-06         0.4 
   6  -108.4850824390    -1.86e-08     5.86e-07         0.4 
   7  -108.4850824396    -6.45e-10     1.56e-07         0.4 
   8  -108.4850824397    -2.79e-11     8.46e-09         0.4 

** Total SCF energy = -108.4850824396502

Nuclear repulsion energy = 14.405380672505901
#electrons        = 13.999999999999996
1e energy kinetic = 107.3137401964446838
1e energy N-e     = -282.8189400792337551
1e energy         = -175.5051998827888724
2e energy         = 52.6147368321208901
writing orbitals and density to disk ... done.

Time taken for Hartree-Fock: 3.99 secs

CCSD Options
{
 cache_size           = 8
 ccsdt_tilesize       = 32
 ndiis                = 5
 threshold            = 1e-08
 tilesize             = 40
 nactive              = 3
 ccsd_maxiter         = 50
 freeze_atomic         = false
 freeze_core          = 0
 freeze_virtual       = 0
 readt                = false
 writet               = false
 writev               = false
 writet_iter          = 5
 profile_ccsd         = false
 balance_tiles        = true
 eom_nroots           = 1
 eom_microiter        = 50
 eom_threshold        = 1e-06
 debug                = false
}

#occupied, #virtual = 14, 206

Resetting CCSD tilesize to: 50

CD Options
{
 debug            = false
 write_cv         = false
 diagtol          = 1e-06
 write_vcount     = 5000
 itilesize        = 1000
 max_cvecs_factor = 12
}

-----------------------------------------------------
Begin 2-index transformation ... 

nAO, nMO, nelectrons = 110, 220, 14
n_occ_alpha, n_vir_alpha, n_occ_beta, n_vir_beta = 7,103,7,103

Time taken for Fao->Fmo transform: 0.00 secs

-----------------------------------------------------
Number of AO tiles = 30
# of {all,non-negligible} shell-pairs = {465,465}

    Begin Cholesky Decomposition
---------------------------------------------
- CPU memory required for computing cholesky vectors: 0.12 GiB

- Time for computing the diagonal: 0.01 secs

- Total number of cholesky vectors = 808

- Time to compute cholesky vectors: 16.26 secs

- CPU memory required for resizing the ao cholesky tensor: 0.19 GiB
- CPU memory required for ao2mo transformation: 0.22 GiB
- CPU memory required for the 2-step contraction: 0.29 GiB

- Time for ao to mo transform: 1.07 secs

    End Cholesky Decomposition
---------------------------------------------

Total Time taken for Cholesky Decomposition: 17.46 secs

----------------------------
scf_type = restricted
Closed-Shell SCF
nbf = 110
nbf_orig = 110
n_lindep = 0
focc = 1
nmo = 220
nocc = 14
nvir = 206
n_occ_alpha = 7
n_vir_alpha = 103
n_occ_beta = 7
n_vir_beta = 103
nelectrons = 14
nelectrons_alpha = 7
nelectrons_beta = 7
n_frozen_core = 0
n_frozen_virtual = 0
----------------------------

Total CPU memory required for Closed Shell Cholesky CCSD calculation: 0.51 GiB


 CCSD iterations
------------------------------------------------------------
  Iter     Residuum          Correlation          Time(s)
------------------------------------------------------------
   1     1.0291232698103    0.0000000000000         3.90
   2     0.2866680550766   -0.8017854356534         3.40
   3     0.3182882104288   -0.3437392620232         3.44
   4     0.3181919840007   -0.8594244850155         3.40
   5     0.3500727474185   -0.3324727682423         3.42
 MICROCYCLE DIIS UPDATE:                    6
   6     0.0188443724551   -0.6111315445226         3.44
   7     0.0216671825539   -0.5876672382913         3.46
   8     0.0170891393546   -0.6166518655486         3.48
   9     0.0215303413586   -0.5894764974767         3.47
  10     0.0192602531109   -0.6215443173433         3.51
 MICROCYCLE DIIS UPDATE:                   11
  11     0.0016874443953   -0.6091946766008         3.55
  12     0.0010057408258   -0.6090461727062         3.26
  13     0.0005484090096   -0.6097093304766         3.24
  14     0.0006374826055   -0.6093324985406         3.19
  15     0.0003834638151   -0.6099766446705         3.36
 MICROCYCLE DIIS UPDATE:                   16
  16     0.0001336619140   -0.6099710542619         3.17
  17     0.0000655719771   -0.6099601183606         3.17
  18     0.0000413904070   -0.6100039069257         3.16
  19     0.0000394289970   -0.6099788097402         3.16
  20     0.0000259185276   -0.6100213172741         3.15
 MICROCYCLE DIIS UPDATE:                   21
  21     0.0000108072721   -0.6100166033888         3.15
  22     0.0000101683694   -0.6100112086395         3.16
  23     0.0000058024551   -0.6100207455714         3.16
  24     0.0000079798973   -0.6100134906236         3.18
  25     0.0000055996801   -0.6100234553917         3.16
 MICROCYCLE DIIS UPDATE:                   26
  26     0.0000008544959   -0.6100216050776         3.15
  27     0.0000003507755   -0.6100215675344         3.16
  28     0.0000002221314   -0.6100217519280         3.19
  29     0.0000001730509   -0.6100216513976         3.19
  30     0.0000001155901   -0.6100218280735         3.23
 MICROCYCLE DIIS UPDATE:                   31
  31     0.0000000495713   -0.6100218021483         3.19
  32     0.0000000517390   -0.6100217765928         3.17
  33     0.0000000295342   -0.6100218242357         3.18
  34     0.0000000402473   -0.6100217890249         3.17
  35     0.0000000277433   -0.6100218384229         3.17
 MICROCYCLE DIIS UPDATE:                   36
  36     0.0000000029226   -0.6100218309118         3.30
------------------------------------------------------------------
 Iterations converged
 CCSD correlation energy / hartree =        -0.610021830911847
 CCSD total energy / hartree       =      -109.095104270562018

Time taken for Closed Shell Cholesky CCSD: 118.64 secs

Threshold for printing amplitudes set to: 0.05
T1, T2 amplitudes written to files: N2_1.8.cc-pvqz_files/restricted/N2_1.8.cc-pvqz.print_t1amp.txt, N2_1.8.cc-pvqz_files/restricted/N2_1.8.cc-pvqz.print_t2amp.txt


DUCC: Time taken to compute Bare Hamiltonian: 0.00 secs

DUCC: Time taken to compute Single Commutator: 0.14 secs

DUCC: Time taken to compute Double Commutator: 27.59 secs

DUCC: Time taken to compute Triple Commutator: 4.06 secs

DUCC: Total Compute Time: 31.79 secs

Number of active orbitals = 10


DUCC: Time to write results: 0.01 secs
