
date: Tue Dec 19 12:05:25 2023
program: "/hpc/home/baum612/code/exachem-dev/build/methods_stage/hpc/home/baum612/code/tamm_install/methods/ExaChem"
input: /hpc/home/baum612/code/exachem-dev/inputs/N2/N2_1.5.json
nnodes: 1, nproc: 2
prefix: N2_1.5

Memory information
{
 CPU memory per node (GiB): 4534
 Total CPU memory (GiB): 4534
}


Input file provided
--------------------
{
  "geometry": {
    "coordinates": [
      "N  0.000000  0.000000  1.500000",
      "N  0.000000  0.000000  0.000000"
    ],
    "units": "angstrom"
  },
  "basis": {
    "basisset": "cc-pVQZ",
    "atom_basis": null
  },
  "SCF": {
    "conve": 1e-09,
    "convd": 1e-08,
    "tilesize": 30,
    "restart": false
  },
  "CD": {
    "diagtol": 1e-06
  },
  "CC": {
    "threshold": 1e-08,
    "ccsd_maxiter": 50,
    "nactive": 3,
    "freeze": {
      "core": 0
    },
    "PRINT": {
      "tamplitudes": [
        true,
        0.05
      ]
    }
  },
  "TASK": {
    "scf": false,
    "mp2": false,
    "cd_2e": false,
    "ccsd": false,
    "ccsd_t": false,
    "ducc": true
  }
}

Number of nodes, processes per node used for SCF calculation: 1, 2

SCF Options
{
 charge       = 0
 multiplicity = 1
 level shift  = 0
 tol_int      = 1e-22
 tol_sch      = 1e-10
 tol_lindep   = 1e-05
 conve        = 1e-09
 convd        = 1e-08
 diis_hist    = 10
 AO_tilesize  = 30
 writem       = 1
 damp         = 100
 scf_type     = restricted
 restart_size = 2000
 restart      = false
 debug        = false
}
**** Resetting tol_sch to 1e-11

Number of basis functions = 110

Total number of shells = 30

Total number of electrons = 14
  # of alpha electrons    = 7
  # of beta electons      = 7

Nuclear repulsion energy  = 17.2864568070071

# of {all,non-negligible} shell-pairs = {465,465}
Number of AO tiles = 30

Time for initial setup: 0.02 secs

Time for computing 1-e integrals T, V, S: 0.00 secs
Time for computing orthogonalizer: 0.00 secs

Superposition of Atomic Density Guess ...
Time taken for SAD: 0.24 secs
Total Time to compute initial guess: 0.34 secs


 SCF iterations
-----------------------------------------------------------------
 Iter     Energy            E-Diff       RMSD          Time(s)
-----------------------------------------------------------------
   1  -108.6977842565    -1.09e+02     1.14e-03         0.4 
   2  -108.7084105156    -1.06e-02     4.54e-04         0.4 
   3  -108.7096114321    -1.20e-03     2.06e-04         0.4 
   4  -108.7097846853    -1.73e-04     1.18e-05         0.5 
   5  -108.7097853423    -6.57e-07     3.37e-06         0.4 
   6  -108.7097853679    -2.56e-08     8.53e-07         0.4 
   7  -108.7097853689    -1.03e-09     1.07e-07         0.5 
   8  -108.7097853689    -1.43e-11     8.03e-09         0.4 

** Total SCF energy = -108.7097853689129

Nuclear repulsion energy = 17.286456807007081
#electrons        = 14.000000000000011
1e energy kinetic = 107.4784303268312584
1e energy N-e     = -288.9516114041150558
1e energy         = -181.4731810772838401
2e energy         = 55.4769389127089028
writing orbitals and density to disk ... done.

Time taken for Hartree-Fock: 4.01 secs

CCSD Options
{
 cache_size           = 8
 ccsdt_tilesize       = 32
 ndiis                = 5
 threshold            = 1e-08
 tilesize             = 40
 nactive              = 3
 ccsd_maxiter         = 50
 freeze_atomic         = false
 freeze_core          = 0
 freeze_virtual       = 0
 readt                = false
 writet               = false
 writev               = false
 writet_iter          = 5
 profile_ccsd         = false
 balance_tiles        = true
 eom_nroots           = 1
 eom_microiter        = 50
 eom_threshold        = 1e-06
 debug                = false
}

#occupied, #virtual = 14, 206

Resetting CCSD tilesize to: 50

CD Options
{
 debug            = false
 write_cv         = false
 diagtol          = 1e-06
 write_vcount     = 5000
 itilesize        = 1000
 max_cvecs_factor = 12
}

-----------------------------------------------------
Begin 2-index transformation ... 

nAO, nMO, nelectrons = 110, 220, 14
n_occ_alpha, n_vir_alpha, n_occ_beta, n_vir_beta = 7,103,7,103

Time taken for Fao->Fmo transform: 0.00 secs

-----------------------------------------------------
Number of AO tiles = 30
# of {all,non-negligible} shell-pairs = {465,465}

    Begin Cholesky Decomposition
---------------------------------------------
- CPU memory required for computing cholesky vectors: 0.12 GiB

- Time for computing the diagonal: 0.01 secs

- Total number of cholesky vectors = 815

- Time to compute cholesky vectors: 16.42 secs

- CPU memory required for resizing the ao cholesky tensor: 0.19 GiB
- CPU memory required for ao2mo transformation: 0.22 GiB
- CPU memory required for the 2-step contraction: 0.29 GiB

- Time for ao to mo transform: 0.97 secs

    End Cholesky Decomposition
---------------------------------------------

Total Time taken for Cholesky Decomposition: 17.53 secs

----------------------------
scf_type = restricted
Closed-Shell SCF
nbf = 110
nbf_orig = 110
n_lindep = 0
focc = 1
nmo = 220
nocc = 14
nvir = 206
n_occ_alpha = 7
n_vir_alpha = 103
n_occ_beta = 7
n_vir_beta = 103
nelectrons = 14
nelectrons_alpha = 7
nelectrons_beta = 7
n_frozen_core = 0
n_frozen_virtual = 0
----------------------------

Total CPU memory required for Closed Shell Cholesky CCSD calculation: 0.51 GiB


 CCSD iterations
------------------------------------------------------------
  Iter     Residuum          Correlation          Time(s)
------------------------------------------------------------
   1     1.0328086831893    0.0000000000000         3.77
   2     0.1791478956025   -0.6120240769072         3.29
   3     0.1227685302498   -0.4496735941185         3.31
   4     0.0709677894504   -0.5749822592670         3.27
   5     0.0509785022480   -0.5007130891818         3.33
 MICROCYCLE DIIS UPDATE:                    6
   6     0.0059672059309   -0.5344942393375         3.30
   7     0.0037010015609   -0.5332174785230         3.28
   8     0.0021563841527   -0.5345136954579         3.27
   9     0.0016245615919   -0.5342469876900         3.36
  10     0.0009826527970   -0.5348345574625         3.32
 MICROCYCLE DIIS UPDATE:                   11
  11     0.0001418354098   -0.5351485497626         3.40
  12     0.0000524138051   -0.5351459676616         3.40
  13     0.0000260790445   -0.5351572261477         3.40
  14     0.0000143254630   -0.5351542314030         3.41
  15     0.0000081855643   -0.5351581392300         3.41
 MICROCYCLE DIIS UPDATE:                   16
  16     0.0000033940507   -0.5351587841949         3.42
  17     0.0000022186963   -0.5351574437415         3.24
  18     0.0000012081993   -0.5351586891832         3.20
  19     0.0000009790499   -0.5351581736129         3.24
  20     0.0000005429184   -0.5351587248602         3.20
 MICROCYCLE DIIS UPDATE:                   21
  21     0.0000000897422   -0.5351587781506         3.19
  22     0.0000000358225   -0.5351587820324         3.16
  23     0.0000000149319   -0.5351587909218         3.16
  24     0.0000000088183   -0.5351587899165         3.17
------------------------------------------------------------------
 Iterations converged
 CCSD correlation energy / hartree =        -0.535158789916506
 CCSD total energy / hartree       =      -109.244944158829384

Time taken for Closed Shell Cholesky CCSD: 79.82 secs

Threshold for printing amplitudes set to: 0.05
T1, T2 amplitudes written to files: N2_1.5.cc-pvqz_files/restricted/N2_1.5.cc-pvqz.print_t1amp.txt, N2_1.5.cc-pvqz_files/restricted/N2_1.5.cc-pvqz.print_t2amp.txt


DUCC: Time taken to compute Bare Hamiltonian: 0.00 secs

DUCC: Time taken to compute Single Commutator: 0.13 secs

DUCC: Time taken to compute Double Commutator: 26.81 secs

DUCC: Time taken to compute Triple Commutator: 4.09 secs

DUCC: Total Compute Time: 31.03 secs

Number of active orbitals = 10


DUCC: Time to write results: 0.01 secs
