
date: Tue Dec 19 12:17:10 2023
program: "/hpc/home/baum612/code/exachem-dev/build/methods_stage/hpc/home/baum612/code/tamm_install/methods/ExaChem"
input: /hpc/home/baum612/code/exachem-dev/inputs/N2/N2_1.9.json
nnodes: 1, nproc: 2
prefix: N2_1.9

Memory information
{
 CPU memory per node (GiB): 4534
 Total CPU memory (GiB): 4534
}


Input file provided
--------------------
{
  "geometry": {
    "coordinates": [
      "N  0.000000  0.000000  1.900000",
      "N  0.000000  0.000000  0.000000"
    ],
    "units": "angstrom"
  },
  "basis": {
    "basisset": "cc-pVQZ",
    "atom_basis": null
  },
  "SCF": {
    "conve": 1e-09,
    "convd": 1e-08,
    "tilesize": 30,
    "restart": false
  },
  "CD": {
    "diagtol": 1e-06
  },
  "CC": {
    "threshold": 1e-08,
    "ccsd_maxiter": 50,
    "nactive": 3,
    "freeze": {
      "core": 0
    },
    "PRINT": {
      "tamplitudes": [
        true,
        0.05
      ]
    }
  },
  "TASK": {
    "scf": false,
    "mp2": false,
    "cd_2e": false,
    "ccsd": false,
    "ccsd_t": false,
    "ducc": true
  }
}

Number of nodes, processes per node used for SCF calculation: 1, 2

SCF Options
{
 charge       = 0
 multiplicity = 1
 level shift  = 0
 tol_int      = 1e-22
 tol_sch      = 1e-10
 tol_lindep   = 1e-05
 conve        = 1e-09
 convd        = 1e-08
 diis_hist    = 10
 AO_tilesize  = 30
 writem       = 1
 damp         = 100
 scf_type     = restricted
 restart_size = 2000
 restart      = false
 debug        = false
}
**** Resetting tol_sch to 1e-11

Number of basis functions = 110

Total number of shells = 30

Total number of electrons = 14
  # of alpha electrons    = 7
  # of beta electons      = 7

Nuclear repulsion energy  = 13.647202742374

# of {all,non-negligible} shell-pairs = {465,465}
Number of AO tiles = 30

Time for initial setup: 0.02 secs

Time for computing 1-e integrals T, V, S: 0.00 secs
Time for computing orthogonalizer: 0.00 secs

Superposition of Atomic Density Guess ...
Time taken for SAD: 0.25 secs
Total Time to compute initial guess: 0.36 secs


 SCF iterations
-----------------------------------------------------------------
 Iter     Energy            E-Diff       RMSD          Time(s)
-----------------------------------------------------------------
   1  -108.4137294423    -1.08e+02     1.09e-03         0.4 
   2  -108.4212018252    -7.47e-03     3.52e-04         0.4 
   3  -108.4221798844    -9.78e-04     1.90e-04         0.4 
   4  -108.4223487472    -1.69e-04     1.22e-05         0.4 
   5  -108.4223493835    -6.36e-07     2.25e-06         0.4 
   6  -108.4223494011    -1.76e-08     5.15e-07         0.4 
   7  -108.4223494016    -5.46e-10     1.47e-07         0.4 
   8  -108.4223494017    -2.49e-11     1.01e-08         0.4 
   9  -108.4223494017    -1.42e-14     5.15e-10         0.4 

** Total SCF energy = -108.4223494016570

Nuclear repulsion energy = 13.647202742374011
#electrons        = 14.000000000000004
1e energy kinetic = 107.3059078640030464
1e energy N-e     = -281.2383315533607515
1e energy         = -173.9324236893576767
2e energy         = 51.8628715399284204
writing orbitals and density to disk ... done.

Time taken for Hartree-Fock: 4.36 secs

CCSD Options
{
 cache_size           = 8
 ccsdt_tilesize       = 32
 ndiis                = 5
 threshold            = 1e-08
 tilesize             = 40
 nactive              = 3
 ccsd_maxiter         = 50
 freeze_atomic         = false
 freeze_core          = 0
 freeze_virtual       = 0
 readt                = false
 writet               = false
 writev               = false
 writet_iter          = 5
 profile_ccsd         = false
 balance_tiles        = true
 eom_nroots           = 1
 eom_microiter        = 50
 eom_threshold        = 1e-06
 debug                = false
}

#occupied, #virtual = 14, 206

Resetting CCSD tilesize to: 50

CD Options
{
 debug            = false
 write_cv         = false
 diagtol          = 1e-06
 write_vcount     = 5000
 itilesize        = 1000
 max_cvecs_factor = 12
}

-----------------------------------------------------
Begin 2-index transformation ... 

nAO, nMO, nelectrons = 110, 220, 14
n_occ_alpha, n_vir_alpha, n_occ_beta, n_vir_beta = 7,103,7,103

Time taken for Fao->Fmo transform: 0.00 secs

-----------------------------------------------------
Number of AO tiles = 30
# of {all,non-negligible} shell-pairs = {465,465}

    Begin Cholesky Decomposition
---------------------------------------------
- CPU memory required for computing cholesky vectors: 0.12 GiB

- Time for computing the diagonal: 0.01 secs

- Total number of cholesky vectors = 806

- Time to compute cholesky vectors: 15.87 secs

- CPU memory required for resizing the ao cholesky tensor: 0.19 GiB
- CPU memory required for ao2mo transformation: 0.22 GiB
- CPU memory required for the 2-step contraction: 0.29 GiB

- Time for ao to mo transform: 0.95 secs

    End Cholesky Decomposition
---------------------------------------------

Total Time taken for Cholesky Decomposition: 16.96 secs

----------------------------
scf_type = restricted
Closed-Shell SCF
nbf = 110
nbf_orig = 110
n_lindep = 0
focc = 1
nmo = 220
nocc = 14
nvir = 206
n_occ_alpha = 7
n_vir_alpha = 103
n_occ_beta = 7
n_vir_beta = 103
nelectrons = 14
nelectrons_alpha = 7
nelectrons_beta = 7
n_frozen_core = 0
n_frozen_virtual = 0
----------------------------

Total CPU memory required for Closed Shell Cholesky CCSD calculation: 0.51 GiB


 CCSD iterations
------------------------------------------------------------
  Iter     Residuum          Correlation          Time(s)
------------------------------------------------------------
   1     1.0291046235904    0.0000000000000         3.85
   2     0.3317251404827   -0.8773854461467         3.35
   3     0.4268281845893   -0.2661595203576         3.37
   4     0.4910809903872   -1.0525275314196         3.26
   5     0.6203900544334   -0.1336773578858         3.27
 MICROCYCLE DIIS UPDATE:                    6
   6     0.0366100101337   -0.6481202561019         3.30
   7     0.0480398085974   -0.5864229548053         3.26
   8     0.0503251909873   -0.6681500983876         3.26
   9     0.0680654523602   -0.5741816495696         3.27
  10     0.0776248790002   -0.6947941016079         3.31
 MICROCYCLE DIIS UPDATE:                   11
  11     0.0038897658643   -0.6344258905358         3.32
  12     0.0040060263182   -0.6323271898728         3.32
  13     0.0025441586815   -0.6368846744077         3.34
  14     0.0040720680189   -0.6328254705910         3.29
  15     0.0035439091501   -0.6389681507512         3.29
 MICROCYCLE DIIS UPDATE:                   16
  16     0.0002587739068   -0.6374716375525         3.34
  17     0.0001265688097   -0.6374612540734         3.65
  18     0.0000733384008   -0.6375215369853         3.38
  19     0.0000623366773   -0.6374896563833         3.35
  20     0.0000422333030   -0.6375585145494         3.48
 MICROCYCLE DIIS UPDATE:                   21
  21     0.0000218268184   -0.6375486091642         3.41
  22     0.0000272461185   -0.6375322179140         3.25
  23     0.0000178793769   -0.6375649462488         3.23
  24     0.0000289035991   -0.6375346020247         3.25
  25     0.0000261790925   -0.6375793269873         3.26
 MICROCYCLE DIIS UPDATE:                   26
  26     0.0000016719494   -0.6375667154898         3.24
  27     0.0000007584566   -0.6375664976785         3.24
  28     0.0000005188078   -0.6375670490063         3.22
  29     0.0000005188985   -0.6375665931863         3.22
  30     0.0000004420604   -0.6375673198634         3.33
 MICROCYCLE DIIS UPDATE:                   31
  31     0.0000001430660   -0.6375670871310         3.31
  32     0.0000001627313   -0.6375669994605         3.34
  33     0.0000001036583   -0.6375671845874         3.33
  34     0.0000001655381   -0.6375670178208         3.35
  35     0.0000001457019   -0.6375672689488         3.31
 MICROCYCLE DIIS UPDATE:                   36
  36     0.0000000117134   -0.6375672050367         3.30
  37     0.0000000066389   -0.6375672028275         3.49
------------------------------------------------------------------
 Iterations converged
 CCSD correlation energy / hartree =        -0.637567202827488
 CCSD total energy / hartree       =      -109.059916604484528

Time taken for Closed Shell Cholesky CCSD: 123.80 secs

Threshold for printing amplitudes set to: 0.05
T1, T2 amplitudes written to files: N2_1.9.cc-pvqz_files/restricted/N2_1.9.cc-pvqz.print_t1amp.txt, N2_1.9.cc-pvqz_files/restricted/N2_1.9.cc-pvqz.print_t2amp.txt


DUCC: Time taken to compute Bare Hamiltonian: 0.00 secs

DUCC: Time taken to compute Single Commutator: 0.13 secs

DUCC: Time taken to compute Double Commutator: 27.40 secs

DUCC: Time taken to compute Triple Commutator: 4.10 secs

DUCC: Total Compute Time: 31.63 secs

Number of active orbitals = 10


DUCC: Time to write results: 0.01 secs
