
date: Tue Dec 19 12:10:52 2023
program: "/hpc/home/baum612/code/exachem-dev/build/methods_stage/hpc/home/baum612/code/tamm_install/methods/ExaChem"
input: /hpc/home/baum612/code/exachem-dev/inputs/N2/N2_1.7.json
nnodes: 1, nproc: 2
prefix: N2_1.7

Memory information
{
 CPU memory per node (GiB): 4534
 Total CPU memory (GiB): 4534
}


Input file provided
--------------------
{
  "geometry": {
    "coordinates": [
      "N  0.000000  0.000000  1.700000",
      "N  0.000000  0.000000  0.000000"
    ],
    "units": "angstrom"
  },
  "basis": {
    "basisset": "cc-pVQZ",
    "atom_basis": null
  },
  "SCF": {
    "conve": 1e-09,
    "convd": 1e-08,
    "tilesize": 30,
    "restart": false
  },
  "CD": {
    "diagtol": 1e-06
  },
  "CC": {
    "threshold": 1e-08,
    "ccsd_maxiter": 50,
    "nactive": 3,
    "freeze": {
      "core": 0
    },
    "PRINT": {
      "tamplitudes": [
        true,
        0.05
      ]
    }
  },
  "TASK": {
    "scf": false,
    "mp2": false,
    "cd_2e": false,
    "ccsd": false,
    "ccsd_t": false,
    "ducc": true
  }
}

Number of nodes, processes per node used for SCF calculation: 1, 2

SCF Options
{
 charge       = 0
 multiplicity = 1
 level shift  = 0
 tol_int      = 1e-22
 tol_sch      = 1e-10
 tol_lindep   = 1e-05
 conve        = 1e-09
 convd        = 1e-08
 diis_hist    = 10
 AO_tilesize  = 30
 writem       = 1
 damp         = 100
 scf_type     = restricted
 restart_size = 2000
 restart      = false
 debug        = false
}
**** Resetting tol_sch to 1e-11

Number of basis functions = 110

Total number of shells = 30

Total number of electrons = 14
  # of alpha electrons    = 7
  # of beta electons      = 7

Nuclear repulsion energy  = 15.2527560061827

# of {all,non-negligible} shell-pairs = {465,465}
Number of AO tiles = 30

Time for initial setup: 0.02 secs

Time for computing 1-e integrals T, V, S: 0.00 secs
Time for computing orthogonalizer: 0.00 secs

Superposition of Atomic Density Guess ...
Time taken for SAD: 0.25 secs
Total Time to compute initial guess: 0.36 secs


 SCF iterations
-----------------------------------------------------------------
 Iter     Energy            E-Diff       RMSD          Time(s)
-----------------------------------------------------------------
   1  -108.5436958860    -1.09e+02     1.12e-03         0.4 
   2  -108.5527936353    -9.10e-03     4.00e-04         0.4 
   3  -108.5539242571    -1.13e-03     2.03e-04         0.4 
   4  -108.5541104946    -1.86e-04     1.24e-05         0.5 
   5  -108.5541111626    -6.68e-07     2.85e-06         0.5 
   6  -108.5541111832    -2.06e-08     6.82e-07         0.5 
   7  -108.5541111840    -7.81e-10     1.54e-07         0.5 
   8  -108.5541111840    -2.68e-11     6.92e-09         0.4 

** Total SCF energy = -108.5541111840387

Nuclear repulsion energy = 15.252756006182720
#electrons        = 14.000000000000004
1e energy kinetic = 107.3388799611986144
1e energy N-e     = -284.6020547773170506
1e energy         = -177.2631748161183509
2e energy         = 53.4563076629724776
writing orbitals and density to disk ... done.

Time taken for Hartree-Fock: 4.14 secs

CCSD Options
{
 cache_size           = 8
 ccsdt_tilesize       = 32
 ndiis                = 5
 threshold            = 1e-08
 tilesize             = 40
 nactive              = 3
 ccsd_maxiter         = 50
 freeze_atomic         = false
 freeze_core          = 0
 freeze_virtual       = 0
 readt                = false
 writet               = false
 writev               = false
 writet_iter          = 5
 profile_ccsd         = false
 balance_tiles        = true
 eom_nroots           = 1
 eom_microiter        = 50
 eom_threshold        = 1e-06
 debug                = false
}

#occupied, #virtual = 14, 206

Resetting CCSD tilesize to: 50

CD Options
{
 debug            = false
 write_cv         = false
 diagtol          = 1e-06
 write_vcount     = 5000
 itilesize        = 1000
 max_cvecs_factor = 12
}

-----------------------------------------------------
Begin 2-index transformation ... 

nAO, nMO, nelectrons = 110, 220, 14
n_occ_alpha, n_vir_alpha, n_occ_beta, n_vir_beta = 7,103,7,103

Time taken for Fao->Fmo transform: 0.00 secs

-----------------------------------------------------
Number of AO tiles = 30
# of {all,non-negligible} shell-pairs = {465,465}

    Begin Cholesky Decomposition
---------------------------------------------
- CPU memory required for computing cholesky vectors: 0.12 GiB

- Time for computing the diagonal: 0.01 secs

- Total number of cholesky vectors = 815

- Time to compute cholesky vectors: 17.30 secs

- CPU memory required for resizing the ao cholesky tensor: 0.19 GiB
- CPU memory required for ao2mo transformation: 0.22 GiB
- CPU memory required for the 2-step contraction: 0.29 GiB

- Time for ao to mo transform: 1.04 secs

    End Cholesky Decomposition
---------------------------------------------

Total Time taken for Cholesky Decomposition: 18.47 secs

----------------------------
scf_type = restricted
Closed-Shell SCF
nbf = 110
nbf_orig = 110
n_lindep = 0
focc = 1
nmo = 220
nocc = 14
nvir = 206
n_occ_alpha = 7
n_vir_alpha = 103
n_occ_beta = 7
n_vir_beta = 103
nelectrons = 14
nelectrons_alpha = 7
nelectrons_beta = 7
n_frozen_core = 0
n_frozen_virtual = 0
----------------------------

Total CPU memory required for Closed Shell Cholesky CCSD calculation: 0.51 GiB


 CCSD iterations
------------------------------------------------------------
  Iter     Residuum          Correlation          Time(s)
------------------------------------------------------------
   1     1.0296773019888    0.0000000000000         3.95
   2     0.2459330382821   -0.7320313202377         3.46
   3     0.2340335033034   -0.3977733546876         3.32
   4     0.1990272737784   -0.7271275783224         3.34
   5     0.1896939567243   -0.4393458027582         3.41
 MICROCYCLE DIIS UPDATE:                    6
   6     0.0112213556161   -0.5824170089488         3.39
   7     0.0107040745761   -0.5743541654196         3.42
   8     0.0064903213349   -0.5841998374218         3.34
   9     0.0072631386663   -0.5773761052835         3.35
  10     0.0046518606068   -0.5853598426910         3.33
 MICROCYCLE DIIS UPDATE:                   11
  11     0.0005461824650   -0.5839939906685         3.33
  12     0.0002264833071   -0.5840326101853         3.32
  13     0.0001273531417   -0.5840606341118         3.32
  14     0.0000859776470   -0.5840685783594         3.36
  15     0.0000568705961   -0.5840887754865         3.34
 MICROCYCLE DIIS UPDATE:                   16
  16     0.0000230906735   -0.5841194235448         3.32
  17     0.0000214669453   -0.5841027346338         3.32
  18     0.0000131357670   -0.5841245571137         3.32
  19     0.0000147880212   -0.5841093516160         3.35
  20     0.0000099373445   -0.5841266696466         3.46
 MICROCYCLE DIIS UPDATE:                   21
  21     0.0000014072798   -0.5841228271171         3.29
  22     0.0000008298535   -0.5841225020718         3.43
  23     0.0000004555835   -0.5841229342769         3.28
  24     0.0000004287899   -0.5841226538318         3.28
  25     0.0000002453166   -0.5841230074282         3.28
 MICROCYCLE DIIS UPDATE:                   26
  26     0.0000001014966   -0.5841229627769         3.32
  27     0.0000000679348   -0.5841229438999         3.29
  28     0.0000000401649   -0.5841229891059         3.31
  29     0.0000000389868   -0.5841229670657         3.33
  30     0.0000000228337   -0.5841230011288         3.39
 MICROCYCLE DIIS UPDATE:                   31
  31     0.0000000067080   -0.5841230024446         3.35
------------------------------------------------------------------
 Iterations converged
 CCSD correlation energy / hartree =        -0.584123002444612
 CCSD total energy / hartree       =      -109.138234186483274

Time taken for Closed Shell Cholesky CCSD: 104.70 secs

Threshold for printing amplitudes set to: 0.05
T1, T2 amplitudes written to files: N2_1.7.cc-pvqz_files/restricted/N2_1.7.cc-pvqz.print_t1amp.txt, N2_1.7.cc-pvqz_files/restricted/N2_1.7.cc-pvqz.print_t2amp.txt


DUCC: Time taken to compute Bare Hamiltonian: 0.00 secs

DUCC: Time taken to compute Single Commutator: 0.13 secs

DUCC: Time taken to compute Double Commutator: 26.16 secs

DUCC: Time taken to compute Triple Commutator: 4.01 secs

DUCC: Total Compute Time: 30.30 secs

Number of active orbitals = 10


DUCC: Time to write results: 0.01 secs
