
date: Tue Dec 19 11:58:11 2023
program: "/hpc/home/baum612/code/exachem-dev/build/methods_stage/hpc/home/baum612/code/tamm_install/methods/ExaChem"
input: /hpc/home/baum612/code/exachem-dev/inputs/N2/N2_1.2.json
nnodes: 1, nproc: 2
prefix: N2_1.2

Memory information
{
 CPU memory per node (GiB): 4534
 Total CPU memory (GiB): 4534
}


Input file provided
--------------------
{
  "geometry": {
    "coordinates": [
      "N  0.000000  0.000000  1.200000",
      "N  0.000000  0.000000  0.000000"
    ],
    "units": "angstrom"
  },
  "basis": {
    "basisset": "cc-pVQZ",
    "atom_basis": null
  },
  "SCF": {
    "conve": 1e-09,
    "convd": 1e-08,
    "tilesize": 30,
    "restart": false
  },
  "CD": {
    "diagtol": 1e-06
  },
  "CC": {
    "threshold": 1e-08,
    "ccsd_maxiter": 50,
    "nactive": 3,
    "freeze": {
      "core": 0
    },
    "PRINT": {
      "tamplitudes": [
        true,
        0.05
      ]
    }
  },
  "TASK": {
    "scf": false,
    "mp2": false,
    "cd_2e": false,
    "ccsd": false,
    "ccsd_t": false,
    "ducc": true
  }
}

Number of nodes, processes per node used for SCF calculation: 1, 2

SCF Options
{
 charge       = 0
 multiplicity = 1
 level shift  = 0
 tol_int      = 1e-22
 tol_sch      = 1e-10
 tol_lindep   = 1e-05
 conve        = 1e-09
 convd        = 1e-08
 diis_hist    = 10
 AO_tilesize  = 30
 writem       = 1
 damp         = 100
 scf_type     = restricted
 restart_size = 2000
 restart      = false
 debug        = false
}
**** Resetting tol_sch to 1e-11

Number of basis functions = 110

Total number of shells = 30

Total number of electrons = 14
  # of alpha electrons    = 7
  # of beta electons      = 7

Nuclear repulsion energy  = 21.6080710087589

# of {all,non-negligible} shell-pairs = {465,465}
Number of AO tiles = 30

Time for initial setup: 0.02 secs

Time for computing 1-e integrals T, V, S: 0.00 secs
Time for computing orthogonalizer: 0.00 secs

Superposition of Atomic Density Guess ...
Time taken for SAD: 0.21 secs
Total Time to compute initial guess: 0.31 secs


 SCF iterations
-----------------------------------------------------------------
 Iter     Energy            E-Diff       RMSD          Time(s)
-----------------------------------------------------------------
   1  -108.9353047042    -1.09e+02     1.27e-03         0.4 
   2  -108.9457880239    -1.05e-02     5.30e-04         0.4 
   3  -108.9466683274    -8.80e-04     1.12e-04         0.4 
   4  -108.9467076467    -3.93e-05     8.74e-06         0.4 
   5  -108.9467079813    -3.35e-07     2.17e-06         0.4 
   6  -108.9467079956    -1.43e-08     4.46e-07         0.4 
   7  -108.9467079961    -5.06e-10     9.94e-08         0.4 
   8  -108.9467079961    -1.19e-11     7.82e-09         0.5 

** Total SCF energy = -108.9467079961194

Nuclear repulsion energy = 21.608071008758852
#electrons        = 14.000000000000004
1e energy kinetic = 108.2135594990780589
1e energy N-e     = -298.5022664110910569
1e energy         = -190.2887069120131400
2e energy         = 59.7339279658529989
writing orbitals and density to disk ... done.

Time taken for Hartree-Fock: 3.98 secs

CCSD Options
{
 cache_size           = 8
 ccsdt_tilesize       = 32
 ndiis                = 5
 threshold            = 1e-08
 tilesize             = 40
 nactive              = 3
 ccsd_maxiter         = 50
 freeze_atomic         = false
 freeze_core          = 0
 freeze_virtual       = 0
 readt                = false
 writet               = false
 writev               = false
 writet_iter          = 5
 profile_ccsd         = false
 balance_tiles        = true
 eom_nroots           = 1
 eom_microiter        = 50
 eom_threshold        = 1e-06
 debug                = false
}

#occupied, #virtual = 14, 206

Resetting CCSD tilesize to: 50

CD Options
{
 debug            = false
 write_cv         = false
 diagtol          = 1e-06
 write_vcount     = 5000
 itilesize        = 1000
 max_cvecs_factor = 12
}

-----------------------------------------------------
Begin 2-index transformation ... 

nAO, nMO, nelectrons = 110, 220, 14
n_occ_alpha, n_vir_alpha, n_occ_beta, n_vir_beta = 7,103,7,103

Time taken for Fao->Fmo transform: 0.00 secs

-----------------------------------------------------
Number of AO tiles = 30
# of {all,non-negligible} shell-pairs = {465,465}

    Begin Cholesky Decomposition
---------------------------------------------
- CPU memory required for computing cholesky vectors: 0.12 GiB

- Time for computing the diagonal: 0.01 secs

- Total number of cholesky vectors = 803

- Time to compute cholesky vectors: 16.64 secs

- CPU memory required for resizing the ao cholesky tensor: 0.19 GiB
- CPU memory required for ao2mo transformation: 0.22 GiB
- CPU memory required for the 2-step contraction: 0.29 GiB

- Time for ao to mo transform: 0.92 secs

    End Cholesky Decomposition
---------------------------------------------

Total Time taken for Cholesky Decomposition: 17.69 secs

----------------------------
scf_type = restricted
Closed-Shell SCF
nbf = 110
nbf_orig = 110
n_lindep = 0
focc = 1
nmo = 220
nocc = 14
nvir = 206
n_occ_alpha = 7
n_vir_alpha = 103
n_occ_beta = 7
n_vir_beta = 103
nelectrons = 14
nelectrons_alpha = 7
nelectrons_beta = 7
n_frozen_core = 0
n_frozen_virtual = 0
----------------------------

Total CPU memory required for Closed Shell Cholesky CCSD calculation: 0.51 GiB


 CCSD iterations
------------------------------------------------------------
  Iter     Residuum          Correlation          Time(s)
------------------------------------------------------------
   1     1.0491407623983    0.0000000000000         3.65
   2     0.1179937964514   -0.4850866884930         3.15
   3     0.0475235728215   -0.4450975875839         3.18
   4     0.0146289940643   -0.4728991473656         3.15
   5     0.0077976677568   -0.4663255664901         3.15
 MICROCYCLE DIIS UPDATE:                    6
   6     0.0024940563073   -0.4702585542920         3.18
   7     0.0011602246765   -0.4698270840651         3.14
   8     0.0006123364973   -0.4699807915126         3.14
   9     0.0003576313883   -0.4699991389568         3.14
  10     0.0002036126155   -0.4700398300865         3.17
 MICROCYCLE DIIS UPDATE:                   11
  11     0.0000182164343   -0.4700852244342         3.14
  12     0.0000057354474   -0.4700824180974         3.14
  13     0.0000024696892   -0.4700840408225         3.14
  14     0.0000010991584   -0.4700836134963         3.14
  15     0.0000005353895   -0.4700838584448         3.17
 MICROCYCLE DIIS UPDATE:                   16
  16     0.0000001447006   -0.4700838541713         3.14
  17     0.0000000645699   -0.4700838369085         3.13
  18     0.0000000333845   -0.4700838484775         3.14
  19     0.0000000197092   -0.4700838483128         3.14
  20     0.0000000110717   -0.4700838510280         3.13
 MICROCYCLE DIIS UPDATE:                   21
  21     0.0000000013813   -0.4700838531515         3.15
------------------------------------------------------------------
 Iterations converged
 CCSD correlation energy / hartree =        -0.470083853151507
 CCSD total energy / hartree       =      -109.416791849270865

Time taken for Closed Shell Cholesky CCSD: 66.92 secs

Threshold for printing amplitudes set to: 0.05
T1, T2 amplitudes written to files: N2_1.2.cc-pvqz_files/restricted/N2_1.2.cc-pvqz.print_t1amp.txt, N2_1.2.cc-pvqz_files/restricted/N2_1.2.cc-pvqz.print_t2amp.txt


DUCC: Time taken to compute Bare Hamiltonian: 0.00 secs

DUCC: Time taken to compute Single Commutator: 0.13 secs

DUCC: Time taken to compute Double Commutator: 25.64 secs

DUCC: Time taken to compute Triple Commutator: 4.02 secs

DUCC: Total Compute Time: 29.80 secs

Number of active orbitals = 10


DUCC: Time to write results: 0.01 secs
