
date: Tue Dec 19 11:48:42 2023
program: "/hpc/home/baum612/code/exachem-dev/build/methods_stage/hpc/home/baum612/code/tamm_install/methods/ExaChem"
input: /hpc/home/baum612/code/exachem-dev/inputs/N2/N2_1.0.json
nnodes: 1, nproc: 2
prefix: N2_1.0

Memory information
{
 CPU memory per node (GiB): 4534
 Total CPU memory (GiB): 4534
}


Input file provided
--------------------
{
  "geometry": {
    "coordinates": [
      "N  0.000000  0.000000  1.000000",
      "N  0.000000  0.000000  0.000000"
    ],
    "units": "angstrom"
  },
  "basis": {
    "basisset": "cc-pVQZ",
    "atom_basis": null
  },
  "SCF": {
    "conve": 1e-09,
    "convd": 1e-08,
    "tilesize": 30,
    "restart": false
  },
  "CD": {
    "diagtol": 1e-06
  },
  "CC": {
    "threshold": 1e-08,
    "ccsd_maxiter": 50,
    "nactive": 3,
    "freeze": {
      "core": 0
    },
    "PRINT": {
      "tamplitudes": [
        true,
        0.05
      ]
    }
  },
  "TASK": {
    "scf": false,
    "mp2": false,
    "cd_2e": false,
    "ccsd": false,
    "ccsd_t": false,
    "ducc": true
  }
}

Number of nodes, processes per node used for SCF calculation: 1, 2

SCF Options
{
 charge       = 0
 multiplicity = 1
 level shift  = 0
 tol_int      = 1e-22
 tol_sch      = 1e-10
 tol_lindep   = 1e-05
 conve        = 1e-09
 convd        = 1e-08
 diis_hist    = 10
 AO_tilesize  = 30
 writem       = 1
 damp         = 100
 scf_type     = restricted
 restart_size = 2000
 restart      = false
 debug        = false
}
**** Resetting tol_sch to 1e-11

Number of basis functions = 110

Total number of shells = 30

Total number of electrons = 14
  # of alpha electrons    = 7
  # of beta electons      = 7

Nuclear repulsion energy  = 25.9296852105106

# of {all,non-negligible} shell-pairs = {465,465}
Number of AO tiles = 30

Time for initial setup: 0.01 secs

Time for computing 1-e integrals T, V, S: 0.00 secs
Time for computing orthogonalizer: 0.00 secs

Superposition of Atomic Density Guess ...
Time taken for SAD: 0.17 secs
Total Time to compute initial guess: 0.27 secs


 SCF iterations
-----------------------------------------------------------------
 Iter     Energy            E-Diff       RMSD          Time(s)
-----------------------------------------------------------------
   1  -108.9631752073    -1.09e+02     1.92e-03         0.5 
   2  -108.9760317077    -1.29e-02     3.82e-04         0.5 
   3  -108.9767929945    -7.61e-04     1.75e-04         0.5 
   4  -108.9768490983    -5.61e-05     2.19e-05         0.5 
   5  -108.9768494580    -3.60e-07     4.42e-06         0.5 
   6  -108.9768494652    -7.22e-09     6.29e-07         0.5 
   7  -108.9768494654    -1.43e-10     8.57e-08         0.5 
   8  -108.9768494654    -5.88e-12     3.49e-09         0.5 

** Total SCF energy = -108.9768494653671

Nuclear repulsion energy = 25.929685210510620
#electrons        = 13.999999999999998
1e energy kinetic = 109.5557688359657504
1e energy N-e     = -308.3057464487393418
1e energy         = -198.7499776127736482
2e energy         = 63.8434429262498426
writing orbitals and density to disk ... done.

Time taken for Hartree-Fock: 3.99 secs

CCSD Options
{
 cache_size           = 8
 ccsdt_tilesize       = 32
 ndiis                = 5
 threshold            = 1e-08
 tilesize             = 40
 nactive              = 3
 ccsd_maxiter         = 50
 freeze_atomic         = false
 freeze_core          = 0
 freeze_virtual       = 0
 readt                = false
 writet               = false
 writev               = false
 writet_iter          = 5
 profile_ccsd         = false
 balance_tiles        = true
 eom_nroots           = 1
 eom_microiter        = 50
 eom_threshold        = 1e-06
 debug                = false
}

#occupied, #virtual = 14, 206

Resetting CCSD tilesize to: 50

CD Options
{
 debug            = false
 write_cv         = false
 diagtol          = 1e-06
 write_vcount     = 5000
 itilesize        = 1000
 max_cvecs_factor = 12
}

-----------------------------------------------------
Begin 2-index transformation ... 

nAO, nMO, nelectrons = 110, 220, 14
n_occ_alpha, n_vir_alpha, n_occ_beta, n_vir_beta = 7,103,7,103

Time taken for Fao->Fmo transform: 0.00 secs

-----------------------------------------------------
Number of AO tiles = 30
# of {all,non-negligible} shell-pairs = {465,465}

    Begin Cholesky Decomposition
---------------------------------------------
- CPU memory required for computing cholesky vectors: 0.12 GiB

- Time for computing the diagonal: 0.01 secs

- Total number of cholesky vectors = 795

- Time to compute cholesky vectors: 16.73 secs

- CPU memory required for resizing the ao cholesky tensor: 0.19 GiB
- CPU memory required for ao2mo transformation: 0.22 GiB
- CPU memory required for the 2-step contraction: 0.29 GiB

- Time for ao to mo transform: 0.94 secs

    End Cholesky Decomposition
---------------------------------------------

Total Time taken for Cholesky Decomposition: 17.80 secs

----------------------------
scf_type = restricted
Closed-Shell SCF
nbf = 110
nbf_orig = 110
n_lindep = 0
focc = 1
nmo = 220
nocc = 14
nvir = 206
n_occ_alpha = 7
n_vir_alpha = 103
n_occ_beta = 7
n_vir_beta = 103
nelectrons = 14
nelectrons_alpha = 7
nelectrons_beta = 7
n_frozen_core = 0
n_frozen_virtual = 0
----------------------------

Total CPU memory required for Closed Shell Cholesky CCSD calculation: 0.50 GiB


 CCSD iterations
------------------------------------------------------------
  Iter     Residuum          Correlation          Time(s)
------------------------------------------------------------
   1     1.0739034770298    0.0000000000000         3.68
   2     0.0987483002253   -0.4340888442101         3.31
   3     0.0281383426778   -0.4249814654317         3.27
   4     0.0073317804384   -0.4364245924753         3.36
   5     0.0033994129102   -0.4358295806325         3.25
 MICROCYCLE DIIS UPDATE:                    6
   6     0.0013362605608   -0.4370793244358         3.21
   7     0.0005166144072   -0.4368835444581         3.20
   8     0.0002456294010   -0.4369172783582         3.20
   9     0.0001224829740   -0.4369278596398         3.22
  10     0.0000619178882   -0.4369360035908         3.20
 MICROCYCLE DIIS UPDATE:                   11
  11     0.0000035439733   -0.4369446630270         3.21
  12     0.0000011393511   -0.4369454140757         3.20
  13     0.0000003811808   -0.4369452714566         3.20
  14     0.0000001668939   -0.4369453148817         3.23
  15     0.0000000661852   -0.4369453065275         3.20
 MICROCYCLE DIIS UPDATE:                   16
  16     0.0000000119120   -0.4369453102876         3.20
  17     0.0000000042245   -0.4369453093276         3.21
------------------------------------------------------------------
 Iterations converged
 CCSD correlation energy / hartree =        -0.436945309327614
 CCSD total energy / hartree       =      -109.413794774694750

Time taken for Closed Shell Cholesky CCSD: 55.62 secs

Threshold for printing amplitudes set to: 0.05
T1, T2 amplitudes written to files: N2_1.0.cc-pvqz_files/restricted/N2_1.0.cc-pvqz.print_t1amp.txt, N2_1.0.cc-pvqz_files/restricted/N2_1.0.cc-pvqz.print_t2amp.txt


DUCC: Time taken to compute Bare Hamiltonian: 0.00 secs

DUCC: Time taken to compute Single Commutator: 0.13 secs

DUCC: Time taken to compute Double Commutator: 26.61 secs

DUCC: Time taken to compute Triple Commutator: 4.04 secs

DUCC: Total Compute Time: 30.79 secs

Number of active orbitals = 10


DUCC: Time to write results: 0.01 secs
