
date: Tue Dec 19 12:56:32 2023
program: "/hpc/home/baum612/code/exachem-dev/build/methods_stage/hpc/home/baum612/code/tamm_install/methods/ExaChem"
input: /hpc/home/baum612/code/exachem-dev/inputs/N2/N2_2.8.json
nnodes: 1, nproc: 2
prefix: N2_2.8

Memory information
{
 CPU memory per node (GiB): 4534
 Total CPU memory (GiB): 4534
}


Input file provided
--------------------
{
  "geometry": {
    "coordinates": [
      "N  0.000000  0.000000  2.800000",
      "N  0.000000  0.000000  0.000000"
    ],
    "units": "angstrom"
  },
  "basis": {
    "basisset": "cc-pVQZ",
    "atom_basis": null
  },
  "SCF": {
    "conve": 1e-09,
    "convd": 1e-08,
    "tilesize": 30,
    "restart": false
  },
  "CD": {
    "diagtol": 1e-06
  },
  "CC": {
    "threshold": 1e-08,
    "ccsd_maxiter": 150,
    "lshift": 0.1,
    "nactive": 3,
    "freeze": {
      "core": 0
    },
    "PRINT": {
      "tamplitudes": [
        true,
        0.05
      ]
    }
  },
  "TASK": {
    "scf": false,
    "mp2": false,
    "cd_2e": false,
    "ccsd": false,
    "ccsd_t": false,
    "ducc": true
  }
}

Number of nodes, processes per node used for SCF calculation: 1, 2

SCF Options
{
 charge       = 0
 multiplicity = 1
 level shift  = 0
 tol_int      = 1e-22
 tol_sch      = 1e-10
 tol_lindep   = 1e-05
 conve        = 1e-09
 convd        = 1e-08
 diis_hist    = 10
 AO_tilesize  = 30
 writem       = 1
 damp         = 100
 scf_type     = restricted
 restart_size = 2000
 restart      = false
 debug        = false
}
**** Resetting tol_sch to 1e-11

Number of basis functions = 110

Total number of shells = 30

Total number of electrons = 14
  # of alpha electrons    = 7
  # of beta electons      = 7

Nuclear repulsion energy  = 9.26060186089665

# of {all,non-negligible} shell-pairs = {465,450}
Number of AO tiles = 30

Time for initial setup: 0.02 secs

Time for computing 1-e integrals T, V, S: 0.00 secs
Time for computing orthogonalizer: 0.00 secs

Superposition of Atomic Density Guess ...
Time taken for SAD: 0.23 secs
Total Time to compute initial guess: 0.30 secs


 SCF iterations
-----------------------------------------------------------------
 Iter     Energy            E-Diff       RMSD          Time(s)
-----------------------------------------------------------------
   1  -108.0737890972    -1.08e+02     8.69e-04         0.3 
   2  -108.0769969552    -3.21e-03     2.82e-04         0.3 
   3  -108.0774677696    -4.71e-04     1.75e-04         0.3 
   4  -108.0775557348    -8.80e-05     1.11e-05         0.3 
   5  -108.0775561419    -4.07e-07     9.46e-07         0.3 
   6  -108.0775561490    -7.06e-09     5.00e-07         0.3 
   7  -108.0775561495    -5.34e-10     1.08e-07         0.3 
   8  -108.0775561495     2.18e-11     3.48e-08         0.3 
   9  -108.0775561495    -3.88e-11     5.98e-09         0.3 

** Total SCF energy = -108.0775561495276

Nuclear repulsion energy = 9.260601860896651
#electrons        = 14.000000000000018
1e energy kinetic = 107.4781299897074263
1e energy N-e     = -272.3950358615300047
1e energy         = -164.9169058718225074
2e energy         = 47.5787480142910937
writing orbitals and density to disk ... done.

Time taken for Hartree-Fock: 3.25 secs

CCSD Options
{
 cache_size           = 8
 ccsdt_tilesize       = 32
 ndiis                = 5
 threshold            = 1e-08
 tilesize             = 40
 nactive              = 3
 ccsd_maxiter         = 150
 freeze_atomic         = false
 freeze_core          = 0
 freeze_virtual       = 0
 lshift               = 0.1
 readt                = false
 writet               = false
 writev               = false
 writet_iter          = 5
 profile_ccsd         = false
 balance_tiles        = true
 eom_nroots           = 1
 eom_microiter        = 50
 eom_threshold        = 1e-06
 debug                = false
}

#occupied, #virtual = 14, 206

Resetting CCSD tilesize to: 50

CD Options
{
 debug            = false
 write_cv         = false
 diagtol          = 1e-06
 write_vcount     = 5000
 itilesize        = 1000
 max_cvecs_factor = 12
}

-----------------------------------------------------
Begin 2-index transformation ... 

nAO, nMO, nelectrons = 110, 220, 14
n_occ_alpha, n_vir_alpha, n_occ_beta, n_vir_beta = 7,103,7,103

Time taken for Fao->Fmo transform: 0.00 secs

-----------------------------------------------------
Number of AO tiles = 30
# of {all,non-negligible} shell-pairs = {465,450}

    Begin Cholesky Decomposition
---------------------------------------------
- CPU memory required for computing cholesky vectors: 0.12 GiB

- Time for computing the diagonal: 0.01 secs

- Total number of cholesky vectors = 774

- Time to compute cholesky vectors: 13.97 secs

- CPU memory required for resizing the ao cholesky tensor: 0.19 GiB
- CPU memory required for ao2mo transformation: 0.21 GiB
- CPU memory required for the 2-step contraction: 0.28 GiB

- Time for ao to mo transform: 0.87 secs

    End Cholesky Decomposition
---------------------------------------------

Total Time taken for Cholesky Decomposition: 14.98 secs

----------------------------
scf_type = restricted
Closed-Shell SCF
nbf = 110
nbf_orig = 110
n_lindep = 0
focc = 1
nmo = 220
nocc = 14
nvir = 206
n_occ_alpha = 7
n_vir_alpha = 103
n_occ_beta = 7
n_vir_beta = 103
nelectrons = 14
nelectrons_alpha = 7
nelectrons_beta = 7
n_frozen_core = 0
n_frozen_virtual = 0
----------------------------

Total CPU memory required for Closed Shell Cholesky CCSD calculation: 0.49 GiB


 CCSD iterations
------------------------------------------------------------
  Iter     Residuum          Correlation          Time(s)
------------------------------------------------------------
   1     1.0413496409274    0.0000000000000         3.66
   2     0.5442821533691   -1.3104060167908         3.22
   3     1.1032440409116    0.2591854167725         3.26
   4     1.6901460945450   -2.8218573132613         3.37
   5     2.7513748448781    1.6647891291494         3.35
 MICROCYCLE DIIS UPDATE:                    6
   6     0.1373152334071   -0.8546175160979         3.27
   7     0.2923727177923   -0.4676244248527         3.25
   8     0.4737381434480   -1.2474354001697         3.24
   9     0.9079860368302    0.0544391947190         3.28
  10     1.4932803321754   -2.4118902266221         3.24
 MICROCYCLE DIIS UPDATE:                   11
  11     0.0430573108293   -0.7864306547386         3.23
  12     0.1140354224966   -0.6728296387930         3.23
  13     0.1479969854770   -0.9351930611559         3.23
  14     0.3146416666564   -0.5254713417042         3.24
  15     0.5120252062870   -1.3097722767510         3.41
 MICROCYCLE DIIS UPDATE:                   16
  16     0.0311291129593   -0.8064673554757         3.29
  17     0.0862130545129   -0.7447951845930         3.28
  18     0.0892961555038   -0.9181407105133         3.73
  19     0.2024948915434   -0.6793188937756         4.23
  20     0.2963458443691   -1.1442558462435         4.11
 MICROCYCLE DIIS UPDATE:                   21
  21     0.0256993270442   -0.8606065463094         4.25
  22     0.0736506159605   -0.8202398162168         4.08
  23     0.0664782180500   -0.9570121502111         4.23
  24     0.1443604286935   -0.7940864869708         4.20
  25     0.1906628284472   -1.1006767188803         4.03
 MICROCYCLE DIIS UPDATE:                   26
  26     0.0153853690721   -0.9411700757093         4.25
  27     0.0383083511393   -0.9254856402358         4.20
  28     0.0313982941049   -0.9924580111382         4.03
  29     0.0578884180183   -0.9255428895236         4.14
  30     0.0678771406428   -1.0388389091365         4.22
 MICROCYCLE DIIS UPDATE:                   31
  31     0.0027346070705   -0.9946213802206         4.22
  32     0.0020130996625   -0.9970485258691         4.03
  33     0.0027884409439   -0.9933702298956         4.22
  34     0.0033505209877   -0.9987879606616         4.26
  35     0.0044999688846   -0.9921498541100         4.21
 MICROCYCLE DIIS UPDATE:                   36
  36     0.0001257777321   -0.9960236840087         3.34
  37     0.0001522474313   -0.9959689065064         3.11
  38     0.0001308370738   -0.9962204651553         3.12
  39     0.0002072844220   -0.9959698335448         3.12
  40     0.0002362392657   -0.9963596351426         3.12
 MICROCYCLE DIIS UPDATE:                   41
  41     0.0000095691570   -0.9961869595655         3.11
  42     0.0000075201508   -0.9961830082261         3.11
  43     0.0000054099323   -0.9961939069904         3.12
  44     0.0000082051869   -0.9961839927057         3.12
  45     0.0000087939381   -0.9961989105531         3.12
 MICROCYCLE DIIS UPDATE:                   46
  46     0.0000004403909   -0.9961926496454         3.12
  47     0.0000003301574   -0.9961925813426         3.12
  48     0.0000002252064   -0.9961928211937         3.14
  49     0.0000001875578   -0.9961928327900         3.19
  50     0.0000001625102   -0.9961928170757         3.19
 MICROCYCLE DIIS UPDATE:                   51
  51     0.0000000376411   -0.9961929339272         3.19
  52     0.0000000393751   -0.9961929332031         3.19
  53     0.0000000815553   -0.9961929330635         3.19
  54     0.0000002108424   -0.9961929511298         3.21
  55     0.0000005555766   -0.9961929251567         3.20
 MICROCYCLE DIIS UPDATE:                   56
  56     0.0000000049652   -0.9961929447773         3.19
------------------------------------------------------------------
 Iterations converged
 CCSD correlation energy / hartree =        -0.996192944777307
 CCSD total energy / hartree       =      -109.073749094304887

Time taken for Closed Shell Cholesky CCSD: 197.62 secs

Threshold for printing amplitudes set to: 0.05
T1, T2 amplitudes written to files: N2_2.8.cc-pvqz_files/restricted/N2_2.8.cc-pvqz.print_t1amp.txt, N2_2.8.cc-pvqz_files/restricted/N2_2.8.cc-pvqz.print_t2amp.txt


DUCC: Time taken to compute Bare Hamiltonian: 0.00 secs

DUCC: Time taken to compute Single Commutator: 0.13 secs

DUCC: Time taken to compute Double Commutator: 26.17 secs

DUCC: Time taken to compute Triple Commutator: 4.01 secs

DUCC: Total Compute Time: 30.31 secs

Number of active orbitals = 10


DUCC: Time to write results: 0.01 secs
