
date: Tue Dec 19 12:24:24 2023
program: "/hpc/home/baum612/code/exachem-dev/build/methods_stage/hpc/home/baum612/code/tamm_install/methods/ExaChem"
input: /hpc/home/baum612/code/exachem-dev/inputs/N2/N2_2.1.json
nnodes: 1, nproc: 2
prefix: N2_2.1

Memory information
{
 CPU memory per node (GiB): 4534
 Total CPU memory (GiB): 4534
}


Input file provided
--------------------
{
  "geometry": {
    "coordinates": [
      "N  0.000000  0.000000  2.100000",
      "N  0.000000  0.000000  0.000000"
    ],
    "units": "angstrom"
  },
  "basis": {
    "basisset": "cc-pVQZ",
    "atom_basis": null
  },
  "SCF": {
    "conve": 1e-09,
    "convd": 1e-08,
    "tilesize": 30,
    "restart": false
  },
  "CD": {
    "diagtol": 1e-06
  },
  "CC": {
    "threshold": 1e-08,
    "ccsd_maxiter": 150,
    "lshift": 0.1,
    "nactive": 3,
    "freeze": {
      "core": 0
    },
    "PRINT": {
      "tamplitudes": [
        true,
        0.05
      ]
    }
  },
  "TASK": {
    "scf": false,
    "mp2": false,
    "cd_2e": false,
    "ccsd": false,
    "ccsd_t": false,
    "ducc": true
  }
}

Number of nodes, processes per node used for SCF calculation: 1, 2

SCF Options
{
 charge       = 0
 multiplicity = 1
 level shift  = 0
 tol_int      = 1e-22
 tol_sch      = 1e-10
 tol_lindep   = 1e-05
 conve        = 1e-09
 convd        = 1e-08
 diis_hist    = 10
 AO_tilesize  = 30
 writem       = 1
 damp         = 100
 scf_type     = restricted
 restart_size = 2000
 restart      = false
 debug        = false
}
**** Resetting tol_sch to 1e-11

Number of basis functions = 110

Total number of shells = 30

Total number of electrons = 14
  # of alpha electrons    = 7
  # of beta electons      = 7

Nuclear repulsion energy  = 12.3474691478622

# of {all,non-negligible} shell-pairs = {465,465}
Number of AO tiles = 30

Time for initial setup: 0.02 secs

Time for computing 1-e integrals T, V, S: 0.00 secs
Time for computing orthogonalizer: 0.00 secs

Superposition of Atomic Density Guess ...
Time taken for SAD: 0.22 secs
Total Time to compute initial guess: 0.31 secs


 SCF iterations
-----------------------------------------------------------------
 Iter     Energy            E-Diff       RMSD          Time(s)
-----------------------------------------------------------------
   1  -108.3075752493    -1.08e+02     1.05e-03         0.4 
   2  -108.3137102822    -6.14e-03     3.19e-04         0.4 
   3  -108.3145387245    -8.28e-04     1.82e-04         0.4 
   4  -108.3146860496    -1.47e-04     1.19e-05         0.4 
   5  -108.3146866392    -5.90e-07     1.88e-06         0.4 
   6  -108.3146866559    -1.68e-08     4.38e-07         0.4 
   7  -108.3146866564    -4.37e-10     1.23e-07         0.4 
   8  -108.3146866564    -1.77e-11     1.06e-08         0.4 
   9  -108.3146866564    -9.95e-14     9.84e-10         0.4 

** Total SCF energy = -108.3146866563833

Nuclear repulsion energy = 12.347469147862199
#electrons        = 14.000000000000005
1e energy kinetic = 107.3219788510843955
1e energy N-e     = -278.5627727266466991
1e energy         = -171.2407938755623604
2e energy         = 50.5786380672015170
writing orbitals and density to disk ... done.

Time taken for Hartree-Fock: 4.11 secs

CCSD Options
{
 cache_size           = 8
 ccsdt_tilesize       = 32
 ndiis                = 5
 threshold            = 1e-08
 tilesize             = 40
 nactive              = 3
 ccsd_maxiter         = 150
 freeze_atomic         = false
 freeze_core          = 0
 freeze_virtual       = 0
 lshift               = 0.1
 readt                = false
 writet               = false
 writev               = false
 writet_iter          = 5
 profile_ccsd         = false
 balance_tiles        = true
 eom_nroots           = 1
 eom_microiter        = 50
 eom_threshold        = 1e-06
 debug                = false
}

#occupied, #virtual = 14, 206

Resetting CCSD tilesize to: 50

CD Options
{
 debug            = false
 write_cv         = false
 diagtol          = 1e-06
 write_vcount     = 5000
 itilesize        = 1000
 max_cvecs_factor = 12
}

-----------------------------------------------------
Begin 2-index transformation ... 

nAO, nMO, nelectrons = 110, 220, 14
n_occ_alpha, n_vir_alpha, n_occ_beta, n_vir_beta = 7,103,7,103

Time taken for Fao->Fmo transform: 0.00 secs

-----------------------------------------------------
Number of AO tiles = 30
# of {all,non-negligible} shell-pairs = {465,465}

    Begin Cholesky Decomposition
---------------------------------------------
- CPU memory required for computing cholesky vectors: 0.12 GiB

- Time for computing the diagonal: 0.01 secs

- Total number of cholesky vectors = 795

- Time to compute cholesky vectors: 15.47 secs

- CPU memory required for resizing the ao cholesky tensor: 0.19 GiB
- CPU memory required for ao2mo transformation: 0.22 GiB
- CPU memory required for the 2-step contraction: 0.29 GiB

- Time for ao to mo transform: 0.94 secs

    End Cholesky Decomposition
---------------------------------------------

Total Time taken for Cholesky Decomposition: 16.55 secs

----------------------------
scf_type = restricted
Closed-Shell SCF
nbf = 110
nbf_orig = 110
n_lindep = 0
focc = 1
nmo = 220
nocc = 14
nvir = 206
n_occ_alpha = 7
n_vir_alpha = 103
n_occ_beta = 7
n_vir_beta = 103
nelectrons = 14
nelectrons_alpha = 7
nelectrons_beta = 7
n_frozen_core = 0
n_frozen_virtual = 0
----------------------------

Total CPU memory required for Closed Shell Cholesky CCSD calculation: 0.50 GiB


 CCSD iterations
------------------------------------------------------------
  Iter     Residuum          Correlation          Time(s)
------------------------------------------------------------
   1     1.0304219768966    0.0000000000000         3.74
   2     0.2993487501086   -0.8763377954271         3.42
   3     0.3329742535197   -0.3644905487917         3.63
   4     0.3190079979330   -0.9348300859249         3.50
   5     0.3519602720785   -0.3684815495443         3.53
 MICROCYCLE DIIS UPDATE:                    6
   6     0.0268201698664   -0.6637425857995         3.60
   7     0.0324831596873   -0.6392687547251         3.57
   8     0.0210908687290   -0.6759440180769         3.57
   9     0.0300860020633   -0.6480255397924         3.53
  10     0.0200309785038   -0.6868959862432         3.64
 MICROCYCLE DIIS UPDATE:                   11
  11     0.0070539613869   -0.6928495257097         3.57
  12     0.0035531568520   -0.6970547263701         3.55
  13     0.0048002915119   -0.6938248262937         3.51
  14     0.0027344544094   -0.6988092742937         3.61
  15     0.0042535198787   -0.6952166109853         3.52
 MICROCYCLE DIIS UPDATE:                   16
  16     0.0013972572938   -0.7000812471037         3.56
  17     0.0017216483288   -0.6993711345726         3.48
  18     0.0009786421282   -0.7010878491389         3.50
  19     0.0014481651497   -0.7001132157611         3.52
  20     0.0008443580896   -0.7017748783084         3.48
 MICROCYCLE DIIS UPDATE:                   21
  21     0.0002061134946   -0.7027039574189         3.53
  22     0.0001749155718   -0.7026206675058         3.48
  23     0.0001002449392   -0.7027589580377         3.50
  24     0.0001375146415   -0.7026671049824         3.30
  25     0.0000788391234   -0.7028112092272         3.22
 MICROCYCLE DIIS UPDATE:                   26
  26     0.0000435250893   -0.7028487087764         3.21
  27     0.0000491402095   -0.7028307080592         3.22
  28     0.0000279586658   -0.7028784421426         3.18
  29     0.0000406276082   -0.7028522887361         3.17
  30     0.0000234589360   -0.7028982108067         3.18
 MICROCYCLE DIIS UPDATE:                   31
  31     0.0000086738613   -0.7029208063207         3.17
  32     0.0000072925022   -0.7029182095555         3.16
  33     0.0000044454352   -0.7029230688401         3.16
  34     0.0000055108952   -0.7029204378427         3.20
  35     0.0000031943976   -0.7029253874907         3.20
 MICROCYCLE DIIS UPDATE:                   36
  36     0.0000011903489   -0.7029300551122         3.22
  37     0.0000012250341   -0.7029294005558         3.20
  38     0.0000006709946   -0.7029307378463         3.17
  39     0.0000010432212   -0.7029298576350         3.18
  40     0.0000006437353   -0.7029311670353         3.20
 MICROCYCLE DIIS UPDATE:                   41
  41     0.0000001965835   -0.7029314282864         3.45
  42     0.0000002013410   -0.7029313294909         3.51
  43     0.0000001160945   -0.7029315057976         3.17
  44     0.0000001673476   -0.7029313929025         3.42
  45     0.0000000960438   -0.7029315726082         3.83
 MICROCYCLE DIIS UPDATE:                   46
  46     0.0000000504473   -0.7029316306470         3.79
  47     0.0000000477891   -0.7029316192418         3.84
  48     0.0000000295897   -0.7029316607707         3.74
  49     0.0000000403605   -0.7029316419159         3.83
  50     0.0000000333518   -0.7029316805962         3.73
 MICROCYCLE DIIS UPDATE:                   51
  51     0.0000000120472   -0.7029316971626         3.87
  52     0.0000000117686   -0.7029316937092         3.95
  53     0.0000000077230   -0.7029317017936         4.31
------------------------------------------------------------------
 Iterations converged
 CCSD correlation energy / hartree =        -0.702931701793554
 CCSD total energy / hartree       =      -109.017618358176890

Time taken for Closed Shell Cholesky CCSD: 184.82 secs

Threshold for printing amplitudes set to: 0.05
T1, T2 amplitudes written to files: N2_2.1.cc-pvqz_files/restricted/N2_2.1.cc-pvqz.print_t1amp.txt, N2_2.1.cc-pvqz_files/restricted/N2_2.1.cc-pvqz.print_t2amp.txt


DUCC: Time taken to compute Bare Hamiltonian: 0.00 secs

DUCC: Time taken to compute Single Commutator: 0.16 secs

DUCC: Time taken to compute Double Commutator: 31.27 secs

DUCC: Time taken to compute Triple Commutator: 5.05 secs

DUCC: Total Compute Time: 36.49 secs

Number of active orbitals = 10


DUCC: Time to write results: 0.01 secs
