
date: Tue Dec 19 12:52:16 2023
program: "/hpc/home/baum612/code/exachem-dev/build/methods_stage/hpc/home/baum612/code/tamm_install/methods/ExaChem"
input: /hpc/home/baum612/code/exachem-dev/inputs/N2/N2_2.7.json
nnodes: 1, nproc: 2
prefix: N2_2.7

Memory information
{
 CPU memory per node (GiB): 4534
 Total CPU memory (GiB): 4534
}


Input file provided
--------------------
{
  "geometry": {
    "coordinates": [
      "N  0.000000  0.000000  2.700000",
      "N  0.000000  0.000000  0.000000"
    ],
    "units": "angstrom"
  },
  "basis": {
    "basisset": "cc-pVQZ",
    "atom_basis": null
  },
  "SCF": {
    "conve": 1e-09,
    "convd": 1e-08,
    "tilesize": 30,
    "restart": false
  },
  "CD": {
    "diagtol": 1e-06
  },
  "CC": {
    "threshold": 1e-08,
    "ccsd_maxiter": 150,
    "lshift": 0.1,
    "nactive": 3,
    "freeze": {
      "core": 0
    },
    "PRINT": {
      "tamplitudes": [
        true,
        0.05
      ]
    }
  },
  "TASK": {
    "scf": false,
    "mp2": false,
    "cd_2e": false,
    "ccsd": false,
    "ccsd_t": false,
    "ducc": true
  }
}

Number of nodes, processes per node used for SCF calculation: 1, 2

SCF Options
{
 charge       = 0
 multiplicity = 1
 level shift  = 0
 tol_int      = 1e-22
 tol_sch      = 1e-10
 tol_lindep   = 1e-05
 conve        = 1e-09
 convd        = 1e-08
 diis_hist    = 10
 AO_tilesize  = 30
 writem       = 1
 damp         = 100
 scf_type     = restricted
 restart_size = 2000
 restart      = false
 debug        = false
}
**** Resetting tol_sch to 1e-11

Number of basis functions = 110

Total number of shells = 30

Total number of electrons = 14
  # of alpha electrons    = 7
  # of beta electons      = 7

Nuclear repulsion energy  = 9.60358711500393

# of {all,non-negligible} shell-pairs = {465,452}
Number of AO tiles = 30

Time for initial setup: 0.02 secs

Time for computing 1-e integrals T, V, S: 0.00 secs
Time for computing orthogonalizer: 0.00 secs

Superposition of Atomic Density Guess ...
Time taken for SAD: 0.20 secs
Total Time to compute initial guess: 0.28 secs


 SCF iterations
-----------------------------------------------------------------
 Iter     Energy            E-Diff       RMSD          Time(s)
-----------------------------------------------------------------
   1  -108.0974338427    -1.08e+02     8.95e-04         0.3 
   2  -108.1009494743    -3.52e-03     2.83e-04         0.3 
   3  -108.1014594360    -5.10e-04     1.77e-04         0.3 
   4  -108.1015552503    -9.58e-05     1.11e-05         0.3 
   5  -108.1015556727    -4.22e-07     1.05e-06         0.3 
   6  -108.1015556809    -8.21e-09     4.77e-07         0.3 
   7  -108.1015556814    -4.83e-10     1.04e-07         0.3 
   8  -108.1015556814    -1.31e-11     1.19e-08         0.3 
   9  -108.1015556814    -4.41e-13     7.90e-09         0.4 

** Total SCF energy = -108.1015556813928

Nuclear repulsion energy = 9.603587115003934
#electrons        = 14.000000000000004
1e energy kinetic = 107.4551008640115128
1e energy N-e     = -273.0672237724086244
1e energy         = -165.6121229083970547
2e energy         = 47.9069802329816383
writing orbitals and density to disk ... done.

Time taken for Hartree-Fock: 3.46 secs

CCSD Options
{
 cache_size           = 8
 ccsdt_tilesize       = 32
 ndiis                = 5
 threshold            = 1e-08
 tilesize             = 40
 nactive              = 3
 ccsd_maxiter         = 150
 freeze_atomic         = false
 freeze_core          = 0
 freeze_virtual       = 0
 lshift               = 0.1
 readt                = false
 writet               = false
 writev               = false
 writet_iter          = 5
 profile_ccsd         = false
 balance_tiles        = true
 eom_nroots           = 1
 eom_microiter        = 50
 eom_threshold        = 1e-06
 debug                = false
}

#occupied, #virtual = 14, 206

Resetting CCSD tilesize to: 50

CD Options
{
 debug            = false
 write_cv         = false
 diagtol          = 1e-06
 write_vcount     = 5000
 itilesize        = 1000
 max_cvecs_factor = 12
}

-----------------------------------------------------
Begin 2-index transformation ... 

nAO, nMO, nelectrons = 110, 220, 14
n_occ_alpha, n_vir_alpha, n_occ_beta, n_vir_beta = 7,103,7,103

Time taken for Fao->Fmo transform: 0.00 secs

-----------------------------------------------------
Number of AO tiles = 30
# of {all,non-negligible} shell-pairs = {465,452}

    Begin Cholesky Decomposition
---------------------------------------------
- CPU memory required for computing cholesky vectors: 0.12 GiB

- Time for computing the diagonal: 0.01 secs

- Total number of cholesky vectors = 778

- Time to compute cholesky vectors: 14.19 secs

- CPU memory required for resizing the ao cholesky tensor: 0.19 GiB
- CPU memory required for ao2mo transformation: 0.21 GiB
- CPU memory required for the 2-step contraction: 0.28 GiB

- Time for ao to mo transform: 0.88 secs

    End Cholesky Decomposition
---------------------------------------------

Total Time taken for Cholesky Decomposition: 15.21 secs

----------------------------
scf_type = restricted
Closed-Shell SCF
nbf = 110
nbf_orig = 110
n_lindep = 0
focc = 1
nmo = 220
nocc = 14
nvir = 206
n_occ_alpha = 7
n_vir_alpha = 103
n_occ_beta = 7
n_vir_beta = 103
nelectrons = 14
nelectrons_alpha = 7
nelectrons_beta = 7
n_frozen_core = 0
n_frozen_virtual = 0
----------------------------

Total CPU memory required for Closed Shell Cholesky CCSD calculation: 0.50 GiB


 CCSD iterations
------------------------------------------------------------
  Iter     Residuum          Correlation          Time(s)
------------------------------------------------------------
   1     1.0396662839193    0.0000000000000         3.62
   2     0.5085391251093   -1.2481400324867         3.16
   3     0.9598469960812    0.1403998233352         3.16
   4     1.4221057703133   -2.4011543285053         3.19
   5     2.2880174879211    1.2505109971290         3.38
 MICROCYCLE DIIS UPDATE:                    6
   6     0.1182410982353   -0.8333229615615         3.50
   7     0.2372585669867   -0.5217752366566         3.49
   8     0.3563855199922   -1.1119509110330         3.47
   9     0.6489182386193   -0.1817778004993         3.57
  10     1.0391961876472   -1.8258833269293         3.50
 MICROCYCLE DIIS UPDATE:                   11
  11     0.0398508210573   -0.7840153851792         3.21
  12     0.1005777667578   -0.6855532509059         3.19
  13     0.1189856598856   -0.9008862585878         3.16
  14     0.2419450128869   -0.5897690495537         3.20
  15     0.3592699431162   -1.1522354473025         3.16
 MICROCYCLE DIIS UPDATE:                   16
  16     0.0267648310168   -0.8134094303547         3.15
  17     0.0678733890217   -0.7711282965784         3.16
  18     0.0592402322064   -0.8931415804317         3.15
  19     0.1316778648013   -0.7468923204205         3.18
  20     0.1660273989587   -1.0220721633106         3.38
 MICROCYCLE DIIS UPDATE:                   21
  21     0.0182771250290   -0.8957494302080         3.41
  22     0.0374603557994   -0.8819244200504         3.27
  23     0.0261151247294   -0.9414609246439         3.16
  24     0.0531845305716   -0.8872728017380         3.18
  25     0.0563376010874   -0.9869637907468         3.27
 MICROCYCLE DIIS UPDATE:                   26
  26     0.0038559103111   -0.9665958412203         3.30
  27     0.0069520975576   -0.9732452610152         3.25
  28     0.0075976457837   -0.9600132864470         3.24
  29     0.0105370755748   -0.9749829365997         3.23
  30     0.0125468666907   -0.9551024091172         3.19
 MICROCYCLE DIIS UPDATE:                   31
  31     0.0003264750670   -0.9655404969890         3.24
  32     0.0006563969545   -0.9658826476155         3.17
  33     0.0004856786619   -0.9648057079767         3.17
  34     0.0007913898274   -0.9657428399187         3.91
  35     0.0008241427804   -0.9643094269282         4.10
 MICROCYCLE DIIS UPDATE:                   36
  36     0.0000328173581   -0.9647885892020         4.25
  37     0.0000167438242   -0.9647878787682         4.14
  38     0.0000098431215   -0.9647891552679         4.23
  39     0.0000051972888   -0.9647858107615         4.21
  40     0.0000039552347   -0.9647877414663         4.05
 MICROCYCLE DIIS UPDATE:                   41
  41     0.0000013241469   -0.9647857102132         4.18
  42     0.0000007439644   -0.9647853276446         4.20
  43     0.0000005822849   -0.9647853488759         4.09
  44     0.0000003774639   -0.9647847754922         4.15
  45     0.0000004900532   -0.9647852091774         4.24
 MICROCYCLE DIIS UPDATE:                   46
  46     0.0000000954170   -0.9647846647459         4.22
  47     0.0000000576408   -0.9647846740007         4.08
  48     0.0000000517426   -0.9647846339569         4.24
  49     0.0000001123948   -0.9647846596428         4.22
  50     0.0000002716640   -0.9647846099153         4.16
 MICROCYCLE DIIS UPDATE:                   51
  51     0.0000000070926   -0.9647846280709         4.19
------------------------------------------------------------------
 Iterations converged
 CCSD correlation energy / hartree =        -0.964784628070910
 CCSD total energy / hartree       =      -109.066340309463726

Time taken for Closed Shell Cholesky CCSD: 183.46 secs

Threshold for printing amplitudes set to: 0.05
T1, T2 amplitudes written to files: N2_2.7.cc-pvqz_files/restricted/N2_2.7.cc-pvqz.print_t1amp.txt, N2_2.7.cc-pvqz_files/restricted/N2_2.7.cc-pvqz.print_t2amp.txt


DUCC: Time taken to compute Bare Hamiltonian: 0.00 secs

DUCC: Time taken to compute Single Commutator: 0.16 secs

DUCC: Time taken to compute Double Commutator: 26.09 secs

DUCC: Time taken to compute Triple Commutator: 3.99 secs

DUCC: Total Compute Time: 30.25 secs

Number of active orbitals = 10


DUCC: Time to write results: 0.01 secs
