
date: Tue Dec 19 12:20:31 2023
program: "/hpc/home/baum612/code/exachem-dev/build/methods_stage/hpc/home/baum612/code/tamm_install/methods/ExaChem"
input: /hpc/home/baum612/code/exachem-dev/inputs/N2/N2_2.0.json
nnodes: 1, nproc: 2
prefix: N2_2.0

Memory information
{
 CPU memory per node (GiB): 4534
 Total CPU memory (GiB): 4534
}


Input file provided
--------------------
{
  "geometry": {
    "coordinates": [
      "N  0.000000  0.000000  2.000000",
      "N  0.000000  0.000000  0.000000"
    ],
    "units": "angstrom"
  },
  "basis": {
    "basisset": "cc-pVQZ",
    "atom_basis": null
  },
  "SCF": {
    "conve": 1e-09,
    "convd": 1e-08,
    "tilesize": 30,
    "restart": false
  },
  "CD": {
    "diagtol": 1e-06
  },
  "CC": {
    "threshold": 1e-08,
    "ccsd_maxiter": 50,
    "nactive": 3,
    "freeze": {
      "core": 0
    },
    "PRINT": {
      "tamplitudes": [
        true,
        0.05
      ]
    }
  },
  "TASK": {
    "scf": false,
    "mp2": false,
    "cd_2e": false,
    "ccsd": false,
    "ccsd_t": false,
    "ducc": true
  }
}

Number of nodes, processes per node used for SCF calculation: 1, 2

SCF Options
{
 charge       = 0
 multiplicity = 1
 level shift  = 0
 tol_int      = 1e-22
 tol_sch      = 1e-10
 tol_lindep   = 1e-05
 conve        = 1e-09
 convd        = 1e-08
 diis_hist    = 10
 AO_tilesize  = 30
 writem       = 1
 damp         = 100
 scf_type     = restricted
 restart_size = 2000
 restart      = false
 debug        = false
}
**** Resetting tol_sch to 1e-11

Number of basis functions = 110

Total number of shells = 30

Total number of electrons = 14
  # of alpha electrons    = 7
  # of beta electons      = 7

Nuclear repulsion energy  = 12.9648426052553

# of {all,non-negligible} shell-pairs = {465,465}
Number of AO tiles = 30

Time for initial setup: 0.01 secs

Time for computing 1-e integrals T, V, S: 0.00 secs
Time for computing orthogonalizer: 0.00 secs

Superposition of Atomic Density Guess ...
Time taken for SAD: 0.17 secs
Total Time to compute initial guess: 0.26 secs


 SCF iterations
-----------------------------------------------------------------
 Iter     Energy            E-Diff       RMSD          Time(s)
-----------------------------------------------------------------
   1  -108.3578609717    -1.08e+02     1.07e-03         0.4 
   2  -108.3646253629    -6.76e-03     3.34e-04         0.4 
   3  -108.3655260545    -9.01e-04     1.85e-04         0.4 
   4  -108.3656839017    -1.58e-04     1.20e-05         0.4 
   5  -108.3656845165    -6.15e-07     2.04e-06         0.4 
   6  -108.3656845337    -1.72e-08     4.67e-07         0.4 
   7  -108.3656845342    -4.79e-10     1.34e-07         0.4 
   8  -108.3656845342    -2.11e-11     1.06e-08         0.4 
   9  -108.3656845342    -1.14e-13     7.74e-10         0.4 

** Total SCF energy = -108.3656845341999

Nuclear repulsion energy = 12.964842605255310
#electrons        = 14.000000000000004
1e energy kinetic = 107.3099068641641907
1e energy N-e     = -279.8281469348773385
1e energy         = -172.5182400707132615
2e energy         = 51.1877129267213888
writing orbitals and density to disk ... done.

Time taken for Hartree-Fock: 4.13 secs

CCSD Options
{
 cache_size           = 8
 ccsdt_tilesize       = 32
 ndiis                = 5
 threshold            = 1e-08
 tilesize             = 40
 nactive              = 3
 ccsd_maxiter         = 50
 freeze_atomic         = false
 freeze_core          = 0
 freeze_virtual       = 0
 readt                = false
 writet               = false
 writev               = false
 writet_iter          = 5
 profile_ccsd         = false
 balance_tiles        = true
 eom_nroots           = 1
 eom_microiter        = 50
 eom_threshold        = 1e-06
 debug                = false
}

#occupied, #virtual = 14, 206

Resetting CCSD tilesize to: 50

CD Options
{
 debug            = false
 write_cv         = false
 diagtol          = 1e-06
 write_vcount     = 5000
 itilesize        = 1000
 max_cvecs_factor = 12
}

-----------------------------------------------------
Begin 2-index transformation ... 

nAO, nMO, nelectrons = 110, 220, 14
n_occ_alpha, n_vir_alpha, n_occ_beta, n_vir_beta = 7,103,7,103

Time taken for Fao->Fmo transform: 0.00 secs

-----------------------------------------------------
Number of AO tiles = 30
# of {all,non-negligible} shell-pairs = {465,465}

    Begin Cholesky Decomposition
---------------------------------------------
- CPU memory required for computing cholesky vectors: 0.12 GiB

- Time for computing the diagonal: 0.01 secs

- Total number of cholesky vectors = 796

- Time to compute cholesky vectors: 15.21 secs

- CPU memory required for resizing the ao cholesky tensor: 0.19 GiB
- CPU memory required for ao2mo transformation: 0.22 GiB
- CPU memory required for the 2-step contraction: 0.29 GiB

- Time for ao to mo transform: 0.91 secs

    End Cholesky Decomposition
---------------------------------------------

Total Time taken for Cholesky Decomposition: 16.26 secs

----------------------------
scf_type = restricted
Closed-Shell SCF
nbf = 110
nbf_orig = 110
n_lindep = 0
focc = 1
nmo = 220
nocc = 14
nvir = 206
n_occ_alpha = 7
n_vir_alpha = 103
n_occ_beta = 7
n_vir_beta = 103
nelectrons = 14
nelectrons_alpha = 7
nelectrons_beta = 7
n_frozen_core = 0
n_frozen_virtual = 0
----------------------------

Total CPU memory required for Closed Shell Cholesky CCSD calculation: 0.50 GiB


 CCSD iterations
------------------------------------------------------------
  Iter     Residuum          Correlation          Time(s)
------------------------------------------------------------
   1     1.0295614257214    0.0000000000000         3.71
   2     0.3806227599711   -0.9583077178571         3.26
   3     0.5637137907038   -0.1619203619780         3.31
   4     0.7307624764789   -1.3297893507502         3.29
   5     1.0468641688087    0.1952040203607         3.39
 MICROCYCLE DIIS UPDATE:                    6
   6     0.0453417065522   -0.6674620735181         3.27
   7     0.0672659880974   -0.5874425853675         3.26
   8     0.0780077673263   -0.7140737924785         3.25
   9     0.1206988312173   -0.5498983526256         3.28
  10     0.1580565962165   -0.7897450373817         3.29
 MICROCYCLE DIIS UPDATE:                   11
  11     0.0059992738884   -0.6614064132062         3.27
  12     0.0079699261899   -0.6557662495659         3.27
  13     0.0062080353820   -0.6670448188874         3.37
  14     0.0110443422344   -0.6546444123164         3.33
  15     0.0122603313771   -0.6744598745937         3.25
 MICROCYCLE DIIS UPDATE:                   16
  16     0.0006386045476   -0.6674408746075         3.33
  17     0.0003356463237   -0.6675866303735         3.44
  18     0.0002103220418   -0.6676610340942         3.84
  19     0.0001266345745   -0.6677622893989         3.77
  20     0.0001186791484   -0.6677484858622         3.81
 MICROCYCLE DIIS UPDATE:                   21
  21     0.0000551806440   -0.6678613535138         3.66
  22     0.0000569864339   -0.6678410872334         3.23
  23     0.0000357484719   -0.6679022264117         3.24
  24     0.0000646928988   -0.6678443528020         3.31
  25     0.0000604235386   -0.6679487520875         3.24
 MICROCYCLE DIIS UPDATE:                   26
  26     0.0000072890349   -0.6679288733336         3.27
  27     0.0000042516727   -0.6679281253267         3.24
  28     0.0000024623958   -0.6679319457692         3.28
  29     0.0000034757325   -0.6679287525463         3.46
  30     0.0000034852639   -0.6679345821474         3.59
 MICROCYCLE DIIS UPDATE:                   31
  31     0.0000006285745   -0.6679323684350         3.52
  32     0.0000007645918   -0.6679319627301         3.58
  33     0.0000005257020   -0.6679328948398         3.58
  34     0.0000009459254   -0.6679319494639         3.56
  35     0.0000009566863   -0.6679335500853         3.55
 MICROCYCLE DIIS UPDATE:                   36
  36     0.0000000906975   -0.6679331194724         3.55
  37     0.0000000620225   -0.6679330926922         3.54
  38     0.0000000424970   -0.6679331698677         3.54
  39     0.0000000718658   -0.6679330918601         3.59
  40     0.0000000806292   -0.6679332208187         3.61
 MICROCYCLE DIIS UPDATE:                   41
  41     0.0000000102038   -0.6679331631992         3.63
  42     0.0000000140444   -0.6679331575454         3.59
  43     0.0000000194292   -0.6679331713409         3.50
  44     0.0000000429918   -0.6679331576080         3.49
  45     0.0000000937212   -0.6679331812274         3.46
 MICROCYCLE DIIS UPDATE:                   46
  46     0.0000000020192   -0.6679331745076         3.46
------------------------------------------------------------------
 Iterations converged
 CCSD correlation energy / hartree =        -0.667933174507597
 CCSD total energy / hartree       =      -109.033617708707524

Time taken for Closed Shell Cholesky CCSD: 158.78 secs

Threshold for printing amplitudes set to: 0.05
T1, T2 amplitudes written to files: N2_2.0.cc-pvqz_files/restricted/N2_2.0.cc-pvqz.print_t1amp.txt, N2_2.0.cc-pvqz_files/restricted/N2_2.0.cc-pvqz.print_t2amp.txt


DUCC: Time taken to compute Bare Hamiltonian: 0.00 secs

DUCC: Time taken to compute Single Commutator: 0.13 secs

DUCC: Time taken to compute Double Commutator: 26.29 secs

DUCC: Time taken to compute Triple Commutator: 3.98 secs

DUCC: Total Compute Time: 30.40 secs

Number of active orbitals = 10


DUCC: Time to write results: 0.01 secs
