
date: Tue Dec 19 12:44:25 2023
program: "/hpc/home/baum612/code/exachem-dev/build/methods_stage/hpc/home/baum612/code/tamm_install/methods/ExaChem"
input: /hpc/home/baum612/code/exachem-dev/inputs/N2/N2_2.5.json
nnodes: 1, nproc: 2
prefix: N2_2.5

Memory information
{
 CPU memory per node (GiB): 4534
 Total CPU memory (GiB): 4534
}


Input file provided
--------------------
{
  "geometry": {
    "coordinates": [
      "N  0.000000  0.000000  2.500000",
      "N  0.000000  0.000000  0.000000"
    ],
    "units": "angstrom"
  },
  "basis": {
    "basisset": "cc-pVQZ",
    "atom_basis": null
  },
  "SCF": {
    "conve": 1e-09,
    "convd": 1e-08,
    "tilesize": 30,
    "restart": false
  },
  "CD": {
    "diagtol": 1e-06
  },
  "CC": {
    "threshold": 1e-08,
    "ccsd_maxiter": 150,
    "lshift": 0.1,
    "nactive": 3,
    "freeze": {
      "core": 0
    },
    "PRINT": {
      "tamplitudes": [
        true,
        0.05
      ]
    }
  },
  "TASK": {
    "scf": false,
    "mp2": false,
    "cd_2e": false,
    "ccsd": false,
    "ccsd_t": false,
    "ducc": true
  }
}

Number of nodes, processes per node used for SCF calculation: 1, 2

SCF Options
{
 charge       = 0
 multiplicity = 1
 level shift  = 0
 tol_int      = 1e-22
 tol_sch      = 1e-10
 tol_lindep   = 1e-05
 conve        = 1e-09
 convd        = 1e-08
 diis_hist    = 10
 AO_tilesize  = 30
 writem       = 1
 damp         = 100
 scf_type     = restricted
 restart_size = 2000
 restart      = false
 debug        = false
}
**** Resetting tol_sch to 1e-11

Number of basis functions = 110

Total number of shells = 30

Total number of electrons = 14
  # of alpha electrons    = 7
  # of beta electons      = 7

Nuclear repulsion energy  = 10.3718740842042

# of {all,non-negligible} shell-pairs = {465,457}
Number of AO tiles = 30

Time for initial setup: 0.02 secs

Time for computing 1-e integrals T, V, S: 0.00 secs
Time for computing orthogonalizer: 0.00 secs

Superposition of Atomic Density Guess ...
Time taken for SAD: 0.22 secs
Total Time to compute initial guess: 0.30 secs


 SCF iterations
-----------------------------------------------------------------
 Iter     Energy            E-Diff       RMSD          Time(s)
-----------------------------------------------------------------
   1  -108.1529617184    -1.08e+02     9.47e-04         0.4 
   2  -108.1571834777    -4.22e-03     2.87e-04         0.4 
   3  -108.1577813341    -5.98e-04     1.78e-04         0.4 
   4  -108.1578931353    -1.12e-04     1.13e-05         0.4 
   5  -108.1578936021    -4.67e-07     1.32e-06         0.4 
   6  -108.1578936134    -1.13e-08     4.37e-07         0.4 
   7  -108.1578936138    -4.10e-10     1.02e-07         0.4 
   8  -108.1578936138    -1.19e-11     9.35e-09         0.4 

** Total SCF energy = -108.1578936138170

Nuclear repulsion energy = 10.371874084204249
#electrons        = 13.999999999999993
1e energy kinetic = 107.4072408094819480
1e energy N-e     = -274.5845664783027473
1e energy         = -167.1773256688206573
2e energy         = 48.6475580925471789
writing orbitals and density to disk ... done.

Time taken for Hartree-Fock: 3.27 secs

CCSD Options
{
 cache_size           = 8
 ccsdt_tilesize       = 32
 ndiis                = 5
 threshold            = 1e-08
 tilesize             = 40
 nactive              = 3
 ccsd_maxiter         = 150
 freeze_atomic         = false
 freeze_core          = 0
 freeze_virtual       = 0
 lshift               = 0.1
 readt                = false
 writet               = false
 writev               = false
 writet_iter          = 5
 profile_ccsd         = false
 balance_tiles        = true
 eom_nroots           = 1
 eom_microiter        = 50
 eom_threshold        = 1e-06
 debug                = false
}

#occupied, #virtual = 14, 206

Resetting CCSD tilesize to: 50

CD Options
{
 debug            = false
 write_cv         = false
 diagtol          = 1e-06
 write_vcount     = 5000
 itilesize        = 1000
 max_cvecs_factor = 12
}

-----------------------------------------------------
Begin 2-index transformation ... 

nAO, nMO, nelectrons = 110, 220, 14
n_occ_alpha, n_vir_alpha, n_occ_beta, n_vir_beta = 7,103,7,103

Time taken for Fao->Fmo transform: 0.00 secs

-----------------------------------------------------
Number of AO tiles = 30
# of {all,non-negligible} shell-pairs = {465,457}

    Begin Cholesky Decomposition
---------------------------------------------
- CPU memory required for computing cholesky vectors: 0.12 GiB

- Time for computing the diagonal: 0.01 secs

- Total number of cholesky vectors = 782

- Time to compute cholesky vectors: 14.31 secs

- CPU memory required for resizing the ao cholesky tensor: 0.19 GiB
- CPU memory required for ao2mo transformation: 0.21 GiB
- CPU memory required for the 2-step contraction: 0.28 GiB

- Time for ao to mo transform: 0.90 secs

    End Cholesky Decomposition
---------------------------------------------

Total Time taken for Cholesky Decomposition: 15.35 secs

----------------------------
scf_type = restricted
Closed-Shell SCF
nbf = 110
nbf_orig = 110
n_lindep = 0
focc = 1
nmo = 220
nocc = 14
nvir = 206
n_occ_alpha = 7
n_vir_alpha = 103
n_occ_beta = 7
n_vir_beta = 103
nelectrons = 14
nelectrons_alpha = 7
nelectrons_beta = 7
n_frozen_core = 0
n_frozen_virtual = 0
----------------------------

Total CPU memory required for Closed Shell Cholesky CCSD calculation: 0.50 GiB


 CCSD iterations
------------------------------------------------------------
  Iter     Residuum          Correlation          Time(s)
------------------------------------------------------------
   1     1.0362568231683    0.0000000000000         3.64
   2     0.4370231533361   -1.1230112100868         3.21
   3     0.7060256041834   -0.0697953569006         3.25
   4     0.9486073961188   -1.7280502828553         3.28
   5     1.4211499457994    0.4962175445331         3.24
 MICROCYCLE DIIS UPDATE:                    6
   6     0.0669027246924   -0.7591883498960         3.28
   7     0.1159728624981   -0.6197361361580         3.16
   8     0.1357500248125   -0.8610083933114         3.17
   9     0.2337707560220   -0.5372612114027         3.17
  10     0.3128376114978   -1.0462768742620         3.17
 MICROCYCLE DIIS UPDATE:                   11
  11     0.0223363072981   -0.7778647587628         3.17
  12     0.0412241690574   -0.7539754887714         3.16
  13     0.0286152977748   -0.8145785607656         3.18
  14     0.0606877774079   -0.7554865756540         3.17
  15     0.0577416526736   -0.8635714282443         3.16
 MICROCYCLE DIIS UPDATE:                   16
  16     0.0192228501960   -0.8860026535161         3.16
  17     0.0320072409060   -0.9229647154832         3.16
  18     0.0359047936645   -0.8649086994903         3.19
  19     0.0477403591649   -0.9328452092299         3.17
  20     0.0551418015563   -0.8464676411283         3.16
 MICROCYCLE DIIS UPDATE:                   21
  21     0.0016446634611   -0.8916811665616         3.16
  22     0.0029819628860   -0.8933966334822         3.15
  23     0.0020987456730   -0.8888617672268         3.19
  24     0.0036352916951   -0.8928538111846         3.19
  25     0.0034662895813   -0.8866436062079         3.16
 MICROCYCLE DIIS UPDATE:                   26
  26     0.0003324573423   -0.8882048768844         3.15
  27     0.0003459019496   -0.8883274910165         3.14
  28     0.0001972397459   -0.8879203360348         3.14
  29     0.0003254132198   -0.8882057350310         3.16
  30     0.0002610998776   -0.8876976204713         3.19
 MICROCYCLE DIIS UPDATE:                   31
  31     0.0000309484338   -0.8877390706886         3.16
  32     0.0000316678677   -0.8877480968506         3.15
  33     0.0000182366197   -0.8877073912884         3.15
  34     0.0000329665877   -0.8877360107063         3.15
  35     0.0000270104209   -0.8876828492478         3.15
 MICROCYCLE DIIS UPDATE:                   36
  36     0.0000056154053   -0.8876899988604         3.22
  37     0.0000056297771   -0.8876911422711         3.16
  38     0.0000029416920   -0.8876854511950         3.16
  39     0.0000044545629   -0.8876881862118         3.15
  40     0.0000028887247   -0.8876819351596         3.17
 MICROCYCLE DIIS UPDATE:                   41
  41     0.0000003150616   -0.8876800219397         3.17
  42     0.0000002508784   -0.8876801025218         3.16
  43     0.0000001538808   -0.8876797864760         3.19
  44     0.0000002612169   -0.8876800453118         3.16
  45     0.0000002487952   -0.8876796115041         3.15
 MICROCYCLE DIIS UPDATE:                   46
  46     0.0000000506108   -0.8876797739239         3.16
  47     0.0000000717563   -0.8876797885207         3.15
  48     0.0000001001968   -0.8876797141179         3.15
  49     0.0000002211156   -0.8876797627018         3.18
  50     0.0000004797391   -0.8876796680482         3.15
 MICROCYCLE DIIS UPDATE:                   51
  51     0.0000000086751   -0.8876796688006         3.22
------------------------------------------------------------------
 Iterations converged
 CCSD correlation energy / hartree =        -0.887679668800551
 CCSD total energy / hartree       =      -109.045573282617511

Time taken for Closed Shell Cholesky CCSD: 162.87 secs

Threshold for printing amplitudes set to: 0.05
T1, T2 amplitudes written to files: N2_2.5.cc-pvqz_files/restricted/N2_2.5.cc-pvqz.print_t1amp.txt, N2_2.5.cc-pvqz_files/restricted/N2_2.5.cc-pvqz.print_t2amp.txt


DUCC: Time taken to compute Bare Hamiltonian: 0.00 secs

DUCC: Time taken to compute Single Commutator: 0.13 secs

DUCC: Time taken to compute Double Commutator: 25.27 secs

DUCC: Time taken to compute Triple Commutator: 4.01 secs

DUCC: Total Compute Time: 29.42 secs

Number of active orbitals = 10


DUCC: Time to write results: 0.01 secs
