
date: Tue Dec 19 13:05:29 2023
program: "/hpc/home/baum612/code/exachem-dev/build/methods_stage/hpc/home/baum612/code/tamm_install/methods/ExaChem"
input: /hpc/home/baum612/code/exachem-dev/inputs/N2/N2_3.0.json
nnodes: 1, nproc: 2
prefix: N2_3.0

Memory information
{
 CPU memory per node (GiB): 4534
 Total CPU memory (GiB): 4534
}


Input file provided
--------------------
{
  "geometry": {
    "coordinates": [
      "N  0.000000  0.000000  3.000000",
      "N  0.000000  0.000000  0.000000"
    ],
    "units": "angstrom"
  },
  "basis": {
    "basisset": "cc-pVQZ",
    "atom_basis": null
  },
  "SCF": {
    "conve": 1e-09,
    "convd": 1e-08,
    "tilesize": 30,
    "restart": false
  },
  "CD": {
    "diagtol": 1e-06
  },
  "CC": {
    "threshold": 1e-08,
    "ccsd_maxiter": 150,
    "lshift": 0.1,
    "nactive": 3,
    "freeze": {
      "core": 0
    },
    "PRINT": {
      "tamplitudes": [
        true,
        0.05
      ]
    }
  },
  "TASK": {
    "scf": false,
    "mp2": false,
    "cd_2e": false,
    "ccsd": false,
    "ccsd_t": false,
    "ducc": true
  }
}

Number of nodes, processes per node used for SCF calculation: 1, 2

SCF Options
{
 charge       = 0
 multiplicity = 1
 level shift  = 0
 tol_int      = 1e-22
 tol_sch      = 1e-10
 tol_lindep   = 1e-05
 conve        = 1e-09
 convd        = 1e-08
 diis_hist    = 10
 AO_tilesize  = 30
 writem       = 1
 damp         = 100
 scf_type     = restricted
 restart_size = 2000
 restart      = false
 debug        = false
}
**** Resetting tol_sch to 1e-11

Number of basis functions = 110

Total number of shells = 30

Total number of electrons = 14
  # of alpha electrons    = 7
  # of beta electons      = 7

Nuclear repulsion energy  = 8.64322840350354

# of {all,non-negligible} shell-pairs = {465,445}
Number of AO tiles = 30

Time for initial setup: 0.01 secs

Time for computing 1-e integrals T, V, S: 0.00 secs
Time for computing orthogonalizer: 0.00 secs

Superposition of Atomic Density Guess ...
Time taken for SAD: 0.18 secs
Total Time to compute initial guess: 0.25 secs


 SCF iterations
-----------------------------------------------------------------
 Iter     Energy            E-Diff       RMSD          Time(s)
-----------------------------------------------------------------
   1  -108.0332357624    -1.08e+02     8.21e-04         0.3 
   2  -108.0359037916    -2.67e-03     2.84e-04         0.3 
   3  -108.0363038299    -4.00e-04     1.68e-04         0.3 
   4  -108.0363763265    -7.25e-05     1.11e-05         0.3 
   5  -108.0363767121    -3.86e-07     7.90e-07         0.3 
   6  -108.0363767176    -5.48e-09     5.37e-07         0.3 
   7  -108.0363767182    -6.25e-10     1.07e-07         0.3 
   8  -108.0363767182    -1.78e-11     1.39e-08         0.3 
   9  -108.0363767182    -1.01e-12     7.89e-09         0.3 

** Total SCF energy = -108.0363767181973

Nuclear repulsion energy = 8.643228403503540
#electrons        = 13.999999999999991
1e energy kinetic = 107.5211186979475997
1e energy N-e     = -271.1927349456578895
1e energy         = -163.6716162477101761
2e energy         = 46.9920113142891438
writing orbitals and density to disk ... done.

Time taken for Hartree-Fock: 2.97 secs

CCSD Options
{
 cache_size           = 8
 ccsdt_tilesize       = 32
 ndiis                = 5
 threshold            = 1e-08
 tilesize             = 40
 nactive              = 3
 ccsd_maxiter         = 150
 freeze_atomic         = false
 freeze_core          = 0
 freeze_virtual       = 0
 lshift               = 0.1
 readt                = false
 writet               = false
 writev               = false
 writet_iter          = 5
 profile_ccsd         = false
 balance_tiles        = true
 eom_nroots           = 1
 eom_microiter        = 50
 eom_threshold        = 1e-06
 debug                = false
}

#occupied, #virtual = 14, 206

Resetting CCSD tilesize to: 50

CD Options
{
 debug            = false
 write_cv         = false
 diagtol          = 1e-06
 write_vcount     = 5000
 itilesize        = 1000
 max_cvecs_factor = 12
}

-----------------------------------------------------
Begin 2-index transformation ... 

nAO, nMO, nelectrons = 110, 220, 14
n_occ_alpha, n_vir_alpha, n_occ_beta, n_vir_beta = 7,103,7,103

Time taken for Fao->Fmo transform: 0.00 secs

-----------------------------------------------------
Number of AO tiles = 30
# of {all,non-negligible} shell-pairs = {465,445}

    Begin Cholesky Decomposition
---------------------------------------------
- CPU memory required for computing cholesky vectors: 0.12 GiB

- Time for computing the diagonal: 0.01 secs

- Total number of cholesky vectors = 771

- Time to compute cholesky vectors: 13.69 secs

- CPU memory required for resizing the ao cholesky tensor: 0.19 GiB
- CPU memory required for ao2mo transformation: 0.21 GiB
- CPU memory required for the 2-step contraction: 0.28 GiB

- Time for ao to mo transform: 0.90 secs

    End Cholesky Decomposition
---------------------------------------------

Total Time taken for Cholesky Decomposition: 14.72 secs

----------------------------
scf_type = restricted
Closed-Shell SCF
nbf = 110
nbf_orig = 110
n_lindep = 0
focc = 1
nmo = 220
nocc = 14
nvir = 206
n_occ_alpha = 7
n_vir_alpha = 103
n_occ_beta = 7
n_vir_beta = 103
nelectrons = 14
nelectrons_alpha = 7
nelectrons_beta = 7
n_frozen_core = 0
n_frozen_virtual = 0
----------------------------

Total CPU memory required for Closed Shell Cholesky CCSD calculation: 0.49 GiB


 CCSD iterations
------------------------------------------------------------
  Iter     Residuum          Correlation          Time(s)
------------------------------------------------------------
   1     1.0445920910874    0.0000000000000         3.61
   2     0.6150809034216   -1.4336467062517         3.20
   3     1.4217480507273    0.5207061858069         3.19
   4     2.2622952988953   -3.8489839084904         3.18
   5     3.7310764722419    2.3838544311290         3.21
 MICROCYCLE DIIS UPDATE:                    6
   6     0.1310565420130   -0.8420200360595         3.18
   7     0.2995976168045   -0.4552629826748         3.17
   8     0.5356143251453   -1.3425309938969         3.18
   9     1.1701775401257    0.2951949016656         3.18
  10     1.9961274136548   -3.2483768823849         3.17
 MICROCYCLE DIIS UPDATE:                   11
  11     0.0452827680245   -0.7928596131437         3.18
  12     0.1270018554514   -0.6685216792768         3.21
  13     0.1865100429502   -0.9916673333094         3.17
  14     0.4365376434637   -0.4235483870026         3.18
  15     0.8164457309963   -1.6371654391472         3.17
 MICROCYCLE DIIS UPDATE:                   16
  16     0.0372283753992   -0.8114997141241         3.17
  17     0.1150847167015   -0.7170063587978         3.17
  18     0.1515311967860   -0.9887607436243         3.22
  19     0.3593903757569   -0.5409388417321         3.17
  20     0.6472191486168   -1.4885129965722         3.17
 MICROCYCLE DIIS UPDATE:                   21
  21     0.0330493876045   -0.8322372741370         3.17
  22     0.1025326136527   -0.7662340486913         3.17
  23     0.1170371198567   -0.9889520066474         3.17
  24     0.2827186079867   -0.6543944661421         3.17
  25     0.4755335152068   -1.3589059334686         3.17
 MICROCYCLE DIIS UPDATE:                   26
  26     0.0304611913682   -0.8727132317730         3.17
  27     0.1015124046331   -0.8149079588952         3.16
  28     0.1106538058527   -1.0280386118671         3.16
  29     0.2489508602997   -0.7323368389101         3.18
  30     0.3970999998917   -1.3227319821410         3.18
 MICROCYCLE DIIS UPDATE:                   31
  31     0.0249923780055   -0.9290154605760         3.20
  32     0.0881469854373   -0.8841324881074         3.18
  33     0.0936252481162   -1.0642200176749         3.18
  34     0.1839232102703   -0.8365847200601         3.17
  35     0.2705642358079   -1.2471073504238         3.17
 MICROCYCLE DIIS UPDATE:                   36
  36     0.0141801803436   -0.9957901573211         3.18
  37     0.0469378618093   -0.9755535955485         3.21
  38     0.0483030457574   -1.0685881811064         3.17
  39     0.0810838233025   -0.9622325146798         3.17
  40     0.1065486829765   -1.1306961766419         3.16
 MICROCYCLE DIIS UPDATE:                   41
  41     0.0033879028274   -1.0415552784087         3.17
  42     0.0046755438677   -1.0409937044689         3.17
  43     0.0034594608391   -1.0487244779299         3.21
  44     0.0055358165118   -1.0418867968260         3.17
  45     0.0062761853077   -1.0525957498275         3.16
 MICROCYCLE DIIS UPDATE:                   46
  46     0.0001112459654   -1.0480245570918         3.17
  47     0.0001984448723   -1.0481371918710         3.17
  48     0.0002547200894   -1.0477390344779         3.23
  49     0.0003693130980   -1.0482529696587         3.24
  50     0.0004836173071   -1.0475117946437         3.29
 MICROCYCLE DIIS UPDATE:                   51
  51     0.0000110387120   -1.0479210211498         3.26
  52     0.0000070184621   -1.0479249012455         3.24
  53     0.0000047479549   -1.0479153996594         3.24
  54     0.0000059566067   -1.0479228293546         3.25
  55     0.0000063175554   -1.0479119705030         3.24
 MICROCYCLE DIIS UPDATE:                   56
  56     0.0000003395360   -1.0479166039920         3.26
  57     0.0000002090928   -1.0479166830686         3.24
  58     0.0000001399791   -1.0479164829461         3.26
  59     0.0000001584735   -1.0479166412210         3.25
  60     0.0000002230976   -1.0479164152621         3.25
 MICROCYCLE DIIS UPDATE:                   61
  61     0.0000000435677   -1.0479165022524         3.25
  62     0.0000000379680   -1.0479165082271         3.25
  63     0.0000000875879   -1.0479164905541         3.24
  64     0.0000002477662   -1.0479165077027         3.24
  65     0.0000007092084   -1.0479164862653         3.24
 MICROCYCLE DIIS UPDATE:                   66
  66     0.0000000049790   -1.0479164964172         3.24
------------------------------------------------------------------
 Iterations converged
 CCSD correlation energy / hartree =        -1.047916496417175
 CCSD total energy / hartree       =      -109.084293214614505

Time taken for Closed Shell Cholesky CCSD: 212.17 secs

Threshold for printing amplitudes set to: 0.05
T1, T2 amplitudes written to files: N2_3.0.cc-pvqz_files/restricted/N2_3.0.cc-pvqz.print_t1amp.txt, N2_3.0.cc-pvqz_files/restricted/N2_3.0.cc-pvqz.print_t2amp.txt


DUCC: Time taken to compute Bare Hamiltonian: 0.00 secs

DUCC: Time taken to compute Single Commutator: 0.13 secs

DUCC: Time taken to compute Double Commutator: 26.17 secs

DUCC: Time taken to compute Triple Commutator: 4.05 secs

DUCC: Total Compute Time: 30.35 secs

Number of active orbitals = 10


DUCC: Time to write results: 0.01 secs
