
date: Tue Dec 19 13:31:26 2023
program: "/hpc/home/baum612/code/exachem-dev/build/methods_stage/hpc/home/baum612/code/tamm_install/methods/ExaChem"
input: /hpc/home/baum612/code/exachem-dev/inputs/N2/N2_3.5.json
nnodes: 1, nproc: 2
prefix: N2_3.5

Memory information
{
 CPU memory per node (GiB): 4534
 Total CPU memory (GiB): 4534
}


Input file provided
--------------------
{
  "geometry": {
    "coordinates": [
      "N  0.000000  0.000000  3.500000",
      "N  0.000000  0.000000  0.000000"
    ],
    "units": "angstrom"
  },
  "basis": {
    "basisset": "cc-pVQZ",
    "atom_basis": null
  },
  "SCF": {
    "conve": 1e-09,
    "convd": 1e-08,
    "tilesize": 30,
    "restart": false
  },
  "CD": {
    "diagtol": 1e-06
  },
  "CC": {
    "threshold": 1e-08,
    "ccsd_maxiter": 150,
    "lshift": 0.1,
    "nactive": 3,
    "freeze": {
      "core": 0
    },
    "PRINT": {
      "tamplitudes": [
        true,
        0.05
      ]
    }
  },
  "TASK": {
    "scf": false,
    "mp2": false,
    "cd_2e": false,
    "ccsd": false,
    "ccsd_t": false,
    "ducc": true
  }
}

Number of nodes, processes per node used for SCF calculation: 1, 2

SCF Options
{
 charge       = 0
 multiplicity = 1
 level shift  = 0
 tol_int      = 1e-22
 tol_sch      = 1e-10
 tol_lindep   = 1e-05
 conve        = 1e-09
 convd        = 1e-08
 diis_hist    = 10
 AO_tilesize  = 30
 writem       = 1
 damp         = 100
 scf_type     = restricted
 restart_size = 2000
 restart      = false
 debug        = false
}
**** Resetting tol_sch to 1e-11

Number of basis functions = 110

Total number of shells = 30

Total number of electrons = 14
  # of alpha electrons    = 7
  # of beta electons      = 7

Nuclear repulsion energy  = 7.40848148871732

# of {all,non-negligible} shell-pairs = {465,429}
Number of AO tiles = 30

Time for initial setup: 0.02 secs

Time for computing 1-e integrals T, V, S: 0.00 secs
Time for computing orthogonalizer: 0.00 secs

Superposition of Atomic Density Guess ...
Time taken for SAD: 0.20 secs
Total Time to compute initial guess: 0.26 secs


 SCF iterations
-----------------------------------------------------------------
 Iter     Energy            E-Diff       RMSD          Time(s)
-----------------------------------------------------------------
   1  -107.9607109896    -1.08e+02     7.10e-04         0.2 
   2  -107.9623641493    -1.65e-03     2.83e-04         0.2 
   3  -107.9626181436    -2.54e-04     1.30e-04         0.2 
   4  -107.9626554052    -3.73e-05     1.07e-05         0.2 
   5  -107.9626557251    -3.20e-07     6.10e-07         0.2 
   6  -107.9626557284    -3.29e-09     4.88e-07         0.2 
   7  -107.9626557288    -4.08e-10     1.01e-07         0.3 
   8  -107.9626557288    -2.90e-12     9.33e-08         0.2 
   9  -107.9626557289    -1.05e-10     4.79e-09         0.3 

** Total SCF energy = -107.9626557289399

Nuclear repulsion energy = 7.408481488717321
#electrons        = 14.000000000000000
1e energy kinetic = 107.6074946770655885
1e energy N-e     = -268.8140591966874808
1e energy         = -161.2065645196218497
2e energy         = 45.8354275527997714
writing orbitals and density to disk ... done.

Time taken for Hartree-Fock: 2.54 secs

CCSD Options
{
 cache_size           = 8
 ccsdt_tilesize       = 32
 ndiis                = 5
 threshold            = 1e-08
 tilesize             = 40
 nactive              = 3
 ccsd_maxiter         = 150
 freeze_atomic         = false
 freeze_core          = 0
 freeze_virtual       = 0
 lshift               = 0.1
 readt                = false
 writet               = false
 writev               = false
 writet_iter          = 5
 profile_ccsd         = false
 balance_tiles        = true
 eom_nroots           = 1
 eom_microiter        = 50
 eom_threshold        = 1e-06
 debug                = false
}

#occupied, #virtual = 14, 206

Resetting CCSD tilesize to: 50

CD Options
{
 debug            = false
 write_cv         = false
 diagtol          = 1e-06
 write_vcount     = 5000
 itilesize        = 1000
 max_cvecs_factor = 12
}

-----------------------------------------------------
Begin 2-index transformation ... 

nAO, nMO, nelectrons = 110, 220, 14
n_occ_alpha, n_vir_alpha, n_occ_beta, n_vir_beta = 7,103,7,103

Time taken for Fao->Fmo transform: 0.00 secs

-----------------------------------------------------
Number of AO tiles = 30
# of {all,non-negligible} shell-pairs = {465,429}

    Begin Cholesky Decomposition
---------------------------------------------
- CPU memory required for computing cholesky vectors: 0.12 GiB

- Time for computing the diagonal: 0.01 secs

- Total number of cholesky vectors = 762

- Time to compute cholesky vectors: 13.14 secs

- CPU memory required for resizing the ao cholesky tensor: 0.19 GiB
- CPU memory required for ao2mo transformation: 0.21 GiB
- CPU memory required for the 2-step contraction: 0.27 GiB

- Time for ao to mo transform: 0.88 secs

    End Cholesky Decomposition
---------------------------------------------

Total Time taken for Cholesky Decomposition: 14.15 secs

----------------------------
scf_type = restricted
Closed-Shell SCF
nbf = 110
nbf_orig = 110
n_lindep = 0
focc = 1
nmo = 220
nocc = 14
nvir = 206
n_occ_alpha = 7
n_vir_alpha = 103
n_occ_beta = 7
n_vir_beta = 103
nelectrons = 14
nelectrons_alpha = 7
nelectrons_beta = 7
n_frozen_core = 0
n_frozen_virtual = 0
----------------------------

Total CPU memory required for Closed Shell Cholesky CCSD calculation: 0.49 GiB


 CCSD iterations
------------------------------------------------------------
  Iter     Residuum          Correlation          Time(s)
------------------------------------------------------------
   1     1.0517837623497    0.0000000000000         3.40
   2     0.7842164309883   -1.7300664677764         3.03
   3     2.3863023594684    1.2827301174085         3.02
   4     3.6275389574032   -7.6161338801617         3.04
   5     10.3875741230649  -0.0838680924310         3.01
 MICROCYCLE DIIS UPDATE:                    6
   6     0.1881265524315   -0.9455739132777         3.01
   7     0.5453389753313   -0.2519868684102         3.05
   8     1.2271676577055   -2.2171896489439         3.00
   9     3.0390070076761    2.0082759930591         3.00
  10     14.0725078980874  -9.8629920977503         3.01
 MICROCYCLE DIIS UPDATE:                   11
  11     0.0883249196091   -0.7393755750512         3.04
  12     0.0895424454725   -0.9235886038984         3.01
  13     0.3050494152774   -0.5834157593623         3.13
  14     0.6619857311106   -1.5554613741752         3.16
  15     1.4547585704669    0.5378653323056         3.08
 MICROCYCLE DIIS UPDATE:                   16
  16     0.0384364284516   -0.8863160946705         3.13
  17     0.1347001219532   -0.8003863699462         3.15
  18     0.1977672609299   -1.1481116895724         3.16
  19     0.5174120718664   -0.5109315416054         2.98
  20     1.1867232439442   -2.0602864382143         2.98
 MICROCYCLE DIIS UPDATE:                   21
  21     0.0391437180574   -0.8462441753289         2.98
  22     0.0981335457174   -0.8056654537731         2.97
  23     0.1134259713898   -1.0319846628805         2.97
  24     0.3556647112389   -0.6396461438709         2.98
  25     0.7590908097526   -1.6912350871481         2.98
 MICROCYCLE DIIS UPDATE:                   26
  26     0.0383723503126   -0.8467589983667         2.97
  27     0.1101163094740   -0.7872027038093         3.02
  28     0.1472776493982   -1.0611675008562         2.98
  29     0.4377834984068   -0.5528263984104         2.98
  30     0.9868154743317   -1.8835020783999         2.98
 MICROCYCLE DIIS UPDATE:                   31
  31     0.0387076764427   -0.8572373727073         2.98
  32     0.1212200853128   -0.7861335882268         2.97
  33     0.1718729887529   -1.0960914869491         2.98
  34     0.4874047618595   -0.5157802946971         2.98
  35     1.1196457259647   -1.9993934403225         2.98
 MICROCYCLE DIIS UPDATE:                   36
  36     0.0388011959840   -0.8760288699949         2.98
  37     0.1333910566505   -0.7958688127908         2.98
  38     0.1954785433988   -1.1404728940332         2.98
  39     0.5203703288490   -0.5048839379880         2.98
  40     1.2008354547914   -2.0706892933835         3.01
 MICROCYCLE DIIS UPDATE:                   41
  41     0.0381289601287   -0.9012295706521         2.98
  42     0.1427045781774   -0.8177187790887         3.09
  43     0.2111422832069   -1.1846061987962         3.10
  44     0.5187165791283   -0.5318124381267         3.10
  45     1.1774833882007   -2.0555946412101         3.09
 MICROCYCLE DIIS UPDATE:                   46
  46     0.0364972907184   -0.9302226004166         3.14
  47     0.1450635414693   -0.8509934853527         3.10
  48     0.2129420323343   -1.2185372465680         3.09
  49     0.4769484019217   -0.5970102013810         3.09
  50     1.0371691899633   -1.9490310437231         3.10
 MICROCYCLE DIIS UPDATE:                   51
  51     0.0337278276242   -0.9631546117156         3.10
  52     0.1399289309829   -0.8929569234249         3.10
  53     0.2037783478331   -1.2421674967627         3.12
  54     0.4104443665710   -0.6833607223319         3.09
  55     0.8336351382057   -1.7949150666544         3.10
 MICROCYCLE DIIS UPDATE:                   56
  56     0.0291026500378   -1.0018188782157         3.09
  57     0.1250833740802   -0.9441703619083         3.10
  58     0.1822904003921   -1.2527568334592         3.10
  59     0.3268032643429   -0.7839319322091         3.14
  60     0.6027368365996   -1.6191099224176         3.09
 MICROCYCLE DIIS UPDATE:                   61
  61     0.0218000029669   -1.0461303612764         3.10
  62     0.0957967141339   -1.0055093927198         3.09
  63     0.1404864554253   -1.2399929706480         3.09
  64     0.2270484824565   -0.8981978639760         3.09
  65     0.3702310864175   -1.4396538031284         3.09
 MICROCYCLE DIIS UPDATE:                   66
  66     0.0124365479150   -1.0897052941320         3.09
  67     0.0541410226481   -1.0685098087489         3.09
  68     0.0795957393571   -1.2003031038590         3.09
  69     0.1214205017545   -1.0128013178333         3.09
  70     0.1759777243709   -1.2853201854475         3.10
 MICROCYCLE DIIS UPDATE:                   71
  71     0.0043793661491   -1.1209459656302         3.09
  72     0.0170163428787   -1.1149125598033         3.11
  73     0.0245615119690   -1.1559023513691         3.09
  74     0.0369069150940   -1.0986183303000         3.10
  75     0.0495169666515   -1.1787620946935         3.09
 MICROCYCLE DIIS UPDATE:                   76
  76     0.0007244073845   -1.1336720788046         3.09
  77     0.0007794942499   -1.1337730542390         3.10
  78     0.0007997329648   -1.1350867860358         3.09
  79     0.0010968698560   -1.1336557376306         3.11
  80     0.0012158424862   -1.1354682303031         3.10
 MICROCYCLE DIIS UPDATE:                   81
  81     0.0000341534021   -1.1346320443177         3.10
  82     0.0000857690297   -1.1346958155816         3.10
  83     0.0001308614393   -1.1344871918606         3.10
  84     0.0001874622001   -1.1347819278070         3.10
  85     0.0002450706429   -1.1343835480297         3.12
 MICROCYCLE DIIS UPDATE:                   86
  86     0.0000025445090   -1.1346048134966         3.09
  87     0.0000036557523   -1.1346037722597         3.09
  88     0.0000054582189   -1.1346103620071         3.09
  89     0.0000083446414   -1.1345998395500         3.09
  90     0.0000117225723   -1.1346162310752         3.09
 MICROCYCLE DIIS UPDATE:                   91
  91     0.0000002960446   -1.1346067769499         3.09
  92     0.0000002337511   -1.1346065941485         3.12
  93     0.0000005907490   -1.1346068744541         3.09
  94     0.0000018415044   -1.1346063903615         3.10
  95     0.0000060540556   -1.1346070273212         3.09
 MICROCYCLE DIIS UPDATE:                   96
  96     0.0000000406959   -1.1346066508359         3.09
  97     0.0000000261649   -1.1346066469729         3.09
  98     0.0000000296155   -1.1346066723430         3.11
  99     0.0000000765118   -1.1346066335622         3.09
 100     0.0000002356193   -1.1346066966480         3.09
 MICROCYCLE DIIS UPDATE:                  101
 101     0.0000000069605   -1.1346066595398         3.09
------------------------------------------------------------------
 Iterations converged
 CCSD correlation energy / hartree =        -1.134606659539777
 CCSD total energy / hartree       =      -109.097262388479720

Time taken for Closed Shell Cholesky CCSD: 310.75 secs

Threshold for printing amplitudes set to: 0.05
T1, T2 amplitudes written to files: N2_3.5.cc-pvqz_files/restricted/N2_3.5.cc-pvqz.print_t1amp.txt, N2_3.5.cc-pvqz_files/restricted/N2_3.5.cc-pvqz.print_t2amp.txt


DUCC: Time taken to compute Bare Hamiltonian: 0.00 secs

DUCC: Time taken to compute Single Commutator: 0.13 secs

DUCC: Time taken to compute Double Commutator: 27.69 secs

DUCC: Time taken to compute Triple Commutator: 4.05 secs

DUCC: Total Compute Time: 31.87 secs

Number of active orbitals = 10


DUCC: Time to write results: 0.01 secs
