
date: Tue Dec 19 13:10:12 2023
program: "/hpc/home/baum612/code/exachem-dev/build/methods_stage/hpc/home/baum612/code/tamm_install/methods/ExaChem"
input: /hpc/home/baum612/code/exachem-dev/inputs/N2/N2_3.1.json
nnodes: 1, nproc: 2
prefix: N2_3.1

Memory information
{
 CPU memory per node (GiB): 4534
 Total CPU memory (GiB): 4534
}


Input file provided
--------------------
{
  "geometry": {
    "coordinates": [
      "N  0.000000  0.000000  3.100000",
      "N  0.000000  0.000000  0.000000"
    ],
    "units": "angstrom"
  },
  "basis": {
    "basisset": "cc-pVQZ",
    "atom_basis": null
  },
  "SCF": {
    "conve": 1e-09,
    "convd": 1e-08,
    "tilesize": 30,
    "restart": false
  },
  "CD": {
    "diagtol": 1e-06
  },
  "CC": {
    "threshold": 1e-08,
    "ccsd_maxiter": 150,
    "lshift": 0.1,
    "nactive": 3,
    "freeze": {
      "core": 0
    },
    "PRINT": {
      "tamplitudes": [
        true,
        0.05
      ]
    }
  },
  "TASK": {
    "scf": false,
    "mp2": false,
    "cd_2e": false,
    "ccsd": false,
    "ccsd_t": false,
    "ducc": true
  }
}

Number of nodes, processes per node used for SCF calculation: 1, 2

SCF Options
{
 charge       = 0
 multiplicity = 1
 level shift  = 0
 tol_int      = 1e-22
 tol_sch      = 1e-10
 tol_lindep   = 1e-05
 conve        = 1e-09
 convd        = 1e-08
 diis_hist    = 10
 AO_tilesize  = 30
 writem       = 1
 damp         = 100
 scf_type     = restricted
 restart_size = 2000
 restart      = false
 debug        = false
}
**** Resetting tol_sch to 1e-11

Number of basis functions = 110

Total number of shells = 30

Total number of electrons = 14
  # of alpha electrons    = 7
  # of beta electons      = 7

Nuclear repulsion energy  = 8.36441458403568

# of {all,non-negligible} shell-pairs = {465,445}
Number of AO tiles = 30

Time for initial setup: 0.01 secs

Time for computing 1-e integrals T, V, S: 0.00 secs
Time for computing orthogonalizer: 0.00 secs

Superposition of Atomic Density Guess ...
Time taken for SAD: 0.18 secs
Total Time to compute initial guess: 0.25 secs


 SCF iterations
-----------------------------------------------------------------
 Iter     Energy            E-Diff       RMSD          Time(s)
-----------------------------------------------------------------
   1  -108.0158253367    -1.08e+02     7.98e-04         0.3 
   2  -108.0182563512    -2.43e-03     2.85e-04         0.3 
   3  -108.0186241124    -3.68e-04     1.62e-04         0.3 
   4  -108.0186890359    -6.49e-05     1.11e-05         0.3 
   5  -108.0186894121    -3.76e-07     7.37e-07         0.3 
   6  -108.0186894170    -4.93e-09     5.45e-07         0.3 
   7  -108.0186894176    -6.45e-10     1.09e-07         0.3 
   8  -108.0186894176     5.46e-12     2.87e-08         0.3 
   9  -108.0186894177    -2.60e-11     5.75e-09         0.3 

** Total SCF energy = -108.0186894176516

Nuclear repulsion energy = 8.364414584035684
#electrons        = 13.999999999999996
1e energy kinetic = 107.5408417952976805
1e energy N-e     = -270.6527783212125087
1e energy         = -163.1119365259148708
2e energy         = 46.7288327466843683
writing orbitals and density to disk ... done.

Time taken for Hartree-Fock: 2.84 secs

CCSD Options
{
 cache_size           = 8
 ccsdt_tilesize       = 32
 ndiis                = 5
 threshold            = 1e-08
 tilesize             = 40
 nactive              = 3
 ccsd_maxiter         = 150
 freeze_atomic         = false
 freeze_core          = 0
 freeze_virtual       = 0
 lshift               = 0.1
 readt                = false
 writet               = false
 writev               = false
 writet_iter          = 5
 profile_ccsd         = false
 balance_tiles        = true
 eom_nroots           = 1
 eom_microiter        = 50
 eom_threshold        = 1e-06
 debug                = false
}

#occupied, #virtual = 14, 206

Resetting CCSD tilesize to: 50

CD Options
{
 debug            = false
 write_cv         = false
 diagtol          = 1e-06
 write_vcount     = 5000
 itilesize        = 1000
 max_cvecs_factor = 12
}

-----------------------------------------------------
Begin 2-index transformation ... 

nAO, nMO, nelectrons = 110, 220, 14
n_occ_alpha, n_vir_alpha, n_occ_beta, n_vir_beta = 7,103,7,103

Time taken for Fao->Fmo transform: 0.00 secs

-----------------------------------------------------
Number of AO tiles = 30
# of {all,non-negligible} shell-pairs = {465,445}

    Begin Cholesky Decomposition
---------------------------------------------
- CPU memory required for computing cholesky vectors: 0.12 GiB

- Time for computing the diagonal: 0.01 secs

- Total number of cholesky vectors = 768

- Time to compute cholesky vectors: 13.57 secs

- CPU memory required for resizing the ao cholesky tensor: 0.19 GiB
- CPU memory required for ao2mo transformation: 0.21 GiB
- CPU memory required for the 2-step contraction: 0.28 GiB

- Time for ao to mo transform: 0.90 secs

    End Cholesky Decomposition
---------------------------------------------

Total Time taken for Cholesky Decomposition: 14.60 secs

----------------------------
scf_type = restricted
Closed-Shell SCF
nbf = 110
nbf_orig = 110
n_lindep = 0
focc = 1
nmo = 220
nocc = 14
nvir = 206
n_occ_alpha = 7
n_vir_alpha = 103
n_occ_beta = 7
n_vir_beta = 103
nelectrons = 14
nelectrons_alpha = 7
nelectrons_beta = 7
n_frozen_core = 0
n_frozen_virtual = 0
----------------------------

Total CPU memory required for Closed Shell Cholesky CCSD calculation: 0.49 GiB


 CCSD iterations
------------------------------------------------------------
  Iter     Residuum          Correlation          Time(s)
------------------------------------------------------------
   1     1.0461374292765    0.0000000000000         3.42
   2     0.6499383218922   -1.4944106707780         3.08
   3     1.5962090952322    0.6620555051465         3.02
   4     2.5531265570630   -4.4611903002340         3.02
   5     4.2920525150113    2.5703897835429         3.03
 MICROCYCLE DIIS UPDATE:                    6
   6     0.1250460719606   -0.8351789327755         3.05
   7     0.2923952765323   -0.4636393605562         3.03
   8     0.5460765714633   -1.3673407247212         3.03
   9     1.2647406723188    0.3800654333332         3.04
  10     2.1942840550574   -3.6294487944322         3.04
 MICROCYCLE DIIS UPDATE:                   11
  11     0.0471509313234   -0.7982230827982         3.03
  12     0.1360471000592   -0.6643502255101         3.04
  13     0.2136772955425   -1.0287157913775         3.03
  14     0.5191394220806   -0.3518019507146         3.03
  15     1.0341611375045   -1.8697856268804         3.03
 MICROCYCLE DIIS UPDATE:                   16
  16     0.0396571141432   -0.8145476470567         3.03
  17     0.1266386444025   -0.7065160682797         3.03
  18     0.1827127339663   -1.0252625103501         3.03
  19     0.4456363079828   -0.4623641280942         3.06
  20     0.8702114943278   -1.7085272040038         3.03
 MICROCYCLE DIIS UPDATE:                   21
  21     0.0352799805262   -0.8287086857863         3.02
  22     0.1124711793674   -0.7517162491307         3.03
  23     0.1420998467276   -1.0132247464030         3.02
  24     0.3545472590497   -0.5854863759269         3.02
  25     0.6561837503043   -1.5284465406320         3.07
 MICROCYCLE DIIS UPDATE:                   26
  26     0.0335566863981   -0.8571951360433         3.04
  27     0.1123130527516   -0.7897734562484         3.03
  28     0.1338206822286   -1.0408522009825         3.03
  29     0.3212357906422   -0.6568861001378         3.03
  30     0.5698690570785   -1.4757298526435         3.04
 MICROCYCLE DIIS UPDATE:                   31
  31     0.0310773993997   -0.8967045425368         3.04
  32     0.1110067117020   -0.8360404466796         3.04
  33     0.1288960890484   -1.0781597335719         3.04
  34     0.2826408878712   -0.7329525833318         3.04
  35     0.4759180249388   -1.4212776286566         3.04
 MICROCYCLE DIIS UPDATE:                   36
  36     0.0255587678231   -0.9497454163847         3.04
  37     0.0959435202404   -0.9022407249923         3.03
  38     0.1096817083467   -1.1068413638551         3.05
  39     0.2093522318087   -0.8381242768595         3.06
  40     0.3233603423760   -1.3183006752080         3.04
 MICROCYCLE DIIS UPDATE:                   41
  41     0.0152846738182   -1.0116142767021         3.05
  42     0.0554613827391   -0.9876931759905         3.04
  43     0.0622378195954   -1.1032430964856         3.04
  44     0.1026903330635   -0.9634303842758         3.05
  45     0.1410543659505   -1.1827217399712         3.06
 MICROCYCLE DIIS UPDATE:                   46
  46     0.0044399641045   -1.0582112657507         3.04
  47     0.0102624943777   -1.0552423890392         3.14
  48     0.0102631528261   -1.0753394796061         3.14
  49     0.0158301132288   -1.0534596956556         3.13
  50     0.0196599142376   -1.0855013167397         3.14
 MICROCYCLE DIIS UPDATE:                   51
  51     0.0003470545968   -1.0696725168694         3.13
  52     0.0008201448894   -1.0702081907149         3.14
  53     0.0011437039193   -1.0684519873719         3.12
  54     0.0016531061877   -1.0708309969502         3.13
  55     0.0021896540369   -1.0674680547474         3.13
 MICROCYCLE DIIS UPDATE:                   56
  56     0.0000339909712   -1.0693714795981         3.13
  57     0.0000466559010   -1.0694035762197         3.12
  58     0.0000522174939   -1.0693098654090         3.16
  59     0.0000735467010   -1.0694175063747         3.14
  60     0.0000925944717   -1.0692691133072         3.13
 MICROCYCLE DIIS UPDATE:                   61
  61     0.0000011307665   -1.0693477818458         3.13
  62     0.0000011679243   -1.0693472235376         3.14
  63     0.0000016409832   -1.0693490076717         3.13
  64     0.0000022996994   -1.0693459015661         3.14
  65     0.0000031864510   -1.0693504543759         3.13
 MICROCYCLE DIIS UPDATE:                   66
  66     0.0000000561122   -1.0693477741999         3.12
  67     0.0000000265611   -1.0693477512010         3.13
  68     0.0000000268185   -1.0693477567734         3.12
  69     0.0000000518476   -1.0693477248863         3.13
  70     0.0000001447963   -1.0693477644592         3.12
 MICROCYCLE DIIS UPDATE:                   71
  71     0.0000000055076   -1.0693477342848         3.15
------------------------------------------------------------------
 Iterations converged
 CCSD correlation energy / hartree =        -1.069347734284811
 CCSD total energy / hartree       =      -109.088037151936419

Time taken for Closed Shell Cholesky CCSD: 219.10 secs

Threshold for printing amplitudes set to: 0.05
T1, T2 amplitudes written to files: N2_3.1.cc-pvqz_files/restricted/N2_3.1.cc-pvqz.print_t1amp.txt, N2_3.1.cc-pvqz_files/restricted/N2_3.1.cc-pvqz.print_t2amp.txt


DUCC: Time taken to compute Bare Hamiltonian: 0.00 secs

DUCC: Time taken to compute Single Commutator: 0.13 secs

DUCC: Time taken to compute Double Commutator: 25.35 secs

DUCC: Time taken to compute Triple Commutator: 4.02 secs

DUCC: Total Compute Time: 29.50 secs

Number of active orbitals = 10


DUCC: Time to write results: 0.01 secs
